In file included from [01m[K/root/dev_ava/src/rplidar_ros/./sdk/include/rplidar.h:39[m[K,
                 from [01m[K/root/dev_ava/src/rplidar_ros/./sdk/src/sdkcommon.h:48[m[K,
                 from [01m[K/root/dev_ava/src/rplidar_ros/sdk/src/arch/linux/net_socket.cpp:10[m[K:
[01m[K/root/dev_ava/src/rplidar_ros/./sdk/include/rplidar_protocol.h:59:14:[m[K [01;35m[Kwarning: [m[KISO C++ forbids zero-size array ‘[01m[Kdata[m[K’ [[01;35m[K-Wpedantic[m[K]
   59 |     _u8 data[[01;35m[K0[m[K];
      |              [01;35m[K^[m[K
In file included from [01m[K/root/dev_ava/src/rplidar_ros/./sdk/include/rplidar.h:40[m[K,
                 from [01m[K/root/dev_ava/src/rplidar_ros/./sdk/src/sdkcommon.h:48[m[K,
                 from [01m[K/root/dev_ava/src/rplidar_ros/sdk/src/arch/linux/net_socket.cpp:10[m[K:
[01m[K/root/dev_ava/src/rplidar_ros/./sdk/include/rplidar_cmd.h:260:18:[m[K [01;35m[Kwarning: [m[KISO C++ forbids zero-size array ‘[01m[Kpayload[m[K’ [[01;35m[K-Wpedantic[m[K]
  260 |     _u8  payload[[01;35m[K0[m[K];
      |                  [01;35m[K^[m[K
In file included from [01m[K/root/dev_ava/src/rplidar_ros/./sdk/include/rplidar.h:39[m[K,
                 from [01m[K/root/dev_ava/src/rplidar_ros/./sdk/src/sdkcommon.h:48[m[K,
                 from [01m[K/root/dev_ava/src/rplidar_ros/sdk/src/hal/thread.cpp:35[m[K:
[01m[K/root/dev_ava/src/rplidar_ros/./sdk/include/rplidar_protocol.h:59:14:[m[K [01;35m[Kwarning: [m[KISO C++ forbids zero-size array ‘[01m[Kdata[m[K’ [[01;35m[K-Wpedantic[m[K]
   59 |     _u8 data[[01;35m[K0[m[K];
      |              [01;35m[K^[m[K
In file included from [01m[K/root/dev_ava/src/rplidar_ros/./sdk/include/rplidar.h:40[m[K,
                 from [01m[K/root/dev_ava/src/rplidar_ros/./sdk/src/sdkcommon.h:48[m[K,
                 from [01m[K/root/dev_ava/src/rplidar_ros/sdk/src/hal/thread.cpp:35[m[K:
[01m[K/root/dev_ava/src/rplidar_ros/./sdk/include/rplidar_cmd.h:260:18:[m[K [01;35m[Kwarning: [m[KISO C++ forbids zero-size array ‘[01m[Kpayload[m[K’ [[01;35m[K-Wpedantic[m[K]
  260 |     _u8  payload[[01;35m[K0[m[K];
      |                  [01;35m[K^[m[K
In file included from [01m[K/root/dev_ava/src/rplidar_ros/sdk/src/hal/thread.cpp:43[m[K:
[01m[K/root/dev_ava/src/rplidar_ros/./sdk/src/arch/linux/thread.hpp:[m[K In static member function ‘[01m[Kstatic rp::hal::Thread rp::hal::Thread::create(thread_proc_t, void*)[m[K’:
[01m[K/root/dev_ava/src/rplidar_ros/./sdk/src/arch/linux/thread.hpp:48:77:[m[K [01;35m[Kwarning: [m[Kcast between incompatible function types from ‘[01m[Kthread_proc_t[m[K’ {aka ‘[01m[Klong unsigned int (*)(void*)[m[K’} to ‘[01m[Kvoid* (*)(void*)[m[K’ [[01;35m[K-Wcast-function-type[m[K]
   48 |     pthread_create((pthread_t *)&newborn._handle, NULL, (void * (*)(void *))[01;35m[Kproc[m[K, data);
      |                                                                             [01;35m[K^~~~[m[K
In file included from [01m[K/root/dev_ava/src/rplidar_ros/./sdk/include/rplidar.h:39[m[K,
                 from [01m[K/root/dev_ava/src/rplidar_ros/sdk/src/sdkcommon.h:48[m[K,
                 from [01m[K/root/dev_ava/src/rplidar_ros/sdk/src/rplidar_driver.cpp:35[m[K:
[01m[K/root/dev_ava/src/rplidar_ros/./sdk/include/rplidar_protocol.h:59:14:[m[K [01;35m[Kwarning: [m[KISO C++ forbids zero-size array ‘[01m[Kdata[m[K’ [[01;35m[K-Wpedantic[m[K]
   59 |     _u8 data[[01;35m[K0[m[K];
      |              [01;35m[K^[m[K
In file included from [01m[K/root/dev_ava/src/rplidar_ros/./sdk/include/rplidar.h:40[m[K,
                 from [01m[K/root/dev_ava/src/rplidar_ros/sdk/src/sdkcommon.h:48[m[K,
                 from [01m[K/root/dev_ava/src/rplidar_ros/sdk/src/rplidar_driver.cpp:35[m[K:
[01m[K/root/dev_ava/src/rplidar_ros/./sdk/include/rplidar_cmd.h:260:18:[m[K [01;35m[Kwarning: [m[KISO C++ forbids zero-size array ‘[01m[Kpayload[m[K’ [[01;35m[K-Wpedantic[m[K]
  260 |     _u8  payload[[01;35m[K0[m[K];
      |                  [01;35m[K^[m[K
[01m[K/root/dev_ava/src/rplidar_ros/sdk/src/rplidar_driver.cpp:[m[K In member function ‘[01m[Kvirtual void rp::standalone::rplidar::RPlidarDriverImplCommon::_ultraCapsuleToNormal(const rplidar_response_ultra_capsule_measurement_nodes_t&, rplidar_response_measurement_node_hq_t*, size_t&)[m[K’:
[01m[K/root/dev_ava/src/rplidar_ros/sdk/src/rplidar_driver.cpp:1208:32:[m[K [01;35m[Kwarning: [m[Kcomparison of integer expressions of different signedness: ‘[01m[Kint[m[K’ and ‘[01m[Kunsigned int[m[K’ [[01;35m[K-Wsign-compare[m[K]
 1208 |             if (([01;35m[Kdist_predict1 == 0xFFFFFE00[m[K) || (dist_predict1 == 0x1FF)) {
      |                  [01;35m[K~~~~~~~~~~~~~~^~~~~~~~~~~~~[m[K
[01m[K/root/dev_ava/src/rplidar_ros/sdk/src/rplidar_driver.cpp:1216:32:[m[K [01;35m[Kwarning: [m[Kcomparison of integer expressions of different signedness: ‘[01m[Kint[m[K’ and ‘[01m[Kunsigned int[m[K’ [[01;35m[K-Wsign-compare[m[K]
 1216 |             if (([01;35m[Kdist_predict2 == 0xFFFFFE00[m[K) || (dist_predict2 == 0x1FF)) {
      |                  [01;35m[K~~~~~~~~~~~~~~^~~~~~~~~~~~~[m[K
In file included from [01m[K/root/dev_ava/src/rplidar_ros/./sdk/include/rplidar.h:39[m[K,
                 from [01m[K/root/dev_ava/src/rplidar_ros/src/rplidar_scan_publisher.cpp:38[m[K:
[01m[K/root/dev_ava/src/rplidar_ros/./sdk/include/rplidar_protocol.h:59:14:[m[K [01;35m[Kwarning: [m[KISO C++ forbids zero-size array ‘[01m[Kdata[m[K’ [[01;35m[K-Wpedantic[m[K]
   59 |     _u8 data[[01;35m[K0[m[K];
      |              [01;35m[K^[m[K
In file included from [01m[K/root/dev_ava/src/rplidar_ros/./sdk/include/rplidar.h:40[m[K,
                 from [01m[K/root/dev_ava/src/rplidar_ros/src/rplidar_scan_publisher.cpp:38[m[K:
[01m[K/root/dev_ava/src/rplidar_ros/./sdk/include/rplidar_cmd.h:260:18:[m[K [01;35m[Kwarning: [m[KISO C++ forbids zero-size array ‘[01m[Kpayload[m[K’ [[01;35m[K-Wpedantic[m[K]
  260 |     _u8  payload[[01;35m[K0[m[K];
      |                  [01;35m[K^[m[K
