-- The C compiler identification is GNU 9.4.0
-- The CXX compiler identification is GNU 9.4.0
-- Check for working C compiler: /usr/bin/cc
-- Check for working C compiler: /usr/bin/cc -- works
-- Detecting C compiler ABI info
-- Detecting C compiler ABI info - done
-- Detecting C compile features
-- Detecting C compile features - done
-- Check for working CXX compiler: /usr/bin/c++
-- Check for working CXX compiler: /usr/bin/c++ -- works
-- Detecting CXX compiler ABI info
-- Detecting CXX compiler ABI info - done
-- Detecting CXX compile features
-- Detecting CXX compile features - done
-- Found ament_cmake: 0.9.9 (/opt/ros/foxy/share/ament_cmake/cmake)
-- Found PythonInterp: /usr/bin/python3 (found suitable version "3.8.10", minimum required is "3") 
-- Using PYTHON_EXECUTABLE: /usr/bin/python3
-- Found rclcpp: 2.4.1 (/opt/ros/foxy/share/rclcpp/cmake)
-- Using all available rosidl_typesupport_c: rosidl_typesupport_fastrtps_c;rosidl_typesupport_introspection_c
-- Found rosidl_adapter: 1.2.1 (/opt/ros/foxy/share/rosidl_adapter/cmake)
-- Found OpenSSL: /usr/lib/aarch64-linux-gnu/libcrypto.so (found version "1.1.1f")  
-- Found FastRTPS: /opt/ros/foxy/include  
-- Using all available rosidl_typesupport_cpp: rosidl_typesupport_fastrtps_cpp;rosidl_typesupport_introspection_cpp
-- Found rmw_implementation_cmake: 1.0.3 (/opt/ros/foxy/share/rmw_implementation_cmake/cmake)
-- Using RMW implementation 'rmw_fastrtps_cpp' as default
-- Looking for pthread.h
-- Looking for pthread.h - found
-- Performing Test CMAKE_HAVE_LIBC_PTHREAD
-- Performing Test CMAKE_HAVE_LIBC_PTHREAD - Failed
-- Looking for pthread_create in pthreads
-- Looking for pthread_create in pthreads - not found
-- Looking for pthread_create in pthread
-- Looking for pthread_create in pthread - found
-- Found Threads: TRUE  
-- Found sensor_msgs: 2.0.5 (/opt/ros/foxy/share/sensor_msgs/cmake)
-- Found std_srvs: 2.0.5 (/opt/ros/foxy/share/std_srvs/cmake)
-- Configuring done
-- Generating done
-- Build files have been written to: /root/dev_ava/build/rplidar_ros2
[35m[1mScanning dependencies of target rplidar_scan_publisher[0m
[ 14%] [32mBuilding CXX object CMakeFiles/rplidar_scan_publisher.dir/src/rplidar_scan_publisher.cpp.o[0m
[ 28%] [32mBuilding CXX object CMakeFiles/rplidar_scan_publisher.dir/sdk/src/arch/linux/net_socket.cpp.o[0m
[ 42%] [32mBuilding CXX object CMakeFiles/rplidar_scan_publisher.dir/sdk/src/arch/linux/timer.cpp.o[0m
[ 57%] [32mBuilding CXX object CMakeFiles/rplidar_scan_publisher.dir/sdk/src/arch/linux/net_serial.cpp.o[0m
In file included from [01m[K/root/dev_ava/src/rplidar_ros/./sdk/include/rplidar.h:39[m[K,
                 from [01m[K/root/dev_ava/src/rplidar_ros/./sdk/src/sdkcommon.h:48[m[K,
                 from [01m[K/root/dev_ava/src/rplidar_ros/sdk/src/arch/linux/net_socket.cpp:10[m[K:
[01m[K/root/dev_ava/src/rplidar_ros/./sdk/include/rplidar_protocol.h:59:14:[m[K [01;35m[Kwarning: [m[KISO C++ forbids zero-size array ‘[01m[Kdata[m[K’ [[01;35m[K-Wpedantic[m[K]
   59 |     _u8 data[[01;35m[K0[m[K];
      |              [01;35m[K^[m[K
In file included from [01m[K/root/dev_ava/src/rplidar_ros/./sdk/include/rplidar.h:40[m[K,
                 from [01m[K/root/dev_ava/src/rplidar_ros/./sdk/src/sdkcommon.h:48[m[K,
                 from [01m[K/root/dev_ava/src/rplidar_ros/sdk/src/arch/linux/net_socket.cpp:10[m[K:
[01m[K/root/dev_ava/src/rplidar_ros/./sdk/include/rplidar_cmd.h:260:18:[m[K [01;35m[Kwarning: [m[KISO C++ forbids zero-size array ‘[01m[Kpayload[m[K’ [[01;35m[K-Wpedantic[m[K]
  260 |     _u8  payload[[01;35m[K0[m[K];
      |                  [01;35m[K^[m[K
[ 71%] [32mBuilding CXX object CMakeFiles/rplidar_scan_publisher.dir/sdk/src/hal/thread.cpp.o[0m
[ 85%] [32mBuilding CXX object CMakeFiles/rplidar_scan_publisher.dir/sdk/src/rplidar_driver.cpp.o[0m
In file included from [01m[K/root/dev_ava/src/rplidar_ros/./sdk/include/rplidar.h:39[m[K,
                 from [01m[K/root/dev_ava/src/rplidar_ros/./sdk/src/sdkcommon.h:48[m[K,
                 from [01m[K/root/dev_ava/src/rplidar_ros/sdk/src/hal/thread.cpp:35[m[K:
[01m[K/root/dev_ava/src/rplidar_ros/./sdk/include/rplidar_protocol.h:59:14:[m[K [01;35m[Kwarning: [m[KISO C++ forbids zero-size array ‘[01m[Kdata[m[K’ [[01;35m[K-Wpedantic[m[K]
   59 |     _u8 data[[01;35m[K0[m[K];
      |              [01;35m[K^[m[K
In file included from [01m[K/root/dev_ava/src/rplidar_ros/./sdk/include/rplidar.h:40[m[K,
                 from [01m[K/root/dev_ava/src/rplidar_ros/./sdk/src/sdkcommon.h:48[m[K,
                 from [01m[K/root/dev_ava/src/rplidar_ros/sdk/src/hal/thread.cpp:35[m[K:
[01m[K/root/dev_ava/src/rplidar_ros/./sdk/include/rplidar_cmd.h:260:18:[m[K [01;35m[Kwarning: [m[KISO C++ forbids zero-size array ‘[01m[Kpayload[m[K’ [[01;35m[K-Wpedantic[m[K]
  260 |     _u8  payload[[01;35m[K0[m[K];
      |                  [01;35m[K^[m[K
In file included from [01m[K/root/dev_ava/src/rplidar_ros/sdk/src/hal/thread.cpp:43[m[K:
[01m[K/root/dev_ava/src/rplidar_ros/./sdk/src/arch/linux/thread.hpp:[m[K In static member function ‘[01m[Kstatic rp::hal::Thread rp::hal::Thread::create(thread_proc_t, void*)[m[K’:
[01m[K/root/dev_ava/src/rplidar_ros/./sdk/src/arch/linux/thread.hpp:48:77:[m[K [01;35m[Kwarning: [m[Kcast between incompatible function types from ‘[01m[Kthread_proc_t[m[K’ {aka ‘[01m[Klong unsigned int (*)(void*)[m[K’} to ‘[01m[Kvoid* (*)(void*)[m[K’ [[01;35m[K-Wcast-function-type[m[K]
   48 |     pthread_create((pthread_t *)&newborn._handle, NULL, (void * (*)(void *))[01;35m[Kproc[m[K, data);
      |                                                                             [01;35m[K^~~~[m[K
In file included from [01m[K/root/dev_ava/src/rplidar_ros/./sdk/include/rplidar.h:39[m[K,
                 from [01m[K/root/dev_ava/src/rplidar_ros/sdk/src/sdkcommon.h:48[m[K,
                 from [01m[K/root/dev_ava/src/rplidar_ros/sdk/src/rplidar_driver.cpp:35[m[K:
[01m[K/root/dev_ava/src/rplidar_ros/./sdk/include/rplidar_protocol.h:59:14:[m[K [01;35m[Kwarning: [m[KISO C++ forbids zero-size array ‘[01m[Kdata[m[K’ [[01;35m[K-Wpedantic[m[K]
   59 |     _u8 data[[01;35m[K0[m[K];
      |              [01;35m[K^[m[K
In file included from [01m[K/root/dev_ava/src/rplidar_ros/./sdk/include/rplidar.h:40[m[K,
                 from [01m[K/root/dev_ava/src/rplidar_ros/sdk/src/sdkcommon.h:48[m[K,
                 from [01m[K/root/dev_ava/src/rplidar_ros/sdk/src/rplidar_driver.cpp:35[m[K:
[01m[K/root/dev_ava/src/rplidar_ros/./sdk/include/rplidar_cmd.h:260:18:[m[K [01;35m[Kwarning: [m[KISO C++ forbids zero-size array ‘[01m[Kpayload[m[K’ [[01;35m[K-Wpedantic[m[K]
  260 |     _u8  payload[[01;35m[K0[m[K];
      |                  [01;35m[K^[m[K
[01m[K/root/dev_ava/src/rplidar_ros/sdk/src/rplidar_driver.cpp:[m[K In member function ‘[01m[Kvirtual void rp::standalone::rplidar::RPlidarDriverImplCommon::_ultraCapsuleToNormal(const rplidar_response_ultra_capsule_measurement_nodes_t&, rplidar_response_measurement_node_hq_t*, size_t&)[m[K’:
[01m[K/root/dev_ava/src/rplidar_ros/sdk/src/rplidar_driver.cpp:1208:32:[m[K [01;35m[Kwarning: [m[Kcomparison of integer expressions of different signedness: ‘[01m[Kint[m[K’ and ‘[01m[Kunsigned int[m[K’ [[01;35m[K-Wsign-compare[m[K]
 1208 |             if (([01;35m[Kdist_predict1 == 0xFFFFFE00[m[K) || (dist_predict1 == 0x1FF)) {
      |                  [01;35m[K~~~~~~~~~~~~~~^~~~~~~~~~~~~[m[K
[01m[K/root/dev_ava/src/rplidar_ros/sdk/src/rplidar_driver.cpp:1216:32:[m[K [01;35m[Kwarning: [m[Kcomparison of integer expressions of different signedness: ‘[01m[Kint[m[K’ and ‘[01m[Kunsigned int[m[K’ [[01;35m[K-Wsign-compare[m[K]
 1216 |             if (([01;35m[Kdist_predict2 == 0xFFFFFE00[m[K) || (dist_predict2 == 0x1FF)) {
      |                  [01;35m[K~~~~~~~~~~~~~~^~~~~~~~~~~~~[m[K
In file included from [01m[K/root/dev_ava/src/rplidar_ros/./sdk/include/rplidar.h:39[m[K,
                 from [01m[K/root/dev_ava/src/rplidar_ros/src/rplidar_scan_publisher.cpp:38[m[K:
[01m[K/root/dev_ava/src/rplidar_ros/./sdk/include/rplidar_protocol.h:59:14:[m[K [01;35m[Kwarning: [m[KISO C++ forbids zero-size array ‘[01m[Kdata[m[K’ [[01;35m[K-Wpedantic[m[K]
   59 |     _u8 data[[01;35m[K0[m[K];
      |              [01;35m[K^[m[K
In file included from [01m[K/root/dev_ava/src/rplidar_ros/./sdk/include/rplidar.h:40[m[K,
                 from [01m[K/root/dev_ava/src/rplidar_ros/src/rplidar_scan_publisher.cpp:38[m[K:
[01m[K/root/dev_ava/src/rplidar_ros/./sdk/include/rplidar_cmd.h:260:18:[m[K [01;35m[Kwarning: [m[KISO C++ forbids zero-size array ‘[01m[Kpayload[m[K’ [[01;35m[K-Wpedantic[m[K]
  260 |     _u8  payload[[01;35m[K0[m[K];
      |                  [01;35m[K^[m[K
[100%] [32m[1mLinking CXX executable rplidar_scan_publisher[0m
[100%] Built target rplidar_scan_publisher
-- Install configuration: ""
-- Installing: /root/dev_ava/install/rplidar_ros2/share/rplidar_ros2/launch
-- Installing: /root/dev_ava/install/rplidar_ros2/share/rplidar_ros2/launch/rplidar_s1_tcp_launch.py
-- Installing: /root/dev_ava/install/rplidar_ros2/share/rplidar_ros2/launch/view_rplidar_a3_launch.py
-- Installing: /root/dev_ava/install/rplidar_ros2/share/rplidar_ros2/launch/view_rplidar_s1_tcp_launch.py
-- Installing: /root/dev_ava/install/rplidar_ros2/share/rplidar_ros2/launch/rplidar_a3_launch.py
-- Installing: /root/dev_ava/install/rplidar_ros2/share/rplidar_ros2/launch/rplidar_s1_launch.py
-- Installing: /root/dev_ava/install/rplidar_ros2/share/rplidar_ros2/launch/view_rplidar_s1_launch.py
-- Installing: /root/dev_ava/install/rplidar_ros2/share/rplidar_ros2/launch/view_rplidar_launch.py
-- Installing: /root/dev_ava/install/rplidar_ros2/share/rplidar_ros2/launch/rplidar_launch.py
-- Installing: /root/dev_ava/install/rplidar_ros2/share/rplidar_ros2/rviz
-- Installing: /root/dev_ava/install/rplidar_ros2/share/rplidar_ros2/rviz/rplidar_ros2.rviz
-- Installing: /root/dev_ava/install/rplidar_ros2/lib/rplidar_ros2/rplidar_scan_publisher
-- Set runtime path of "/root/dev_ava/install/rplidar_ros2/lib/rplidar_ros2/rplidar_scan_publisher" to ""
-- Installing: /root/dev_ava/install/rplidar_ros2/share/ament_index/resource_index/package_run_dependencies/rplidar_ros2
-- Installing: /root/dev_ava/install/rplidar_ros2/share/ament_index/resource_index/parent_prefix_path/rplidar_ros2
-- Installing: /root/dev_ava/install/rplidar_ros2/share/rplidar_ros2/environment/ament_prefix_path.sh
-- Installing: /root/dev_ava/install/rplidar_ros2/share/rplidar_ros2/environment/ament_prefix_path.dsv
-- Installing: /root/dev_ava/install/rplidar_ros2/share/rplidar_ros2/environment/path.sh
-- Installing: /root/dev_ava/install/rplidar_ros2/share/rplidar_ros2/environment/path.dsv
-- Installing: /root/dev_ava/install/rplidar_ros2/share/rplidar_ros2/local_setup.bash
-- Installing: /root/dev_ava/install/rplidar_ros2/share/rplidar_ros2/local_setup.sh
-- Installing: /root/dev_ava/install/rplidar_ros2/share/rplidar_ros2/local_setup.zsh
-- Installing: /root/dev_ava/install/rplidar_ros2/share/rplidar_ros2/local_setup.dsv
-- Installing: /root/dev_ava/install/rplidar_ros2/share/rplidar_ros2/package.dsv
-- Installing: /root/dev_ava/install/rplidar_ros2/share/ament_index/resource_index/packages/rplidar_ros2
-- Installing: /root/dev_ava/install/rplidar_ros2/share/rplidar_ros2/cmake/ament_cmake_export_dependencies-extras.cmake
-- Installing: /root/dev_ava/install/rplidar_ros2/share/rplidar_ros2/cmake/ament_cmake_export_include_directories-extras.cmake
-- Installing: /root/dev_ava/install/rplidar_ros2/share/rplidar_ros2/cmake/rplidar_ros2Config.cmake
-- Installing: /root/dev_ava/install/rplidar_ros2/share/rplidar_ros2/cmake/rplidar_ros2Config-version.cmake
-- Installing: /root/dev_ava/install/rplidar_ros2/share/rplidar_ros2/package.xml
