[0.171s] Invoking command in '/root/dev_ava/build/rplidar_ros2': CMAKE_PREFIX_PATH=/opt/ros/foxy /usr/bin/cmake /root/dev_ava/src/rplidar_ros -DCMAKE_INSTALL_PREFIX=/root/dev_ava/install/rplidar_ros2
[0.401s] -- The C compiler identification is GNU 9.4.0
[0.616s] -- The CXX compiler identification is GNU 9.4.0
[0.633s] -- Check for working C compiler: /usr/bin/cc
[0.900s] -- Check for working C compiler: /usr/bin/cc -- works
[0.905s] -- Detecting C compiler ABI info
[1.174s] -- Detecting C compiler ABI info - done
[1.229s] -- Detecting C compile features
[1.230s] -- Detecting C compile features - done
[1.241s] -- Check for working CXX compiler: /usr/bin/c++
[1.553s] -- Check for working CXX compiler: /usr/bin/c++ -- works
[1.553s] -- Detecting CXX compiler ABI info
[1.870s] -- Detecting CXX compiler ABI info - done
[1.933s] -- Detecting CXX compile features
[1.949s] -- Detecting CXX compile features - done
[1.958s] -- Found ament_cmake: 0.9.9 (/opt/ros/foxy/share/ament_cmake/cmake)
[2.081s] -- Found PythonInterp: /usr/bin/python3 (found suitable version "3.8.10", minimum required is "3") 
[2.087s] -- Using PYTHON_EXECUTABLE: /usr/bin/python3
[2.862s] -- Found rclcpp: 2.4.1 (/opt/ros/foxy/share/rclcpp/cmake)
[3.114s] -- Using all available rosidl_typesupport_c: rosidl_typesupport_fastrtps_c;rosidl_typesupport_introspection_c
[3.156s] -- Found rosidl_adapter: 1.2.1 (/opt/ros/foxy/share/rosidl_adapter/cmake)
[3.454s] -- Found OpenSSL: /usr/lib/aarch64-linux-gnu/libcrypto.so (found version "1.1.1f")  
[3.544s] -- Found FastRTPS: /opt/ros/foxy/include  
[3.849s] -- Using all available rosidl_typesupport_cpp: rosidl_typesupport_fastrtps_cpp;rosidl_typesupport_introspection_cpp
[4.179s] -- Found rmw_implementation_cmake: 1.0.3 (/opt/ros/foxy/share/rmw_implementation_cmake/cmake)
[4.192s] -- Using RMW implementation 'rmw_fastrtps_cpp' as default
[4.199s] -- Looking for pthread.h
[4.618s] -- Looking for pthread.h - found
[4.627s] -- Performing Test CMAKE_HAVE_LIBC_PTHREAD
[5.058s] -- Performing Test CMAKE_HAVE_LIBC_PTHREAD - Failed
[5.060s] -- Looking for pthread_create in pthreads
[5.339s] -- Looking for pthread_create in pthreads - not found
[5.340s] -- Looking for pthread_create in pthread
[5.589s] -- Looking for pthread_create in pthread - found
[5.594s] -- Found Threads: TRUE  
[6.388s] -- Found sensor_msgs: 2.0.5 (/opt/ros/foxy/share/sensor_msgs/cmake)
[7.001s] -- Found std_srvs: 2.0.5 (/opt/ros/foxy/share/std_srvs/cmake)
[7.413s] -- Configuring done
[7.468s] -- Generating done
[7.478s] -- Build files have been written to: /root/dev_ava/build/rplidar_ros2
[7.507s] Invoked command in '/root/dev_ava/build/rplidar_ros2' returned '0': CMAKE_PREFIX_PATH=/opt/ros/foxy /usr/bin/cmake /root/dev_ava/src/rplidar_ros -DCMAKE_INSTALL_PREFIX=/root/dev_ava/install/rplidar_ros2
[7.510s] Invoking command in '/root/dev_ava/build/rplidar_ros2': CMAKE_PREFIX_PATH=/opt/ros/foxy /usr/bin/cmake --build /root/dev_ava/build/rplidar_ros2 -- -j4 -l4
[7.758s] [35m[1mScanning dependencies of target rplidar_scan_publisher[0m
[8.362s] [ 14%] [32mBuilding CXX object CMakeFiles/rplidar_scan_publisher.dir/src/rplidar_scan_publisher.cpp.o[0m
[8.421s] [ 28%] [32mBuilding CXX object CMakeFiles/rplidar_scan_publisher.dir/sdk/src/arch/linux/net_socket.cpp.o[0m
[8.424s] [ 42%] [32mBuilding CXX object CMakeFiles/rplidar_scan_publisher.dir/sdk/src/arch/linux/timer.cpp.o[0m
[8.429s] [ 57%] [32mBuilding CXX object CMakeFiles/rplidar_scan_publisher.dir/sdk/src/arch/linux/net_serial.cpp.o[0m
[11.213s] In file included from [01m[K/root/dev_ava/src/rplidar_ros/./sdk/include/rplidar.h:39[m[K,
[11.213s]                  from [01m[K/root/dev_ava/src/rplidar_ros/./sdk/src/sdkcommon.h:48[m[K,
[11.214s]                  from [01m[K/root/dev_ava/src/rplidar_ros/sdk/src/arch/linux/net_socket.cpp:10[m[K:
[11.214s] [01m[K/root/dev_ava/src/rplidar_ros/./sdk/include/rplidar_protocol.h:59:14:[m[K [01;35m[Kwarning: [m[KISO C++ forbids zero-size array ‘[01m[Kdata[m[K’ [[01;35m[K-Wpedantic[m[K]
[11.215s]    59 |     _u8 data[[01;35m[K0[m[K];
[11.215s]       |              [01;35m[K^[m[K
[11.216s] In file included from [01m[K/root/dev_ava/src/rplidar_ros/./sdk/include/rplidar.h:40[m[K,
[11.217s]                  from [01m[K/root/dev_ava/src/rplidar_ros/./sdk/src/sdkcommon.h:48[m[K,
[11.217s]                  from [01m[K/root/dev_ava/src/rplidar_ros/sdk/src/arch/linux/net_socket.cpp:10[m[K:
[11.218s] [01m[K/root/dev_ava/src/rplidar_ros/./sdk/include/rplidar_cmd.h:260:18:[m[K [01;35m[Kwarning: [m[KISO C++ forbids zero-size array ‘[01m[Kpayload[m[K’ [[01;35m[K-Wpedantic[m[K]
[11.218s]   260 |     _u8  payload[[01;35m[K0[m[K];
[11.219s]       |                  [01;35m[K^[m[K
[11.879s] [ 71%] [32mBuilding CXX object CMakeFiles/rplidar_scan_publisher.dir/sdk/src/hal/thread.cpp.o[0m
[12.076s] [ 85%] [32mBuilding CXX object CMakeFiles/rplidar_scan_publisher.dir/sdk/src/rplidar_driver.cpp.o[0m
[14.344s] In file included from [01m[K/root/dev_ava/src/rplidar_ros/./sdk/include/rplidar.h:39[m[K,
[14.345s]                  from [01m[K/root/dev_ava/src/rplidar_ros/./sdk/src/sdkcommon.h:48[m[K,
[14.345s]                  from [01m[K/root/dev_ava/src/rplidar_ros/sdk/src/hal/thread.cpp:35[m[K:
[14.346s] [01m[K/root/dev_ava/src/rplidar_ros/./sdk/include/rplidar_protocol.h:59:14:[m[K [01;35m[Kwarning: [m[KISO C++ forbids zero-size array ‘[01m[Kdata[m[K’ [[01;35m[K-Wpedantic[m[K]
[14.346s]    59 |     _u8 data[[01;35m[K0[m[K];
[14.347s]       |              [01;35m[K^[m[K
[14.347s] In file included from [01m[K/root/dev_ava/src/rplidar_ros/./sdk/include/rplidar.h:40[m[K,
[14.348s]                  from [01m[K/root/dev_ava/src/rplidar_ros/./sdk/src/sdkcommon.h:48[m[K,
[14.348s]                  from [01m[K/root/dev_ava/src/rplidar_ros/sdk/src/hal/thread.cpp:35[m[K:
[14.349s] [01m[K/root/dev_ava/src/rplidar_ros/./sdk/include/rplidar_cmd.h:260:18:[m[K [01;35m[Kwarning: [m[KISO C++ forbids zero-size array ‘[01m[Kpayload[m[K’ [[01;35m[K-Wpedantic[m[K]
[14.349s]   260 |     _u8  payload[[01;35m[K0[m[K];
[14.350s]       |                  [01;35m[K^[m[K
[14.355s] In file included from [01m[K/root/dev_ava/src/rplidar_ros/sdk/src/hal/thread.cpp:43[m[K:
[14.356s] [01m[K/root/dev_ava/src/rplidar_ros/./sdk/src/arch/linux/thread.hpp:[m[K In static member function ‘[01m[Kstatic rp::hal::Thread rp::hal::Thread::create(thread_proc_t, void*)[m[K’:
[14.356s] [01m[K/root/dev_ava/src/rplidar_ros/./sdk/src/arch/linux/thread.hpp:48:77:[m[K [01;35m[Kwarning: [m[Kcast between incompatible function types from ‘[01m[Kthread_proc_t[m[K’ {aka ‘[01m[Klong unsigned int (*)(void*)[m[K’} to ‘[01m[Kvoid* (*)(void*)[m[K’ [[01;35m[K-Wcast-function-type[m[K]
[14.357s]    48 |     pthread_create((pthread_t *)&newborn._handle, NULL, (void * (*)(void *))[01;35m[Kproc[m[K, data);
[14.357s]       |                                                                             [01;35m[K^~~~[m[K
[14.710s] In file included from [01m[K/root/dev_ava/src/rplidar_ros/./sdk/include/rplidar.h:39[m[K,
[14.711s]                  from [01m[K/root/dev_ava/src/rplidar_ros/sdk/src/sdkcommon.h:48[m[K,
[14.712s]                  from [01m[K/root/dev_ava/src/rplidar_ros/sdk/src/rplidar_driver.cpp:35[m[K:
[14.714s] [01m[K/root/dev_ava/src/rplidar_ros/./sdk/include/rplidar_protocol.h:59:14:[m[K [01;35m[Kwarning: [m[KISO C++ forbids zero-size array ‘[01m[Kdata[m[K’ [[01;35m[K-Wpedantic[m[K]
[14.715s]    59 |     _u8 data[[01;35m[K0[m[K];
[14.716s]       |              [01;35m[K^[m[K
[14.721s] In file included from [01m[K/root/dev_ava/src/rplidar_ros/./sdk/include/rplidar.h:40[m[K,
[14.722s]                  from [01m[K/root/dev_ava/src/rplidar_ros/sdk/src/sdkcommon.h:48[m[K,
[14.722s]                  from [01m[K/root/dev_ava/src/rplidar_ros/sdk/src/rplidar_driver.cpp:35[m[K:
[14.723s] [01m[K/root/dev_ava/src/rplidar_ros/./sdk/include/rplidar_cmd.h:260:18:[m[K [01;35m[Kwarning: [m[KISO C++ forbids zero-size array ‘[01m[Kpayload[m[K’ [[01;35m[K-Wpedantic[m[K]
[14.724s]   260 |     _u8  payload[[01;35m[K0[m[K];
[14.725s]       |                  [01;35m[K^[m[K
[15.137s] [01m[K/root/dev_ava/src/rplidar_ros/sdk/src/rplidar_driver.cpp:[m[K In member function ‘[01m[Kvirtual void rp::standalone::rplidar::RPlidarDriverImplCommon::_ultraCapsuleToNormal(const rplidar_response_ultra_capsule_measurement_nodes_t&, rplidar_response_measurement_node_hq_t*, size_t&)[m[K’:
[15.138s] [01m[K/root/dev_ava/src/rplidar_ros/sdk/src/rplidar_driver.cpp:1208:32:[m[K [01;35m[Kwarning: [m[Kcomparison of integer expressions of different signedness: ‘[01m[Kint[m[K’ and ‘[01m[Kunsigned int[m[K’ [[01;35m[K-Wsign-compare[m[K]
[15.138s]  1208 |             if (([01;35m[Kdist_predict1 == 0xFFFFFE00[m[K) || (dist_predict1 == 0x1FF)) {
[15.139s]       |                  [01;35m[K~~~~~~~~~~~~~~^~~~~~~~~~~~~[m[K
[15.139s] [01m[K/root/dev_ava/src/rplidar_ros/sdk/src/rplidar_driver.cpp:1216:32:[m[K [01;35m[Kwarning: [m[Kcomparison of integer expressions of different signedness: ‘[01m[Kint[m[K’ and ‘[01m[Kunsigned int[m[K’ [[01;35m[K-Wsign-compare[m[K]
[15.140s]  1216 |             if (([01;35m[Kdist_predict2 == 0xFFFFFE00[m[K) || (dist_predict2 == 0x1FF)) {
[15.140s]       |                  [01;35m[K~~~~~~~~~~~~~~^~~~~~~~~~~~~[m[K
[19.576s] In file included from [01m[K/root/dev_ava/src/rplidar_ros/./sdk/include/rplidar.h:39[m[K,
[19.577s]                  from [01m[K/root/dev_ava/src/rplidar_ros/src/rplidar_scan_publisher.cpp:38[m[K:
[19.577s] [01m[K/root/dev_ava/src/rplidar_ros/./sdk/include/rplidar_protocol.h:59:14:[m[K [01;35m[Kwarning: [m[KISO C++ forbids zero-size array ‘[01m[Kdata[m[K’ [[01;35m[K-Wpedantic[m[K]
[19.578s]    59 |     _u8 data[[01;35m[K0[m[K];
[19.578s]       |              [01;35m[K^[m[K
[19.579s] In file included from [01m[K/root/dev_ava/src/rplidar_ros/./sdk/include/rplidar.h:40[m[K,
[19.579s]                  from [01m[K/root/dev_ava/src/rplidar_ros/src/rplidar_scan_publisher.cpp:38[m[K:
[19.580s] [01m[K/root/dev_ava/src/rplidar_ros/./sdk/include/rplidar_cmd.h:260:18:[m[K [01;35m[Kwarning: [m[KISO C++ forbids zero-size array ‘[01m[Kpayload[m[K’ [[01;35m[K-Wpedantic[m[K]
[19.580s]   260 |     _u8  payload[[01;35m[K0[m[K];
[19.581s]       |                  [01;35m[K^[m[K
[30.222s] [100%] [32m[1mLinking CXX executable rplidar_scan_publisher[0m
[31.231s] [100%] Built target rplidar_scan_publisher
[31.270s] Invoked command in '/root/dev_ava/build/rplidar_ros2' returned '0': CMAKE_PREFIX_PATH=/opt/ros/foxy /usr/bin/cmake --build /root/dev_ava/build/rplidar_ros2 -- -j4 -l4
[31.435s] Invoking command in '/root/dev_ava/build/rplidar_ros2': CMAKE_PREFIX_PATH=/opt/ros/foxy /usr/bin/cmake --install /root/dev_ava/build/rplidar_ros2
[31.463s] -- Install configuration: ""
[31.464s] -- Installing: /root/dev_ava/install/rplidar_ros2/share/rplidar_ros2/launch
[31.464s] -- Installing: /root/dev_ava/install/rplidar_ros2/share/rplidar_ros2/launch/rplidar_s1_tcp_launch.py
[31.465s] -- Installing: /root/dev_ava/install/rplidar_ros2/share/rplidar_ros2/launch/view_rplidar_a3_launch.py
[31.466s] -- Installing: /root/dev_ava/install/rplidar_ros2/share/rplidar_ros2/launch/view_rplidar_s1_tcp_launch.py
[31.466s] -- Installing: /root/dev_ava/install/rplidar_ros2/share/rplidar_ros2/launch/rplidar_a3_launch.py
[31.466s] -- Installing: /root/dev_ava/install/rplidar_ros2/share/rplidar_ros2/launch/rplidar_s1_launch.py
[31.467s] -- Installing: /root/dev_ava/install/rplidar_ros2/share/rplidar_ros2/launch/view_rplidar_s1_launch.py
[31.467s] -- Installing: /root/dev_ava/install/rplidar_ros2/share/rplidar_ros2/launch/view_rplidar_launch.py
[31.467s] -- Installing: /root/dev_ava/install/rplidar_ros2/share/rplidar_ros2/launch/rplidar_launch.py
[31.468s] -- Installing: /root/dev_ava/install/rplidar_ros2/share/rplidar_ros2/rviz
[31.468s] -- Installing: /root/dev_ava/install/rplidar_ros2/share/rplidar_ros2/rviz/rplidar_ros2.rviz
[31.469s] -- Installing: /root/dev_ava/install/rplidar_ros2/lib/rplidar_ros2/rplidar_scan_publisher
[31.475s] -- Set runtime path of "/root/dev_ava/install/rplidar_ros2/lib/rplidar_ros2/rplidar_scan_publisher" to ""
[31.476s] -- Installing: /root/dev_ava/install/rplidar_ros2/share/ament_index/resource_index/package_run_dependencies/rplidar_ros2
[31.477s] -- Installing: /root/dev_ava/install/rplidar_ros2/share/ament_index/resource_index/parent_prefix_path/rplidar_ros2
[31.478s] -- Installing: /root/dev_ava/install/rplidar_ros2/share/rplidar_ros2/environment/ament_prefix_path.sh
[31.478s] -- Installing: /root/dev_ava/install/rplidar_ros2/share/rplidar_ros2/environment/ament_prefix_path.dsv
[31.479s] -- Installing: /root/dev_ava/install/rplidar_ros2/share/rplidar_ros2/environment/path.sh
[31.479s] -- Installing: /root/dev_ava/install/rplidar_ros2/share/rplidar_ros2/environment/path.dsv
[31.480s] -- Installing: /root/dev_ava/install/rplidar_ros2/share/rplidar_ros2/local_setup.bash
[31.481s] -- Installing: /root/dev_ava/install/rplidar_ros2/share/rplidar_ros2/local_setup.sh
[31.481s] -- Installing: /root/dev_ava/install/rplidar_ros2/share/rplidar_ros2/local_setup.zsh
[31.482s] -- Installing: /root/dev_ava/install/rplidar_ros2/share/rplidar_ros2/local_setup.dsv
[31.482s] -- Installing: /root/dev_ava/install/rplidar_ros2/share/rplidar_ros2/package.dsv
[31.483s] -- Installing: /root/dev_ava/install/rplidar_ros2/share/ament_index/resource_index/packages/rplidar_ros2
[31.484s] -- Installing: /root/dev_ava/install/rplidar_ros2/share/rplidar_ros2/cmake/ament_cmake_export_dependencies-extras.cmake
[31.485s] -- Installing: /root/dev_ava/install/rplidar_ros2/share/rplidar_ros2/cmake/ament_cmake_export_include_directories-extras.cmake
[31.485s] -- Installing: /root/dev_ava/install/rplidar_ros2/share/rplidar_ros2/cmake/rplidar_ros2Config.cmake
[31.486s] -- Installing: /root/dev_ava/install/rplidar_ros2/share/rplidar_ros2/cmake/rplidar_ros2Config-version.cmake
[31.487s] -- Installing: /root/dev_ava/install/rplidar_ros2/share/rplidar_ros2/package.xml
[31.505s] Invoked command in '/root/dev_ava/build/rplidar_ros2' returned '0': CMAKE_PREFIX_PATH=/opt/ros/foxy /usr/bin/cmake --install /root/dev_ava/build/rplidar_ros2
