[1.266s] Invoking command in 'C:\dev_ava\build\ava_msgs': PUBLIC=%PUBLIC%
PyCharm Community Edition=C:\Program Files\JetBrains\PyCharm Community Edition 2020.1.3\bin; C:\opt\ros\foxy\x64\Scripts\cmake.EXE C:\dev_ava\src\ava_msgs -DCMAKE_INSTALL_PREFIX=C:\dev_ava\install
[3.110s] -- Selecting Windows SDK version 10.0.16299.0 to target Windows 10.0.22000.
[3.110s] -- Found ament_cmake: 0.9.8 (C:/opt/ros/foxy/x64/share/ament_cmake/cmake)
[3.110s] -- Found PythonInterp: C:/opt/ros/foxy/x64/python.exe (found suitable version "3.8.3", minimum required is "3") 
[3.110s] -- Using PYTHON_EXECUTABLE: C:/opt/ros/foxy/x64/python.exe
[3.110s] -- Found rosidl_default_generators: 1.0.1 (C:/opt/ros/foxy/x64/share/rosidl_default_generators/cmake)
[3.110s] -- Using all available rosidl_typesupport_c: rosidl_typesupport_fastrtps_c;rosidl_typesupport_introspection_c
[3.110s] -- Found rosidl_adapter: 1.2.1 (C:/opt/ros/foxy/x64/share/rosidl_adapter/cmake)
[3.625s] -- Using all available rosidl_typesupport_cpp: rosidl_typesupport_fastrtps_cpp;rosidl_typesupport_introspection_cpp
[3.828s] -- Found PythonInterp: C:/opt/ros/foxy/x64/python.exe (found version "3.8.3") 
[4.344s] -- Found ament_cmake_ros: 0.9.2 (C:/opt/ros/foxy/x64/share/ament_cmake_ros/cmake)
[6.063s] -- Using all available rosidl_typesupport_c: rosidl_typesupport_fastrtps_c;rosidl_typesupport_introspection_c
[6.063s] -- Using all available rosidl_typesupport_cpp: rosidl_typesupport_fastrtps_cpp;rosidl_typesupport_introspection_cpp
[6.063s] -- Found PythonInterp: C:/opt/ros/foxy/x64/python.exe (found suitable version "3.8.3", minimum required is "3.5") 
[6.063s] -- Found python_cmake_module: 0.8.1 (C:/opt/ros/foxy/x64/share/python_cmake_module/cmake)
[6.063s] -- Using PYTHON_EXECUTABLE: C:/opt/ros/foxy/x64/python.exe
[6.063s] -- Using PYTHON_INCLUDE_DIRS: C:/opt/ros/foxy/x64/include/python3.8
[6.063s] -- Using PYTHON_LIBRARIES: C:/opt/ros/foxy/x64/Lib/python38.lib
[6.110s] -- Using numpy include directory: C:\opt\ros\foxy\x64\lib\site-packages\numpy\core\include
[6.141s] -- Found ament_lint_auto: 0.9.6 (C:/opt/ros/foxy/x64/share/ament_lint_auto/cmake)
[6.282s] -- Added test 'copyright' to check source files copyright and LICENSE
[6.313s] -- Added test 'lint_cmake' to check CMake code style
[6.328s] -- Added test 'xmllint' to check XML markup files
[6.438s] -- Configuring done
[7.563s] -- Generating done
[7.578s] -- Build files have been written to: C:/dev_ava/build/ava_msgs
[7.610s] Invoked command in 'C:\dev_ava\build\ava_msgs' returned '0': PUBLIC=%PUBLIC%
PyCharm Community Edition=C:\Program Files\JetBrains\PyCharm Community Edition 2020.1.3\bin; C:\opt\ros\foxy\x64\Scripts\cmake.EXE C:\dev_ava\src\ava_msgs -DCMAKE_INSTALL_PREFIX=C:\dev_ava\install
[7.625s] Invoking command in 'C:\dev_ava\build\ava_msgs': CL=/MP PUBLIC=%PUBLIC%
PyCharm Community Edition=C:\Program Files\JetBrains\PyCharm Community Edition 2020.1.3\bin; C:\opt\ros\foxy\x64\Scripts\cmake.EXE --build C:\dev_ava\build\ava_msgs --config Release
[7.985s] Microsoft (R) Build Engine version 16.11.0+0538acc04 for .NET Framework
[7.985s] Copyright (C) Microsoft Corporation. All rights reserved.
[7.985s] 
[8.672s]   Checking Build System
[9.078s]   Building Custom Rule C:/dev_ava/src/ava_msgs/CMakeLists.txt
[9.328s]   Building Custom Rule C:/dev_ava/src/ava_msgs/CMakeLists.txt
[9.532s]   ava_msgs__rosidl_generator_c.vcxproj -> C:\dev_ava\build\ava_msgs\Release\ava_msgs__rosidl_generator_c.dll
[9.688s]   Building Custom Rule C:/dev_ava/src/ava_msgs/CMakeLists.txt
[9.797s]   ava_msgs__rosidl_typesupport_c.vcxproj -> C:\dev_ava\build\ava_msgs\Release\ava_msgs__rosidl_typesupport_c.dll
[9.953s]   Building Custom Rule C:/dev_ava/src/ava_msgs/CMakeLists.txt
[10.063s]   ava_msgs__rosidl_typesupport_cpp.vcxproj -> C:\dev_ava\build\ava_msgs\Release\ava_msgs__rosidl_typesupport_cpp.dll
[10.250s]   Building Custom Rule C:/dev_ava/src/ava_msgs/CMakeLists.txt
[10.360s]   ava_msgs__rosidl_typesupport_fastrtps_cpp.vcxproj -> C:\dev_ava\build\ava_msgs\Release\ava_msgs__rosidl_typesupport_fastrtps_cpp.dll
[10.453s]   Building Custom Rule C:/dev_ava/src/ava_msgs/CMakeLists.txt
[10.563s]   ava_msgs__rosidl_typesupport_fastrtps_c.vcxproj -> C:\dev_ava\build\ava_msgs\Release\ava_msgs__rosidl_typesupport_fastrtps_c.dll
[10.719s]   Building Custom Rule C:/dev_ava/src/ava_msgs/CMakeLists.txt
[10.828s]   ava_msgs__rosidl_typesupport_introspection_c.vcxproj -> C:\dev_ava\build\ava_msgs\Release\ava_msgs__rosidl_typesupport_introspection_c.dll
[10.985s]   Building Custom Rule C:/dev_ava/src/ava_msgs/CMakeLists.txt
[11.094s]   ava_msgs__rosidl_typesupport_introspection_cpp.vcxproj -> C:\dev_ava\build\ava_msgs\Release\ava_msgs__rosidl_typesupport_introspection_cpp.dll
[11.250s]   Building Custom Rule C:/dev_ava/src/ava_msgs/CMakeLists.txt
[11.610s]   Building Custom Rule C:/dev_ava/src/ava_msgs/CMakeLists.txt
[11.735s]   ava_msgs__python.vcxproj -> C:\dev_ava\build\ava_msgs\rosidl_generator_py\ava_msgs\ava_msgs__python.dll
[11.891s]   Building Custom Rule C:/dev_ava/src/ava_msgs/CMakeLists.txt
[12.000s]   ava_msgs__rosidl_typesupport_c__pyext.vcxproj -> C:\dev_ava\build\ava_msgs\rosidl_generator_py\ava_msgs\ava_msgs_s__rosidl_typesupport_c.pyd
[12.141s]   Building Custom Rule C:/dev_ava/src/ava_msgs/CMakeLists.txt
[12.235s]   ava_msgs__rosidl_typesupport_fastrtps_c__pyext.vcxproj -> C:\dev_ava\build\ava_msgs\rosidl_generator_py\ava_msgs\ava_msgs_s__rosidl_typesupport_fastrtps_c.pyd
[12.391s]   Building Custom Rule C:/dev_ava/src/ava_msgs/CMakeLists.txt
[12.500s]   ava_msgs__rosidl_typesupport_introspection_c__pyext.vcxproj -> C:\dev_ava\build\ava_msgs\rosidl_generator_py\ava_msgs\ava_msgs_s__rosidl_typesupport_introspection_c.pyd
[12.610s]   Building Custom Rule C:/dev_ava/src/ava_msgs/CMakeLists.txt
[12.750s] Invoked command in 'C:\dev_ava\build\ava_msgs' returned '0': CL=/MP PUBLIC=%PUBLIC%
PyCharm Community Edition=C:\Program Files\JetBrains\PyCharm Community Edition 2020.1.3\bin; C:\opt\ros\foxy\x64\Scripts\cmake.EXE --build C:\dev_ava\build\ava_msgs --config Release
[12.938s] Invoking command in 'C:\dev_ava\build\ava_msgs': PUBLIC=%PUBLIC%
PyCharm Community Edition=C:\Program Files\JetBrains\PyCharm Community Edition 2020.1.3\bin; C:\opt\ros\foxy\x64\Scripts\cmake.EXE --install C:\dev_ava\build\ava_msgs --config Release
[13.094s] -- Up-to-date: C:/dev_ava/install/share/ament_index/resource_index/rosidl_interfaces/ava_msgs
[13.094s] -- Up-to-date: C:/dev_ava/install/include/ava_msgs
[13.110s] -- Up-to-date: C:/dev_ava/install/include/ava_msgs/msg
[13.110s] -- Up-to-date: C:/dev_ava/install/include/ava_msgs/msg/ava_command.h
[13.110s] -- Up-to-date: C:/dev_ava/install/include/ava_msgs/msg/ava_info.h
[13.125s] -- Up-to-date: C:/dev_ava/install/include/ava_msgs/msg/ava_pose.h
[13.125s] -- Up-to-date: C:/dev_ava/install/include/ava_msgs/msg/detail
[13.125s] -- Up-to-date: C:/dev_ava/install/include/ava_msgs/msg/detail/ava_command__functions.c
[13.125s] -- Up-to-date: C:/dev_ava/install/include/ava_msgs/msg/detail/ava_command__functions.h
[13.125s] -- Up-to-date: C:/dev_ava/install/include/ava_msgs/msg/detail/ava_command__struct.h
[13.141s] -- Up-to-date: C:/dev_ava/install/include/ava_msgs/msg/detail/ava_command__type_support.h
[13.141s] -- Up-to-date: C:/dev_ava/install/include/ava_msgs/msg/detail/ava_info__functions.c
[13.141s] -- Up-to-date: C:/dev_ava/install/include/ava_msgs/msg/detail/ava_info__functions.h
[13.141s] -- Up-to-date: C:/dev_ava/install/include/ava_msgs/msg/detail/ava_info__struct.h
[13.141s] -- Up-to-date: C:/dev_ava/install/include/ava_msgs/msg/detail/ava_info__type_support.h
[13.157s] -- Up-to-date: C:/dev_ava/install/include/ava_msgs/msg/detail/ava_pose__functions.c
[13.157s] -- Up-to-date: C:/dev_ava/install/include/ava_msgs/msg/detail/ava_pose__functions.h
[13.157s] -- Up-to-date: C:/dev_ava/install/include/ava_msgs/msg/detail/ava_pose__struct.h
[13.157s] -- Up-to-date: C:/dev_ava/install/include/ava_msgs/msg/detail/ava_pose__type_support.h
[13.157s] -- Up-to-date: C:/dev_ava/install/include/ava_msgs/msg/detail/leg_position__functions.c
[13.157s] -- Up-to-date: C:/dev_ava/install/include/ava_msgs/msg/detail/leg_position__functions.h
[13.172s] -- Up-to-date: C:/dev_ava/install/include/ava_msgs/msg/detail/leg_position__struct.h
[13.172s] -- Up-to-date: C:/dev_ava/install/include/ava_msgs/msg/detail/leg_position__type_support.h
[13.172s] -- Up-to-date: C:/dev_ava/install/include/ava_msgs/msg/detail/velocity__functions.c
[13.188s] -- Up-to-date: C:/dev_ava/install/include/ava_msgs/msg/detail/velocity__functions.h
[13.188s] -- Up-to-date: C:/dev_ava/install/include/ava_msgs/msg/detail/velocity__struct.h
[13.188s] -- Up-to-date: C:/dev_ava/install/include/ava_msgs/msg/detail/velocity__type_support.h
[13.188s] -- Up-to-date: C:/dev_ava/install/include/ava_msgs/msg/leg_position.h
[13.188s] -- Up-to-date: C:/dev_ava/install/include/ava_msgs/msg/rosidl_generator_c__visibility_control.h
[13.203s] -- Up-to-date: C:/dev_ava/install/include/ava_msgs/msg/velocity.h
[13.203s] -- Up-to-date: C:/dev_ava/install/lib/ava_msgs__rosidl_generator_c.lib
[13.219s] -- Up-to-date: C:/dev_ava/install/bin/ava_msgs__rosidl_generator_c.dll
[13.219s] -- Up-to-date: C:/dev_ava/install/include/ava_msgs
[13.219s] -- Up-to-date: C:/dev_ava/install/include/ava_msgs/msg
[13.219s] -- Up-to-date: C:/dev_ava/install/include/ava_msgs/msg/detail
[13.219s] -- Up-to-date: C:/dev_ava/install/include/ava_msgs/msg/detail/ava_command__rosidl_typesupport_fastrtps_c.h
[13.219s] -- Up-to-date: C:/dev_ava/install/include/ava_msgs/msg/detail/ava_info__rosidl_typesupport_fastrtps_c.h
[13.235s] -- Up-to-date: C:/dev_ava/install/include/ava_msgs/msg/detail/ava_pose__rosidl_typesupport_fastrtps_c.h
[13.235s] -- Up-to-date: C:/dev_ava/install/include/ava_msgs/msg/detail/leg_position__rosidl_typesupport_fastrtps_c.h
[13.235s] -- Up-to-date: C:/dev_ava/install/include/ava_msgs/msg/detail/velocity__rosidl_typesupport_fastrtps_c.h
[13.235s] -- Up-to-date: C:/dev_ava/install/include/ava_msgs/msg/rosidl_typesupport_fastrtps_c__visibility_control.h
[13.235s] -- Up-to-date: C:/dev_ava/install/lib/ava_msgs__rosidl_typesupport_fastrtps_c.lib
[13.266s] -- Up-to-date: C:/dev_ava/install/bin/ava_msgs__rosidl_typesupport_fastrtps_c.dll
[13.266s] -- Up-to-date: C:/dev_ava/install/include/ava_msgs
[13.266s] -- Up-to-date: C:/dev_ava/install/include/ava_msgs/msg
[13.266s] -- Up-to-date: C:/dev_ava/install/include/ava_msgs/msg/detail
[13.266s] -- Up-to-date: C:/dev_ava/install/include/ava_msgs/msg/detail/ava_command__rosidl_typesupport_fastrtps_cpp.hpp
[13.266s] -- Up-to-date: C:/dev_ava/install/include/ava_msgs/msg/detail/ava_info__rosidl_typesupport_fastrtps_cpp.hpp
[13.266s] -- Up-to-date: C:/dev_ava/install/include/ava_msgs/msg/detail/ava_pose__rosidl_typesupport_fastrtps_cpp.hpp
[13.266s] -- Up-to-date: C:/dev_ava/install/include/ava_msgs/msg/detail/dds_fastrtps
[13.282s] -- Up-to-date: C:/dev_ava/install/include/ava_msgs/msg/detail/leg_position__rosidl_typesupport_fastrtps_cpp.hpp
[13.282s] -- Up-to-date: C:/dev_ava/install/include/ava_msgs/msg/detail/velocity__rosidl_typesupport_fastrtps_cpp.hpp
[13.282s] -- Up-to-date: C:/dev_ava/install/include/ava_msgs/msg/rosidl_typesupport_fastrtps_cpp__visibility_control.h
[13.282s] -- Up-to-date: C:/dev_ava/install/lib/ava_msgs__rosidl_typesupport_fastrtps_cpp.lib
[13.297s] -- Up-to-date: C:/dev_ava/install/bin/ava_msgs__rosidl_typesupport_fastrtps_cpp.dll
[13.297s] -- Up-to-date: C:/dev_ava/install/include/ava_msgs
[13.297s] -- Up-to-date: C:/dev_ava/install/include/ava_msgs/msg
[13.297s] -- Up-to-date: C:/dev_ava/install/include/ava_msgs/msg/detail
[13.313s] -- Up-to-date: C:/dev_ava/install/include/ava_msgs/msg/detail/ava_command__rosidl_typesupport_introspection_c.h
[13.313s] -- Up-to-date: C:/dev_ava/install/include/ava_msgs/msg/detail/ava_command__type_support.c
[13.313s] -- Up-to-date: C:/dev_ava/install/include/ava_msgs/msg/detail/ava_info__rosidl_typesupport_introspection_c.h
[13.313s] -- Up-to-date: C:/dev_ava/install/include/ava_msgs/msg/detail/ava_info__type_support.c
[13.313s] -- Up-to-date: C:/dev_ava/install/include/ava_msgs/msg/detail/ava_pose__rosidl_typesupport_introspection_c.h
[13.328s] -- Up-to-date: C:/dev_ava/install/include/ava_msgs/msg/detail/ava_pose__type_support.c
[13.328s] -- Up-to-date: C:/dev_ava/install/include/ava_msgs/msg/detail/leg_position__rosidl_typesupport_introspection_c.h
[13.328s] -- Up-to-date: C:/dev_ava/install/include/ava_msgs/msg/detail/leg_position__type_support.c
[13.328s] -- Up-to-date: C:/dev_ava/install/include/ava_msgs/msg/detail/velocity__rosidl_typesupport_introspection_c.h
[13.328s] -- Up-to-date: C:/dev_ava/install/include/ava_msgs/msg/detail/velocity__type_support.c
[13.328s] -- Up-to-date: C:/dev_ava/install/include/ava_msgs/msg/rosidl_typesupport_introspection_c__visibility_control.h
[13.344s] -- Up-to-date: C:/dev_ava/install/lib/ava_msgs__rosidl_typesupport_introspection_c.lib
[13.360s] -- Up-to-date: C:/dev_ava/install/bin/ava_msgs__rosidl_typesupport_introspection_c.dll
[13.360s] -- Up-to-date: C:/dev_ava/install/lib/ava_msgs__rosidl_typesupport_c.lib
[13.375s] -- Up-to-date: C:/dev_ava/install/bin/ava_msgs__rosidl_typesupport_c.dll
[13.375s] -- Up-to-date: C:/dev_ava/install/include/ava_msgs
[13.375s] -- Up-to-date: C:/dev_ava/install/include/ava_msgs/msg
[13.375s] -- Up-to-date: C:/dev_ava/install/include/ava_msgs/msg/ava_command.hpp
[13.375s] -- Up-to-date: C:/dev_ava/install/include/ava_msgs/msg/ava_info.hpp
[13.391s] -- Up-to-date: C:/dev_ava/install/include/ava_msgs/msg/ava_pose.hpp
[13.391s] -- Up-to-date: C:/dev_ava/install/include/ava_msgs/msg/detail
[13.391s] -- Up-to-date: C:/dev_ava/install/include/ava_msgs/msg/detail/ava_command__builder.hpp
[13.391s] -- Up-to-date: C:/dev_ava/install/include/ava_msgs/msg/detail/ava_command__struct.hpp
[13.391s] -- Up-to-date: C:/dev_ava/install/include/ava_msgs/msg/detail/ava_command__traits.hpp
[13.391s] -- Up-to-date: C:/dev_ava/install/include/ava_msgs/msg/detail/ava_info__builder.hpp
[13.407s] -- Up-to-date: C:/dev_ava/install/include/ava_msgs/msg/detail/ava_info__struct.hpp
[13.407s] -- Up-to-date: C:/dev_ava/install/include/ava_msgs/msg/detail/ava_info__traits.hpp
[13.407s] -- Up-to-date: C:/dev_ava/install/include/ava_msgs/msg/detail/ava_pose__builder.hpp
[13.407s] -- Up-to-date: C:/dev_ava/install/include/ava_msgs/msg/detail/ava_pose__struct.hpp
[13.407s] -- Up-to-date: C:/dev_ava/install/include/ava_msgs/msg/detail/ava_pose__traits.hpp
[13.407s] -- Up-to-date: C:/dev_ava/install/include/ava_msgs/msg/detail/leg_position__builder.hpp
[13.422s] -- Up-to-date: C:/dev_ava/install/include/ava_msgs/msg/detail/leg_position__struct.hpp
[13.422s] -- Up-to-date: C:/dev_ava/install/include/ava_msgs/msg/detail/leg_position__traits.hpp
[13.422s] -- Up-to-date: C:/dev_ava/install/include/ava_msgs/msg/detail/velocity__builder.hpp
[13.422s] -- Up-to-date: C:/dev_ava/install/include/ava_msgs/msg/detail/velocity__struct.hpp
[13.422s] -- Up-to-date: C:/dev_ava/install/include/ava_msgs/msg/detail/velocity__traits.hpp
[13.422s] -- Up-to-date: C:/dev_ava/install/include/ava_msgs/msg/leg_position.hpp
[13.422s] -- Up-to-date: C:/dev_ava/install/include/ava_msgs/msg/velocity.hpp
[13.422s] -- Up-to-date: C:/dev_ava/install/include/ava_msgs
[13.422s] -- Up-to-date: C:/dev_ava/install/include/ava_msgs/msg
[13.422s] -- Up-to-date: C:/dev_ava/install/include/ava_msgs/msg/detail
[13.422s] -- Up-to-date: C:/dev_ava/install/include/ava_msgs/msg/detail/ava_command__rosidl_typesupport_introspection_cpp.hpp
[13.438s] -- Up-to-date: C:/dev_ava/install/include/ava_msgs/msg/detail/ava_command__type_support.cpp
[13.438s] -- Up-to-date: C:/dev_ava/install/include/ava_msgs/msg/detail/ava_info__rosidl_typesupport_introspection_cpp.hpp
[13.438s] -- Up-to-date: C:/dev_ava/install/include/ava_msgs/msg/detail/ava_info__type_support.cpp
[13.438s] -- Up-to-date: C:/dev_ava/install/include/ava_msgs/msg/detail/ava_pose__rosidl_typesupport_introspection_cpp.hpp
[13.453s] -- Up-to-date: C:/dev_ava/install/include/ava_msgs/msg/detail/ava_pose__type_support.cpp
[13.453s] -- Up-to-date: C:/dev_ava/install/include/ava_msgs/msg/detail/leg_position__rosidl_typesupport_introspection_cpp.hpp
[13.453s] -- Up-to-date: C:/dev_ava/install/include/ava_msgs/msg/detail/leg_position__type_support.cpp
[13.453s] -- Up-to-date: C:/dev_ava/install/include/ava_msgs/msg/detail/velocity__rosidl_typesupport_introspection_cpp.hpp
[13.469s] -- Up-to-date: C:/dev_ava/install/include/ava_msgs/msg/detail/velocity__type_support.cpp
[13.469s] -- Up-to-date: C:/dev_ava/install/lib/ava_msgs__rosidl_typesupport_introspection_cpp.lib
[13.485s] -- Up-to-date: C:/dev_ava/install/bin/ava_msgs__rosidl_typesupport_introspection_cpp.dll
[13.500s] -- Up-to-date: C:/dev_ava/install/lib/ava_msgs__rosidl_typesupport_cpp.lib
[13.516s] -- Up-to-date: C:/dev_ava/install/bin/ava_msgs__rosidl_typesupport_cpp.dll
[13.516s] -- Up-to-date: C:/dev_ava/install/share/ava_msgs/environment/pythonpath.bat
[13.516s] -- Installing: C:/dev_ava/install/share/ava_msgs/environment/pythonpath.dsv
[13.516s] -- Installing: C:/dev_ava/install/Lib/site-packages/ava_msgs/__init__.py
[13.688s] Compiling 'C:/dev_ava/install/Lib/site-packages/ava_msgs/__init__.py'...
[13.703s] -- Up-to-date: C:/dev_ava/install/Lib/site-packages/ava_msgs/msg
[13.703s] -- Up-to-date: C:/dev_ava/install/Lib/site-packages/ava_msgs/msg/_ava_command.py
[13.703s] -- Up-to-date: C:/dev_ava/install/Lib/site-packages/ava_msgs/msg/_ava_command_s.c
[13.719s] -- Up-to-date: C:/dev_ava/install/Lib/site-packages/ava_msgs/msg/_ava_info.py
[13.719s] -- Up-to-date: C:/dev_ava/install/Lib/site-packages/ava_msgs/msg/_ava_info_s.c
[13.719s] -- Up-to-date: C:/dev_ava/install/Lib/site-packages/ava_msgs/msg/_ava_pose.py
[13.719s] -- Up-to-date: C:/dev_ava/install/Lib/site-packages/ava_msgs/msg/_ava_pose_s.c
[13.719s] -- Up-to-date: C:/dev_ava/install/Lib/site-packages/ava_msgs/msg/_leg_position.py
[13.735s] -- Up-to-date: C:/dev_ava/install/Lib/site-packages/ava_msgs/msg/_leg_position_s.c
[13.735s] -- Up-to-date: C:/dev_ava/install/Lib/site-packages/ava_msgs/msg/_velocity.py
[13.735s] -- Up-to-date: C:/dev_ava/install/Lib/site-packages/ava_msgs/msg/_velocity_s.c
[13.735s] -- Up-to-date: C:/dev_ava/install/Lib/site-packages/ava_msgs/msg/__init__.py
[13.735s] -- Up-to-date: C:/dev_ava/install/Lib/site-packages/ava_msgs/ava_msgs_s__rosidl_typesupport_fastrtps_c.lib
[13.750s] -- Up-to-date: C:/dev_ava/install/Lib/site-packages/ava_msgs/ava_msgs_s__rosidl_typesupport_fastrtps_c.pyd
[13.766s] -- Up-to-date: C:/dev_ava/install/Lib/site-packages/ava_msgs/ava_msgs_s__rosidl_typesupport_introspection_c.lib
[13.782s] -- Up-to-date: C:/dev_ava/install/Lib/site-packages/ava_msgs/ava_msgs_s__rosidl_typesupport_introspection_c.pyd
[13.782s] -- Up-to-date: C:/dev_ava/install/Lib/site-packages/ava_msgs/ava_msgs_s__rosidl_typesupport_c.lib
[13.797s] -- Up-to-date: C:/dev_ava/install/Lib/site-packages/ava_msgs/ava_msgs_s__rosidl_typesupport_c.pyd
[13.797s] -- Up-to-date: C:/dev_ava/install/lib/ava_msgs__python.lib
[13.813s] -- Up-to-date: C:/dev_ava/install/bin/ava_msgs__python.dll
[13.828s] -- Up-to-date: C:/dev_ava/install/share/ava_msgs/msg/LegPosition.idl
[13.828s] -- Up-to-date: C:/dev_ava/install/share/ava_msgs/msg/AvaPose.idl
[13.828s] -- Up-to-date: C:/dev_ava/install/share/ava_msgs/msg/AvaCommand.idl
[13.828s] -- Up-to-date: C:/dev_ava/install/share/ava_msgs/msg/Velocity.idl
[13.844s] -- Up-to-date: C:/dev_ava/install/share/ava_msgs/msg/AvaInfo.idl
[13.844s] -- Up-to-date: C:/dev_ava/install/share/ava_msgs/msg/LegPosition.msg
[13.844s] -- Up-to-date: C:/dev_ava/install/share/ava_msgs/msg/AvaPose.msg
[13.844s] -- Up-to-date: C:/dev_ava/install/share/ava_msgs/msg/AvaCommand.msg
[13.844s] -- Up-to-date: C:/dev_ava/install/share/ava_msgs/msg/Velocity.msg
[13.844s] -- Up-to-date: C:/dev_ava/install/share/ava_msgs/msg/AvaInfo.msg
[13.844s] -- Up-to-date: C:/dev_ava/install/share/ament_index/resource_index/package_run_dependencies/ava_msgs
[13.860s] -- Up-to-date: C:/dev_ava/install/share/ament_index/resource_index/parent_prefix_path/ava_msgs
[13.860s] -- Up-to-date: C:/dev_ava/install/share/ava_msgs/environment/ament_prefix_path.bat
[13.860s] -- Installing: C:/dev_ava/install/share/ava_msgs/environment/ament_prefix_path.dsv
[13.860s] -- Up-to-date: C:/dev_ava/install/share/ava_msgs/environment/path.bat
[13.860s] -- Installing: C:/dev_ava/install/share/ava_msgs/environment/path.dsv
[13.860s] -- Up-to-date: C:/dev_ava/install/share/ava_msgs/local_setup.bat
[13.860s] -- Installing: C:/dev_ava/install/share/ava_msgs/local_setup.dsv
[13.875s] -- Installing: C:/dev_ava/install/share/ava_msgs/package.dsv
[13.875s] -- Up-to-date: C:/dev_ava/install/share/ament_index/resource_index/packages/ava_msgs
[13.875s] -- Up-to-date: C:/dev_ava/install/share/ava_msgs/cmake/ava_msgs__rosidl_generator_cExport.cmake
[13.875s] -- Installing: C:/dev_ava/install/share/ava_msgs/cmake/ava_msgs__rosidl_generator_cExport-release.cmake
[13.891s] -- Up-to-date: C:/dev_ava/install/share/ava_msgs/cmake/ava_msgs__rosidl_typesupport_introspection_cExport.cmake
[13.891s] -- Installing: C:/dev_ava/install/share/ava_msgs/cmake/ava_msgs__rosidl_typesupport_introspection_cExport-release.cmake
[13.891s] -- Up-to-date: C:/dev_ava/install/share/ava_msgs/cmake/ava_msgs__rosidl_typesupport_cExport.cmake
[13.907s] -- Installing: C:/dev_ava/install/share/ava_msgs/cmake/ava_msgs__rosidl_typesupport_cExport-release.cmake
[13.907s] -- Up-to-date: C:/dev_ava/install/share/ava_msgs/cmake/ava_msgs__rosidl_generator_cppExport.cmake
[13.907s] -- Up-to-date: C:/dev_ava/install/share/ava_msgs/cmake/ava_msgs__rosidl_typesupport_introspection_cppExport.cmake
[13.907s] -- Installing: C:/dev_ava/install/share/ava_msgs/cmake/ava_msgs__rosidl_typesupport_introspection_cppExport-release.cmake
[13.922s] -- Up-to-date: C:/dev_ava/install/share/ava_msgs/cmake/ava_msgs__rosidl_typesupport_cppExport.cmake
[13.922s] -- Installing: C:/dev_ava/install/share/ava_msgs/cmake/ava_msgs__rosidl_typesupport_cppExport-release.cmake
[13.938s] -- Up-to-date: C:/dev_ava/install/share/ava_msgs/cmake/rosidl_cmake-extras.cmake
[13.938s] -- Up-to-date: C:/dev_ava/install/share/ava_msgs/cmake/ament_cmake_export_dependencies-extras.cmake
[13.938s] -- Up-to-date: C:/dev_ava/install/share/ava_msgs/cmake/ament_cmake_export_libraries-extras.cmake
[13.938s] -- Up-to-date: C:/dev_ava/install/share/ava_msgs/cmake/ament_cmake_export_targets-extras.cmake
[13.938s] -- Up-to-date: C:/dev_ava/install/share/ava_msgs/cmake/ament_cmake_export_include_directories-extras.cmake
[13.938s] -- Up-to-date: C:/dev_ava/install/share/ava_msgs/cmake/rosidl_cmake_export_typesupport_libraries-extras.cmake
[13.938s] -- Up-to-date: C:/dev_ava/install/share/ava_msgs/cmake/rosidl_cmake_export_typesupport_targets-extras.cmake
[13.938s] -- Up-to-date: C:/dev_ava/install/share/ava_msgs/cmake/ava_msgsConfig.cmake
[13.938s] -- Up-to-date: C:/dev_ava/install/share/ava_msgs/cmake/ava_msgsConfig-version.cmake
[13.953s] -- Up-to-date: C:/dev_ava/install/share/ava_msgs/package.xml
[13.985s] Invoked command in 'C:\dev_ava\build\ava_msgs' returned '0': PUBLIC=%PUBLIC%
PyCharm Community Edition=C:\Program Files\JetBrains\PyCharm Community Edition 2020.1.3\bin; C:\opt\ros\foxy\x64\Scripts\cmake.EXE --install C:\dev_ava\build\ava_msgs --config Release
