[3.906s] Invoking command in 'C:\dev_ava\src\ava_teleop': PUBLIC=%PUBLIC%
PyCharm Community Edition=C:\Program Files\JetBrains\PyCharm Community Edition 2020.1.3\bin; PYTHONPATH=C:\dev_ava\install\Lib\site-packages;%PYTHONPATH% c:\opt\ros\foxy\x64\python.exe setup.py egg_info --egg-base C:\dev_ava\build\ava_teleop build --build-base C:\dev_ava\build\ava_teleop\build install --prefix C:\dev_ava\install --record C:\dev_ava\build\ava_teleop\install.log --single-version-externally-managed
[6.015s] running egg_info
[6.015s] writing C:\dev_ava\build\ava_teleop\ava_teleop.egg-info\PKG-INFO
[6.015s] writing dependency_links to C:\dev_ava\build\ava_teleop\ava_teleop.egg-info\dependency_links.txt
[6.015s] writing entry points to C:\dev_ava\build\ava_teleop\ava_teleop.egg-info\entry_points.txt
[6.031s] writing requirements to C:\dev_ava\build\ava_teleop\ava_teleop.egg-info\requires.txt
[6.031s] writing top-level names to C:\dev_ava\build\ava_teleop\ava_teleop.egg-info\top_level.txt
[6.031s] reading manifest file 'C:\dev_ava\build\ava_teleop\ava_teleop.egg-info\SOURCES.txt'
[6.031s] writing manifest file 'C:\dev_ava\build\ava_teleop\ava_teleop.egg-info\SOURCES.txt'
[6.031s] running build
[6.031s] running build_py
[6.031s] running install
[6.046s] running install_lib
[6.046s] writing byte-compilation script 'C:\Users\matth\AppData\Local\Temp\tmp0_gzsr87.py'
[6.062s] c:\opt\ros\foxy\x64\python.exe C:\Users\matth\AppData\Local\Temp\tmp0_gzsr87.py
[6.062s] removing C:\Users\matth\AppData\Local\Temp\tmp0_gzsr87.py
[6.062s] running install_data
[6.062s] running install_egg_info
[6.062s] removing 'C:\dev_ava\install\Lib\site-packages\ava_teleop-0.0.0-py3.8.egg-info' (and everything under it)
[6.062s] Copying C:\dev_ava\build\ava_teleop\ava_teleop.egg-info to C:\dev_ava\install\Lib\site-packages\ava_teleop-0.0.0-py3.8.egg-info
[6.062s] running install_scripts
[6.062s] Installing ava_teleop_joy-script.py script to C:\dev_ava\install\lib\ava_teleop
[6.062s] Installing ava_teleop_joy.exe script to C:\dev_ava\install\lib\ava_teleop
[6.062s] writing list of installed files to 'C:\dev_ava\build\ava_teleop\install.log'
[6.171s] Invoked command in 'C:\dev_ava\src\ava_teleop' returned '0': PUBLIC=%PUBLIC%
PyCharm Community Edition=C:\Program Files\JetBrains\PyCharm Community Edition 2020.1.3\bin; PYTHONPATH=C:\dev_ava\install\Lib\site-packages;%PYTHONPATH% c:\opt\ros\foxy\x64\python.exe setup.py egg_info --egg-base C:\dev_ava\build\ava_teleop build --build-base C:\dev_ava\build\ava_teleop\build install --prefix C:\dev_ava\install --record C:\dev_ava\build\ava_teleop\install.log --single-version-externally-managed
