[3.781s] Invoking command in 'C:\dev_ava\src\tf_transformations-main': PUBLIC=%PUBLIC%
PyCharm Community Edition=C:\Program Files\JetBrains\PyCharm Community Edition 2020.1.3\bin; PYTHONPATH=C:\dev_ava\install\Lib\site-packages;%PYTHONPATH% c:\opt\ros\foxy\x64\python.exe setup.py egg_info --egg-base C:\dev_ava\build\tf_transformations build --build-base C:\dev_ava\build\tf_transformations\build install --prefix C:\dev_ava\install --record C:\dev_ava\build\tf_transformations\install.log --single-version-externally-managed
[4.781s] running egg_info
[4.781s] writing C:\dev_ava\build\tf_transformations\tf_transformations.egg-info\PKG-INFO
[4.781s] writing dependency_links to C:\dev_ava\build\tf_transformations\tf_transformations.egg-info\dependency_links.txt
[4.797s] writing requirements to C:\dev_ava\build\tf_transformations\tf_transformations.egg-info\requires.txt
[4.797s] writing top-level names to C:\dev_ava\build\tf_transformations\tf_transformations.egg-info\top_level.txt
[4.844s] reading manifest file 'C:\dev_ava\build\tf_transformations\tf_transformations.egg-info\SOURCES.txt'
[4.844s] writing manifest file 'C:\dev_ava\build\tf_transformations\tf_transformations.egg-info\SOURCES.txt'
[4.844s] running build
[4.844s] running build_py
[4.844s] running install
[4.844s] running install_lib
[4.844s] writing byte-compilation script 'C:\Users\matth\AppData\Local\Temp\tmphs0humbl.py'
[4.844s] c:\opt\ros\foxy\x64\python.exe C:\Users\matth\AppData\Local\Temp\tmphs0humbl.py
[5.047s] removing C:\Users\matth\AppData\Local\Temp\tmphs0humbl.py
[5.047s] running install_data
[5.047s] running install_egg_info
[5.063s] removing 'C:\dev_ava\install\Lib\site-packages\tf_transformations-1.0.0-py3.8.egg-info' (and everything under it)
[5.063s] Copying C:\dev_ava\build\tf_transformations\tf_transformations.egg-info to C:\dev_ava\install\Lib\site-packages\tf_transformations-1.0.0-py3.8.egg-info
[5.094s] running install_scripts
[5.156s] writing list of installed files to 'C:\dev_ava\build\tf_transformations\install.log'
[5.219s] Invoked command in 'C:\dev_ava\src\tf_transformations-main' returned '0': PUBLIC=%PUBLIC%
PyCharm Community Edition=C:\Program Files\JetBrains\PyCharm Community Edition 2020.1.3\bin; PYTHONPATH=C:\dev_ava\install\Lib\site-packages;%PYTHONPATH% c:\opt\ros\foxy\x64\python.exe setup.py egg_info --egg-base C:\dev_ava\build\tf_transformations build --build-base C:\dev_ava\build\tf_transformations\build install --prefix C:\dev_ava\install --record C:\dev_ava\build\tf_transformations\install.log --single-version-externally-managed
