-- Selecting Windows SDK version 10.0.16299.0 to target Windows 10.0.22000.
-- Found ament_cmake: 0.9.8 (C:/opt/ros/foxy/x64/share/ament_cmake/cmake)
-- Found PythonInterp: C:/opt/ros/foxy/x64/python.exe (found suitable version "3.8.3", minimum required is "3") 
-- Using PYTHON_EXECUTABLE: C:/opt/ros/foxy/x64/python.exe
-- Found rosidl_default_generators: 1.0.1 (C:/opt/ros/foxy/x64/share/rosidl_default_generators/cmake)
-- Using all available rosidl_typesupport_c: rosidl_typesupport_fastrtps_c;rosidl_typesupport_introspection_c
-- Found rosidl_adapter: 1.2.1 (C:/opt/ros/foxy/x64/share/rosidl_adapter/cmake)
-- Using all available rosidl_typesupport_cpp: rosidl_typesupport_fastrtps_cpp;rosidl_typesupport_introspection_cpp
-- Found PythonInterp: C:/opt/ros/foxy/x64/python.exe (found version "3.8.3") 
-- Found ament_cmake_ros: 0.9.2 (C:/opt/ros/foxy/x64/share/ament_cmake_ros/cmake)
-- Using all available rosidl_typesupport_c: rosidl_typesupport_fastrtps_c;rosidl_typesupport_introspection_c
-- Using all available rosidl_typesupport_cpp: rosidl_typesupport_fastrtps_cpp;rosidl_typesupport_introspection_cpp
-- Found PythonInterp: C:/opt/ros/foxy/x64/python.exe (found suitable version "3.8.3", minimum required is "3.5") 
-- Found python_cmake_module: 0.8.1 (C:/opt/ros/foxy/x64/share/python_cmake_module/cmake)
-- Using PYTHON_EXECUTABLE: C:/opt/ros/foxy/x64/python.exe
-- Using PYTHON_INCLUDE_DIRS: C:/opt/ros/foxy/x64/include/python3.8
-- Using PYTHON_LIBRARIES: C:/opt/ros/foxy/x64/Lib/python38.lib
-- Using numpy include directory: C:\opt\ros\foxy\x64\lib\site-packages\numpy\core\include
-- Found ament_lint_auto: 0.9.6 (C:/opt/ros/foxy/x64/share/ament_lint_auto/cmake)
-- Added test 'copyright' to check source files copyright and LICENSE
-- Added test 'lint_cmake' to check CMake code style
-- Added test 'xmllint' to check XML markup files
-- Configuring done
-- Generating done
-- Build files have been written to: C:/dev_ava/build/ava_msgs
Microsoft (R) Build Engine version 16.11.0+0538acc04 for .NET Framework
Copyright (C) Microsoft Corporation. All rights reserved.

  ava_msgs__rosidl_generator_c.vcxproj -> C:\dev_ava\build\ava_msgs\Release\ava_msgs__rosidl_generator_c.dll
  ava_msgs__rosidl_typesupport_c.vcxproj -> C:\dev_ava\build\ava_msgs\Release\ava_msgs__rosidl_typesupport_c.dll
  ava_msgs__rosidl_typesupport_cpp.vcxproj -> C:\dev_ava\build\ava_msgs\Release\ava_msgs__rosidl_typesupport_cpp.dll
  ava_msgs__rosidl_typesupport_fastrtps_cpp.vcxproj -> C:\dev_ava\build\ava_msgs\Release\ava_msgs__rosidl_typesupport_fastrtps_cpp.dll
  ava_msgs__rosidl_typesupport_fastrtps_c.vcxproj -> C:\dev_ava\build\ava_msgs\Release\ava_msgs__rosidl_typesupport_fastrtps_c.dll
  ava_msgs__rosidl_typesupport_introspection_c.vcxproj -> C:\dev_ava\build\ava_msgs\Release\ava_msgs__rosidl_typesupport_introspection_c.dll
  ava_msgs__rosidl_typesupport_introspection_cpp.vcxproj -> C:\dev_ava\build\ava_msgs\Release\ava_msgs__rosidl_typesupport_introspection_cpp.dll
  ava_msgs__python.vcxproj -> C:\dev_ava\build\ava_msgs\rosidl_generator_py\ava_msgs\ava_msgs__python.dll
  ava_msgs__rosidl_typesupport_c__pyext.vcxproj -> C:\dev_ava\build\ava_msgs\rosidl_generator_py\ava_msgs\ava_msgs_s__rosidl_typesupport_c.pyd
  ava_msgs__rosidl_typesupport_fastrtps_c__pyext.vcxproj -> C:\dev_ava\build\ava_msgs\rosidl_generator_py\ava_msgs\ava_msgs_s__rosidl_typesupport_fastrtps_c.pyd
  ava_msgs__rosidl_typesupport_introspection_c__pyext.vcxproj -> C:\dev_ava\build\ava_msgs\rosidl_generator_py\ava_msgs\ava_msgs_s__rosidl_typesupport_introspection_c.pyd
-- Up-to-date: C:/dev_ava/install/share/ament_index/resource_index/rosidl_interfaces/ava_msgs
-- Up-to-date: C:/dev_ava/install/include/ava_msgs
-- Up-to-date: C:/dev_ava/install/include/ava_msgs/msg
-- Up-to-date: C:/dev_ava/install/include/ava_msgs/msg/ava_command.h
-- Up-to-date: C:/dev_ava/install/include/ava_msgs/msg/ava_info.h
-- Up-to-date: C:/dev_ava/install/include/ava_msgs/msg/ava_pose.h
-- Up-to-date: C:/dev_ava/install/include/ava_msgs/msg/detail
-- Up-to-date: C:/dev_ava/install/include/ava_msgs/msg/detail/ava_command__functions.c
-- Up-to-date: C:/dev_ava/install/include/ava_msgs/msg/detail/ava_command__functions.h
-- Up-to-date: C:/dev_ava/install/include/ava_msgs/msg/detail/ava_command__struct.h
-- Up-to-date: C:/dev_ava/install/include/ava_msgs/msg/detail/ava_command__type_support.h
-- Up-to-date: C:/dev_ava/install/include/ava_msgs/msg/detail/ava_info__functions.c
-- Up-to-date: C:/dev_ava/install/include/ava_msgs/msg/detail/ava_info__functions.h
-- Up-to-date: C:/dev_ava/install/include/ava_msgs/msg/detail/ava_info__struct.h
-- Up-to-date: C:/dev_ava/install/include/ava_msgs/msg/detail/ava_info__type_support.h
-- Up-to-date: C:/dev_ava/install/include/ava_msgs/msg/detail/ava_pose__functions.c
-- Up-to-date: C:/dev_ava/install/include/ava_msgs/msg/detail/ava_pose__functions.h
-- Up-to-date: C:/dev_ava/install/include/ava_msgs/msg/detail/ava_pose__struct.h
-- Up-to-date: C:/dev_ava/install/include/ava_msgs/msg/detail/ava_pose__type_support.h
-- Up-to-date: C:/dev_ava/install/include/ava_msgs/msg/detail/leg_position__functions.c
-- Up-to-date: C:/dev_ava/install/include/ava_msgs/msg/detail/leg_position__functions.h
-- Up-to-date: C:/dev_ava/install/include/ava_msgs/msg/detail/leg_position__struct.h
-- Up-to-date: C:/dev_ava/install/include/ava_msgs/msg/detail/leg_position__type_support.h
-- Up-to-date: C:/dev_ava/install/include/ava_msgs/msg/detail/velocity__functions.c
-- Up-to-date: C:/dev_ava/install/include/ava_msgs/msg/detail/velocity__functions.h
-- Up-to-date: C:/dev_ava/install/include/ava_msgs/msg/detail/velocity__struct.h
-- Up-to-date: C:/dev_ava/install/include/ava_msgs/msg/detail/velocity__type_support.h
-- Up-to-date: C:/dev_ava/install/include/ava_msgs/msg/leg_position.h
-- Up-to-date: C:/dev_ava/install/include/ava_msgs/msg/rosidl_generator_c__visibility_control.h
-- Up-to-date: C:/dev_ava/install/include/ava_msgs/msg/velocity.h
-- Up-to-date: C:/dev_ava/install/lib/ava_msgs__rosidl_generator_c.lib
-- Up-to-date: C:/dev_ava/install/bin/ava_msgs__rosidl_generator_c.dll
-- Up-to-date: C:/dev_ava/install/include/ava_msgs
-- Up-to-date: C:/dev_ava/install/include/ava_msgs/msg
-- Up-to-date: C:/dev_ava/install/include/ava_msgs/msg/detail
-- Up-to-date: C:/dev_ava/install/include/ava_msgs/msg/detail/ava_command__rosidl_typesupport_fastrtps_c.h
-- Up-to-date: C:/dev_ava/install/include/ava_msgs/msg/detail/ava_info__rosidl_typesupport_fastrtps_c.h
-- Up-to-date: C:/dev_ava/install/include/ava_msgs/msg/detail/ava_pose__rosidl_typesupport_fastrtps_c.h
-- Up-to-date: C:/dev_ava/install/include/ava_msgs/msg/detail/leg_position__rosidl_typesupport_fastrtps_c.h
-- Up-to-date: C:/dev_ava/install/include/ava_msgs/msg/detail/velocity__rosidl_typesupport_fastrtps_c.h
-- Up-to-date: C:/dev_ava/install/include/ava_msgs/msg/rosidl_typesupport_fastrtps_c__visibility_control.h
-- Up-to-date: C:/dev_ava/install/lib/ava_msgs__rosidl_typesupport_fastrtps_c.lib
-- Up-to-date: C:/dev_ava/install/bin/ava_msgs__rosidl_typesupport_fastrtps_c.dll
-- Up-to-date: C:/dev_ava/install/include/ava_msgs
-- Up-to-date: C:/dev_ava/install/include/ava_msgs/msg
-- Up-to-date: C:/dev_ava/install/include/ava_msgs/msg/detail
-- Up-to-date: C:/dev_ava/install/include/ava_msgs/msg/detail/ava_command__rosidl_typesupport_fastrtps_cpp.hpp
-- Up-to-date: C:/dev_ava/install/include/ava_msgs/msg/detail/ava_info__rosidl_typesupport_fastrtps_cpp.hpp
-- Up-to-date: C:/dev_ava/install/include/ava_msgs/msg/detail/ava_pose__rosidl_typesupport_fastrtps_cpp.hpp
-- Up-to-date: C:/dev_ava/install/include/ava_msgs/msg/detail/dds_fastrtps
-- Up-to-date: C:/dev_ava/install/include/ava_msgs/msg/detail/leg_position__rosidl_typesupport_fastrtps_cpp.hpp
-- Up-to-date: C:/dev_ava/install/include/ava_msgs/msg/detail/velocity__rosidl_typesupport_fastrtps_cpp.hpp
-- Up-to-date: C:/dev_ava/install/include/ava_msgs/msg/rosidl_typesupport_fastrtps_cpp__visibility_control.h
-- Up-to-date: C:/dev_ava/install/lib/ava_msgs__rosidl_typesupport_fastrtps_cpp.lib
-- Up-to-date: C:/dev_ava/install/bin/ava_msgs__rosidl_typesupport_fastrtps_cpp.dll
-- Up-to-date: C:/dev_ava/install/include/ava_msgs
-- Up-to-date: C:/dev_ava/install/include/ava_msgs/msg
-- Up-to-date: C:/dev_ava/install/include/ava_msgs/msg/detail
-- Up-to-date: C:/dev_ava/install/include/ava_msgs/msg/detail/ava_command__rosidl_typesupport_introspection_c.h
-- Up-to-date: C:/dev_ava/install/include/ava_msgs/msg/detail/ava_command__type_support.c
-- Up-to-date: C:/dev_ava/install/include/ava_msgs/msg/detail/ava_info__rosidl_typesupport_introspection_c.h
-- Up-to-date: C:/dev_ava/install/include/ava_msgs/msg/detail/ava_info__type_support.c
-- Up-to-date: C:/dev_ava/install/include/ava_msgs/msg/detail/ava_pose__rosidl_typesupport_introspection_c.h
-- Up-to-date: C:/dev_ava/install/include/ava_msgs/msg/detail/ava_pose__type_support.c
-- Up-to-date: C:/dev_ava/install/include/ava_msgs/msg/detail/leg_position__rosidl_typesupport_introspection_c.h
-- Up-to-date: C:/dev_ava/install/include/ava_msgs/msg/detail/leg_position__type_support.c
-- Up-to-date: C:/dev_ava/install/include/ava_msgs/msg/detail/velocity__rosidl_typesupport_introspection_c.h
-- Up-to-date: C:/dev_ava/install/include/ava_msgs/msg/detail/velocity__type_support.c
-- Up-to-date: C:/dev_ava/install/include/ava_msgs/msg/rosidl_typesupport_introspection_c__visibility_control.h
-- Up-to-date: C:/dev_ava/install/lib/ava_msgs__rosidl_typesupport_introspection_c.lib
-- Up-to-date: C:/dev_ava/install/bin/ava_msgs__rosidl_typesupport_introspection_c.dll
-- Up-to-date: C:/dev_ava/install/lib/ava_msgs__rosidl_typesupport_c.lib
-- Up-to-date: C:/dev_ava/install/bin/ava_msgs__rosidl_typesupport_c.dll
-- Up-to-date: C:/dev_ava/install/include/ava_msgs
-- Up-to-date: C:/dev_ava/install/include/ava_msgs/msg
-- Up-to-date: C:/dev_ava/install/include/ava_msgs/msg/ava_command.hpp
-- Up-to-date: C:/dev_ava/install/include/ava_msgs/msg/ava_info.hpp
-- Up-to-date: C:/dev_ava/install/include/ava_msgs/msg/ava_pose.hpp
-- Up-to-date: C:/dev_ava/install/include/ava_msgs/msg/detail
-- Up-to-date: C:/dev_ava/install/include/ava_msgs/msg/detail/ava_command__builder.hpp
-- Up-to-date: C:/dev_ava/install/include/ava_msgs/msg/detail/ava_command__struct.hpp
-- Up-to-date: C:/dev_ava/install/include/ava_msgs/msg/detail/ava_command__traits.hpp
-- Up-to-date: C:/dev_ava/install/include/ava_msgs/msg/detail/ava_info__builder.hpp
-- Up-to-date: C:/dev_ava/install/include/ava_msgs/msg/detail/ava_info__struct.hpp
-- Up-to-date: C:/dev_ava/install/include/ava_msgs/msg/detail/ava_info__traits.hpp
-- Up-to-date: C:/dev_ava/install/include/ava_msgs/msg/detail/ava_pose__builder.hpp
-- Up-to-date: C:/dev_ava/install/include/ava_msgs/msg/detail/ava_pose__struct.hpp
-- Up-to-date: C:/dev_ava/install/include/ava_msgs/msg/detail/ava_pose__traits.hpp
-- Up-to-date: C:/dev_ava/install/include/ava_msgs/msg/detail/leg_position__builder.hpp
-- Up-to-date: C:/dev_ava/install/include/ava_msgs/msg/detail/leg_position__struct.hpp
-- Up-to-date: C:/dev_ava/install/include/ava_msgs/msg/detail/leg_position__traits.hpp
-- Up-to-date: C:/dev_ava/install/include/ava_msgs/msg/detail/velocity__builder.hpp
-- Up-to-date: C:/dev_ava/install/include/ava_msgs/msg/detail/velocity__struct.hpp
-- Up-to-date: C:/dev_ava/install/include/ava_msgs/msg/detail/velocity__traits.hpp
-- Up-to-date: C:/dev_ava/install/include/ava_msgs/msg/leg_position.hpp
-- Up-to-date: C:/dev_ava/install/include/ava_msgs/msg/velocity.hpp
-- Up-to-date: C:/dev_ava/install/include/ava_msgs
-- Up-to-date: C:/dev_ava/install/include/ava_msgs/msg
-- Up-to-date: C:/dev_ava/install/include/ava_msgs/msg/detail
-- Up-to-date: C:/dev_ava/install/include/ava_msgs/msg/detail/ava_command__rosidl_typesupport_introspection_cpp.hpp
-- Up-to-date: C:/dev_ava/install/include/ava_msgs/msg/detail/ava_command__type_support.cpp
-- Up-to-date: C:/dev_ava/install/include/ava_msgs/msg/detail/ava_info__rosidl_typesupport_introspection_cpp.hpp
-- Up-to-date: C:/dev_ava/install/include/ava_msgs/msg/detail/ava_info__type_support.cpp
-- Up-to-date: C:/dev_ava/install/include/ava_msgs/msg/detail/ava_pose__rosidl_typesupport_introspection_cpp.hpp
-- Up-to-date: C:/dev_ava/install/include/ava_msgs/msg/detail/ava_pose__type_support.cpp
-- Up-to-date: C:/dev_ava/install/include/ava_msgs/msg/detail/leg_position__rosidl_typesupport_introspection_cpp.hpp
-- Up-to-date: C:/dev_ava/install/include/ava_msgs/msg/detail/leg_position__type_support.cpp
-- Up-to-date: C:/dev_ava/install/include/ava_msgs/msg/detail/velocity__rosidl_typesupport_introspection_cpp.hpp
-- Up-to-date: C:/dev_ava/install/include/ava_msgs/msg/detail/velocity__type_support.cpp
-- Up-to-date: C:/dev_ava/install/lib/ava_msgs__rosidl_typesupport_introspection_cpp.lib
-- Up-to-date: C:/dev_ava/install/bin/ava_msgs__rosidl_typesupport_introspection_cpp.dll
-- Up-to-date: C:/dev_ava/install/lib/ava_msgs__rosidl_typesupport_cpp.lib
-- Up-to-date: C:/dev_ava/install/bin/ava_msgs__rosidl_typesupport_cpp.dll
-- Up-to-date: C:/dev_ava/install/share/ava_msgs/environment/pythonpath.bat
-- Installing: C:/dev_ava/install/share/ava_msgs/environment/pythonpath.dsv
-- Installing: C:/dev_ava/install/Lib/site-packages/ava_msgs/__init__.py
Compiling 'C:/dev_ava/install/Lib/site-packages/ava_msgs/__init__.py'...
-- Up-to-date: C:/dev_ava/install/Lib/site-packages/ava_msgs/msg
-- Up-to-date: C:/dev_ava/install/Lib/site-packages/ava_msgs/msg/_ava_command.py
-- Up-to-date: C:/dev_ava/install/Lib/site-packages/ava_msgs/msg/_ava_command_s.c
-- Up-to-date: C:/dev_ava/install/Lib/site-packages/ava_msgs/msg/_ava_info.py
-- Up-to-date: C:/dev_ava/install/Lib/site-packages/ava_msgs/msg/_ava_info_s.c
-- Up-to-date: C:/dev_ava/install/Lib/site-packages/ava_msgs/msg/_ava_pose.py
-- Up-to-date: C:/dev_ava/install/Lib/site-packages/ava_msgs/msg/_ava_pose_s.c
-- Up-to-date: C:/dev_ava/install/Lib/site-packages/ava_msgs/msg/_leg_position.py
-- Up-to-date: C:/dev_ava/install/Lib/site-packages/ava_msgs/msg/_leg_position_s.c
-- Up-to-date: C:/dev_ava/install/Lib/site-packages/ava_msgs/msg/_velocity.py
-- Up-to-date: C:/dev_ava/install/Lib/site-packages/ava_msgs/msg/_velocity_s.c
-- Up-to-date: C:/dev_ava/install/Lib/site-packages/ava_msgs/msg/__init__.py
-- Up-to-date: C:/dev_ava/install/Lib/site-packages/ava_msgs/ava_msgs_s__rosidl_typesupport_fastrtps_c.lib
-- Up-to-date: C:/dev_ava/install/Lib/site-packages/ava_msgs/ava_msgs_s__rosidl_typesupport_fastrtps_c.pyd
-- Up-to-date: C:/dev_ava/install/Lib/site-packages/ava_msgs/ava_msgs_s__rosidl_typesupport_introspection_c.lib
-- Up-to-date: C:/dev_ava/install/Lib/site-packages/ava_msgs/ava_msgs_s__rosidl_typesupport_introspection_c.pyd
-- Up-to-date: C:/dev_ava/install/Lib/site-packages/ava_msgs/ava_msgs_s__rosidl_typesupport_c.lib
-- Up-to-date: C:/dev_ava/install/Lib/site-packages/ava_msgs/ava_msgs_s__rosidl_typesupport_c.pyd
-- Up-to-date: C:/dev_ava/install/lib/ava_msgs__python.lib
-- Up-to-date: C:/dev_ava/install/bin/ava_msgs__python.dll
-- Up-to-date: C:/dev_ava/install/share/ava_msgs/msg/LegPosition.idl
-- Up-to-date: C:/dev_ava/install/share/ava_msgs/msg/AvaPose.idl
-- Up-to-date: C:/dev_ava/install/share/ava_msgs/msg/AvaCommand.idl
-- Up-to-date: C:/dev_ava/install/share/ava_msgs/msg/Velocity.idl
-- Up-to-date: C:/dev_ava/install/share/ava_msgs/msg/AvaInfo.idl
-- Up-to-date: C:/dev_ava/install/share/ava_msgs/msg/LegPosition.msg
-- Up-to-date: C:/dev_ava/install/share/ava_msgs/msg/AvaPose.msg
-- Up-to-date: C:/dev_ava/install/share/ava_msgs/msg/AvaCommand.msg
-- Up-to-date: C:/dev_ava/install/share/ava_msgs/msg/Velocity.msg
-- Up-to-date: C:/dev_ava/install/share/ava_msgs/msg/AvaInfo.msg
-- Up-to-date: C:/dev_ava/install/share/ament_index/resource_index/package_run_dependencies/ava_msgs
-- Up-to-date: C:/dev_ava/install/share/ament_index/resource_index/parent_prefix_path/ava_msgs
-- Up-to-date: C:/dev_ava/install/share/ava_msgs/environment/ament_prefix_path.bat
-- Installing: C:/dev_ava/install/share/ava_msgs/environment/ament_prefix_path.dsv
-- Up-to-date: C:/dev_ava/install/share/ava_msgs/environment/path.bat
-- Installing: C:/dev_ava/install/share/ava_msgs/environment/path.dsv
-- Up-to-date: C:/dev_ava/install/share/ava_msgs/local_setup.bat
-- Installing: C:/dev_ava/install/share/ava_msgs/local_setup.dsv
-- Installing: C:/dev_ava/install/share/ava_msgs/package.dsv
-- Up-to-date: C:/dev_ava/install/share/ament_index/resource_index/packages/ava_msgs
-- Up-to-date: C:/dev_ava/install/share/ava_msgs/cmake/ava_msgs__rosidl_generator_cExport.cmake
-- Installing: C:/dev_ava/install/share/ava_msgs/cmake/ava_msgs__rosidl_generator_cExport-release.cmake
-- Up-to-date: C:/dev_ava/install/share/ava_msgs/cmake/ava_msgs__rosidl_typesupport_introspection_cExport.cmake
-- Installing: C:/dev_ava/install/share/ava_msgs/cmake/ava_msgs__rosidl_typesupport_introspection_cExport-release.cmake
-- Up-to-date: C:/dev_ava/install/share/ava_msgs/cmake/ava_msgs__rosidl_typesupport_cExport.cmake
-- Installing: C:/dev_ava/install/share/ava_msgs/cmake/ava_msgs__rosidl_typesupport_cExport-release.cmake
-- Up-to-date: C:/dev_ava/install/share/ava_msgs/cmake/ava_msgs__rosidl_generator_cppExport.cmake
-- Up-to-date: C:/dev_ava/install/share/ava_msgs/cmake/ava_msgs__rosidl_typesupport_introspection_cppExport.cmake
-- Installing: C:/dev_ava/install/share/ava_msgs/cmake/ava_msgs__rosidl_typesupport_introspection_cppExport-release.cmake
-- Up-to-date: C:/dev_ava/install/share/ava_msgs/cmake/ava_msgs__rosidl_typesupport_cppExport.cmake
-- Installing: C:/dev_ava/install/share/ava_msgs/cmake/ava_msgs__rosidl_typesupport_cppExport-release.cmake
-- Up-to-date: C:/dev_ava/install/share/ava_msgs/cmake/rosidl_cmake-extras.cmake
-- Up-to-date: C:/dev_ava/install/share/ava_msgs/cmake/ament_cmake_export_dependencies-extras.cmake
-- Up-to-date: C:/dev_ava/install/share/ava_msgs/cmake/ament_cmake_export_libraries-extras.cmake
-- Up-to-date: C:/dev_ava/install/share/ava_msgs/cmake/ament_cmake_export_targets-extras.cmake
-- Up-to-date: C:/dev_ava/install/share/ava_msgs/cmake/ament_cmake_export_include_directories-extras.cmake
-- Up-to-date: C:/dev_ava/install/share/ava_msgs/cmake/rosidl_cmake_export_typesupport_libraries-extras.cmake
-- Up-to-date: C:/dev_ava/install/share/ava_msgs/cmake/rosidl_cmake_export_typesupport_targets-extras.cmake
-- Up-to-date: C:/dev_ava/install/share/ava_msgs/cmake/ava_msgsConfig.cmake
-- Up-to-date: C:/dev_ava/install/share/ava_msgs/cmake/ava_msgsConfig-version.cmake
-- Up-to-date: C:/dev_ava/install/share/ava_msgs/package.xml
