[3.422s] Invoking command in 'C:\dev_ava\src\hq_bringup': PUBLIC=%PUBLIC%
PyCharm Community Edition=C:\Program Files\JetBrains\PyCharm Community Edition 2020.1.3\bin; PYTHONPATH=C:\dev_ava\install\Lib\site-packages;%PYTHONPATH% c:\opt\ros\foxy\x64\python.exe setup.py egg_info --egg-base C:\dev_ava\build\hq_bringup build --build-base C:\dev_ava\build\hq_bringup\build install --prefix C:\dev_ava\install --record C:\dev_ava\build\hq_bringup\install.log --single-version-externally-managed
[4.484s] running egg_info
[4.484s] writing C:\dev_ava\build\hq_bringup\hq_bringup.egg-info\PKG-INFO
[4.484s] writing dependency_links to C:\dev_ava\build\hq_bringup\hq_bringup.egg-info\dependency_links.txt
[4.484s] writing entry points to C:\dev_ava\build\hq_bringup\hq_bringup.egg-info\entry_points.txt
[4.484s] writing requirements to C:\dev_ava\build\hq_bringup\hq_bringup.egg-info\requires.txt
[4.484s] writing top-level names to C:\dev_ava\build\hq_bringup\hq_bringup.egg-info\top_level.txt
[4.563s] reading manifest file 'C:\dev_ava\build\hq_bringup\hq_bringup.egg-info\SOURCES.txt'
[4.563s] writing manifest file 'C:\dev_ava\build\hq_bringup\hq_bringup.egg-info\SOURCES.txt'
[4.563s] running build
[4.563s] running build_py
[4.563s] running install
[4.563s] running install_lib
[4.578s] writing byte-compilation script 'C:\Users\matth\AppData\Local\Temp\tmpo3x72id3.py'
[4.578s] c:\opt\ros\foxy\x64\python.exe C:\Users\matth\AppData\Local\Temp\tmpo3x72id3.py
[4.750s] removing C:\Users\matth\AppData\Local\Temp\tmpo3x72id3.py
[4.750s] running install_data
[4.750s] running install_egg_info
[4.750s] removing 'C:\dev_ava\install\Lib\site-packages\hq_bringup-0.0.0-py3.8.egg-info' (and everything under it)
[4.766s] Copying C:\dev_ava\build\hq_bringup\hq_bringup.egg-info to C:\dev_ava\install\Lib\site-packages\hq_bringup-0.0.0-py3.8.egg-info
[4.797s] running install_scripts
[5.141s] writing list of installed files to 'C:\dev_ava\build\hq_bringup\install.log'
[5.156s] Invoked command in 'C:\dev_ava\src\hq_bringup' returned '0': PUBLIC=%PUBLIC%
PyCharm Community Edition=C:\Program Files\JetBrains\PyCharm Community Edition 2020.1.3\bin; PYTHONPATH=C:\dev_ava\install\Lib\site-packages;%PYTHONPATH% c:\opt\ros\foxy\x64\python.exe setup.py egg_info --egg-base C:\dev_ava\build\hq_bringup build --build-base C:\dev_ava\build\hq_bringup\build install --prefix C:\dev_ava\install --record C:\dev_ava\build\hq_bringup\install.log --single-version-externally-managed
