[3.031s] Invoking command in 'C:\dev_ava\src\hq_bringup': PUBLIC=%PUBLIC%
PyCharm Community Edition=C:\Program Files\JetBrains\PyCharm Community Edition 2020.1.3\bin; PYTHONPATH=C:\dev_ava\install\Lib\site-packages;%PYTHONPATH% c:\opt\ros\foxy\x64\python.exe setup.py egg_info --egg-base C:\dev_ava\build\hq_bringup build --build-base C:\dev_ava\build\hq_bringup\build install --prefix C:\dev_ava\install --record C:\dev_ava\build\hq_bringup\install.log --single-version-externally-managed
[4.125s] running egg_info
[4.125s] creating C:\dev_ava\build\hq_bringup\hq_bringup.egg-info
[4.125s] writing C:\dev_ava\build\hq_bringup\hq_bringup.egg-info\PKG-INFO
[4.125s] writing dependency_links to C:\dev_ava\build\hq_bringup\hq_bringup.egg-info\dependency_links.txt
[4.125s] writing entry points to C:\dev_ava\build\hq_bringup\hq_bringup.egg-info\entry_points.txt
[4.125s] writing requirements to C:\dev_ava\build\hq_bringup\hq_bringup.egg-info\requires.txt
[4.125s] writing top-level names to C:\dev_ava\build\hq_bringup\hq_bringup.egg-info\top_level.txt
[4.125s] writing manifest file 'C:\dev_ava\build\hq_bringup\hq_bringup.egg-info\SOURCES.txt'
[4.188s] reading manifest file 'C:\dev_ava\build\hq_bringup\hq_bringup.egg-info\SOURCES.txt'
[4.188s] writing manifest file 'C:\dev_ava\build\hq_bringup\hq_bringup.egg-info\SOURCES.txt'
[4.188s] running build
[4.188s] running build_py
[4.188s] creating C:\dev_ava\build\hq_bringup\build
[4.188s] creating C:\dev_ava\build\hq_bringup\build\lib
[4.188s] creating C:\dev_ava\build\hq_bringup\build\lib\hq_bringup
[4.188s] copying hq_bringup\__init__.py -> C:\dev_ava\build\hq_bringup\build\lib\hq_bringup
[4.188s] running install
[4.188s] running install_lib
[4.203s] creating C:\dev_ava\install\Lib\site-packages\hq_bringup
[4.203s] copying C:\dev_ava\build\hq_bringup\build\lib\hq_bringup\__init__.py -> C:\dev_ava\install\Lib\site-packages\hq_bringup
[4.203s] writing byte-compilation script 'C:\Users\matth\AppData\Local\Temp\tmp_7grmfml.py'
[4.203s] c:\opt\ros\foxy\x64\python.exe C:\Users\matth\AppData\Local\Temp\tmp_7grmfml.py
[4.359s] removing C:\Users\matth\AppData\Local\Temp\tmp_7grmfml.py
[4.359s] running install_data
[4.359s] creating C:\dev_ava\install\share\ament_index
[4.375s] creating C:\dev_ava\install\share\ament_index\resource_index
[4.375s] creating C:\dev_ava\install\share\ament_index\resource_index\packages
[4.375s] copying resource\hq_bringup -> C:\dev_ava\install\share\ament_index\resource_index\packages
[4.375s] copying launch\hq.launch.py -> C:\dev_ava\install\share\hq_bringup
[4.375s] copying package.xml -> C:\dev_ava\install\share\hq_bringup
[4.375s] running install_egg_info
[4.391s] Copying C:\dev_ava\build\hq_bringup\hq_bringup.egg-info to C:\dev_ava\install\Lib\site-packages\hq_bringup-0.0.0-py3.8.egg-info
[4.406s] running install_scripts
[4.453s] writing list of installed files to 'C:\dev_ava\build\hq_bringup\install.log'
[4.500s] Invoked command in 'C:\dev_ava\src\hq_bringup' returned '0': PUBLIC=%PUBLIC%
PyCharm Community Edition=C:\Program Files\JetBrains\PyCharm Community Edition 2020.1.3\bin; PYTHONPATH=C:\dev_ava\install\Lib\site-packages;%PYTHONPATH% c:\opt\ros\foxy\x64\python.exe setup.py egg_info --egg-base C:\dev_ava\build\hq_bringup build --build-base C:\dev_ava\build\hq_bringup\build install --prefix C:\dev_ava\install --record C:\dev_ava\build\hq_bringup\install.log --single-version-externally-managed
