[3.812s] Invoking command in 'C:\dev_ava\src\tf_transformations-main': PUBLIC=%PUBLIC%
PyCharm Community Edition=C:\Program Files\JetBrains\PyCharm Community Edition 2020.1.3\bin; PYTHONPATH=C:\dev_ava\install\Lib\site-packages;%PYTHONPATH% c:\opt\ros\foxy\x64\python.exe setup.py egg_info --egg-base C:\dev_ava\build\tf_transformations build --build-base C:\dev_ava\build\tf_transformations\build install --prefix C:\dev_ava\install --record C:\dev_ava\build\tf_transformations\install.log --single-version-externally-managed
[4.968s] running egg_info
[4.968s] creating C:\dev_ava\build\tf_transformations\tf_transformations.egg-info
[4.968s] writing C:\dev_ava\build\tf_transformations\tf_transformations.egg-info\PKG-INFO
[4.984s] writing dependency_links to C:\dev_ava\build\tf_transformations\tf_transformations.egg-info\dependency_links.txt
[4.984s] writing requirements to C:\dev_ava\build\tf_transformations\tf_transformations.egg-info\requires.txt
[4.984s] writing top-level names to C:\dev_ava\build\tf_transformations\tf_transformations.egg-info\top_level.txt
[4.984s] writing manifest file 'C:\dev_ava\build\tf_transformations\tf_transformations.egg-info\SOURCES.txt'
[5.046s] reading manifest file 'C:\dev_ava\build\tf_transformations\tf_transformations.egg-info\SOURCES.txt'
[5.046s] writing manifest file 'C:\dev_ava\build\tf_transformations\tf_transformations.egg-info\SOURCES.txt'
[5.046s] running build
[5.046s] running build_py
[5.046s] creating C:\dev_ava\build\tf_transformations\build
[5.046s] creating C:\dev_ava\build\tf_transformations\build\lib
[5.046s] creating C:\dev_ava\build\tf_transformations\build\lib\tf_transformations
[5.046s] copying tf_transformations\__init__.py -> C:\dev_ava\build\tf_transformations\build\lib\tf_transformations
[5.062s] running install
[5.062s] running install_lib
[5.062s] creating C:\dev_ava\install\Lib\site-packages\tf_transformations
[5.062s] copying C:\dev_ava\build\tf_transformations\build\lib\tf_transformations\__init__.py -> C:\dev_ava\install\Lib\site-packages\tf_transformations
[5.093s] writing byte-compilation script 'C:\Users\matth\AppData\Local\Temp\tmpaq3dcn07.py'
[5.093s] c:\opt\ros\foxy\x64\python.exe C:\Users\matth\AppData\Local\Temp\tmpaq3dcn07.py
[5.375s] removing C:\Users\matth\AppData\Local\Temp\tmpaq3dcn07.py
[5.375s] running install_data
[5.375s] copying resource\tf_transformations -> C:\dev_ava\install\share\ament_index\resource_index\packages
[5.375s] copying package.xml -> C:\dev_ava\install\share\tf_transformations
[5.375s] running install_egg_info
[5.390s] Copying C:\dev_ava\build\tf_transformations\tf_transformations.egg-info to C:\dev_ava\install\Lib\site-packages\tf_transformations-1.0.0-py3.8.egg-info
[5.453s] running install_scripts
[5.500s] writing list of installed files to 'C:\dev_ava\build\tf_transformations\install.log'
[5.656s] Invoked command in 'C:\dev_ava\src\tf_transformations-main' returned '0': PUBLIC=%PUBLIC%
PyCharm Community Edition=C:\Program Files\JetBrains\PyCharm Community Edition 2020.1.3\bin; PYTHONPATH=C:\dev_ava\install\Lib\site-packages;%PYTHONPATH% c:\opt\ros\foxy\x64\python.exe setup.py egg_info --egg-base C:\dev_ava\build\tf_transformations build --build-base C:\dev_ava\build\tf_transformations\build install --prefix C:\dev_ava\install --record C:\dev_ava\build\tf_transformations\install.log --single-version-externally-managed
