[2.969s] Invoking command in 'C:\dev_ava\src\hq_bringup': PUBLIC=%PUBLIC%
PyCharm Community Edition=C:\Program Files\JetBrains\PyCharm Community Edition 2020.1.3\bin; PYTHONPATH=C:\dev_ava\install\Lib\site-packages;%PYTHONPATH% c:\opt\ros\foxy\x64\python.exe setup.py egg_info --egg-base C:\dev_ava\build\hq_bringup build --build-base C:\dev_ava\build\hq_bringup\build install --prefix C:\dev_ava\install --record C:\dev_ava\build\hq_bringup\install.log --single-version-externally-managed
[3.938s] running egg_info
[3.938s] writing C:\dev_ava\build\hq_bringup\hq_bringup.egg-info\PKG-INFO
[3.953s] writing dependency_links to C:\dev_ava\build\hq_bringup\hq_bringup.egg-info\dependency_links.txt
[3.953s] writing entry points to C:\dev_ava\build\hq_bringup\hq_bringup.egg-info\entry_points.txt
[3.953s] writing requirements to C:\dev_ava\build\hq_bringup\hq_bringup.egg-info\requires.txt
[3.953s] writing top-level names to C:\dev_ava\build\hq_bringup\hq_bringup.egg-info\top_level.txt
[4.000s] reading manifest file 'C:\dev_ava\build\hq_bringup\hq_bringup.egg-info\SOURCES.txt'
[4.000s] writing manifest file 'C:\dev_ava\build\hq_bringup\hq_bringup.egg-info\SOURCES.txt'
[4.000s] running build
[4.000s] running build_py
[4.016s] running install
[4.016s] running install_lib
[4.016s] writing byte-compilation script 'C:\Users\matth\AppData\Local\Temp\tmp8n0c2pgu.py'
[4.016s] c:\opt\ros\foxy\x64\python.exe C:\Users\matth\AppData\Local\Temp\tmp8n0c2pgu.py
[4.141s] removing C:\Users\matth\AppData\Local\Temp\tmp8n0c2pgu.py
[4.141s] running install_data
[4.156s] running install_egg_info
[4.156s] removing 'C:\dev_ava\install\Lib\site-packages\hq_bringup-0.0.0-py3.8.egg-info' (and everything under it)
[4.156s] Copying C:\dev_ava\build\hq_bringup\hq_bringup.egg-info to C:\dev_ava\install\Lib\site-packages\hq_bringup-0.0.0-py3.8.egg-info
[4.219s] running install_scripts
[4.469s] writing list of installed files to 'C:\dev_ava\build\hq_bringup\install.log'
[4.469s] Invoked command in 'C:\dev_ava\src\hq_bringup' returned '0': PUBLIC=%PUBLIC%
PyCharm Community Edition=C:\Program Files\JetBrains\PyCharm Community Edition 2020.1.3\bin; PYTHONPATH=C:\dev_ava\install\Lib\site-packages;%PYTHONPATH% c:\opt\ros\foxy\x64\python.exe setup.py egg_info --egg-base C:\dev_ava\build\hq_bringup build --build-base C:\dev_ava\build\hq_bringup\build install --prefix C:\dev_ava\install --record C:\dev_ava\build\hq_bringup\install.log --single-version-externally-managed
