[0.812s] DEBUG:colcon:Command line arguments: ['/usr/bin/colcon', 'build', '--packages-select', 'ava.launch.py']
[0.813s] DEBUG:colcon:Parsed command line arguments: Namespace(ament_cmake_args=None, base_paths=['.'], build_base='build', catkin_cmake_args=None, catkin_skip_building_tests=False, cmake_args=None, cmake_clean_cache=False, cmake_clean_first=False, cmake_force_configure=False, cmake_target=None, cmake_target_skip_unavailable=False, continue_on_error=False, event_handlers=None, executor='parallel', ignore_user_meta=False, install_base='install', log_base=None, log_level=None, main=<bound method BuildVerb.main of <colcon_core.verb.build.BuildVerb object at 0x7f9c615d60>>, merge_install=False, metas=['./colcon.meta'], mixin=None, mixin_files=None, mixin_verb=('build',), packages_above=None, packages_above_and_dependencies=None, packages_above_depth=None, packages_end=None, packages_ignore=None, packages_ignore_regex=None, packages_select=['ava.launch.py'], packages_select_build_failed=False, packages_select_by_dep=None, packages_select_regex=None, packages_select_test_failures=False, packages_skip=None, packages_skip_build_finished=False, packages_skip_by_dep=None, packages_skip_regex=None, packages_skip_test_passed=False, packages_skip_up_to=None, packages_start=None, packages_up_to=None, packages_up_to_regex=None, parallel_workers=4, paths=None, symlink_install=False, test_result_base=None, verb_extension=<colcon_core.verb.build.BuildVerb object at 0x7f9c615d60>, verb_name='build', verb_parser=<colcon_mixin.mixin.mixin_argument.MixinArgumentDecorator object at 0x7f9c5a0370>)
[0.948s] Level 1:colcon.colcon_core.package_discovery:discover_packages(colcon_meta) check parameters
[0.953s] INFO:colcon.colcon_metadata.package_discovery.colcon_meta:Using configuration from '/root/.colcon/metadata/default/Gazebo.meta'
[0.956s] INFO:colcon.colcon_metadata.package_discovery.colcon_meta:Using configuration from '/root/.colcon/metadata/default/fastrtps.meta'
[0.957s] Level 1:colcon.colcon_core.package_discovery:discover_packages(recursive) check parameters
[0.957s] Level 1:colcon.colcon_core.package_discovery:discover_packages(ignore) check parameters
[0.957s] Level 1:colcon.colcon_core.package_discovery:discover_packages(path) check parameters
[0.957s] Level 1:colcon.colcon_core.package_discovery:discover_packages(colcon_meta) discover
[0.957s] Level 1:colcon.colcon_core.package_discovery:discover_packages(recursive) discover
[0.957s] INFO:colcon.colcon_core.package_discovery:Crawling recursively for packages in '/root/dev_ava'
[0.958s] Level 1:colcon.colcon_core.package_identification:_identify(.) by extensions ['ignore', 'ignore_ament_install']
[0.958s] Level 1:colcon.colcon_core.package_identification:_identify(.) by extension 'ignore'
[0.958s] Level 1:colcon.colcon_core.package_identification:_identify(.) by extension 'ignore_ament_install'
[0.959s] Level 1:colcon.colcon_core.package_identification:_identify(.) by extensions ['colcon_pkg']
[0.959s] Level 1:colcon.colcon_core.package_identification:_identify(.) by extension 'colcon_pkg'
[0.959s] Level 1:colcon.colcon_core.package_identification:_identify(.) by extensions ['colcon_meta']
[0.959s] Level 1:colcon.colcon_core.package_identification:_identify(.) by extension 'colcon_meta'
[0.959s] Level 1:colcon.colcon_core.package_identification:_identify(.) by extensions ['ros']
[0.960s] Level 1:colcon.colcon_core.package_identification:_identify(.) by extension 'ros'
[1.023s] Level 1:colcon.colcon_core.package_identification:_identify(.) by extensions ['cmake', 'python']
[1.024s] Level 1:colcon.colcon_core.package_identification:_identify(.) by extension 'cmake'
[1.024s] Level 1:colcon.colcon_core.package_identification:_identify(.) by extension 'python'
[1.024s] Level 1:colcon.colcon_core.package_identification:_identify(.) by extensions ['python_setup_py']
[1.024s] Level 1:colcon.colcon_core.package_identification:_identify(.) by extension 'python_setup_py'
[1.025s] Level 1:colcon.colcon_core.package_identification:_identify(assets) by extensions ['ignore', 'ignore_ament_install']
[1.025s] Level 1:colcon.colcon_core.package_identification:_identify(assets) by extension 'ignore'
[1.026s] Level 1:colcon.colcon_core.package_identification:_identify(assets) by extension 'ignore_ament_install'
[1.026s] Level 1:colcon.colcon_core.package_identification:_identify(assets) by extensions ['colcon_pkg']
[1.026s] Level 1:colcon.colcon_core.package_identification:_identify(assets) by extension 'colcon_pkg'
[1.026s] Level 1:colcon.colcon_core.package_identification:_identify(assets) by extensions ['colcon_meta']
[1.027s] Level 1:colcon.colcon_core.package_identification:_identify(assets) by extension 'colcon_meta'
[1.027s] Level 1:colcon.colcon_core.package_identification:_identify(assets) by extensions ['ros']
[1.027s] Level 1:colcon.colcon_core.package_identification:_identify(assets) by extension 'ros'
[1.027s] Level 1:colcon.colcon_core.package_identification:_identify(assets) by extensions ['cmake', 'python']
[1.028s] Level 1:colcon.colcon_core.package_identification:_identify(assets) by extension 'cmake'
[1.028s] Level 1:colcon.colcon_core.package_identification:_identify(assets) by extension 'python'
[1.028s] Level 1:colcon.colcon_core.package_identification:_identify(assets) by extensions ['python_setup_py']
[1.028s] Level 1:colcon.colcon_core.package_identification:_identify(assets) by extension 'python_setup_py'
[1.029s] Level 1:colcon.colcon_core.package_identification:_identify(build) by extensions ['ignore', 'ignore_ament_install']
[1.029s] Level 1:colcon.colcon_core.package_identification:_identify(build) by extension 'ignore'
[1.029s] Level 1:colcon.colcon_core.package_identification:_identify(build) ignored
[1.030s] Level 1:colcon.colcon_core.package_identification:_identify(install) by extensions ['ignore', 'ignore_ament_install']
[1.030s] Level 1:colcon.colcon_core.package_identification:_identify(install) by extension 'ignore'
[1.030s] Level 1:colcon.colcon_core.package_identification:_identify(install) ignored
[1.031s] Level 1:colcon.colcon_core.package_identification:_identify(log) by extensions ['ignore', 'ignore_ament_install']
[1.031s] Level 1:colcon.colcon_core.package_identification:_identify(log) by extension 'ignore'
[1.032s] Level 1:colcon.colcon_core.package_identification:_identify(log) ignored
[1.032s] Level 1:colcon.colcon_core.package_identification:_identify(src) by extensions ['ignore', 'ignore_ament_install']
[1.032s] Level 1:colcon.colcon_core.package_identification:_identify(src) by extension 'ignore'
[1.033s] Level 1:colcon.colcon_core.package_identification:_identify(src) by extension 'ignore_ament_install'
[1.033s] Level 1:colcon.colcon_core.package_identification:_identify(src) by extensions ['colcon_pkg']
[1.033s] Level 1:colcon.colcon_core.package_identification:_identify(src) by extension 'colcon_pkg'
[1.033s] Level 1:colcon.colcon_core.package_identification:_identify(src) by extensions ['colcon_meta']
[1.034s] Level 1:colcon.colcon_core.package_identification:_identify(src) by extension 'colcon_meta'
[1.034s] Level 1:colcon.colcon_core.package_identification:_identify(src) by extensions ['ros']
[1.034s] Level 1:colcon.colcon_core.package_identification:_identify(src) by extension 'ros'
[1.034s] Level 1:colcon.colcon_core.package_identification:_identify(src) by extensions ['cmake', 'python']
[1.035s] Level 1:colcon.colcon_core.package_identification:_identify(src) by extension 'cmake'
[1.035s] Level 1:colcon.colcon_core.package_identification:_identify(src) by extension 'python'
[1.035s] Level 1:colcon.colcon_core.package_identification:_identify(src) by extensions ['python_setup_py']
[1.035s] Level 1:colcon.colcon_core.package_identification:_identify(src) by extension 'python_setup_py'
[1.036s] Level 1:colcon.colcon_core.package_identification:_identify(src/ava_bringup) by extensions ['ignore', 'ignore_ament_install']
[1.036s] Level 1:colcon.colcon_core.package_identification:_identify(src/ava_bringup) by extension 'ignore'
[1.036s] Level 1:colcon.colcon_core.package_identification:_identify(src/ava_bringup) by extension 'ignore_ament_install'
[1.036s] Level 1:colcon.colcon_core.package_identification:_identify(src/ava_bringup) by extensions ['colcon_pkg']
[1.037s] Level 1:colcon.colcon_core.package_identification:_identify(src/ava_bringup) by extension 'colcon_pkg'
[1.037s] Level 1:colcon.colcon_core.package_identification:_identify(src/ava_bringup) by extensions ['colcon_meta']
[1.037s] Level 1:colcon.colcon_core.package_identification:_identify(src/ava_bringup) by extension 'colcon_meta'
[1.037s] Level 1:colcon.colcon_core.package_identification:_identify(src/ava_bringup) by extensions ['ros']
[1.037s] Level 1:colcon.colcon_core.package_identification:_identify(src/ava_bringup) by extension 'ros'
[1.050s] DEBUG:colcon.colcon_core.package_identification:Package 'src/ava_bringup' with type 'ros.ament_python' and name 'ava_bringup'
[1.050s] Level 1:colcon.colcon_core.package_identification:_identify(src/ava_control) by extensions ['ignore', 'ignore_ament_install']
[1.051s] Level 1:colcon.colcon_core.package_identification:_identify(src/ava_control) by extension 'ignore'
[1.051s] Level 1:colcon.colcon_core.package_identification:_identify(src/ava_control) by extension 'ignore_ament_install'
[1.052s] Level 1:colcon.colcon_core.package_identification:_identify(src/ava_control) by extensions ['colcon_pkg']
[1.052s] Level 1:colcon.colcon_core.package_identification:_identify(src/ava_control) by extension 'colcon_pkg'
[1.052s] Level 1:colcon.colcon_core.package_identification:_identify(src/ava_control) by extensions ['colcon_meta']
[1.052s] Level 1:colcon.colcon_core.package_identification:_identify(src/ava_control) by extension 'colcon_meta'
[1.052s] Level 1:colcon.colcon_core.package_identification:_identify(src/ava_control) by extensions ['ros']
[1.053s] Level 1:colcon.colcon_core.package_identification:_identify(src/ava_control) by extension 'ros'
[1.056s] DEBUG:colcon.colcon_core.package_identification:Package 'src/ava_control' with type 'ros.ament_python' and name 'ava_control'
[1.056s] Level 1:colcon.colcon_core.package_identification:_identify(src/ava_driver) by extensions ['ignore', 'ignore_ament_install']
[1.056s] Level 1:colcon.colcon_core.package_identification:_identify(src/ava_driver) by extension 'ignore'
[1.057s] Level 1:colcon.colcon_core.package_identification:_identify(src/ava_driver) by extension 'ignore_ament_install'
[1.057s] Level 1:colcon.colcon_core.package_identification:_identify(src/ava_driver) by extensions ['colcon_pkg']
[1.057s] Level 1:colcon.colcon_core.package_identification:_identify(src/ava_driver) by extension 'colcon_pkg'
[1.057s] Level 1:colcon.colcon_core.package_identification:_identify(src/ava_driver) by extensions ['colcon_meta']
[1.057s] Level 1:colcon.colcon_core.package_identification:_identify(src/ava_driver) by extension 'colcon_meta'
[1.058s] Level 1:colcon.colcon_core.package_identification:_identify(src/ava_driver) by extensions ['ros']
[1.058s] Level 1:colcon.colcon_core.package_identification:_identify(src/ava_driver) by extension 'ros'
[1.061s] DEBUG:colcon.colcon_core.package_identification:Package 'src/ava_driver' with type 'ros.ament_python' and name 'ava_driver'
[1.061s] Level 1:colcon.colcon_core.package_identification:_identify(src/ava_kinematics) by extensions ['ignore', 'ignore_ament_install']
[1.062s] Level 1:colcon.colcon_core.package_identification:_identify(src/ava_kinematics) by extension 'ignore'
[1.062s] Level 1:colcon.colcon_core.package_identification:_identify(src/ava_kinematics) by extension 'ignore_ament_install'
[1.062s] Level 1:colcon.colcon_core.package_identification:_identify(src/ava_kinematics) by extensions ['colcon_pkg']
[1.062s] Level 1:colcon.colcon_core.package_identification:_identify(src/ava_kinematics) by extension 'colcon_pkg'
[1.063s] Level 1:colcon.colcon_core.package_identification:_identify(src/ava_kinematics) by extensions ['colcon_meta']
[1.063s] Level 1:colcon.colcon_core.package_identification:_identify(src/ava_kinematics) by extension 'colcon_meta'
[1.063s] Level 1:colcon.colcon_core.package_identification:_identify(src/ava_kinematics) by extensions ['ros']
[1.063s] Level 1:colcon.colcon_core.package_identification:_identify(src/ava_kinematics) by extension 'ros'
[1.065s] DEBUG:colcon.colcon_core.package_identification:Failed to parse potential ROS package manifest in'src/ava_kinematics': Error(s) in package 'src/ava_kinematics/package.xml':
The manifest contains invalid XML:
mismatched tag: line 10, column 22
[1.066s] Level 1:colcon.colcon_core.package_identification:_identify(src/ava_kinematics) by extensions ['cmake', 'python']
[1.066s] Level 1:colcon.colcon_core.package_identification:_identify(src/ava_kinematics) by extension 'cmake'
[1.066s] Level 1:colcon.colcon_core.package_identification:_identify(src/ava_kinematics) by extension 'python'
[1.066s] DEBUG:colcon.colcon_core.package_identification:Python package in 'src/ava_kinematics' passes arguments to the setup() function which requires a different identification extension than 'python'
[1.067s] Level 1:colcon.colcon_core.package_identification:_identify(src/ava_kinematics) by extensions ['python_setup_py']
[1.067s] Level 1:colcon.colcon_core.package_identification:_identify(src/ava_kinematics) by extension 'python_setup_py'
[1.847s] DEBUG:colcon.colcon_core.package_identification:Package 'src/ava_kinematics' with type 'python' and name 'ava_kinematics'
[1.848s] Level 1:colcon.colcon_core.package_identification:_identify(src/ava_msgs) by extensions ['ignore', 'ignore_ament_install']
[1.848s] Level 1:colcon.colcon_core.package_identification:_identify(src/ava_msgs) by extension 'ignore'
[1.849s] Level 1:colcon.colcon_core.package_identification:_identify(src/ava_msgs) by extension 'ignore_ament_install'
[1.849s] Level 1:colcon.colcon_core.package_identification:_identify(src/ava_msgs) by extensions ['colcon_pkg']
[1.849s] Level 1:colcon.colcon_core.package_identification:_identify(src/ava_msgs) by extension 'colcon_pkg'
[1.850s] Level 1:colcon.colcon_core.package_identification:_identify(src/ava_msgs) by extensions ['colcon_meta']
[1.850s] Level 1:colcon.colcon_core.package_identification:_identify(src/ava_msgs) by extension 'colcon_meta'
[1.850s] Level 1:colcon.colcon_core.package_identification:_identify(src/ava_msgs) by extensions ['ros']
[1.850s] Level 1:colcon.colcon_core.package_identification:_identify(src/ava_msgs) by extension 'ros'
[1.853s] DEBUG:colcon.colcon_core.package_identification:Package 'src/ava_msgs' with type 'ros.ament_cmake' and name 'ava_msgs'
[1.854s] Level 1:colcon.colcon_core.package_identification:_identify(src/rplidar_ros) by extensions ['ignore', 'ignore_ament_install']
[1.854s] Level 1:colcon.colcon_core.package_identification:_identify(src/rplidar_ros) by extension 'ignore'
[1.855s] Level 1:colcon.colcon_core.package_identification:_identify(src/rplidar_ros) by extension 'ignore_ament_install'
[1.855s] Level 1:colcon.colcon_core.package_identification:_identify(src/rplidar_ros) by extensions ['colcon_pkg']
[1.855s] Level 1:colcon.colcon_core.package_identification:_identify(src/rplidar_ros) by extension 'colcon_pkg'
[1.855s] Level 1:colcon.colcon_core.package_identification:_identify(src/rplidar_ros) by extensions ['colcon_meta']
[1.856s] Level 1:colcon.colcon_core.package_identification:_identify(src/rplidar_ros) by extension 'colcon_meta'
[1.856s] Level 1:colcon.colcon_core.package_identification:_identify(src/rplidar_ros) by extensions ['ros']
[1.856s] Level 1:colcon.colcon_core.package_identification:_identify(src/rplidar_ros) by extension 'ros'
[1.860s] DEBUG:colcon.colcon_core.package_identification:Package 'src/rplidar_ros' with type 'ros.ament_cmake' and name 'rplidar_ros2'
[1.861s] Level 1:colcon.colcon_core.package_identification:_identify(src/tf_transformations-main) by extensions ['ignore', 'ignore_ament_install']
[1.861s] Level 1:colcon.colcon_core.package_identification:_identify(src/tf_transformations-main) by extension 'ignore'
[1.861s] Level 1:colcon.colcon_core.package_identification:_identify(src/tf_transformations-main) by extension 'ignore_ament_install'
[1.862s] Level 1:colcon.colcon_core.package_identification:_identify(src/tf_transformations-main) by extensions ['colcon_pkg']
[1.862s] Level 1:colcon.colcon_core.package_identification:_identify(src/tf_transformations-main) by extension 'colcon_pkg'
[1.862s] Level 1:colcon.colcon_core.package_identification:_identify(src/tf_transformations-main) by extensions ['colcon_meta']
[1.862s] Level 1:colcon.colcon_core.package_identification:_identify(src/tf_transformations-main) by extension 'colcon_meta'
[1.862s] Level 1:colcon.colcon_core.package_identification:_identify(src/tf_transformations-main) by extensions ['ros']
[1.863s] Level 1:colcon.colcon_core.package_identification:_identify(src/tf_transformations-main) by extension 'ros'
[1.866s] DEBUG:colcon.colcon_core.package_identification:Package 'src/tf_transformations-main' with type 'ros.ament_python' and name 'tf_transformations'
[1.866s] Level 1:colcon.colcon_core.package_discovery:discover_packages(recursive) using defaults
[1.867s] Level 1:colcon.colcon_core.package_discovery:discover_packages(ignore) discover
[1.867s] Level 1:colcon.colcon_core.package_discovery:discover_packages(ignore) using defaults
[1.867s] Level 1:colcon.colcon_core.package_discovery:discover_packages(path) discover
[1.867s] Level 1:colcon.colcon_core.package_discovery:discover_packages(path) using defaults
[1.870s] WARNING:colcon.colcon_core.package_selection:ignoring unknown package 'ava.launch.py' in --packages-select
[1.968s] INFO:colcon.colcon_core.package_selection:Skipping not selected package 'ava_bringup' in 'src/ava_bringup'
[1.968s] INFO:colcon.colcon_core.package_selection:Skipping not selected package 'ava_kinematics' in 'src/ava_kinematics'
[1.968s] INFO:colcon.colcon_core.package_selection:Skipping not selected package 'ava_msgs' in 'src/ava_msgs'
[1.969s] INFO:colcon.colcon_core.package_selection:Skipping not selected package 'rplidar_ros2' in 'src/rplidar_ros'
[1.969s] INFO:colcon.colcon_core.package_selection:Skipping not selected package 'tf_transformations' in 'src/tf_transformations-main'
[1.969s] INFO:colcon.colcon_core.package_selection:Skipping not selected package 'ava_control' in 'src/ava_control'
[1.969s] INFO:colcon.colcon_core.package_selection:Skipping not selected package 'ava_driver' in 'src/ava_driver'
[1.970s] INFO:colcon.colcon_core.executor:Executing jobs using 'parallel' executor
[1.979s] DEBUG:colcon.colcon_parallel_executor.executor.parallel:run_until_complete
[1.980s] DEBUG:colcon.colcon_parallel_executor.executor.parallel:closing loop
[1.981s] DEBUG:colcon.colcon_parallel_executor.executor.parallel:loop closed
[1.982s] DEBUG:colcon.colcon_parallel_executor.executor.parallel:run_until_complete finished with '0'
[1.982s] DEBUG:colcon.colcon_core.event_reactor:joining thread
[2.026s] INFO:colcon.colcon_core.plugin_system:Skipping extension 'colcon_notification.desktop_notification.notify_send': Could not find 'notify-send'
[2.026s] INFO:colcon.colcon_core.plugin_system:Skipping extension 'colcon_notification.desktop_notification.terminal_notifier': Not used on non-Darwin systems
[2.027s] INFO:colcon.colcon_core.plugin_system:Skipping extension 'colcon_notification.desktop_notification.win32': Not used on non-Windows systems
[2.027s] INFO:colcon.colcon_notification.desktop_notification:Sending desktop notification using 'notify2'
[2.027s] DEBUG:colcon.colcon_notification.desktop_notification.notify2:Failed to initialize notify2: org.freedesktop.DBus.Error.NotSupported: Unable to autolaunch a dbus-daemon without a $DISPLAY for X11
[2.027s] DEBUG:colcon.colcon_core.event_reactor:joined thread
[2.054s] INFO:colcon.colcon_core.plugin_system:Skipping extension 'colcon_core.shell.bat': Not used on non-Windows systems
[2.055s] INFO:colcon.colcon_core.shell:Creating prefix script '/root/dev_ava/install/local_setup.ps1'
[2.066s] INFO:colcon.colcon_core.shell:Creating prefix util module '/root/dev_ava/install/_local_setup_util_ps1.py'
[2.073s] INFO:colcon.colcon_core.shell:Creating prefix chain script '/root/dev_ava/install/setup.ps1'
[2.085s] INFO:colcon.colcon_core.shell:Creating prefix script '/root/dev_ava/install/local_setup.sh'
[2.088s] INFO:colcon.colcon_core.shell:Creating prefix util module '/root/dev_ava/install/_local_setup_util_sh.py'
[2.090s] INFO:colcon.colcon_core.shell:Creating prefix chain script '/root/dev_ava/install/setup.sh'
[2.096s] INFO:colcon.colcon_core.shell:Creating prefix script '/root/dev_ava/install/local_setup.bash'
[2.101s] INFO:colcon.colcon_core.shell:Creating prefix chain script '/root/dev_ava/install/setup.bash'
[2.107s] INFO:colcon.colcon_core.shell:Creating prefix script '/root/dev_ava/install/local_setup.zsh'
[2.111s] INFO:colcon.colcon_core.shell:Creating prefix chain script '/root/dev_ava/install/setup.zsh'
