running egg_info
creating C:\dev_ava\build\ava_description\ava_description.egg-info
writing C:\dev_ava\build\ava_description\ava_description.egg-info\PKG-INFO
writing dependency_links to C:\dev_ava\build\ava_description\ava_description.egg-info\dependency_links.txt
writing entry points to C:\dev_ava\build\ava_description\ava_description.egg-info\entry_points.txt
writing requirements to C:\dev_ava\build\ava_description\ava_description.egg-info\requires.txt
writing top-level names to C:\dev_ava\build\ava_description\ava_description.egg-info\top_level.txt
writing manifest file 'C:\dev_ava\build\ava_description\ava_description.egg-info\SOURCES.txt'
reading manifest file 'C:\dev_ava\build\ava_description\ava_description.egg-info\SOURCES.txt'
writing manifest file 'C:\dev_ava\build\ava_description\ava_description.egg-info\SOURCES.txt'
running build
running build_py
creating C:\dev_ava\build\ava_description\build
creating C:\dev_ava\build\ava_description\build\lib
creating C:\dev_ava\build\ava_description\build\lib\ava_description
copying ava_description\__init__.py -> C:\dev_ava\build\ava_description\build\lib\ava_description
running install
running install_lib
creating C:\dev_ava\install\Lib\site-packages\ava_description
copying C:\dev_ava\build\ava_description\build\lib\ava_description\__init__.py -> C:\dev_ava\install\Lib\site-packages\ava_description
writing byte-compilation script 'C:\Users\matth\AppData\Local\Temp\tmps32mxa09.py'
c:\opt\ros\foxy\x64\python.exe C:\Users\matth\AppData\Local\Temp\tmps32mxa09.py
removing C:\Users\matth\AppData\Local\Temp\tmps32mxa09.py
running install_data
copying resource\ava_description -> C:\dev_ava\install\share\ament_index\resource_index\packages
copying package.xml -> C:\dev_ava\install\share\ava_description
copying launch\display.launch.py -> C:\dev_ava\install\share\ava_description
copying urdf\ava.urdf -> C:\dev_ava\install\share\ava_description
copying meshes\Body.stl -> C:\dev_ava\install\share\ava_description
copying meshes\Lidar.stl -> C:\dev_ava\install\share\ava_description
running install_egg_info
Copying C:\dev_ava\build\ava_description\ava_description.egg-info to C:\dev_ava\install\Lib\site-packages\ava_description-0.0.0-py3.8.egg-info
running install_scripts
writing list of installed files to 'C:\dev_ava\build\ava_description\install.log'
