[3.594s] Invoking command in 'C:\dev_ava\src\ava_teleop': PUBLIC=%PUBLIC%
PyCharm Community Edition=C:\Program Files\JetBrains\PyCharm Community Edition 2020.1.3\bin; PYTHONPATH=C:\dev_ava\install\Lib\site-packages;%PYTHONPATH% c:\opt\ros\foxy\x64\python.exe setup.py egg_info --egg-base C:\dev_ava\build\ava_teleop build --build-base C:\dev_ava\build\ava_teleop\build install --prefix C:\dev_ava\install --record C:\dev_ava\build\ava_teleop\install.log --single-version-externally-managed
[4.781s] running egg_info
[4.797s] creating C:\dev_ava\build\ava_teleop\ava_teleop.egg-info
[4.797s] writing C:\dev_ava\build\ava_teleop\ava_teleop.egg-info\PKG-INFO
[4.797s] writing dependency_links to C:\dev_ava\build\ava_teleop\ava_teleop.egg-info\dependency_links.txt
[4.797s] writing entry points to C:\dev_ava\build\ava_teleop\ava_teleop.egg-info\entry_points.txt
[4.797s] writing requirements to C:\dev_ava\build\ava_teleop\ava_teleop.egg-info\requires.txt
[4.797s] writing top-level names to C:\dev_ava\build\ava_teleop\ava_teleop.egg-info\top_level.txt
[4.797s] writing manifest file 'C:\dev_ava\build\ava_teleop\ava_teleop.egg-info\SOURCES.txt'
[4.859s] reading manifest file 'C:\dev_ava\build\ava_teleop\ava_teleop.egg-info\SOURCES.txt'
[4.859s] writing manifest file 'C:\dev_ava\build\ava_teleop\ava_teleop.egg-info\SOURCES.txt'
[4.859s] running build
[4.859s] running build_py
[4.859s] creating C:\dev_ava\build\ava_teleop\build
[4.859s] creating C:\dev_ava\build\ava_teleop\build\lib
[4.859s] creating C:\dev_ava\build\ava_teleop\build\lib\ava_teleop
[4.859s] copying ava_teleop\ava_teleop_joy.py -> C:\dev_ava\build\ava_teleop\build\lib\ava_teleop
[4.875s] copying ava_teleop\ava_teleop_key.py -> C:\dev_ava\build\ava_teleop\build\lib\ava_teleop
[4.875s] copying ava_teleop\__init__.py -> C:\dev_ava\build\ava_teleop\build\lib\ava_teleop
[4.875s] running install
[4.875s] running install_lib
[4.875s] creating C:\dev_ava\install\Lib\site-packages\ava_teleop
[4.875s] copying C:\dev_ava\build\ava_teleop\build\lib\ava_teleop\ava_teleop_joy.py -> C:\dev_ava\install\Lib\site-packages\ava_teleop
[4.906s] copying C:\dev_ava\build\ava_teleop\build\lib\ava_teleop\ava_teleop_key.py -> C:\dev_ava\install\Lib\site-packages\ava_teleop
[4.922s] copying C:\dev_ava\build\ava_teleop\build\lib\ava_teleop\__init__.py -> C:\dev_ava\install\Lib\site-packages\ava_teleop
[4.937s] writing byte-compilation script 'C:\Users\matth\AppData\Local\Temp\tmp9gjdotdp.py'
[4.937s] c:\opt\ros\foxy\x64\python.exe C:\Users\matth\AppData\Local\Temp\tmp9gjdotdp.py
[5.187s] removing C:\Users\matth\AppData\Local\Temp\tmp9gjdotdp.py
[5.187s] running install_data
[5.203s] copying resource\ava_teleop -> C:\dev_ava\install\share\ament_index\resource_index\packages
[5.203s] copying package.xml -> C:\dev_ava\install\share\ava_teleop
[5.203s] running install_egg_info
[5.219s] Copying C:\dev_ava\build\ava_teleop\ava_teleop.egg-info to C:\dev_ava\install\Lib\site-packages\ava_teleop-0.0.0-py3.8.egg-info
[5.234s] running install_scripts
[5.297s] Installing ava_teleop_joy-script.py script to C:\dev_ava\install\lib\ava_teleop
[5.297s] Installing ava_teleop_joy.exe script to C:\dev_ava\install\lib\ava_teleop
[5.297s] writing list of installed files to 'C:\dev_ava\build\ava_teleop\install.log'
[5.625s] Invoked command in 'C:\dev_ava\src\ava_teleop' returned '0': PUBLIC=%PUBLIC%
PyCharm Community Edition=C:\Program Files\JetBrains\PyCharm Community Edition 2020.1.3\bin; PYTHONPATH=C:\dev_ava\install\Lib\site-packages;%PYTHONPATH% c:\opt\ros\foxy\x64\python.exe setup.py egg_info --egg-base C:\dev_ava\build\ava_teleop build --build-base C:\dev_ava\build\ava_teleop\build install --prefix C:\dev_ava\install --record C:\dev_ava\build\ava_teleop\install.log --single-version-externally-managed
