[1.436s] [34mcolcon[0m [1;30mDEBUG[0m [32mCommand line arguments: ['C:\\opt\\ros\\foxy\\x64\\Scripts\\colcon', 'build', '--merge-install'][0m
[1.436s] [34mcolcon[0m [1;30mDEBUG[0m [32mParsed command line arguments: Namespace(ament_cmake_args=None, base_paths=['.'], build_base='build', catkin_cmake_args=None, catkin_skip_building_tests=False, cmake_args=None, cmake_clean_cache=False, cmake_clean_first=False, cmake_force_configure=False, cmake_target=None, cmake_target_skip_unavailable=False, continue_on_error=False, event_handlers=None, executor='parallel', ignore_user_meta=False, install_base='install', log_base=None, log_level=None, main=<bound method BuildVerb.main of <colcon_core.verb.build.BuildVerb object at 0x000002BB01E16A00>>, merge_install=True, metas=['./colcon.meta'], packages_above=None, packages_above_and_dependencies=None, packages_above_depth=None, packages_end=None, packages_ignore=None, packages_ignore_regex=None, packages_select=None, packages_select_build_failed=False, packages_select_by_dep=None, packages_select_regex=None, packages_select_test_failures=False, packages_skip=None, packages_skip_build_finished=False, packages_skip_by_dep=None, packages_skip_regex=None, packages_skip_test_passed=False, packages_skip_up_to=None, packages_start=None, packages_up_to=None, packages_up_to_regex=None, parallel_workers=12, paths=None, symlink_install=False, test_result_base=None, verb_extension=<colcon_core.verb.build.BuildVerb object at 0x000002BB01E16A00>, verb_name='build', verb_parser=<colcon_defaults.argument_parser.defaults.DefaultArgumentsDecorator object at 0x000002BB01E16EE0>)[0m
[1.552s] [34mcolcon.colcon_core.package_discovery[0m [1;30mLevel 1[0m discover_packages(colcon_meta) check parameters
[1.552s] [34mcolcon.colcon_core.package_discovery[0m [1;30mLevel 1[0m discover_packages(recursive) check parameters
[1.552s] [34mcolcon.colcon_core.package_discovery[0m [1;30mLevel 1[0m discover_packages(ignore) check parameters
[1.553s] [34mcolcon.colcon_core.package_discovery[0m [1;30mLevel 1[0m discover_packages(path) check parameters
[1.553s] [34mcolcon.colcon_core.package_discovery[0m [1;30mLevel 1[0m discover_packages(colcon_meta) discover
[1.553s] [34mcolcon.colcon_core.package_discovery[0m [1;30mLevel 1[0m discover_packages(recursive) discover
[1.553s] [34mcolcon.colcon_core.package_discovery[0m [1;30mINFO[0m Crawling recursively for packages in 'C:\dev_ava'
[1.554s] [34mcolcon.colcon_core.package_identification[0m [1;30mLevel 1[0m _identify(.) by extensions ['ignore', 'ignore_ament_install']
[1.554s] [34mcolcon.colcon_core.package_identification[0m [1;30mLevel 1[0m _identify(.) by extension 'ignore'
[1.554s] [34mcolcon.colcon_core.package_identification[0m [1;30mLevel 1[0m _identify(.) by extension 'ignore_ament_install'
[1.554s] [34mcolcon.colcon_core.package_identification[0m [1;30mLevel 1[0m _identify(.) by extensions ['colcon_pkg']
[1.555s] [34mcolcon.colcon_core.package_identification[0m [1;30mLevel 1[0m _identify(.) by extension 'colcon_pkg'
[1.555s] [34mcolcon.colcon_core.package_identification[0m [1;30mLevel 1[0m _identify(.) by extensions ['colcon_meta']
[1.555s] [34mcolcon.colcon_core.package_identification[0m [1;30mLevel 1[0m _identify(.) by extension 'colcon_meta'
[1.555s] [34mcolcon.colcon_core.package_identification[0m [1;30mLevel 1[0m _identify(.) by extensions ['ros']
[1.555s] [34mcolcon.colcon_core.package_identification[0m [1;30mLevel 1[0m _identify(.) by extension 'ros'
[1.590s] [34mcolcon.colcon_core.package_identification[0m [1;30mLevel 1[0m _identify(.) by extensions ['cmake', 'python']
[1.590s] [34mcolcon.colcon_core.package_identification[0m [1;30mLevel 1[0m _identify(.) by extension 'cmake'
[1.590s] [34mcolcon.colcon_core.package_identification[0m [1;30mLevel 1[0m _identify(.) by extension 'python'
[1.590s] [34mcolcon.colcon_core.package_identification[0m [1;30mLevel 1[0m _identify(.) by extensions ['python_setup_py']
[1.590s] [34mcolcon.colcon_core.package_identification[0m [1;30mLevel 1[0m _identify(.) by extension 'python_setup_py'
[1.591s] [34mcolcon.colcon_core.package_identification[0m [1;30mLevel 1[0m _identify(assets) by extensions ['ignore', 'ignore_ament_install']
[1.592s] [34mcolcon.colcon_core.package_identification[0m [1;30mLevel 1[0m _identify(assets) by extension 'ignore'
[1.592s] [34mcolcon.colcon_core.package_identification[0m [1;30mLevel 1[0m _identify(assets) by extension 'ignore_ament_install'
[1.592s] [34mcolcon.colcon_core.package_identification[0m [1;30mLevel 1[0m _identify(assets) by extensions ['colcon_pkg']
[1.592s] [34mcolcon.colcon_core.package_identification[0m [1;30mLevel 1[0m _identify(assets) by extension 'colcon_pkg'
[1.592s] [34mcolcon.colcon_core.package_identification[0m [1;30mLevel 1[0m _identify(assets) by extensions ['colcon_meta']
[1.592s] [34mcolcon.colcon_core.package_identification[0m [1;30mLevel 1[0m _identify(assets) by extension 'colcon_meta'
[1.593s] [34mcolcon.colcon_core.package_identification[0m [1;30mLevel 1[0m _identify(assets) by extensions ['ros']
[1.593s] [34mcolcon.colcon_core.package_identification[0m [1;30mLevel 1[0m _identify(assets) by extension 'ros'
[1.593s] [34mcolcon.colcon_core.package_identification[0m [1;30mLevel 1[0m _identify(assets) by extensions ['cmake', 'python']
[1.593s] [34mcolcon.colcon_core.package_identification[0m [1;30mLevel 1[0m _identify(assets) by extension 'cmake'
[1.594s] [34mcolcon.colcon_core.package_identification[0m [1;30mLevel 1[0m _identify(assets) by extension 'python'
[1.594s] [34mcolcon.colcon_core.package_identification[0m [1;30mLevel 1[0m _identify(assets) by extensions ['python_setup_py']
[1.594s] [34mcolcon.colcon_core.package_identification[0m [1;30mLevel 1[0m _identify(assets) by extension 'python_setup_py'
[1.594s] [34mcolcon.colcon_core.package_identification[0m [1;30mLevel 1[0m _identify(build) by extensions ['ignore', 'ignore_ament_install']
[1.595s] [34mcolcon.colcon_core.package_identification[0m [1;30mLevel 1[0m _identify(build) by extension 'ignore'
[1.595s] [34mcolcon.colcon_core.package_identification[0m [1;30mLevel 1[0m _identify(build) ignored
[1.596s] [34mcolcon.colcon_core.package_identification[0m [1;30mLevel 1[0m _identify(install) by extensions ['ignore', 'ignore_ament_install']
[1.596s] [34mcolcon.colcon_core.package_identification[0m [1;30mLevel 1[0m _identify(install) by extension 'ignore'
[1.596s] [34mcolcon.colcon_core.package_identification[0m [1;30mLevel 1[0m _identify(install) ignored
[1.597s] [34mcolcon.colcon_core.package_identification[0m [1;30mLevel 1[0m _identify(log) by extensions ['ignore', 'ignore_ament_install']
[1.597s] [34mcolcon.colcon_core.package_identification[0m [1;30mLevel 1[0m _identify(log) by extension 'ignore'
[1.597s] [34mcolcon.colcon_core.package_identification[0m [1;30mLevel 1[0m _identify(log) ignored
[1.598s] [34mcolcon.colcon_core.package_identification[0m [1;30mLevel 1[0m _identify(src) by extensions ['ignore', 'ignore_ament_install']
[1.598s] [34mcolcon.colcon_core.package_identification[0m [1;30mLevel 1[0m _identify(src) by extension 'ignore'
[1.598s] [34mcolcon.colcon_core.package_identification[0m [1;30mLevel 1[0m _identify(src) by extension 'ignore_ament_install'
[1.598s] [34mcolcon.colcon_core.package_identification[0m [1;30mLevel 1[0m _identify(src) by extensions ['colcon_pkg']
[1.598s] [34mcolcon.colcon_core.package_identification[0m [1;30mLevel 1[0m _identify(src) by extension 'colcon_pkg'
[1.599s] [34mcolcon.colcon_core.package_identification[0m [1;30mLevel 1[0m _identify(src) by extensions ['colcon_meta']
[1.599s] [34mcolcon.colcon_core.package_identification[0m [1;30mLevel 1[0m _identify(src) by extension 'colcon_meta'
[1.599s] [34mcolcon.colcon_core.package_identification[0m [1;30mLevel 1[0m _identify(src) by extensions ['ros']
[1.600s] [34mcolcon.colcon_core.package_identification[0m [1;30mLevel 1[0m _identify(src) by extension 'ros'
[1.600s] [34mcolcon.colcon_core.package_identification[0m [1;30mLevel 1[0m _identify(src) by extensions ['cmake', 'python']
[1.600s] [34mcolcon.colcon_core.package_identification[0m [1;30mLevel 1[0m _identify(src) by extension 'cmake'
[1.600s] [34mcolcon.colcon_core.package_identification[0m [1;30mLevel 1[0m _identify(src) by extension 'python'
[1.600s] [34mcolcon.colcon_core.package_identification[0m [1;30mLevel 1[0m _identify(src) by extensions ['python_setup_py']
[1.601s] [34mcolcon.colcon_core.package_identification[0m [1;30mLevel 1[0m _identify(src) by extension 'python_setup_py'
[1.601s] [34mcolcon.colcon_core.package_identification[0m [1;30mLevel 1[0m _identify(src\ava_description) by extensions ['ignore', 'ignore_ament_install']
[1.601s] [34mcolcon.colcon_core.package_identification[0m [1;30mLevel 1[0m _identify(src\ava_description) by extension 'ignore'
[1.602s] [34mcolcon.colcon_core.package_identification[0m [1;30mLevel 1[0m _identify(src\ava_description) by extension 'ignore_ament_install'
[1.602s] [34mcolcon.colcon_core.package_identification[0m [1;30mLevel 1[0m _identify(src\ava_description) by extensions ['colcon_pkg']
[1.602s] [34mcolcon.colcon_core.package_identification[0m [1;30mLevel 1[0m _identify(src\ava_description) by extension 'colcon_pkg'
[1.602s] [34mcolcon.colcon_core.package_identification[0m [1;30mLevel 1[0m _identify(src\ava_description) by extensions ['colcon_meta']
[1.602s] [34mcolcon.colcon_core.package_identification[0m [1;30mLevel 1[0m _identify(src\ava_description) by extension 'colcon_meta'
[1.603s] [34mcolcon.colcon_core.package_identification[0m [1;30mLevel 1[0m _identify(src\ava_description) by extensions ['ros']
[1.603s] [34mcolcon.colcon_core.package_identification[0m [1;30mLevel 1[0m _identify(src\ava_description) by extension 'ros'
[1.613s] [34mcolcon.colcon_core.package_identification[0m [1;30mDEBUG[0m [32mPackage 'src\ava_description' with type 'ros.ament_python' and name 'ava_description'[0m
[1.614s] [34mcolcon.colcon_core.package_identification[0m [1;30mLevel 1[0m _identify(src\ava_msgs) by extensions ['ignore', 'ignore_ament_install']
[1.614s] [34mcolcon.colcon_core.package_identification[0m [1;30mLevel 1[0m _identify(src\ava_msgs) by extension 'ignore'
[1.615s] [34mcolcon.colcon_core.package_identification[0m [1;30mLevel 1[0m _identify(src\ava_msgs) by extension 'ignore_ament_install'
[1.615s] [34mcolcon.colcon_core.package_identification[0m [1;30mLevel 1[0m _identify(src\ava_msgs) by extensions ['colcon_pkg']
[1.615s] [34mcolcon.colcon_core.package_identification[0m [1;30mLevel 1[0m _identify(src\ava_msgs) by extension 'colcon_pkg'
[1.615s] [34mcolcon.colcon_core.package_identification[0m [1;30mLevel 1[0m _identify(src\ava_msgs) by extensions ['colcon_meta']
[1.615s] [34mcolcon.colcon_core.package_identification[0m [1;30mLevel 1[0m _identify(src\ava_msgs) by extension 'colcon_meta'
[1.616s] [34mcolcon.colcon_core.package_identification[0m [1;30mLevel 1[0m _identify(src\ava_msgs) by extensions ['ros']
[1.616s] [34mcolcon.colcon_core.package_identification[0m [1;30mLevel 1[0m _identify(src\ava_msgs) by extension 'ros'
[1.619s] [34mcolcon.colcon_core.package_identification[0m [1;30mDEBUG[0m [32mPackage 'src\ava_msgs' with type 'ros.ament_cmake' and name 'ava_msgs'[0m
[1.620s] [34mcolcon.colcon_core.package_identification[0m [1;30mLevel 1[0m _identify(src\ava_teleop) by extensions ['ignore', 'ignore_ament_install']
[1.620s] [34mcolcon.colcon_core.package_identification[0m [1;30mLevel 1[0m _identify(src\ava_teleop) by extension 'ignore'
[1.621s] [34mcolcon.colcon_core.package_identification[0m [1;30mLevel 1[0m _identify(src\ava_teleop) by extension 'ignore_ament_install'
[1.621s] [34mcolcon.colcon_core.package_identification[0m [1;30mLevel 1[0m _identify(src\ava_teleop) by extensions ['colcon_pkg']
[1.621s] [34mcolcon.colcon_core.package_identification[0m [1;30mLevel 1[0m _identify(src\ava_teleop) by extension 'colcon_pkg'
[1.621s] [34mcolcon.colcon_core.package_identification[0m [1;30mLevel 1[0m _identify(src\ava_teleop) by extensions ['colcon_meta']
[1.621s] [34mcolcon.colcon_core.package_identification[0m [1;30mLevel 1[0m _identify(src\ava_teleop) by extension 'colcon_meta'
[1.622s] [34mcolcon.colcon_core.package_identification[0m [1;30mLevel 1[0m _identify(src\ava_teleop) by extensions ['ros']
[1.622s] [34mcolcon.colcon_core.package_identification[0m [1;30mLevel 1[0m _identify(src\ava_teleop) by extension 'ros'
[1.624s] [34mcolcon.colcon_core.package_identification[0m [1;30mDEBUG[0m [32mPackage 'src\ava_teleop' with type 'ros.ament_python' and name 'ava_teleop'[0m
[1.625s] [34mcolcon.colcon_core.package_identification[0m [1;30mLevel 1[0m _identify(src\hq_bringup) by extensions ['ignore', 'ignore_ament_install']
[1.625s] [34mcolcon.colcon_core.package_identification[0m [1;30mLevel 1[0m _identify(src\hq_bringup) by extension 'ignore'
[1.625s] [34mcolcon.colcon_core.package_identification[0m [1;30mLevel 1[0m _identify(src\hq_bringup) by extension 'ignore_ament_install'
[1.625s] [34mcolcon.colcon_core.package_identification[0m [1;30mLevel 1[0m _identify(src\hq_bringup) by extensions ['colcon_pkg']
[1.626s] [34mcolcon.colcon_core.package_identification[0m [1;30mLevel 1[0m _identify(src\hq_bringup) by extension 'colcon_pkg'
[1.626s] [34mcolcon.colcon_core.package_identification[0m [1;30mLevel 1[0m _identify(src\hq_bringup) by extensions ['colcon_meta']
[1.626s] [34mcolcon.colcon_core.package_identification[0m [1;30mLevel 1[0m _identify(src\hq_bringup) by extension 'colcon_meta'
[1.626s] [34mcolcon.colcon_core.package_identification[0m [1;30mLevel 1[0m _identify(src\hq_bringup) by extensions ['ros']
[1.626s] [34mcolcon.colcon_core.package_identification[0m [1;30mLevel 1[0m _identify(src\hq_bringup) by extension 'ros'
[1.629s] [34mcolcon.colcon_core.package_identification[0m [1;30mDEBUG[0m [32mPackage 'src\hq_bringup' with type 'ros.ament_python' and name 'hq_bringup'[0m
[1.629s] [34mcolcon.colcon_core.package_identification[0m [1;30mLevel 1[0m _identify(src\tf_transformations-main) by extensions ['ignore', 'ignore_ament_install']
[1.630s] [34mcolcon.colcon_core.package_identification[0m [1;30mLevel 1[0m _identify(src\tf_transformations-main) by extension 'ignore'
[1.630s] [34mcolcon.colcon_core.package_identification[0m [1;30mLevel 1[0m _identify(src\tf_transformations-main) by extension 'ignore_ament_install'
[1.630s] [34mcolcon.colcon_core.package_identification[0m [1;30mLevel 1[0m _identify(src\tf_transformations-main) by extensions ['colcon_pkg']
[1.630s] [34mcolcon.colcon_core.package_identification[0m [1;30mLevel 1[0m _identify(src\tf_transformations-main) by extension 'colcon_pkg'
[1.630s] [34mcolcon.colcon_core.package_identification[0m [1;30mLevel 1[0m _identify(src\tf_transformations-main) by extensions ['colcon_meta']
[1.630s] [34mcolcon.colcon_core.package_identification[0m [1;30mLevel 1[0m _identify(src\tf_transformations-main) by extension 'colcon_meta'
[1.631s] [34mcolcon.colcon_core.package_identification[0m [1;30mLevel 1[0m _identify(src\tf_transformations-main) by extensions ['ros']
[1.631s] [34mcolcon.colcon_core.package_identification[0m [1;30mLevel 1[0m _identify(src\tf_transformations-main) by extension 'ros'
[1.634s] [34mcolcon.colcon_core.package_identification[0m [1;30mDEBUG[0m [32mPackage 'src\tf_transformations-main' with type 'ros.ament_python' and name 'tf_transformations'[0m
[1.634s] [34mcolcon.colcon_core.package_discovery[0m [1;30mLevel 1[0m discover_packages(recursive) using defaults
[1.634s] [34mcolcon.colcon_core.package_discovery[0m [1;30mLevel 1[0m discover_packages(ignore) discover
[1.634s] [34mcolcon.colcon_core.package_discovery[0m [1;30mLevel 1[0m discover_packages(ignore) using defaults
[1.634s] [34mcolcon.colcon_core.package_discovery[0m [1;30mLevel 1[0m discover_packages(path) discover
[1.634s] [34mcolcon.colcon_core.package_discovery[0m [1;30mLevel 1[0m discover_packages(path) using defaults
[1.701s] [34mcolcon.colcon_core.verb[0m [1;30mLevel 5[0m set package 'ava_msgs' build argument 'cmake_args' from command line to 'None'
[1.701s] [34mcolcon.colcon_core.verb[0m [1;30mLevel 5[0m set package 'ava_msgs' build argument 'cmake_target' from command line to 'None'
[1.701s] [34mcolcon.colcon_core.verb[0m [1;30mLevel 5[0m set package 'ava_msgs' build argument 'cmake_target_skip_unavailable' from command line to 'False'
[1.701s] [34mcolcon.colcon_core.verb[0m [1;30mLevel 5[0m set package 'ava_msgs' build argument 'cmake_clean_cache' from command line to 'False'
[1.701s] [34mcolcon.colcon_core.verb[0m [1;30mLevel 5[0m set package 'ava_msgs' build argument 'cmake_clean_first' from command line to 'False'
[1.702s] [34mcolcon.colcon_core.verb[0m [1;30mLevel 5[0m set package 'ava_msgs' build argument 'cmake_force_configure' from command line to 'False'
[1.702s] [34mcolcon.colcon_core.verb[0m [1;30mLevel 5[0m set package 'ava_msgs' build argument 'ament_cmake_args' from command line to 'None'
[1.702s] [34mcolcon.colcon_core.verb[0m [1;30mLevel 5[0m set package 'ava_msgs' build argument 'catkin_cmake_args' from command line to 'None'
[1.702s] [34mcolcon.colcon_core.verb[0m [1;30mLevel 5[0m set package 'ava_msgs' build argument 'catkin_skip_building_tests' from command line to 'False'
[1.702s] [34mcolcon.colcon_core.verb[0m [1;30mDEBUG[0m [32mBuilding package 'ava_msgs' with the following arguments: {'ament_cmake_args': None, 'build_base': 'C:\\dev_ava\\build\\ava_msgs', 'catkin_cmake_args': None, 'catkin_skip_building_tests': False, 'cmake_args': None, 'cmake_clean_cache': False, 'cmake_clean_first': False, 'cmake_force_configure': False, 'cmake_target': None, 'cmake_target_skip_unavailable': False, 'install_base': 'C:\\dev_ava\\install', 'merge_install': True, 'path': 'C:\\dev_ava\\src\\ava_msgs', 'symlink_install': False, 'test_result_base': None}[0m
[1.727s] [34mcolcon.colcon_core.verb[0m [1;30mLevel 5[0m set package 'ava_teleop' build argument 'cmake_args' from command line to 'None'
[1.727s] [34mcolcon.colcon_core.verb[0m [1;30mLevel 5[0m set package 'ava_teleop' build argument 'cmake_target' from command line to 'None'
[1.727s] [34mcolcon.colcon_core.verb[0m [1;30mLevel 5[0m set package 'ava_teleop' build argument 'cmake_target_skip_unavailable' from command line to 'False'
[1.727s] [34mcolcon.colcon_core.verb[0m [1;30mLevel 5[0m set package 'ava_teleop' build argument 'cmake_clean_cache' from command line to 'False'
[1.727s] [34mcolcon.colcon_core.verb[0m [1;30mLevel 5[0m set package 'ava_teleop' build argument 'cmake_clean_first' from command line to 'False'
[1.727s] [34mcolcon.colcon_core.verb[0m [1;30mLevel 5[0m set package 'ava_teleop' build argument 'cmake_force_configure' from command line to 'False'
[1.728s] [34mcolcon.colcon_core.verb[0m [1;30mLevel 5[0m set package 'ava_teleop' build argument 'ament_cmake_args' from command line to 'None'
[1.728s] [34mcolcon.colcon_core.verb[0m [1;30mLevel 5[0m set package 'ava_teleop' build argument 'catkin_cmake_args' from command line to 'None'
[1.728s] [34mcolcon.colcon_core.verb[0m [1;30mLevel 5[0m set package 'ava_teleop' build argument 'catkin_skip_building_tests' from command line to 'False'
[1.728s] [34mcolcon.colcon_core.verb[0m [1;30mDEBUG[0m [32mBuilding package 'ava_teleop' with the following arguments: {'ament_cmake_args': None, 'build_base': 'C:\\dev_ava\\build\\ava_teleop', 'catkin_cmake_args': None, 'catkin_skip_building_tests': False, 'cmake_args': None, 'cmake_clean_cache': False, 'cmake_clean_first': False, 'cmake_force_configure': False, 'cmake_target': None, 'cmake_target_skip_unavailable': False, 'install_base': 'C:\\dev_ava\\install', 'merge_install': True, 'path': 'C:\\dev_ava\\src\\ava_teleop', 'symlink_install': False, 'test_result_base': None}[0m
[1.755s] [34mcolcon.colcon_core.verb[0m [1;30mLevel 5[0m set package 'hq_bringup' build argument 'cmake_args' from command line to 'None'
[1.755s] [34mcolcon.colcon_core.verb[0m [1;30mLevel 5[0m set package 'hq_bringup' build argument 'cmake_target' from command line to 'None'
[1.755s] [34mcolcon.colcon_core.verb[0m [1;30mLevel 5[0m set package 'hq_bringup' build argument 'cmake_target_skip_unavailable' from command line to 'False'
[1.755s] [34mcolcon.colcon_core.verb[0m [1;30mLevel 5[0m set package 'hq_bringup' build argument 'cmake_clean_cache' from command line to 'False'
[1.755s] [34mcolcon.colcon_core.verb[0m [1;30mLevel 5[0m set package 'hq_bringup' build argument 'cmake_clean_first' from command line to 'False'
[1.755s] [34mcolcon.colcon_core.verb[0m [1;30mLevel 5[0m set package 'hq_bringup' build argument 'cmake_force_configure' from command line to 'False'
[1.755s] [34mcolcon.colcon_core.verb[0m [1;30mLevel 5[0m set package 'hq_bringup' build argument 'ament_cmake_args' from command line to 'None'
[1.755s] [34mcolcon.colcon_core.verb[0m [1;30mLevel 5[0m set package 'hq_bringup' build argument 'catkin_cmake_args' from command line to 'None'
[1.755s] [34mcolcon.colcon_core.verb[0m [1;30mLevel 5[0m set package 'hq_bringup' build argument 'catkin_skip_building_tests' from command line to 'False'
[1.755s] [34mcolcon.colcon_core.verb[0m [1;30mDEBUG[0m [32mBuilding package 'hq_bringup' with the following arguments: {'ament_cmake_args': None, 'build_base': 'C:\\dev_ava\\build\\hq_bringup', 'catkin_cmake_args': None, 'catkin_skip_building_tests': False, 'cmake_args': None, 'cmake_clean_cache': False, 'cmake_clean_first': False, 'cmake_force_configure': False, 'cmake_target': None, 'cmake_target_skip_unavailable': False, 'install_base': 'C:\\dev_ava\\install', 'merge_install': True, 'path': 'C:\\dev_ava\\src\\hq_bringup', 'symlink_install': False, 'test_result_base': None}[0m
[1.777s] [34mcolcon.colcon_core.verb[0m [1;30mLevel 5[0m set package 'tf_transformations' build argument 'cmake_args' from command line to 'None'
[1.777s] [34mcolcon.colcon_core.verb[0m [1;30mLevel 5[0m set package 'tf_transformations' build argument 'cmake_target' from command line to 'None'
[1.778s] [34mcolcon.colcon_core.verb[0m [1;30mLevel 5[0m set package 'tf_transformations' build argument 'cmake_target_skip_unavailable' from command line to 'False'
[1.778s] [34mcolcon.colcon_core.verb[0m [1;30mLevel 5[0m set package 'tf_transformations' build argument 'cmake_clean_cache' from command line to 'False'
[1.778s] [34mcolcon.colcon_core.verb[0m [1;30mLevel 5[0m set package 'tf_transformations' build argument 'cmake_clean_first' from command line to 'False'
[1.778s] [34mcolcon.colcon_core.verb[0m [1;30mLevel 5[0m set package 'tf_transformations' build argument 'cmake_force_configure' from command line to 'False'
[1.778s] [34mcolcon.colcon_core.verb[0m [1;30mLevel 5[0m set package 'tf_transformations' build argument 'ament_cmake_args' from command line to 'None'
[1.778s] [34mcolcon.colcon_core.verb[0m [1;30mLevel 5[0m set package 'tf_transformations' build argument 'catkin_cmake_args' from command line to 'None'
[1.778s] [34mcolcon.colcon_core.verb[0m [1;30mLevel 5[0m set package 'tf_transformations' build argument 'catkin_skip_building_tests' from command line to 'False'
[1.778s] [34mcolcon.colcon_core.verb[0m [1;30mDEBUG[0m [32mBuilding package 'tf_transformations' with the following arguments: {'ament_cmake_args': None, 'build_base': 'C:\\dev_ava\\build\\tf_transformations', 'catkin_cmake_args': None, 'catkin_skip_building_tests': False, 'cmake_args': None, 'cmake_clean_cache': False, 'cmake_clean_first': False, 'cmake_force_configure': False, 'cmake_target': None, 'cmake_target_skip_unavailable': False, 'install_base': 'C:\\dev_ava\\install', 'merge_install': True, 'path': 'C:\\dev_ava\\src\\tf_transformations-main', 'symlink_install': False, 'test_result_base': None}[0m
[1.805s] [34mcolcon.colcon_core.verb[0m [1;30mLevel 5[0m set package 'ava_description' build argument 'cmake_args' from command line to 'None'
[1.805s] [34mcolcon.colcon_core.verb[0m [1;30mLevel 5[0m set package 'ava_description' build argument 'cmake_target' from command line to 'None'
[1.805s] [34mcolcon.colcon_core.verb[0m [1;30mLevel 5[0m set package 'ava_description' build argument 'cmake_target_skip_unavailable' from command line to 'False'
[1.805s] [34mcolcon.colcon_core.verb[0m [1;30mLevel 5[0m set package 'ava_description' build argument 'cmake_clean_cache' from command line to 'False'
[1.805s] [34mcolcon.colcon_core.verb[0m [1;30mLevel 5[0m set package 'ava_description' build argument 'cmake_clean_first' from command line to 'False'
[1.805s] [34mcolcon.colcon_core.verb[0m [1;30mLevel 5[0m set package 'ava_description' build argument 'cmake_force_configure' from command line to 'False'
[1.805s] [34mcolcon.colcon_core.verb[0m [1;30mLevel 5[0m set package 'ava_description' build argument 'ament_cmake_args' from command line to 'None'
[1.805s] [34mcolcon.colcon_core.verb[0m [1;30mLevel 5[0m set package 'ava_description' build argument 'catkin_cmake_args' from command line to 'None'
[1.805s] [34mcolcon.colcon_core.verb[0m [1;30mLevel 5[0m set package 'ava_description' build argument 'catkin_skip_building_tests' from command line to 'False'
[1.805s] [34mcolcon.colcon_core.verb[0m [1;30mDEBUG[0m [32mBuilding package 'ava_description' with the following arguments: {'ament_cmake_args': None, 'build_base': 'C:\\dev_ava\\build\\ava_description', 'catkin_cmake_args': None, 'catkin_skip_building_tests': False, 'cmake_args': None, 'cmake_clean_cache': False, 'cmake_clean_first': False, 'cmake_force_configure': False, 'cmake_target': None, 'cmake_target_skip_unavailable': False, 'install_base': 'C:\\dev_ava\\install', 'merge_install': True, 'path': 'C:\\dev_ava\\src\\ava_description', 'symlink_install': False, 'test_result_base': None}[0m
[1.811s] [34mcolcon.colcon_core.executor[0m [1;30mINFO[0m Executing jobs using 'parallel' executor
[1.851s] [34mcolcon.colcon_parallel_executor.executor.parallel[0m [1;30mDEBUG[0m [32mrun_until_complete[0m
[1.852s] [34mcolcon.colcon_ros.task.ament_python.build[0m [1;30mINFO[0m Building ROS package in 'C:\dev_ava\src\tf_transformations-main' with build type 'ament_python'
[1.852s] [34mcolcon.colcon_core.shell[0m [1;30mLevel 1[0m create_environment_hook('tf_transformations', 'ament_prefix_path')
[1.867s] [34mcolcon.colcon_core.plugin_system[0m [1;30mINFO[0m Skipping extension 'colcon_core.shell.sh': Not used on Windows systems
[1.868s] [34mcolcon.colcon_core.shell[0m [1;30mINFO[0m Creating environment hook 'C:\dev_ava\install\share\tf_transformations\hook\ament_prefix_path.ps1'
[1.870s] [34mcolcon.colcon_core.shell[0m [1;30mINFO[0m Creating environment hook 'C:\dev_ava\install\share\tf_transformations\hook\ament_prefix_path.bat'
[1.872s] [34mcolcon.colcon_core.shell[0m [1;30mINFO[0m Creating environment descriptor 'C:\dev_ava\install\share\tf_transformations\hook\ament_prefix_path.dsv'
[1.885s] [34mcolcon.colcon_core.shell[0m [1;30mINFO[0m Skip shell extension 'powershell' for command environment: Not usable outside of PowerShell
[1.991s] [34mcolcon.colcon_ros.task.ament_cmake.build[0m [1;30mINFO[0m Building ROS package in 'C:\dev_ava\src\ava_msgs' with build type 'ament_cmake'
[1.991s] [34mcolcon.colcon_cmake.task.cmake.build[0m [1;30mINFO[0m Building CMake package in 'C:\dev_ava\src\ava_msgs'
[2.005s] [34mcolcon.colcon_core.shell[0m [1;30mINFO[0m Skip shell extension 'powershell' for command environment: Not usable outside of PowerShell
[2.092s] [34mcolcon.colcon_ros.task.ament_python.build[0m [1;30mINFO[0m Building ROS package in 'C:\dev_ava\src\ava_teleop' with build type 'ament_python'
[2.092s] [34mcolcon.colcon_core.shell[0m [1;30mLevel 1[0m create_environment_hook('ava_teleop', 'ament_prefix_path')
[2.104s] [34mcolcon.colcon_core.shell[0m [1;30mINFO[0m Creating environment hook 'C:\dev_ava\install\share\ava_teleop\hook\ament_prefix_path.ps1'
[2.107s] [34mcolcon.colcon_core.shell[0m [1;30mINFO[0m Creating environment hook 'C:\dev_ava\install\share\ava_teleop\hook\ament_prefix_path.bat'
[2.109s] [34mcolcon.colcon_core.shell[0m [1;30mINFO[0m Creating environment descriptor 'C:\dev_ava\install\share\ava_teleop\hook\ament_prefix_path.dsv'
[2.123s] [34mcolcon.colcon_core.shell[0m [1;30mINFO[0m Skip shell extension 'powershell' for command environment: Not usable outside of PowerShell
[2.205s] [34mcolcon.colcon_ros.task.ament_python.build[0m [1;30mINFO[0m Building ROS package in 'C:\dev_ava\src\hq_bringup' with build type 'ament_python'
[2.205s] [34mcolcon.colcon_core.shell[0m [1;30mLevel 1[0m create_environment_hook('hq_bringup', 'ament_prefix_path')
[2.219s] [34mcolcon.colcon_core.shell[0m [1;30mINFO[0m Creating environment hook 'C:\dev_ava\install\share\hq_bringup\hook\ament_prefix_path.ps1'
[2.275s] [34mcolcon.colcon_core.shell[0m [1;30mINFO[0m Creating environment hook 'C:\dev_ava\install\share\hq_bringup\hook\ament_prefix_path.bat'
[2.276s] [34mcolcon.colcon_core.shell[0m [1;30mINFO[0m Creating environment descriptor 'C:\dev_ava\install\share\hq_bringup\hook\ament_prefix_path.dsv'
[2.288s] [34mcolcon.colcon_core.shell[0m [1;30mINFO[0m Skip shell extension 'powershell' for command environment: Not usable outside of PowerShell
[2.381s] [34mcolcon.colcon_core.event_handler.log_command[0m [1;30mDEBUG[0m [32mInvoking command in 'C:\dev_ava\build\ava_msgs': PUBLIC=%PUBLIC%
PyCharm Community Edition=C:\Program Files\JetBrains\PyCharm Community Edition 2020.1.3\bin; C:\opt\ros\foxy\x64\Scripts\cmake.EXE C:\dev_ava\src\ava_msgs -DCMAKE_INSTALL_PREFIX=C:\dev_ava\install[0m
[3.527s] [34mcolcon.colcon_core.task.python.build[0m [1;30mINFO[0m Building Python package in 'C:\dev_ava\src\ava_teleop'
[3.541s] [34mcolcon.colcon_core.shell[0m [1;30mINFO[0m Skip shell extension 'powershell' for command environment: Not usable outside of PowerShell
[4.612s] [34mcolcon.colcon_core.task.python.build[0m [1;30mINFO[0m Building Python package in 'C:\dev_ava\src\tf_transformations-main'
[4.622s] [34mcolcon.colcon_core.shell[0m [1;30mINFO[0m Skip shell extension 'powershell' for command environment: Not usable outside of PowerShell
[4.718s] [34mcolcon.colcon_core.event_handler.log_command[0m [1;30mDEBUG[0m [32mInvoking command in 'C:\dev_ava\src\ava_teleop': PUBLIC=%PUBLIC%
PyCharm Community Edition=C:\Program Files\JetBrains\PyCharm Community Edition 2020.1.3\bin; PYTHONPATH=C:\dev_ava\install\Lib\site-packages;%PYTHONPATH% c:\opt\ros\foxy\x64\python.exe setup.py egg_info --egg-base C:\dev_ava\build\ava_teleop build --build-base C:\dev_ava\build\ava_teleop\build install --prefix C:\dev_ava\install --record C:\dev_ava\build\ava_teleop\install.log --single-version-externally-managed[0m
[5.823s] [34mcolcon.colcon_core.task.python.build[0m [1;30mINFO[0m Building Python package in 'C:\dev_ava\src\hq_bringup'
[5.841s] [34mcolcon.colcon_core.shell[0m [1;30mINFO[0m Skip shell extension 'powershell' for command environment: Not usable outside of PowerShell
[5.968s] [34mcolcon.colcon_core.event_handler.log_command[0m [1;30mDEBUG[0m [32mInvoking command in 'C:\dev_ava\src\tf_transformations-main': PUBLIC=%PUBLIC%
PyCharm Community Edition=C:\Program Files\JetBrains\PyCharm Community Edition 2020.1.3\bin; PYTHONPATH=C:\dev_ava\install\Lib\site-packages;%PYTHONPATH% c:\opt\ros\foxy\x64\python.exe setup.py egg_info --egg-base C:\dev_ava\build\tf_transformations build --build-base C:\dev_ava\build\tf_transformations\build install --prefix C:\dev_ava\install --record C:\dev_ava\build\tf_transformations\install.log --single-version-externally-managed[0m
[6.019s] [34mcolcon.colcon_core.event_handler.log_command[0m [1;30mDEBUG[0m [32mInvoking command in 'C:\dev_ava\src\hq_bringup': PUBLIC=%PUBLIC%
PyCharm Community Edition=C:\Program Files\JetBrains\PyCharm Community Edition 2020.1.3\bin; PYTHONPATH=C:\dev_ava\install\Lib\site-packages;%PYTHONPATH% c:\opt\ros\foxy\x64\python.exe setup.py egg_info --egg-base C:\dev_ava\build\hq_bringup build --build-base C:\dev_ava\build\hq_bringup\build install --prefix C:\dev_ava\install --record C:\dev_ava\build\hq_bringup\install.log --single-version-externally-managed[0m
[6.321s] [34mcolcon.colcon_core.event_handler.log_command[0m [1;30mDEBUG[0m [32mInvoked command in 'C:\dev_ava\src\ava_teleop' returned '1': PUBLIC=%PUBLIC%
PyCharm Community Edition=C:\Program Files\JetBrains\PyCharm Community Edition 2020.1.3\bin; PYTHONPATH=C:\dev_ava\install\Lib\site-packages;%PYTHONPATH% c:\opt\ros\foxy\x64\python.exe setup.py egg_info --egg-base C:\dev_ava\build\ava_teleop build --build-base C:\dev_ava\build\ava_teleop\build install --prefix C:\dev_ava\install --record C:\dev_ava\build\ava_teleop\install.log --single-version-externally-managed[0m
[10.281s] [34mcolcon.colcon_parallel_executor.executor.parallel[0m [1;30mDEBUG[0m [32mrun_until_complete finished with '1'[0m
[10.281s] [34mcolcon.colcon_core.event_reactor[0m [1;30mDEBUG[0m [32mjoining thread[0m
[10.303s] [34mcolcon.colcon_core.plugin_system[0m [1;30mINFO[0m Skipping extension 'colcon_notification.desktop_notification.notify2': 'notify2' not found
[10.303s] [34mcolcon.colcon_core.plugin_system[0m [1;30mINFO[0m Skipping extension 'colcon_notification.desktop_notification.notify_send': Not used on non-Linux systems
[10.303s] [34mcolcon.colcon_core.plugin_system[0m [1;30mINFO[0m Skipping extension 'colcon_notification.desktop_notification.terminal_notifier': Not used on non-Darwin systems
[10.303s] [34mcolcon.colcon_notification.desktop_notification[0m [1;30mINFO[0m Sending desktop notification using 'win32'
[15.417s] [34mcolcon.colcon_core.event_reactor[0m [1;30mDEBUG[0m [32mjoined thread[0m
[15.427s] [34mcolcon.colcon_core.shell[0m [1;30mINFO[0m Creating prefix script 'C:\dev_ava\install\local_setup.ps1'
[15.430s] [34mcolcon.colcon_core.shell[0m [1;30mINFO[0m Creating prefix util module 'C:\dev_ava\install\_local_setup_util_ps1.py'
[15.434s] [34mcolcon.colcon_core.shell[0m [1;30mINFO[0m Creating prefix chain script 'C:\dev_ava\install\setup.ps1'
[15.448s] [34mcolcon.colcon_core.shell[0m [1;30mINFO[0m Creating prefix script 'C:\dev_ava\install\local_setup.bat'
[15.450s] [34mcolcon.colcon_core.shell[0m [1;30mINFO[0m Creating prefix util module 'C:\dev_ava\install\_local_setup_util_bat.py'
[15.452s] [34mcolcon.colcon_core.shell[0m [1;30mINFO[0m Creating prefix chain script 'C:\dev_ava\install\setup.bat'
