[4.840s] Invoking command in '/root/dev_ava/src/ava_control': AMENT_PREFIX_PATH=/root/dev_ava/install/tf_transformations:/root/dev_ava/install/ava_driver:/root/dev_ava/install/ava_control:/root/dev_ava/install/rplidar_ros2:/root/dev_ava/install/ava_msgs:/root/dev_ava/install/ava_bringup:/opt/ros/foxy PYTHONPATH=/root/dev_ava/install/ava_control/lib/python3.8/site-packages:/root/dev_ava/install/tf_transformations/lib/python3.8/site-packages:/root/dev_ava/install/ava_driver/lib/python3.8/site-packages:/root/dev_ava/install/ava_control/lib/python3.8/site-packages:/root/dev_ava/install/ava_msgs/lib/python3.8/site-packages:/root/dev_ava/install/ava_kinematics/lib/python3.8/site-packages:/root/dev_ava/install/ava_bringup/lib/python3.8/site-packages:/opt/ros/foxy/lib/python3.8/site-packages /usr/bin/python3 setup.py egg_info --egg-base ../../build/ava_control build --build-base /root/dev_ava/build/ava_control/build install --prefix /root/dev_ava/install/ava_control --record /root/dev_ava/build/ava_control/install.log --single-version-externally-managed
[6.012s] running egg_info
[6.014s] writing ../../build/ava_control/ava_control.egg-info/PKG-INFO
[6.017s] writing dependency_links to ../../build/ava_control/ava_control.egg-info/dependency_links.txt
[6.018s] writing entry points to ../../build/ava_control/ava_control.egg-info/entry_points.txt
[6.019s] writing requirements to ../../build/ava_control/ava_control.egg-info/requires.txt
[6.019s] writing top-level names to ../../build/ava_control/ava_control.egg-info/top_level.txt
[6.219s] reading manifest file '../../build/ava_control/ava_control.egg-info/SOURCES.txt'
[6.223s] writing manifest file '../../build/ava_control/ava_control.egg-info/SOURCES.txt'
[6.224s] running build
[6.225s] running build_py
[6.226s] running install
[6.229s] running install_lib
[6.236s] running install_data
[6.239s] running install_egg_info
[6.247s] removing '/root/dev_ava/install/ava_control/lib/python3.8/site-packages/ava_control-0.0.0-py3.8.egg-info' (and everything under it)
[6.251s] Copying ../../build/ava_control/ava_control.egg-info to /root/dev_ava/install/ava_control/lib/python3.8/site-packages/ava_control-0.0.0-py3.8.egg-info
[6.261s] running install_scripts
[6.351s] Installing ava_control script to /root/dev_ava/install/ava_control/lib/ava_control
[6.351s] Installing ava_gait script to /root/dev_ava/install/ava_control/lib/ava_control
[6.363s] Installing ava_motion script to /root/dev_ava/install/ava_control/lib/ava_control
[6.363s] writing list of installed files to '/root/dev_ava/build/ava_control/install.log'
[6.465s] Invoked command in '/root/dev_ava/src/ava_control' returned '0': AMENT_PREFIX_PATH=/root/dev_ava/install/tf_transformations:/root/dev_ava/install/ava_driver:/root/dev_ava/install/ava_control:/root/dev_ava/install/rplidar_ros2:/root/dev_ava/install/ava_msgs:/root/dev_ava/install/ava_bringup:/opt/ros/foxy PYTHONPATH=/root/dev_ava/install/ava_control/lib/python3.8/site-packages:/root/dev_ava/install/tf_transformations/lib/python3.8/site-packages:/root/dev_ava/install/ava_driver/lib/python3.8/site-packages:/root/dev_ava/install/ava_control/lib/python3.8/site-packages:/root/dev_ava/install/ava_msgs/lib/python3.8/site-packages:/root/dev_ava/install/ava_kinematics/lib/python3.8/site-packages:/root/dev_ava/install/ava_bringup/lib/python3.8/site-packages:/opt/ros/foxy/lib/python3.8/site-packages /usr/bin/python3 setup.py egg_info --egg-base ../../build/ava_control build --build-base /root/dev_ava/build/ava_control/build install --prefix /root/dev_ava/install/ava_control --record /root/dev_ava/build/ava_control/install.log --single-version-externally-managed
