[2.625s] Invoking command in 'C:\dev_ava\src\ava_teleop': PUBLIC=%PUBLIC%
PyCharm Community Edition=C:\Program Files\JetBrains\PyCharm Community Edition 2020.1.3\bin; PYTHONPATH=C:\dev_ava\install\Lib\site-packages;%PYTHONPATH% c:\opt\ros\foxy\x64\python.exe setup.py egg_info --egg-base C:\dev_ava\build\ava_teleop build --build-base C:\dev_ava\build\ava_teleop\build install --prefix C:\dev_ava\install --record C:\dev_ava\build\ava_teleop\install.log --single-version-externally-managed
[3.859s] running egg_info
[3.859s] writing C:\dev_ava\build\ava_teleop\ava_teleop.egg-info\PKG-INFO
[3.859s] writing dependency_links to C:\dev_ava\build\ava_teleop\ava_teleop.egg-info\dependency_links.txt
[3.859s] writing entry points to C:\dev_ava\build\ava_teleop\ava_teleop.egg-info\entry_points.txt
[3.859s] writing requirements to C:\dev_ava\build\ava_teleop\ava_teleop.egg-info\requires.txt
[3.859s] writing top-level names to C:\dev_ava\build\ava_teleop\ava_teleop.egg-info\top_level.txt
[3.859s] reading manifest file 'C:\dev_ava\build\ava_teleop\ava_teleop.egg-info\SOURCES.txt'
[3.859s] writing manifest file 'C:\dev_ava\build\ava_teleop\ava_teleop.egg-info\SOURCES.txt'
[3.859s] running build
[3.859s] running build_py
[3.859s] copying ava_teleop\ava_teleop_joy.py -> C:\dev_ava\build\ava_teleop\build\lib\ava_teleop
[3.859s] running install
[3.859s] running install_lib
[3.859s] copying C:\dev_ava\build\ava_teleop\build\lib\ava_teleop\ava_teleop_joy.py -> C:\dev_ava\install\Lib\site-packages\ava_teleop
[3.859s] writing byte-compilation script 'C:\Users\matth\AppData\Local\Temp\tmps4mn4ycb.py'
[3.859s] c:\opt\ros\foxy\x64\python.exe C:\Users\matth\AppData\Local\Temp\tmps4mn4ycb.py
[4.016s] removing C:\Users\matth\AppData\Local\Temp\tmps4mn4ycb.py
[4.016s] running install_data
[4.031s] running install_egg_info
[4.031s] removing 'C:\dev_ava\install\Lib\site-packages\ava_teleop-0.0.0-py3.8.egg-info' (and everything under it)
[4.047s] Copying C:\dev_ava\build\ava_teleop\ava_teleop.egg-info to C:\dev_ava\install\Lib\site-packages\ava_teleop-0.0.0-py3.8.egg-info
[4.094s] running install_scripts
[4.172s] Installing ava_teleop_joy-script.py script to C:\dev_ava\install\lib\ava_teleop
[4.172s] Installing ava_teleop_joy.exe script to C:\dev_ava\install\lib\ava_teleop
[4.172s] error: [Errno 13] Permission denied: 'C:\\dev_ava\\install\\lib\\ava_teleop\\ava_teleop_joy.exe'
[4.219s] Invoked command in 'C:\dev_ava\src\ava_teleop' returned '1': PUBLIC=%PUBLIC%
PyCharm Community Edition=C:\Program Files\JetBrains\PyCharm Community Edition 2020.1.3\bin; PYTHONPATH=C:\dev_ava\install\Lib\site-packages;%PYTHONPATH% c:\opt\ros\foxy\x64\python.exe setup.py egg_info --egg-base C:\dev_ava\build\ava_teleop build --build-base C:\dev_ava\build\ava_teleop\build install --prefix C:\dev_ava\install --record C:\dev_ava\build\ava_teleop\install.log --single-version-externally-managed
