[3.796s] Invoking command in 'C:\dev_ava\src\hq_bringup': PUBLIC=%PUBLIC%
PyCharm Community Edition=C:\Program Files\JetBrains\PyCharm Community Edition 2020.1.3\bin; PYTHONPATH=C:\dev_ava\install\Lib\site-packages;%PYTHONPATH% c:\opt\ros\foxy\x64\python.exe setup.py egg_info --egg-base C:\dev_ava\build\hq_bringup build --build-base C:\dev_ava\build\hq_bringup\build install --prefix C:\dev_ava\install --record C:\dev_ava\build\hq_bringup\install.log --single-version-externally-managed
[5.937s] running egg_info
[5.937s] writing C:\dev_ava\build\hq_bringup\hq_bringup.egg-info\PKG-INFO
[5.937s] writing dependency_links to C:\dev_ava\build\hq_bringup\hq_bringup.egg-info\dependency_links.txt
[5.937s] writing entry points to C:\dev_ava\build\hq_bringup\hq_bringup.egg-info\entry_points.txt
[5.937s] writing requirements to C:\dev_ava\build\hq_bringup\hq_bringup.egg-info\requires.txt
[5.937s] writing top-level names to C:\dev_ava\build\hq_bringup\hq_bringup.egg-info\top_level.txt
[5.937s] reading manifest file 'C:\dev_ava\build\hq_bringup\hq_bringup.egg-info\SOURCES.txt'
[5.937s] writing manifest file 'C:\dev_ava\build\hq_bringup\hq_bringup.egg-info\SOURCES.txt'
[5.937s] running build
[5.937s] running build_py
[5.953s] running install
[5.953s] running install_lib
[5.953s] writing byte-compilation script 'C:\Users\matth\AppData\Local\Temp\tmp7e5lwyfb.py'
[5.953s] c:\opt\ros\foxy\x64\python.exe C:\Users\matth\AppData\Local\Temp\tmp7e5lwyfb.py
[5.953s] removing C:\Users\matth\AppData\Local\Temp\tmp7e5lwyfb.py
[5.953s] running install_data
[5.953s] running install_egg_info
[5.953s] removing 'C:\dev_ava\install\Lib\site-packages\hq_bringup-0.0.0-py3.8.egg-info' (and everything under it)
[5.953s] Copying C:\dev_ava\build\hq_bringup\hq_bringup.egg-info to C:\dev_ava\install\Lib\site-packages\hq_bringup-0.0.0-py3.8.egg-info
[5.953s] running install_scripts
[5.953s] writing list of installed files to 'C:\dev_ava\build\hq_bringup\install.log'
[5.953s] Invoked command in 'C:\dev_ava\src\hq_bringup' returned '0': PUBLIC=%PUBLIC%
PyCharm Community Edition=C:\Program Files\JetBrains\PyCharm Community Edition 2020.1.3\bin; PYTHONPATH=C:\dev_ava\install\Lib\site-packages;%PYTHONPATH% c:\opt\ros\foxy\x64\python.exe setup.py egg_info --egg-base C:\dev_ava\build\hq_bringup build --build-base C:\dev_ava\build\hq_bringup\build install --prefix C:\dev_ava\install --record C:\dev_ava\build\hq_bringup\install.log --single-version-externally-managed
