running egg_info
writing C:\dev_ava\build\ava_teleop\ava_teleop.egg-info\PKG-INFO
writing dependency_links to C:\dev_ava\build\ava_teleop\ava_teleop.egg-info\dependency_links.txt
writing entry points to C:\dev_ava\build\ava_teleop\ava_teleop.egg-info\entry_points.txt
writing requirements to C:\dev_ava\build\ava_teleop\ava_teleop.egg-info\requires.txt
writing top-level names to C:\dev_ava\build\ava_teleop\ava_teleop.egg-info\top_level.txt
reading manifest file 'C:\dev_ava\build\ava_teleop\ava_teleop.egg-info\SOURCES.txt'
writing manifest file 'C:\dev_ava\build\ava_teleop\ava_teleop.egg-info\SOURCES.txt'
running build
running build_py
copying ava_teleop\ava_teleop_joy.py -> C:\dev_ava\build\ava_teleop\build\lib\ava_teleop
running install
running install_lib
copying C:\dev_ava\build\ava_teleop\build\lib\ava_teleop\ava_teleop_joy.py -> C:\dev_ava\install\Lib\site-packages\ava_teleop
writing byte-compilation script 'C:\Users\matth\AppData\Local\Temp\tmpexpz3vux.py'
c:\opt\ros\foxy\x64\python.exe C:\Users\matth\AppData\Local\Temp\tmpexpz3vux.py
removing C:\Users\matth\AppData\Local\Temp\tmpexpz3vux.py
running install_data
running install_egg_info
removing 'C:\dev_ava\install\Lib\site-packages\ava_teleop-0.0.0-py3.8.egg-info' (and everything under it)
Copying C:\dev_ava\build\ava_teleop\ava_teleop.egg-info to C:\dev_ava\install\Lib\site-packages\ava_teleop-0.0.0-py3.8.egg-info
running install_scripts
Installing ava_teleop_joy-script.py script to C:\dev_ava\install\lib\ava_teleop
Installing ava_teleop_joy.exe script to C:\dev_ava\install\lib\ava_teleop
writing list of installed files to 'C:\dev_ava\build\ava_teleop\install.log'
