[3.281s] Invoking command in 'C:\dev_ava\src\tf_transformations-main': PUBLIC=%PUBLIC%
PyCharm Community Edition=C:\Program Files\JetBrains\PyCharm Community Edition 2020.1.3\bin; PYTHONPATH=C:\dev_ava\install\Lib\site-packages;%PYTHONPATH% c:\opt\ros\foxy\x64\python.exe setup.py egg_info --egg-base C:\dev_ava\build\tf_transformations build --build-base C:\dev_ava\build\tf_transformations\build install --prefix C:\dev_ava\install --record C:\dev_ava\build\tf_transformations\install.log --single-version-externally-managed
[4.390s] running egg_info
[4.390s] creating C:\dev_ava\build\tf_transformations\tf_transformations.egg-info
[4.390s] writing C:\dev_ava\build\tf_transformations\tf_transformations.egg-info\PKG-INFO
[4.406s] writing dependency_links to C:\dev_ava\build\tf_transformations\tf_transformations.egg-info\dependency_links.txt
[4.406s] writing requirements to C:\dev_ava\build\tf_transformations\tf_transformations.egg-info\requires.txt
[4.406s] writing top-level names to C:\dev_ava\build\tf_transformations\tf_transformations.egg-info\top_level.txt
[4.406s] writing manifest file 'C:\dev_ava\build\tf_transformations\tf_transformations.egg-info\SOURCES.txt'
[4.453s] reading manifest file 'C:\dev_ava\build\tf_transformations\tf_transformations.egg-info\SOURCES.txt'
[4.453s] writing manifest file 'C:\dev_ava\build\tf_transformations\tf_transformations.egg-info\SOURCES.txt'
[4.453s] running build
[4.453s] running build_py
[4.453s] creating C:\dev_ava\build\tf_transformations\build
[4.469s] creating C:\dev_ava\build\tf_transformations\build\lib
[4.469s] creating C:\dev_ava\build\tf_transformations\build\lib\tf_transformations
[4.469s] copying tf_transformations\__init__.py -> C:\dev_ava\build\tf_transformations\build\lib\tf_transformations
[4.469s] running install
[4.469s] running install_lib
[4.469s] creating C:\dev_ava\install\Lib\site-packages\tf_transformations
[4.469s] copying C:\dev_ava\build\tf_transformations\build\lib\tf_transformations\__init__.py -> C:\dev_ava\install\Lib\site-packages\tf_transformations
[4.515s] writing byte-compilation script 'C:\Users\matth\AppData\Local\Temp\tmpent4yigq.py'
[4.515s] c:\opt\ros\foxy\x64\python.exe C:\Users\matth\AppData\Local\Temp\tmpent4yigq.py
[4.687s] removing C:\Users\matth\AppData\Local\Temp\tmpent4yigq.py
[4.687s] running install_data
[4.687s] copying resource\tf_transformations -> C:\dev_ava\install\share\ament_index\resource_index\packages
[4.687s] copying package.xml -> C:\dev_ava\install\share\tf_transformations
[4.687s] running install_egg_info
[4.703s] Copying C:\dev_ava\build\tf_transformations\tf_transformations.egg-info to C:\dev_ava\install\Lib\site-packages\tf_transformations-1.0.0-py3.8.egg-info
[4.734s] running install_scripts
[4.875s] writing list of installed files to 'C:\dev_ava\build\tf_transformations\install.log'
[4.875s] Invoked command in 'C:\dev_ava\src\tf_transformations-main' returned '0': PUBLIC=%PUBLIC%
PyCharm Community Edition=C:\Program Files\JetBrains\PyCharm Community Edition 2020.1.3\bin; PYTHONPATH=C:\dev_ava\install\Lib\site-packages;%PYTHONPATH% c:\opt\ros\foxy\x64\python.exe setup.py egg_info --egg-base C:\dev_ava\build\tf_transformations build --build-base C:\dev_ava\build\tf_transformations\build install --prefix C:\dev_ava\install --record C:\dev_ava\build\tf_transformations\install.log --single-version-externally-managed
