[2.750s] Invoking command in 'C:\dev_ava\src\tf_transformations-main': PUBLIC=%PUBLIC%
PyCharm Community Edition=C:\Program Files\JetBrains\PyCharm Community Edition 2020.1.3\bin; PYTHONPATH=C:\dev_ava\install\Lib\site-packages;%PYTHONPATH% c:\opt\ros\foxy\x64\python.exe setup.py egg_info --egg-base C:\dev_ava\build\tf_transformations build --build-base C:\dev_ava\build\tf_transformations\build install --prefix C:\dev_ava\install --record C:\dev_ava\build\tf_transformations\install.log --single-version-externally-managed
[3.875s] running egg_info
[3.875s] writing C:\dev_ava\build\tf_transformations\tf_transformations.egg-info\PKG-INFO
[3.875s] writing dependency_links to C:\dev_ava\build\tf_transformations\tf_transformations.egg-info\dependency_links.txt
[3.891s] writing requirements to C:\dev_ava\build\tf_transformations\tf_transformations.egg-info\requires.txt
[3.891s] writing top-level names to C:\dev_ava\build\tf_transformations\tf_transformations.egg-info\top_level.txt
[3.891s] reading manifest file 'C:\dev_ava\build\tf_transformations\tf_transformations.egg-info\SOURCES.txt'
[3.891s] writing manifest file 'C:\dev_ava\build\tf_transformations\tf_transformations.egg-info\SOURCES.txt'
[3.891s] running build
[3.891s] running build_py
[3.891s] running install
[3.891s] running install_lib
[3.891s] writing byte-compilation script 'C:\Users\matth\AppData\Local\Temp\tmp2gq4ge1n.py'
[3.891s] c:\opt\ros\foxy\x64\python.exe C:\Users\matth\AppData\Local\Temp\tmp2gq4ge1n.py
[3.985s] removing C:\Users\matth\AppData\Local\Temp\tmp2gq4ge1n.py
[3.985s] running install_data
[3.985s] running install_egg_info
[4.000s] removing 'C:\dev_ava\install\Lib\site-packages\tf_transformations-1.0.0-py3.8.egg-info' (and everything under it)
[4.000s] Copying C:\dev_ava\build\tf_transformations\tf_transformations.egg-info to C:\dev_ava\install\Lib\site-packages\tf_transformations-1.0.0-py3.8.egg-info
[4.031s] running install_scripts
[4.094s] writing list of installed files to 'C:\dev_ava\build\tf_transformations\install.log'
[4.141s] Invoked command in 'C:\dev_ava\src\tf_transformations-main' returned '0': PUBLIC=%PUBLIC%
PyCharm Community Edition=C:\Program Files\JetBrains\PyCharm Community Edition 2020.1.3\bin; PYTHONPATH=C:\dev_ava\install\Lib\site-packages;%PYTHONPATH% c:\opt\ros\foxy\x64\python.exe setup.py egg_info --egg-base C:\dev_ava\build\tf_transformations build --build-base C:\dev_ava\build\tf_transformations\build install --prefix C:\dev_ava\install --record C:\dev_ava\build\tf_transformations\install.log --single-version-externally-managed
