[2.192s] Invoking command in '/root/dev_ava/build/ava_msgs': CMAKE_PREFIX_PATH=/opt/ros/foxy /usr/bin/cmake /root/dev_ava/src/ava_msgs -DCMAKE_INSTALL_PREFIX=/root/dev_ava/install/ava_msgs
[3.012s] -- The C compiler identification is GNU 9.4.0
[3.503s] -- The CXX compiler identification is GNU 9.4.0
[3.537s] -- Check for working C compiler: /usr/bin/cc
[3.949s] -- Check for working C compiler: /usr/bin/cc -- works
[3.957s] -- Detecting C compiler ABI info
[4.333s] -- Detecting C compiler ABI info - done
[4.390s] -- Detecting C compile features
[4.393s] -- Detecting C compile features - done
[4.407s] -- Check for working CXX compiler: /usr/bin/c++
[4.768s] -- Check for working CXX compiler: /usr/bin/c++ -- works
[4.772s] -- Detecting CXX compiler ABI info
[5.170s] -- Detecting CXX compiler ABI info - done
[5.224s] -- Detecting CXX compile features
[5.225s] -- Detecting CXX compile features - done
[5.243s] -- Found ament_cmake: 0.9.9 (/opt/ros/foxy/share/ament_cmake/cmake)
[5.342s] -- Found PythonInterp: /usr/bin/python3 (found suitable version "3.8.10", minimum required is "3") 
[5.343s] -- Using PYTHON_EXECUTABLE: /usr/bin/python3
[6.155s] -- Found rosidl_default_generators: 1.0.1 (/opt/ros/foxy/share/rosidl_default_generators/cmake)
[6.178s] -- Using all available rosidl_typesupport_c: rosidl_typesupport_fastrtps_c;rosidl_typesupport_introspection_c
[6.223s] -- Found rosidl_adapter: 1.2.1 (/opt/ros/foxy/share/rosidl_adapter/cmake)
[6.611s] -- Found OpenSSL: /usr/lib/aarch64-linux-gnu/libcrypto.so (found version "1.1.1f")  
[6.699s] -- Found FastRTPS: /opt/ros/foxy/include  
[7.086s] -- Using all available rosidl_typesupport_cpp: rosidl_typesupport_fastrtps_cpp;rosidl_typesupport_introspection_cpp
[7.343s] -- Found PythonInterp: /usr/bin/python3 (found version "3.8.10") 
[8.036s] -- Found ament_cmake_ros: 0.9.2 (/opt/ros/foxy/share/ament_cmake_ros/cmake)
[8.491s] -- Using all available rosidl_typesupport_c: rosidl_typesupport_fastrtps_c;rosidl_typesupport_introspection_c
[8.557s] -- Using all available rosidl_typesupport_cpp: rosidl_typesupport_fastrtps_cpp;rosidl_typesupport_introspection_cpp
[8.672s] -- Found PythonInterp: /usr/bin/python3 (found suitable version "3.8.10", minimum required is "3.5") 
[8.690s] -- Found python_cmake_module: 0.8.1 (/opt/ros/foxy/share/python_cmake_module/cmake)
[8.784s] -- Found PythonLibs: /usr/lib/aarch64-linux-gnu/libpython3.8.so (found suitable version "3.8.10", minimum required is "3.5") 
[8.785s] -- Using PYTHON_EXECUTABLE: /usr/bin/python3
[8.786s] -- Using PYTHON_INCLUDE_DIRS: /usr/include/python3.8
[8.787s] -- Using PYTHON_LIBRARIES: /usr/lib/aarch64-linux-gnu/libpython3.8.so
[8.857s] -- Found PythonExtra: .so  
[9.083s] -- Found ament_lint_auto: 0.9.6 (/opt/ros/foxy/share/ament_lint_auto/cmake)
[9.288s] -- Added test 'copyright' to check source files copyright and LICENSE
[9.303s] -- Added test 'lint_cmake' to check CMake code style
[9.318s] -- Added test 'xmllint' to check XML markup files
[9.351s] -- Configuring done
[9.566s] -- Generating done
[9.579s] -- Build files have been written to: /root/dev_ava/build/ava_msgs
[9.623s] Invoked command in '/root/dev_ava/build/ava_msgs' returned '0': CMAKE_PREFIX_PATH=/opt/ros/foxy /usr/bin/cmake /root/dev_ava/src/ava_msgs -DCMAKE_INSTALL_PREFIX=/root/dev_ava/install/ava_msgs
[9.625s] Invoking command in '/root/dev_ava/build/ava_msgs': CMAKE_PREFIX_PATH=/opt/ros/foxy /usr/bin/cmake --build /root/dev_ava/build/ava_msgs -- -j4 -l4
[9.871s] [35m[1mScanning dependencies of target ava_msgs__cpp[0m
[9.886s] [  1%] [34m[1mGenerating C code for ROS interfaces[0m
[9.925s] [  3%] [34m[1mGenerating C++ code for ROS interfaces[0m
[12.097s] [  3%] Built target ava_msgs__cpp
[12.156s] [  4%] [34m[1mGenerating C++ type support dispatch for ROS interfaces[0m
[12.174s] [  6%] [34m[1mGenerating C++ type support for eProsima Fast-RTPS[0m
[12.559s] [  7%] [34m[1mGenerating C++ introspection for ROS interfaces[0m
[12.579s] [35m[1mScanning dependencies of target ava_msgs__rosidl_generator_c[0m
[12.653s] [  9%] [32mBuilding C object CMakeFiles/ava_msgs__rosidl_generator_c.dir/rosidl_generator_c/ava_msgs/msg/detail/leg_position__functions.c.o[0m
[13.017s] [ 11%] [32mBuilding C object CMakeFiles/ava_msgs__rosidl_generator_c.dir/rosidl_generator_c/ava_msgs/msg/detail/ava_pose__functions.c.o[0m
[13.188s] [ 12%] [32mBuilding C object CMakeFiles/ava_msgs__rosidl_generator_c.dir/rosidl_generator_c/ava_msgs/msg/detail/ava_command__functions.c.o[0m
[13.378s] [ 14%] [32mBuilding C object CMakeFiles/ava_msgs__rosidl_generator_c.dir/rosidl_generator_c/ava_msgs/msg/detail/velocity__functions.c.o[0m
[13.907s] [ 15%] [32mBuilding C object CMakeFiles/ava_msgs__rosidl_generator_c.dir/rosidl_generator_c/ava_msgs/msg/detail/ava_info__functions.c.o[0m
[14.178s] [35m[1mScanning dependencies of target ava_msgs__rosidl_typesupport_cpp[0m
[14.290s] [ 17%] [32mBuilding CXX object CMakeFiles/ava_msgs__rosidl_typesupport_cpp.dir/rosidl_typesupport_cpp/ava_msgs/msg/leg_position__type_support.cpp.o[0m
[14.400s] [ 19%] [32m[1mLinking C shared library libava_msgs__rosidl_generator_c.so[0m
[14.690s] [ 19%] Built target ava_msgs__rosidl_generator_c
[14.813s] [ 20%] [34m[1mGenerating C type support dispatch for ROS interfaces[0m
[15.355s] [35m[1mScanning dependencies of target ava_msgs__rosidl_typesupport_fastrtps_cpp[0m
[15.659s] [ 22%] [32mBuilding CXX object CMakeFiles/ava_msgs__rosidl_typesupport_fastrtps_cpp.dir/rosidl_typesupport_fastrtps_cpp/ava_msgs/msg/detail/dds_fastrtps/leg_position__type_support.cpp.o[0m
[16.539s] [ 23%] [32mBuilding CXX object CMakeFiles/ava_msgs__rosidl_typesupport_cpp.dir/rosidl_typesupport_cpp/ava_msgs/msg/ava_pose__type_support.cpp.o[0m
[16.679s] [35m[1mScanning dependencies of target ava_msgs__rosidl_typesupport_introspection_cpp[0m
[16.886s] [ 25%] [32mBuilding CXX object CMakeFiles/ava_msgs__rosidl_typesupport_introspection_cpp.dir/rosidl_typesupport_introspection_cpp/ava_msgs/msg/detail/leg_position__type_support.cpp.o[0m
[18.250s] [35m[1mScanning dependencies of target ava_msgs__rosidl_typesupport_c[0m
[18.380s] [ 26%] [32mBuilding CXX object CMakeFiles/ava_msgs__rosidl_typesupport_c.dir/rosidl_typesupport_c/ava_msgs/msg/leg_position__type_support.cpp.o[0m
[18.539s] [ 28%] [32mBuilding CXX object CMakeFiles/ava_msgs__rosidl_typesupport_c.dir/rosidl_typesupport_c/ava_msgs/msg/ava_pose__type_support.cpp.o[0m
[18.678s] [ 30%] [32mBuilding CXX object CMakeFiles/ava_msgs__rosidl_typesupport_c.dir/rosidl_typesupport_c/ava_msgs/msg/ava_command__type_support.cpp.o[0m
[18.831s] [ 31%] [32mBuilding CXX object CMakeFiles/ava_msgs__rosidl_typesupport_c.dir/rosidl_typesupport_c/ava_msgs/msg/velocity__type_support.cpp.o[0m
[19.186s] [ 33%] [32mBuilding CXX object CMakeFiles/ava_msgs__rosidl_typesupport_c.dir/rosidl_typesupport_c/ava_msgs/msg/ava_info__type_support.cpp.o[0m
[19.508s] [ 34%] [32mBuilding CXX object CMakeFiles/ava_msgs__rosidl_typesupport_cpp.dir/rosidl_typesupport_cpp/ava_msgs/msg/ava_command__type_support.cpp.o[0m
[19.523s] [ 36%] [32m[1mLinking CXX shared library libava_msgs__rosidl_typesupport_c.so[0m
[19.651s] [ 38%] [32mBuilding CXX object CMakeFiles/ava_msgs__rosidl_typesupport_fastrtps_cpp.dir/rosidl_typesupport_fastrtps_cpp/ava_msgs/msg/detail/dds_fastrtps/ava_pose__type_support.cpp.o[0m
[19.881s] [ 38%] Built target ava_msgs__rosidl_typesupport_c
[19.991s] [ 39%] [34m[1mGenerating C introspection for ROS interfaces[0m
[20.148s] [ 41%] [32mBuilding CXX object CMakeFiles/ava_msgs__rosidl_typesupport_introspection_cpp.dir/rosidl_typesupport_introspection_cpp/ava_msgs/msg/detail/ava_pose__type_support.cpp.o[0m
[21.734s] [ 42%] [32mBuilding CXX object CMakeFiles/ava_msgs__rosidl_typesupport_cpp.dir/rosidl_typesupport_cpp/ava_msgs/msg/velocity__type_support.cpp.o[0m
[22.253s] [ 44%] [32mBuilding CXX object CMakeFiles/ava_msgs__rosidl_typesupport_introspection_cpp.dir/rosidl_typesupport_introspection_cpp/ava_msgs/msg/detail/ava_command__type_support.cpp.o[0m
[22.695s] [ 46%] [32mBuilding CXX object CMakeFiles/ava_msgs__rosidl_typesupport_fastrtps_cpp.dir/rosidl_typesupport_fastrtps_cpp/ava_msgs/msg/detail/dds_fastrtps/ava_command__type_support.cpp.o[0m
[23.787s] [ 47%] [32mBuilding CXX object CMakeFiles/ava_msgs__rosidl_typesupport_cpp.dir/rosidl_typesupport_cpp/ava_msgs/msg/ava_info__type_support.cpp.o[0m
[23.819s] [35m[1mScanning dependencies of target ava_msgs__rosidl_typesupport_introspection_c[0m
[23.961s] [ 49%] [32mBuilding C object CMakeFiles/ava_msgs__rosidl_typesupport_introspection_c.dir/rosidl_typesupport_introspection_c/ava_msgs/msg/detail/leg_position__type_support.c.o[0m
[24.015s] [ 50%] [32mBuilding CXX object CMakeFiles/ava_msgs__rosidl_typesupport_introspection_cpp.dir/rosidl_typesupport_introspection_cpp/ava_msgs/msg/detail/velocity__type_support.cpp.o[0m
[24.277s] [ 52%] [32mBuilding C object CMakeFiles/ava_msgs__rosidl_typesupport_introspection_c.dir/rosidl_typesupport_introspection_c/ava_msgs/msg/detail/ava_pose__type_support.c.o[0m
[24.607s] [ 53%] [32mBuilding C object CMakeFiles/ava_msgs__rosidl_typesupport_introspection_c.dir/rosidl_typesupport_introspection_c/ava_msgs/msg/detail/ava_command__type_support.c.o[0m
[24.873s] [ 55%] [32mBuilding C object CMakeFiles/ava_msgs__rosidl_typesupport_introspection_c.dir/rosidl_typesupport_introspection_c/ava_msgs/msg/detail/velocity__type_support.c.o[0m
[25.085s] [ 57%] [32mBuilding C object CMakeFiles/ava_msgs__rosidl_typesupport_introspection_c.dir/rosidl_typesupport_introspection_c/ava_msgs/msg/detail/ava_info__type_support.c.o[0m
[25.285s] [ 58%] [32m[1mLinking CXX shared library libava_msgs__rosidl_typesupport_cpp.so[0m
[25.363s] [ 60%] [32m[1mLinking C shared library libava_msgs__rosidl_typesupport_introspection_c.so[0m
[25.496s] [ 61%] [32mBuilding CXX object CMakeFiles/ava_msgs__rosidl_typesupport_fastrtps_cpp.dir/rosidl_typesupport_fastrtps_cpp/ava_msgs/msg/detail/dds_fastrtps/velocity__type_support.cpp.o[0m
[25.643s] [ 61%] Built target ava_msgs__rosidl_typesupport_introspection_c
[25.669s] [ 61%] Built target ava_msgs__rosidl_typesupport_cpp
[25.748s] [ 63%] [32mBuilding CXX object CMakeFiles/ava_msgs__rosidl_typesupport_fastrtps_cpp.dir/rosidl_typesupport_fastrtps_cpp/ava_msgs/msg/detail/dds_fastrtps/ava_info__type_support.cpp.o[0m
[25.761s] [ 65%] [32mBuilding CXX object CMakeFiles/ava_msgs__rosidl_typesupport_introspection_cpp.dir/rosidl_typesupport_introspection_cpp/ava_msgs/msg/detail/ava_info__type_support.cpp.o[0m
[27.247s] [ 66%] [32m[1mLinking CXX shared library libava_msgs__rosidl_typesupport_introspection_cpp.so[0m
[27.600s] [ 66%] Built target ava_msgs__rosidl_typesupport_introspection_cpp
[27.871s] [ 68%] [32m[1mLinking CXX shared library libava_msgs__rosidl_typesupport_fastrtps_cpp.so[0m
[28.176s] [ 68%] Built target ava_msgs__rosidl_typesupport_fastrtps_cpp
[28.213s] [ 69%] [34m[1mGenerating C type support for eProsima Fast-RTPS[0m
[30.109s] [35m[1mScanning dependencies of target ava_msgs__rosidl_typesupport_fastrtps_c[0m
[30.182s] [ 71%] [32mBuilding CXX object CMakeFiles/ava_msgs__rosidl_typesupport_fastrtps_c.dir/rosidl_typesupport_fastrtps_c/ava_msgs/msg/detail/velocity__type_support_c.cpp.o[0m
[30.205s] [ 73%] [32mBuilding CXX object CMakeFiles/ava_msgs__rosidl_typesupport_fastrtps_c.dir/rosidl_typesupport_fastrtps_c/ava_msgs/msg/detail/ava_command__type_support_c.cpp.o[0m
[30.210s] [ 74%] [32mBuilding CXX object CMakeFiles/ava_msgs__rosidl_typesupport_fastrtps_c.dir/rosidl_typesupport_fastrtps_c/ava_msgs/msg/detail/ava_pose__type_support_c.cpp.o[0m
[30.213s] [ 76%] [32mBuilding CXX object CMakeFiles/ava_msgs__rosidl_typesupport_fastrtps_c.dir/rosidl_typesupport_fastrtps_c/ava_msgs/msg/detail/leg_position__type_support_c.cpp.o[0m
[32.425s] [ 77%] [32mBuilding CXX object CMakeFiles/ava_msgs__rosidl_typesupport_fastrtps_c.dir/rosidl_typesupport_fastrtps_c/ava_msgs/msg/detail/ava_info__type_support_c.cpp.o[0m
[34.070s] [ 79%] [32m[1mLinking CXX shared library libava_msgs__rosidl_typesupport_fastrtps_c.so[0m
[34.365s] [ 79%] Built target ava_msgs__rosidl_typesupport_fastrtps_c
[34.401s] [35m[1mScanning dependencies of target ava_msgs[0m
[34.439s] [ 79%] Built target ava_msgs
[34.476s] [35m[1mScanning dependencies of target ava_msgs__py[0m
[34.518s] [ 80%] [34m[1mGenerating Python code for ROS interfaces[0m
[38.272s] [ 80%] Built target ava_msgs__py
[38.305s] [35m[1mScanning dependencies of target ava_msgs__python[0m
[38.456s] [ 84%] [32mBuilding C object CMakeFiles/ava_msgs__python.dir/rosidl_generator_py/ava_msgs/msg/_ava_pose_s.c.o[0m
[38.456s] [ 84%] [32mBuilding C object CMakeFiles/ava_msgs__python.dir/rosidl_generator_py/ava_msgs/msg/_leg_position_s.c.o[0m
[38.459s] [ 85%] [32mBuilding C object CMakeFiles/ava_msgs__python.dir/rosidl_generator_py/ava_msgs/msg/_ava_command_s.c.o[0m
[38.469s] [ 87%] [32mBuilding C object CMakeFiles/ava_msgs__python.dir/rosidl_generator_py/ava_msgs/msg/_velocity_s.c.o[0m
[38.895s] [ 88%] [32mBuilding C object CMakeFiles/ava_msgs__python.dir/rosidl_generator_py/ava_msgs/msg/_ava_info_s.c.o[0m
[39.269s] [ 90%] [32m[1mLinking C shared library rosidl_generator_py/ava_msgs/libava_msgs__python.so[0m
[39.405s] [ 90%] Built target ava_msgs__python
[39.442s] [35m[1mScanning dependencies of target ava_msgs__rosidl_typesupport_introspection_c__pyext[0m
[39.442s] [35m[1mScanning dependencies of target ava_msgs__rosidl_typesupport_c__pyext[0m
[39.443s] [35m[1mScanning dependencies of target ava_msgs__rosidl_typesupport_fastrtps_c__pyext[0m
[39.512s] [ 92%] [32mBuilding C object CMakeFiles/ava_msgs__rosidl_typesupport_fastrtps_c__pyext.dir/rosidl_generator_py/ava_msgs/_ava_msgs_s.ep.rosidl_typesupport_fastrtps_c.c.o[0m
[39.527s] [ 93%] [32mBuilding C object CMakeFiles/ava_msgs__rosidl_typesupport_c__pyext.dir/rosidl_generator_py/ava_msgs/_ava_msgs_s.ep.rosidl_typesupport_c.c.o[0m
[39.538s] [ 95%] [32mBuilding C object CMakeFiles/ava_msgs__rosidl_typesupport_introspection_c__pyext.dir/rosidl_generator_py/ava_msgs/_ava_msgs_s.ep.rosidl_typesupport_introspection_c.c.o[0m
[39.927s] [ 96%] [32m[1mLinking CXX shared library rosidl_generator_py/ava_msgs/ava_msgs_s__rosidl_typesupport_fastrtps_c.cpython-38-aarch64-linux-gnu.so[0m
[39.929s] [ 98%] [32m[1mLinking C shared library rosidl_generator_py/ava_msgs/ava_msgs_s__rosidl_typesupport_c.cpython-38-aarch64-linux-gnu.so[0m
[39.952s] [100%] [32m[1mLinking C shared library rosidl_generator_py/ava_msgs/ava_msgs_s__rosidl_typesupport_introspection_c.cpython-38-aarch64-linux-gnu.so[0m
[40.065s] [100%] Built target ava_msgs__rosidl_typesupport_c__pyext
[40.092s] [100%] Built target ava_msgs__rosidl_typesupport_introspection_c__pyext
[40.156s] [100%] Built target ava_msgs__rosidl_typesupport_fastrtps_c__pyext
[40.197s] Invoked command in '/root/dev_ava/build/ava_msgs' returned '0': CMAKE_PREFIX_PATH=/opt/ros/foxy /usr/bin/cmake --build /root/dev_ava/build/ava_msgs -- -j4 -l4
[40.536s] Invoking command in '/root/dev_ava/build/ava_msgs': CMAKE_PREFIX_PATH=/opt/ros/foxy /usr/bin/cmake --install /root/dev_ava/build/ava_msgs
[40.565s] -- Install configuration: ""
[40.566s] -- Installing: /root/dev_ava/install/ava_msgs/share/ament_index/resource_index/rosidl_interfaces/ava_msgs
[40.566s] -- Installing: /root/dev_ava/install/ava_msgs/include/ava_msgs
[40.567s] -- Installing: /root/dev_ava/install/ava_msgs/include/ava_msgs/msg
[40.567s] -- Installing: /root/dev_ava/install/ava_msgs/include/ava_msgs/msg/leg_position.h
[40.568s] -- Installing: /root/dev_ava/install/ava_msgs/include/ava_msgs/msg/detail
[40.568s] -- Installing: /root/dev_ava/install/ava_msgs/include/ava_msgs/msg/detail/ava_command__functions.c
[40.569s] -- Installing: /root/dev_ava/install/ava_msgs/include/ava_msgs/msg/detail/ava_pose__functions.h
[40.570s] -- Installing: /root/dev_ava/install/ava_msgs/include/ava_msgs/msg/detail/leg_position__functions.c
[40.571s] -- Installing: /root/dev_ava/install/ava_msgs/include/ava_msgs/msg/detail/ava_command__struct.h
[40.571s] -- Installing: /root/dev_ava/install/ava_msgs/include/ava_msgs/msg/detail/ava_command__functions.h
[40.572s] -- Installing: /root/dev_ava/install/ava_msgs/include/ava_msgs/msg/detail/velocity__struct.h
[40.572s] -- Installing: /root/dev_ava/install/ava_msgs/include/ava_msgs/msg/detail/velocity__type_support.h
[40.573s] -- Installing: /root/dev_ava/install/ava_msgs/include/ava_msgs/msg/detail/ava_pose__type_support.h
[40.573s] -- Installing: /root/dev_ava/install/ava_msgs/include/ava_msgs/msg/detail/ava_info__type_support.h
[40.573s] -- Installing: /root/dev_ava/install/ava_msgs/include/ava_msgs/msg/detail/ava_info__functions.h
[40.574s] -- Installing: /root/dev_ava/install/ava_msgs/include/ava_msgs/msg/detail/ava_command__type_support.h
[40.574s] -- Installing: /root/dev_ava/install/ava_msgs/include/ava_msgs/msg/detail/ava_pose__struct.h
[40.575s] -- Installing: /root/dev_ava/install/ava_msgs/include/ava_msgs/msg/detail/ava_info__struct.h
[40.575s] -- Installing: /root/dev_ava/install/ava_msgs/include/ava_msgs/msg/detail/ava_info__functions.c
[40.575s] -- Installing: /root/dev_ava/install/ava_msgs/include/ava_msgs/msg/detail/velocity__functions.h
[40.576s] -- Installing: /root/dev_ava/install/ava_msgs/include/ava_msgs/msg/detail/leg_position__functions.h
[40.576s] -- Installing: /root/dev_ava/install/ava_msgs/include/ava_msgs/msg/detail/leg_position__struct.h
[40.577s] -- Installing: /root/dev_ava/install/ava_msgs/include/ava_msgs/msg/detail/ava_pose__functions.c
[40.577s] -- Installing: /root/dev_ava/install/ava_msgs/include/ava_msgs/msg/detail/leg_position__type_support.h
[40.577s] -- Installing: /root/dev_ava/install/ava_msgs/include/ava_msgs/msg/detail/velocity__functions.c
[40.578s] -- Installing: /root/dev_ava/install/ava_msgs/include/ava_msgs/msg/rosidl_generator_c__visibility_control.h
[40.578s] -- Installing: /root/dev_ava/install/ava_msgs/include/ava_msgs/msg/ava_info.h
[40.579s] -- Installing: /root/dev_ava/install/ava_msgs/include/ava_msgs/msg/velocity.h
[40.579s] -- Installing: /root/dev_ava/install/ava_msgs/include/ava_msgs/msg/ava_pose.h
[40.579s] -- Installing: /root/dev_ava/install/ava_msgs/include/ava_msgs/msg/ava_command.h
[40.580s] -- Installing: /root/dev_ava/install/ava_msgs/share/ava_msgs/environment/library_path.sh
[40.581s] -- Installing: /root/dev_ava/install/ava_msgs/share/ava_msgs/environment/library_path.dsv
[40.582s] -- Installing: /root/dev_ava/install/ava_msgs/lib/libava_msgs__rosidl_generator_c.so
[40.583s] -- Set runtime path of "/root/dev_ava/install/ava_msgs/lib/libava_msgs__rosidl_generator_c.so" to ""
[40.584s] -- Up-to-date: /root/dev_ava/install/ava_msgs/include/ava_msgs
[40.584s] -- Up-to-date: /root/dev_ava/install/ava_msgs/include/ava_msgs/msg
[40.585s] -- Installing: /root/dev_ava/install/ava_msgs/include/ava_msgs/msg/rosidl_typesupport_fastrtps_c__visibility_control.h
[40.585s] -- Up-to-date: /root/dev_ava/install/ava_msgs/include/ava_msgs/msg/detail
[40.585s] -- Installing: /root/dev_ava/install/ava_msgs/include/ava_msgs/msg/detail/leg_position__rosidl_typesupport_fastrtps_c.h
[40.586s] -- Installing: /root/dev_ava/install/ava_msgs/include/ava_msgs/msg/detail/ava_pose__rosidl_typesupport_fastrtps_c.h
[40.586s] -- Installing: /root/dev_ava/install/ava_msgs/include/ava_msgs/msg/detail/ava_info__rosidl_typesupport_fastrtps_c.h
[40.587s] -- Installing: /root/dev_ava/install/ava_msgs/include/ava_msgs/msg/detail/ava_command__rosidl_typesupport_fastrtps_c.h
[40.587s] -- Installing: /root/dev_ava/install/ava_msgs/include/ava_msgs/msg/detail/velocity__rosidl_typesupport_fastrtps_c.h
[40.587s] -- Installing: /root/dev_ava/install/ava_msgs/lib/libava_msgs__rosidl_typesupport_fastrtps_c.so
[40.589s] -- Set runtime path of "/root/dev_ava/install/ava_msgs/lib/libava_msgs__rosidl_typesupport_fastrtps_c.so" to ""
[40.590s] -- Up-to-date: /root/dev_ava/install/ava_msgs/include/ava_msgs
[40.590s] -- Up-to-date: /root/dev_ava/install/ava_msgs/include/ava_msgs/msg
[40.590s] -- Up-to-date: /root/dev_ava/install/ava_msgs/include/ava_msgs/msg/detail
[40.591s] -- Installing: /root/dev_ava/install/ava_msgs/include/ava_msgs/msg/detail/ava_pose__rosidl_typesupport_fastrtps_cpp.hpp
[40.591s] -- Installing: /root/dev_ava/install/ava_msgs/include/ava_msgs/msg/detail/ava_info__rosidl_typesupport_fastrtps_cpp.hpp
[40.591s] -- Installing: /root/dev_ava/install/ava_msgs/include/ava_msgs/msg/detail/leg_position__rosidl_typesupport_fastrtps_cpp.hpp
[40.592s] -- Installing: /root/dev_ava/install/ava_msgs/include/ava_msgs/msg/detail/ava_command__rosidl_typesupport_fastrtps_cpp.hpp
[40.592s] -- Installing: /root/dev_ava/install/ava_msgs/include/ava_msgs/msg/detail/dds_fastrtps
[40.593s] -- Installing: /root/dev_ava/install/ava_msgs/include/ava_msgs/msg/detail/velocity__rosidl_typesupport_fastrtps_cpp.hpp
[40.593s] -- Installing: /root/dev_ava/install/ava_msgs/include/ava_msgs/msg/rosidl_typesupport_fastrtps_cpp__visibility_control.h
[40.594s] -- Installing: /root/dev_ava/install/ava_msgs/lib/libava_msgs__rosidl_typesupport_fastrtps_cpp.so
[40.595s] -- Set runtime path of "/root/dev_ava/install/ava_msgs/lib/libava_msgs__rosidl_typesupport_fastrtps_cpp.so" to ""
[40.596s] -- Up-to-date: /root/dev_ava/install/ava_msgs/include/ava_msgs
[40.596s] -- Up-to-date: /root/dev_ava/install/ava_msgs/include/ava_msgs/msg
[40.597s] -- Up-to-date: /root/dev_ava/install/ava_msgs/include/ava_msgs/msg/detail
[40.597s] -- Installing: /root/dev_ava/install/ava_msgs/include/ava_msgs/msg/detail/velocity__rosidl_typesupport_introspection_c.h
[40.597s] -- Installing: /root/dev_ava/install/ava_msgs/include/ava_msgs/msg/detail/velocity__type_support.c
[40.598s] -- Installing: /root/dev_ava/install/ava_msgs/include/ava_msgs/msg/detail/ava_pose__type_support.c
[40.598s] -- Installing: /root/dev_ava/install/ava_msgs/include/ava_msgs/msg/detail/ava_command__type_support.c
[40.598s] -- Installing: /root/dev_ava/install/ava_msgs/include/ava_msgs/msg/detail/ava_info__type_support.c
[40.599s] -- Installing: /root/dev_ava/install/ava_msgs/include/ava_msgs/msg/detail/ava_pose__rosidl_typesupport_introspection_c.h
[40.599s] -- Installing: /root/dev_ava/install/ava_msgs/include/ava_msgs/msg/detail/ava_command__rosidl_typesupport_introspection_c.h
[40.600s] -- Installing: /root/dev_ava/install/ava_msgs/include/ava_msgs/msg/detail/ava_info__rosidl_typesupport_introspection_c.h
[40.600s] -- Installing: /root/dev_ava/install/ava_msgs/include/ava_msgs/msg/detail/leg_position__type_support.c
[40.601s] -- Installing: /root/dev_ava/install/ava_msgs/include/ava_msgs/msg/detail/leg_position__rosidl_typesupport_introspection_c.h
[40.601s] -- Installing: /root/dev_ava/install/ava_msgs/include/ava_msgs/msg/rosidl_typesupport_introspection_c__visibility_control.h
[40.602s] -- Installing: /root/dev_ava/install/ava_msgs/lib/libava_msgs__rosidl_typesupport_introspection_c.so
[40.604s] -- Set runtime path of "/root/dev_ava/install/ava_msgs/lib/libava_msgs__rosidl_typesupport_introspection_c.so" to ""
[40.604s] -- Installing: /root/dev_ava/install/ava_msgs/lib/libava_msgs__rosidl_typesupport_c.so
[40.605s] -- Set runtime path of "/root/dev_ava/install/ava_msgs/lib/libava_msgs__rosidl_typesupport_c.so" to ""
[40.606s] -- Up-to-date: /root/dev_ava/install/ava_msgs/include/ava_msgs
[40.606s] -- Up-to-date: /root/dev_ava/install/ava_msgs/include/ava_msgs/msg
[40.607s] -- Installing: /root/dev_ava/install/ava_msgs/include/ava_msgs/msg/ava_command.hpp
[40.607s] -- Installing: /root/dev_ava/install/ava_msgs/include/ava_msgs/msg/ava_info.hpp
[40.607s] -- Up-to-date: /root/dev_ava/install/ava_msgs/include/ava_msgs/msg/detail
[40.608s] -- Installing: /root/dev_ava/install/ava_msgs/include/ava_msgs/msg/detail/ava_command__builder.hpp
[40.608s] -- Installing: /root/dev_ava/install/ava_msgs/include/ava_msgs/msg/detail/ava_pose__builder.hpp
[40.608s] -- Installing: /root/dev_ava/install/ava_msgs/include/ava_msgs/msg/detail/ava_pose__struct.hpp
[40.609s] -- Installing: /root/dev_ava/install/ava_msgs/include/ava_msgs/msg/detail/velocity__struct.hpp
[40.609s] -- Installing: /root/dev_ava/install/ava_msgs/include/ava_msgs/msg/detail/leg_position__traits.hpp
[40.609s] -- Installing: /root/dev_ava/install/ava_msgs/include/ava_msgs/msg/detail/leg_position__builder.hpp
[40.610s] -- Installing: /root/dev_ava/install/ava_msgs/include/ava_msgs/msg/detail/leg_position__struct.hpp
[40.610s] -- Installing: /root/dev_ava/install/ava_msgs/include/ava_msgs/msg/detail/ava_command__traits.hpp
[40.611s] -- Installing: /root/dev_ava/install/ava_msgs/include/ava_msgs/msg/detail/ava_info__traits.hpp
[40.611s] -- Installing: /root/dev_ava/install/ava_msgs/include/ava_msgs/msg/detail/ava_info__builder.hpp
[40.612s] -- Installing: /root/dev_ava/install/ava_msgs/include/ava_msgs/msg/detail/ava_info__struct.hpp
[40.612s] -- Installing: /root/dev_ava/install/ava_msgs/include/ava_msgs/msg/detail/ava_pose__traits.hpp
[40.613s] -- Installing: /root/dev_ava/install/ava_msgs/include/ava_msgs/msg/detail/velocity__traits.hpp
[40.613s] -- Installing: /root/dev_ava/install/ava_msgs/include/ava_msgs/msg/detail/velocity__builder.hpp
[40.614s] -- Installing: /root/dev_ava/install/ava_msgs/include/ava_msgs/msg/detail/ava_command__struct.hpp
[40.614s] -- Installing: /root/dev_ava/install/ava_msgs/include/ava_msgs/msg/leg_position.hpp
[40.615s] -- Installing: /root/dev_ava/install/ava_msgs/include/ava_msgs/msg/ava_pose.hpp
[40.615s] -- Installing: /root/dev_ava/install/ava_msgs/include/ava_msgs/msg/velocity.hpp
[40.616s] -- Up-to-date: /root/dev_ava/install/ava_msgs/include/ava_msgs
[40.616s] -- Up-to-date: /root/dev_ava/install/ava_msgs/include/ava_msgs/msg
[40.617s] -- Up-to-date: /root/dev_ava/install/ava_msgs/include/ava_msgs/msg/detail
[40.617s] -- Installing: /root/dev_ava/install/ava_msgs/include/ava_msgs/msg/detail/ava_pose__rosidl_typesupport_introspection_cpp.hpp
[40.617s] -- Installing: /root/dev_ava/install/ava_msgs/include/ava_msgs/msg/detail/velocity__type_support.cpp
[40.618s] -- Installing: /root/dev_ava/install/ava_msgs/include/ava_msgs/msg/detail/velocity__rosidl_typesupport_introspection_cpp.hpp
[40.618s] -- Installing: /root/dev_ava/install/ava_msgs/include/ava_msgs/msg/detail/ava_info__type_support.cpp
[40.618s] -- Installing: /root/dev_ava/install/ava_msgs/include/ava_msgs/msg/detail/ava_info__rosidl_typesupport_introspection_cpp.hpp
[40.619s] -- Installing: /root/dev_ava/install/ava_msgs/include/ava_msgs/msg/detail/ava_command__type_support.cpp
[40.619s] -- Installing: /root/dev_ava/install/ava_msgs/include/ava_msgs/msg/detail/ava_pose__type_support.cpp
[40.620s] -- Installing: /root/dev_ava/install/ava_msgs/include/ava_msgs/msg/detail/leg_position__type_support.cpp
[40.620s] -- Installing: /root/dev_ava/install/ava_msgs/include/ava_msgs/msg/detail/leg_position__rosidl_typesupport_introspection_cpp.hpp
[40.621s] -- Installing: /root/dev_ava/install/ava_msgs/include/ava_msgs/msg/detail/ava_command__rosidl_typesupport_introspection_cpp.hpp
[40.622s] -- Installing: /root/dev_ava/install/ava_msgs/lib/libava_msgs__rosidl_typesupport_introspection_cpp.so
[40.624s] -- Set runtime path of "/root/dev_ava/install/ava_msgs/lib/libava_msgs__rosidl_typesupport_introspection_cpp.so" to ""
[40.624s] -- Installing: /root/dev_ava/install/ava_msgs/lib/libava_msgs__rosidl_typesupport_cpp.so
[40.626s] -- Set runtime path of "/root/dev_ava/install/ava_msgs/lib/libava_msgs__rosidl_typesupport_cpp.so" to ""
[40.626s] -- Installing: /root/dev_ava/install/ava_msgs/share/ava_msgs/environment/pythonpath.sh
[40.626s] -- Installing: /root/dev_ava/install/ava_msgs/share/ava_msgs/environment/pythonpath.dsv
[40.627s] -- Installing: /root/dev_ava/install/ava_msgs/lib/python3.8/site-packages/ava_msgs/__init__.py
[40.736s] Compiling '/root/dev_ava/install/ava_msgs/lib/python3.8/site-packages/ava_msgs/__init__.py'...
[40.755s] -- Installing: /root/dev_ava/install/ava_msgs/lib/python3.8/site-packages/ava_msgs/msg
[40.756s] -- Installing: /root/dev_ava/install/ava_msgs/lib/python3.8/site-packages/ava_msgs/msg/_ava_info.py
[40.758s] -- Installing: /root/dev_ava/install/ava_msgs/lib/python3.8/site-packages/ava_msgs/msg/_velocity_s.c
[40.758s] -- Installing: /root/dev_ava/install/ava_msgs/lib/python3.8/site-packages/ava_msgs/msg/_ava_command_s.c
[40.759s] -- Installing: /root/dev_ava/install/ava_msgs/lib/python3.8/site-packages/ava_msgs/msg/__init__.py
[40.760s] -- Installing: /root/dev_ava/install/ava_msgs/lib/python3.8/site-packages/ava_msgs/msg/_velocity.py
[40.760s] -- Installing: /root/dev_ava/install/ava_msgs/lib/python3.8/site-packages/ava_msgs/msg/_leg_position_s.c
[40.761s] -- Installing: /root/dev_ava/install/ava_msgs/lib/python3.8/site-packages/ava_msgs/msg/_ava_info_s.c
[40.763s] -- Installing: /root/dev_ava/install/ava_msgs/lib/python3.8/site-packages/ava_msgs/msg/_ava_command.py
[40.764s] -- Installing: /root/dev_ava/install/ava_msgs/lib/python3.8/site-packages/ava_msgs/msg/_ava_pose.py
[40.764s] -- Installing: /root/dev_ava/install/ava_msgs/lib/python3.8/site-packages/ava_msgs/msg/_leg_position.py
[40.765s] -- Installing: /root/dev_ava/install/ava_msgs/lib/python3.8/site-packages/ava_msgs/msg/_ava_pose_s.c
[40.765s] -- Installing: /root/dev_ava/install/ava_msgs/lib/python3.8/site-packages/ava_msgs/ava_msgs_s__rosidl_typesupport_fastrtps_c.cpython-38-aarch64-linux-gnu.so
[40.766s] -- Set runtime path of "/root/dev_ava/install/ava_msgs/lib/python3.8/site-packages/ava_msgs/ava_msgs_s__rosidl_typesupport_fastrtps_c.cpython-38-aarch64-linux-gnu.so" to ""
[40.767s] -- Installing: /root/dev_ava/install/ava_msgs/lib/python3.8/site-packages/ava_msgs/ava_msgs_s__rosidl_typesupport_introspection_c.cpython-38-aarch64-linux-gnu.so
[40.770s] -- Set runtime path of "/root/dev_ava/install/ava_msgs/lib/python3.8/site-packages/ava_msgs/ava_msgs_s__rosidl_typesupport_introspection_c.cpython-38-aarch64-linux-gnu.so" to ""
[40.777s] -- Installing: /root/dev_ava/install/ava_msgs/lib/python3.8/site-packages/ava_msgs/ava_msgs_s__rosidl_typesupport_c.cpython-38-aarch64-linux-gnu.so
[40.778s] -- Set runtime path of "/root/dev_ava/install/ava_msgs/lib/python3.8/site-packages/ava_msgs/ava_msgs_s__rosidl_typesupport_c.cpython-38-aarch64-linux-gnu.so" to ""
[40.779s] -- Installing: /root/dev_ava/install/ava_msgs/lib/libava_msgs__python.so
[40.779s] -- Set runtime path of "/root/dev_ava/install/ava_msgs/lib/libava_msgs__python.so" to ""
[40.780s] -- Installing: /root/dev_ava/install/ava_msgs/share/ava_msgs/msg/LegPosition.idl
[40.781s] -- Installing: /root/dev_ava/install/ava_msgs/share/ava_msgs/msg/AvaPose.idl
[40.782s] -- Installing: /root/dev_ava/install/ava_msgs/share/ava_msgs/msg/AvaCommand.idl
[40.782s] -- Installing: /root/dev_ava/install/ava_msgs/share/ava_msgs/msg/Velocity.idl
[40.783s] -- Installing: /root/dev_ava/install/ava_msgs/share/ava_msgs/msg/AvaInfo.idl
[40.784s] -- Installing: /root/dev_ava/install/ava_msgs/share/ava_msgs/msg/LegPosition.msg
[40.784s] -- Installing: /root/dev_ava/install/ava_msgs/share/ava_msgs/msg/AvaPose.msg
[40.784s] -- Installing: /root/dev_ava/install/ava_msgs/share/ava_msgs/msg/AvaCommand.msg
[40.785s] -- Installing: /root/dev_ava/install/ava_msgs/share/ava_msgs/msg/Velocity.msg
[40.785s] -- Installing: /root/dev_ava/install/ava_msgs/share/ava_msgs/msg/AvaInfo.msg
[40.786s] -- Installing: /root/dev_ava/install/ava_msgs/share/ament_index/resource_index/package_run_dependencies/ava_msgs
[40.786s] -- Installing: /root/dev_ava/install/ava_msgs/share/ament_index/resource_index/parent_prefix_path/ava_msgs
[40.787s] -- Installing: /root/dev_ava/install/ava_msgs/share/ava_msgs/environment/ament_prefix_path.sh
[40.787s] -- Installing: /root/dev_ava/install/ava_msgs/share/ava_msgs/environment/ament_prefix_path.dsv
[40.788s] -- Installing: /root/dev_ava/install/ava_msgs/share/ava_msgs/environment/path.sh
[40.788s] -- Installing: /root/dev_ava/install/ava_msgs/share/ava_msgs/environment/path.dsv
[40.789s] -- Installing: /root/dev_ava/install/ava_msgs/share/ava_msgs/local_setup.bash
[40.789s] -- Installing: /root/dev_ava/install/ava_msgs/share/ava_msgs/local_setup.sh
[40.790s] -- Installing: /root/dev_ava/install/ava_msgs/share/ava_msgs/local_setup.zsh
[40.790s] -- Installing: /root/dev_ava/install/ava_msgs/share/ava_msgs/local_setup.dsv
[40.791s] -- Installing: /root/dev_ava/install/ava_msgs/share/ava_msgs/package.dsv
[40.791s] -- Installing: /root/dev_ava/install/ava_msgs/share/ament_index/resource_index/packages/ava_msgs
[40.792s] -- Installing: /root/dev_ava/install/ava_msgs/share/ava_msgs/cmake/ava_msgs__rosidl_generator_cExport.cmake
[40.792s] -- Installing: /root/dev_ava/install/ava_msgs/share/ava_msgs/cmake/ava_msgs__rosidl_generator_cExport-noconfig.cmake
[40.793s] -- Installing: /root/dev_ava/install/ava_msgs/share/ava_msgs/cmake/ava_msgs__rosidl_typesupport_introspection_cExport.cmake
[40.794s] -- Installing: /root/dev_ava/install/ava_msgs/share/ava_msgs/cmake/ava_msgs__rosidl_typesupport_introspection_cExport-noconfig.cmake
[40.795s] -- Installing: /root/dev_ava/install/ava_msgs/share/ava_msgs/cmake/ava_msgs__rosidl_typesupport_cExport.cmake
[40.795s] -- Installing: /root/dev_ava/install/ava_msgs/share/ava_msgs/cmake/ava_msgs__rosidl_typesupport_cExport-noconfig.cmake
[40.796s] -- Installing: /root/dev_ava/install/ava_msgs/share/ava_msgs/cmake/ava_msgs__rosidl_generator_cppExport.cmake
[40.797s] -- Installing: /root/dev_ava/install/ava_msgs/share/ava_msgs/cmake/ava_msgs__rosidl_typesupport_introspection_cppExport.cmake
[40.798s] -- Installing: /root/dev_ava/install/ava_msgs/share/ava_msgs/cmake/ava_msgs__rosidl_typesupport_introspection_cppExport-noconfig.cmake
[40.799s] -- Installing: /root/dev_ava/install/ava_msgs/share/ava_msgs/cmake/ava_msgs__rosidl_typesupport_cppExport.cmake
[40.800s] -- Installing: /root/dev_ava/install/ava_msgs/share/ava_msgs/cmake/ava_msgs__rosidl_typesupport_cppExport-noconfig.cmake
[40.800s] -- Installing: /root/dev_ava/install/ava_msgs/share/ava_msgs/cmake/rosidl_cmake-extras.cmake
[40.801s] -- Installing: /root/dev_ava/install/ava_msgs/share/ava_msgs/cmake/ament_cmake_export_dependencies-extras.cmake
[40.802s] -- Installing: /root/dev_ava/install/ava_msgs/share/ava_msgs/cmake/ament_cmake_export_libraries-extras.cmake
[40.803s] -- Installing: /root/dev_ava/install/ava_msgs/share/ava_msgs/cmake/ament_cmake_export_targets-extras.cmake
[40.804s] -- Installing: /root/dev_ava/install/ava_msgs/share/ava_msgs/cmake/ament_cmake_export_include_directories-extras.cmake
[40.804s] -- Installing: /root/dev_ava/install/ava_msgs/share/ava_msgs/cmake/rosidl_cmake_export_typesupport_libraries-extras.cmake
[40.805s] -- Installing: /root/dev_ava/install/ava_msgs/share/ava_msgs/cmake/rosidl_cmake_export_typesupport_targets-extras.cmake
[40.806s] -- Installing: /root/dev_ava/install/ava_msgs/share/ava_msgs/cmake/ava_msgsConfig.cmake
[40.806s] -- Installing: /root/dev_ava/install/ava_msgs/share/ava_msgs/cmake/ava_msgsConfig-version.cmake
[40.807s] -- Installing: /root/dev_ava/install/ava_msgs/share/ava_msgs/package.xml
[40.820s] Invoked command in '/root/dev_ava/build/ava_msgs' returned '0': CMAKE_PREFIX_PATH=/opt/ros/foxy /usr/bin/cmake --install /root/dev_ava/build/ava_msgs
