[3.543s] Invoking command in '/root/dev_ava/src/ava_control': AMENT_PREFIX_PATH=/root/dev_ava/install/tf_transformations:/root/dev_ava/install/ava_driver:/root/dev_ava/install/ava_control:/root/dev_ava/install/rplidar_ros2:/root/dev_ava/install/ava_msgs:/root/dev_ava/install/ava_bringup:/opt/ros/foxy PYTHONPATH=/root/dev_ava/install/ava_control/lib/python3.8/site-packages:/root/dev_ava/install/tf_transformations/lib/python3.8/site-packages:/root/dev_ava/install/ava_driver/lib/python3.8/site-packages:/root/dev_ava/install/ava_control/lib/python3.8/site-packages:/root/dev_ava/install/ava_msgs/lib/python3.8/site-packages:/root/dev_ava/install/ava_kinematics/lib/python3.8/site-packages:/root/dev_ava/install/ava_bringup/lib/python3.8/site-packages:/opt/ros/foxy/lib/python3.8/site-packages /usr/bin/python3 setup.py egg_info --egg-base ../../build/ava_control build --build-base /root/dev_ava/build/ava_control/build install --prefix /root/dev_ava/install/ava_control --record /root/dev_ava/build/ava_control/install.log --single-version-externally-managed
[4.435s] running egg_info
[4.438s] writing ../../build/ava_control/ava_control.egg-info/PKG-INFO
[4.441s] writing dependency_links to ../../build/ava_control/ava_control.egg-info/dependency_links.txt
[4.443s] writing entry points to ../../build/ava_control/ava_control.egg-info/entry_points.txt
[4.445s] writing requirements to ../../build/ava_control/ava_control.egg-info/requires.txt
[4.447s] writing top-level names to ../../build/ava_control/ava_control.egg-info/top_level.txt
[4.650s] reading manifest file '../../build/ava_control/ava_control.egg-info/SOURCES.txt'
[4.656s] writing manifest file '../../build/ava_control/ava_control.egg-info/SOURCES.txt'
[4.656s] running build
[4.657s] running build_py
[4.659s] running install
[4.669s] running install_lib
[4.672s] running install_data
[4.675s] running install_egg_info
[4.683s] removing '/root/dev_ava/install/ava_control/lib/python3.8/site-packages/ava_control-0.0.0-py3.8.egg-info' (and everything under it)
[4.687s] Copying ../../build/ava_control/ava_control.egg-info to /root/dev_ava/install/ava_control/lib/python3.8/site-packages/ava_control-0.0.0-py3.8.egg-info
[4.699s] running install_scripts
[4.783s] Installing ava_control script to /root/dev_ava/install/ava_control/lib/ava_control
[4.785s] Installing ava_gait script to /root/dev_ava/install/ava_control/lib/ava_control
[4.785s] Installing ava_motion script to /root/dev_ava/install/ava_control/lib/ava_control
[4.786s] writing list of installed files to '/root/dev_ava/build/ava_control/install.log'
[5.000s] Invoked command in '/root/dev_ava/src/ava_control' returned '0': AMENT_PREFIX_PATH=/root/dev_ava/install/tf_transformations:/root/dev_ava/install/ava_driver:/root/dev_ava/install/ava_control:/root/dev_ava/install/rplidar_ros2:/root/dev_ava/install/ava_msgs:/root/dev_ava/install/ava_bringup:/opt/ros/foxy PYTHONPATH=/root/dev_ava/install/ava_control/lib/python3.8/site-packages:/root/dev_ava/install/tf_transformations/lib/python3.8/site-packages:/root/dev_ava/install/ava_driver/lib/python3.8/site-packages:/root/dev_ava/install/ava_control/lib/python3.8/site-packages:/root/dev_ava/install/ava_msgs/lib/python3.8/site-packages:/root/dev_ava/install/ava_kinematics/lib/python3.8/site-packages:/root/dev_ava/install/ava_bringup/lib/python3.8/site-packages:/opt/ros/foxy/lib/python3.8/site-packages /usr/bin/python3 setup.py egg_info --egg-base ../../build/ava_control build --build-base /root/dev_ava/build/ava_control/build install --prefix /root/dev_ava/install/ava_control --record /root/dev_ava/build/ava_control/install.log --single-version-externally-managed
