-- Found ament_cmake: 0.9.9 (/opt/ros/foxy/share/ament_cmake/cmake)
-- Found PythonInterp: /usr/bin/python3 (found suitable version "3.8.10", minimum required is "3") 
-- Using PYTHON_EXECUTABLE: /usr/bin/python3
-- Found rosidl_default_generators: 1.0.1 (/opt/ros/foxy/share/rosidl_default_generators/cmake)
-- Using all available rosidl_typesupport_c: rosidl_typesupport_fastrtps_c;rosidl_typesupport_introspection_c
-- Found rosidl_adapter: 1.2.1 (/opt/ros/foxy/share/rosidl_adapter/cmake)
-- Using all available rosidl_typesupport_cpp: rosidl_typesupport_fastrtps_cpp;rosidl_typesupport_introspection_cpp
-- Found PythonInterp: /usr/bin/python3 (found version "3.8.10") 
-- Found ament_cmake_ros: 0.9.2 (/opt/ros/foxy/share/ament_cmake_ros/cmake)
-- Using all available rosidl_typesupport_c: rosidl_typesupport_fastrtps_c;rosidl_typesupport_introspection_c
-- Using all available rosidl_typesupport_cpp: rosidl_typesupport_fastrtps_cpp;rosidl_typesupport_introspection_cpp
-- Found PythonInterp: /usr/bin/python3 (found suitable version "3.8.10", minimum required is "3.5") 
-- Found python_cmake_module: 0.8.1 (/opt/ros/foxy/share/python_cmake_module/cmake)
-- Using PYTHON_EXECUTABLE: /usr/bin/python3
-- Using PYTHON_INCLUDE_DIRS: /usr/include/python3.8
-- Using PYTHON_LIBRARIES: /usr/lib/aarch64-linux-gnu/libpython3.8.so
-- Found ament_lint_auto: 0.9.6 (/opt/ros/foxy/share/ament_lint_auto/cmake)
-- Added test 'copyright' to check source files copyright and LICENSE
-- Added test 'lint_cmake' to check CMake code style
-- Added test 'xmllint' to check XML markup files
-- Configuring done
-- Generating done
-- Build files have been written to: /root/dev_ava/build/ava_msgs
[  1%] [34m[1mGenerating C code for ROS interfaces[0m
[  3%] [34m[1mGenerating C++ code for ROS interfaces[0m
[  3%] Built target ava_msgs__cpp
[  4%] [34m[1mGenerating C++ type support dispatch for ROS interfaces[0m
[  6%] [34m[1mGenerating C++ type support for eProsima Fast-RTPS[0m
[  7%] [34m[1mGenerating C++ introspection for ROS interfaces[0m
[35m[1mScanning dependencies of target ava_msgs__rosidl_generator_c[0m
[  9%] [32mBuilding C object CMakeFiles/ava_msgs__rosidl_generator_c.dir/rosidl_generator_c/ava_msgs/msg/detail/leg_position__functions.c.o[0m
[ 11%] [32mBuilding C object CMakeFiles/ava_msgs__rosidl_generator_c.dir/rosidl_generator_c/ava_msgs/msg/detail/ava_pose__functions.c.o[0m
[ 12%] [32mBuilding C object CMakeFiles/ava_msgs__rosidl_generator_c.dir/rosidl_generator_c/ava_msgs/msg/detail/ava_command__functions.c.o[0m
[35m[1mScanning dependencies of target ava_msgs__rosidl_typesupport_cpp[0m
[ 14%] [32mBuilding C object CMakeFiles/ava_msgs__rosidl_generator_c.dir/rosidl_generator_c/ava_msgs/msg/detail/velocity__functions.c.o[0m
[ 15%] [32mBuilding CXX object CMakeFiles/ava_msgs__rosidl_typesupport_cpp.dir/rosidl_typesupport_cpp/ava_msgs/msg/leg_position__type_support.cpp.o[0m
[ 17%] [32mBuilding C object CMakeFiles/ava_msgs__rosidl_generator_c.dir/rosidl_generator_c/ava_msgs/msg/detail/ava_info__functions.c.o[0m
[ 19%] [32m[1mLinking C shared library libava_msgs__rosidl_generator_c.so[0m
[ 19%] Built target ava_msgs__rosidl_generator_c
[ 20%] [34m[1mGenerating C type support dispatch for ROS interfaces[0m
[35m[1mScanning dependencies of target ava_msgs__rosidl_typesupport_introspection_cpp[0m
[35m[1mScanning dependencies of target ava_msgs__rosidl_typesupport_fastrtps_cpp[0m
[ 22%] [32mBuilding CXX object CMakeFiles/ava_msgs__rosidl_typesupport_introspection_cpp.dir/rosidl_typesupport_introspection_cpp/ava_msgs/msg/detail/leg_position__type_support.cpp.o[0m
[ 23%] [32mBuilding CXX object CMakeFiles/ava_msgs__rosidl_typesupport_fastrtps_cpp.dir/rosidl_typesupport_fastrtps_cpp/ava_msgs/msg/detail/dds_fastrtps/leg_position__type_support.cpp.o[0m
[ 25%] [32mBuilding CXX object CMakeFiles/ava_msgs__rosidl_typesupport_cpp.dir/rosidl_typesupport_cpp/ava_msgs/msg/ava_pose__type_support.cpp.o[0m
[35m[1mScanning dependencies of target ava_msgs__rosidl_typesupport_c[0m
[ 26%] [32mBuilding CXX object CMakeFiles/ava_msgs__rosidl_typesupport_c.dir/rosidl_typesupport_c/ava_msgs/msg/leg_position__type_support.cpp.o[0m
[ 28%] [32mBuilding CXX object CMakeFiles/ava_msgs__rosidl_typesupport_introspection_cpp.dir/rosidl_typesupport_introspection_cpp/ava_msgs/msg/detail/ava_pose__type_support.cpp.o[0m
[ 30%] [32mBuilding CXX object CMakeFiles/ava_msgs__rosidl_typesupport_c.dir/rosidl_typesupport_c/ava_msgs/msg/ava_pose__type_support.cpp.o[0m
[ 31%] [32mBuilding CXX object CMakeFiles/ava_msgs__rosidl_typesupport_c.dir/rosidl_typesupport_c/ava_msgs/msg/ava_command__type_support.cpp.o[0m
[ 33%] [32mBuilding CXX object CMakeFiles/ava_msgs__rosidl_typesupport_c.dir/rosidl_typesupport_c/ava_msgs/msg/velocity__type_support.cpp.o[0m
[ 34%] [32mBuilding CXX object CMakeFiles/ava_msgs__rosidl_typesupport_c.dir/rosidl_typesupport_c/ava_msgs/msg/ava_info__type_support.cpp.o[0m
[ 36%] [32mBuilding CXX object CMakeFiles/ava_msgs__rosidl_typesupport_fastrtps_cpp.dir/rosidl_typesupport_fastrtps_cpp/ava_msgs/msg/detail/dds_fastrtps/ava_pose__type_support.cpp.o[0m
[ 38%] [32mBuilding CXX object CMakeFiles/ava_msgs__rosidl_typesupport_cpp.dir/rosidl_typesupport_cpp/ava_msgs/msg/ava_command__type_support.cpp.o[0m
[ 39%] [32m[1mLinking CXX shared library libava_msgs__rosidl_typesupport_c.so[0m
[ 39%] Built target ava_msgs__rosidl_typesupport_c
[ 41%] [34m[1mGenerating C introspection for ROS interfaces[0m
[ 42%] [32mBuilding CXX object CMakeFiles/ava_msgs__rosidl_typesupport_introspection_cpp.dir/rosidl_typesupport_introspection_cpp/ava_msgs/msg/detail/ava_command__type_support.cpp.o[0m
[ 44%] [32mBuilding CXX object CMakeFiles/ava_msgs__rosidl_typesupport_cpp.dir/rosidl_typesupport_cpp/ava_msgs/msg/velocity__type_support.cpp.o[0m
[ 46%] [32mBuilding CXX object CMakeFiles/ava_msgs__rosidl_typesupport_introspection_cpp.dir/rosidl_typesupport_introspection_cpp/ava_msgs/msg/detail/velocity__type_support.cpp.o[0m
[ 47%] [32mBuilding CXX object CMakeFiles/ava_msgs__rosidl_typesupport_fastrtps_cpp.dir/rosidl_typesupport_fastrtps_cpp/ava_msgs/msg/detail/dds_fastrtps/ava_command__type_support.cpp.o[0m
[35m[1mScanning dependencies of target ava_msgs__rosidl_typesupport_introspection_c[0m
[ 49%] [32mBuilding C object CMakeFiles/ava_msgs__rosidl_typesupport_introspection_c.dir/rosidl_typesupport_introspection_c/ava_msgs/msg/detail/leg_position__type_support.c.o[0m
[ 50%] [32mBuilding C object CMakeFiles/ava_msgs__rosidl_typesupport_introspection_c.dir/rosidl_typesupport_introspection_c/ava_msgs/msg/detail/ava_pose__type_support.c.o[0m
[ 52%] [32mBuilding CXX object CMakeFiles/ava_msgs__rosidl_typesupport_cpp.dir/rosidl_typesupport_cpp/ava_msgs/msg/ava_info__type_support.cpp.o[0m
[ 53%] [32mBuilding C object CMakeFiles/ava_msgs__rosidl_typesupport_introspection_c.dir/rosidl_typesupport_introspection_c/ava_msgs/msg/detail/ava_command__type_support.c.o[0m
[ 55%] [32mBuilding C object CMakeFiles/ava_msgs__rosidl_typesupport_introspection_c.dir/rosidl_typesupport_introspection_c/ava_msgs/msg/detail/velocity__type_support.c.o[0m
[ 57%] [32mBuilding C object CMakeFiles/ava_msgs__rosidl_typesupport_introspection_c.dir/rosidl_typesupport_introspection_c/ava_msgs/msg/detail/ava_info__type_support.c.o[0m
[ 58%] [32mBuilding CXX object CMakeFiles/ava_msgs__rosidl_typesupport_introspection_cpp.dir/rosidl_typesupport_introspection_cpp/ava_msgs/msg/detail/ava_info__type_support.cpp.o[0m
[ 60%] [32m[1mLinking C shared library libava_msgs__rosidl_typesupport_introspection_c.so[0m
[ 60%] Built target ava_msgs__rosidl_typesupport_introspection_c
[ 61%] [32mBuilding CXX object CMakeFiles/ava_msgs__rosidl_typesupport_fastrtps_cpp.dir/rosidl_typesupport_fastrtps_cpp/ava_msgs/msg/detail/dds_fastrtps/velocity__type_support.cpp.o[0m
[ 63%] [32m[1mLinking CXX shared library libava_msgs__rosidl_typesupport_cpp.so[0m
[ 65%] [32mBuilding CXX object CMakeFiles/ava_msgs__rosidl_typesupport_fastrtps_cpp.dir/rosidl_typesupport_fastrtps_cpp/ava_msgs/msg/detail/dds_fastrtps/ava_info__type_support.cpp.o[0m
[ 65%] Built target ava_msgs__rosidl_typesupport_cpp
[ 66%] [32m[1mLinking CXX shared library libava_msgs__rosidl_typesupport_introspection_cpp.so[0m
[ 66%] Built target ava_msgs__rosidl_typesupport_introspection_cpp
[ 68%] [32m[1mLinking CXX shared library libava_msgs__rosidl_typesupport_fastrtps_cpp.so[0m
[ 68%] Built target ava_msgs__rosidl_typesupport_fastrtps_cpp
[ 69%] [34m[1mGenerating C type support for eProsima Fast-RTPS[0m
[35m[1mScanning dependencies of target ava_msgs__rosidl_typesupport_fastrtps_c[0m
[ 71%] [32mBuilding CXX object CMakeFiles/ava_msgs__rosidl_typesupport_fastrtps_c.dir/rosidl_typesupport_fastrtps_c/ava_msgs/msg/detail/ava_pose__type_support_c.cpp.o[0m
[ 74%] [32mBuilding CXX object CMakeFiles/ava_msgs__rosidl_typesupport_fastrtps_c.dir/rosidl_typesupport_fastrtps_c/ava_msgs/msg/detail/ava_command__type_support_c.cpp.o[0m
[ 76%] [32mBuilding CXX object CMakeFiles/ava_msgs__rosidl_typesupport_fastrtps_c.dir/rosidl_typesupport_fastrtps_c/ava_msgs/msg/detail/velocity__type_support_c.cpp.o[0m
[ 74%] [32mBuilding CXX object CMakeFiles/ava_msgs__rosidl_typesupport_fastrtps_c.dir/rosidl_typesupport_fastrtps_c/ava_msgs/msg/detail/leg_position__type_support_c.cpp.o[0m
[ 77%] [32mBuilding CXX object CMakeFiles/ava_msgs__rosidl_typesupport_fastrtps_c.dir/rosidl_typesupport_fastrtps_c/ava_msgs/msg/detail/ava_info__type_support_c.cpp.o[0m
[ 79%] [32m[1mLinking CXX shared library libava_msgs__rosidl_typesupport_fastrtps_c.so[0m
[ 79%] Built target ava_msgs__rosidl_typesupport_fastrtps_c
[ 79%] Built target ava_msgs
[ 80%] [34m[1mGenerating Python code for ROS interfaces[0m
[ 80%] Built target ava_msgs__py
[35m[1mScanning dependencies of target ava_msgs__python[0m
[ 82%] [32mBuilding C object CMakeFiles/ava_msgs__python.dir/rosidl_generator_py/ava_msgs/msg/_leg_position_s.c.o[0m
[ 84%] [32mBuilding C object CMakeFiles/ava_msgs__python.dir/rosidl_generator_py/ava_msgs/msg/_ava_command_s.c.o[0m
[ 85%] [32mBuilding C object CMakeFiles/ava_msgs__python.dir/rosidl_generator_py/ava_msgs/msg/_velocity_s.c.o[0m
[ 87%] [32mBuilding C object CMakeFiles/ava_msgs__python.dir/rosidl_generator_py/ava_msgs/msg/_ava_pose_s.c.o[0m
[ 88%] [32mBuilding C object CMakeFiles/ava_msgs__python.dir/rosidl_generator_py/ava_msgs/msg/_ava_info_s.c.o[0m
[ 90%] [32m[1mLinking C shared library rosidl_generator_py/ava_msgs/libava_msgs__python.so[0m
[ 90%] Built target ava_msgs__python
[35m[1mScanning dependencies of target ava_msgs__rosidl_typesupport_introspection_c__pyext[0m
[35m[1mScanning dependencies of target ava_msgs__rosidl_typesupport_c__pyext[0m
[35m[1mScanning dependencies of target ava_msgs__rosidl_typesupport_fastrtps_c__pyext[0m
[ 95%] [32mBuilding C object CMakeFiles/ava_msgs__rosidl_typesupport_introspection_c__pyext.dir/rosidl_generator_py/ava_msgs/_ava_msgs_s.ep.rosidl_typesupport_introspection_c.c.o[0m
[ 95%] [32mBuilding C object CMakeFiles/ava_msgs__rosidl_typesupport_fastrtps_c__pyext.dir/rosidl_generator_py/ava_msgs/_ava_msgs_s.ep.rosidl_typesupport_fastrtps_c.c.o[0m
[ 95%] [32mBuilding C object CMakeFiles/ava_msgs__rosidl_typesupport_c__pyext.dir/rosidl_generator_py/ava_msgs/_ava_msgs_s.ep.rosidl_typesupport_c.c.o[0m
[ 96%] [32m[1mLinking CXX shared library rosidl_generator_py/ava_msgs/ava_msgs_s__rosidl_typesupport_fastrtps_c.cpython-38-aarch64-linux-gnu.so[0m
[ 98%] [32m[1mLinking C shared library rosidl_generator_py/ava_msgs/ava_msgs_s__rosidl_typesupport_introspection_c.cpython-38-aarch64-linux-gnu.so[0m
[100%] [32m[1mLinking C shared library rosidl_generator_py/ava_msgs/ava_msgs_s__rosidl_typesupport_c.cpython-38-aarch64-linux-gnu.so[0m
[100%] Built target ava_msgs__rosidl_typesupport_introspection_c__pyext
[100%] Built target ava_msgs__rosidl_typesupport_c__pyext
[100%] Built target ava_msgs__rosidl_typesupport_fastrtps_c__pyext
-- Install configuration: ""
-- Installing: /root/dev_ava/install/ava_msgs/share/ament_index/resource_index/rosidl_interfaces/ava_msgs
-- Up-to-date: /root/dev_ava/install/ava_msgs/include/ava_msgs
-- Up-to-date: /root/dev_ava/install/ava_msgs/include/ava_msgs/msg
-- Installing: /root/dev_ava/install/ava_msgs/include/ava_msgs/msg/leg_position.h
-- Up-to-date: /root/dev_ava/install/ava_msgs/include/ava_msgs/msg/detail
-- Installing: /root/dev_ava/install/ava_msgs/include/ava_msgs/msg/detail/ava_command__functions.c
-- Installing: /root/dev_ava/install/ava_msgs/include/ava_msgs/msg/detail/ava_pose__functions.h
-- Installing: /root/dev_ava/install/ava_msgs/include/ava_msgs/msg/detail/leg_position__functions.c
-- Installing: /root/dev_ava/install/ava_msgs/include/ava_msgs/msg/detail/ava_command__struct.h
-- Installing: /root/dev_ava/install/ava_msgs/include/ava_msgs/msg/detail/ava_command__functions.h
-- Installing: /root/dev_ava/install/ava_msgs/include/ava_msgs/msg/detail/velocity__struct.h
-- Installing: /root/dev_ava/install/ava_msgs/include/ava_msgs/msg/detail/velocity__type_support.h
-- Installing: /root/dev_ava/install/ava_msgs/include/ava_msgs/msg/detail/ava_pose__type_support.h
-- Installing: /root/dev_ava/install/ava_msgs/include/ava_msgs/msg/detail/ava_info__type_support.h
-- Installing: /root/dev_ava/install/ava_msgs/include/ava_msgs/msg/detail/ava_info__functions.h
-- Installing: /root/dev_ava/install/ava_msgs/include/ava_msgs/msg/detail/ava_command__type_support.h
-- Installing: /root/dev_ava/install/ava_msgs/include/ava_msgs/msg/detail/ava_pose__struct.h
-- Installing: /root/dev_ava/install/ava_msgs/include/ava_msgs/msg/detail/ava_info__struct.h
-- Installing: /root/dev_ava/install/ava_msgs/include/ava_msgs/msg/detail/ava_info__functions.c
-- Installing: /root/dev_ava/install/ava_msgs/include/ava_msgs/msg/detail/velocity__functions.h
-- Installing: /root/dev_ava/install/ava_msgs/include/ava_msgs/msg/detail/leg_position__functions.h
-- Installing: /root/dev_ava/install/ava_msgs/include/ava_msgs/msg/detail/leg_position__struct.h
-- Installing: /root/dev_ava/install/ava_msgs/include/ava_msgs/msg/detail/ava_pose__functions.c
-- Installing: /root/dev_ava/install/ava_msgs/include/ava_msgs/msg/detail/leg_position__type_support.h
-- Installing: /root/dev_ava/install/ava_msgs/include/ava_msgs/msg/detail/velocity__functions.c
-- Installing: /root/dev_ava/install/ava_msgs/include/ava_msgs/msg/rosidl_generator_c__visibility_control.h
-- Installing: /root/dev_ava/install/ava_msgs/include/ava_msgs/msg/ava_info.h
-- Installing: /root/dev_ava/install/ava_msgs/include/ava_msgs/msg/velocity.h
-- Installing: /root/dev_ava/install/ava_msgs/include/ava_msgs/msg/ava_pose.h
-- Installing: /root/dev_ava/install/ava_msgs/include/ava_msgs/msg/ava_command.h
-- Installing: /root/dev_ava/install/ava_msgs/share/ava_msgs/environment/library_path.sh
-- Installing: /root/dev_ava/install/ava_msgs/share/ava_msgs/environment/library_path.dsv
-- Installing: /root/dev_ava/install/ava_msgs/lib/libava_msgs__rosidl_generator_c.so
-- Set runtime path of "/root/dev_ava/install/ava_msgs/lib/libava_msgs__rosidl_generator_c.so" to ""
-- Up-to-date: /root/dev_ava/install/ava_msgs/include/ava_msgs
-- Up-to-date: /root/dev_ava/install/ava_msgs/include/ava_msgs/msg
-- Installing: /root/dev_ava/install/ava_msgs/include/ava_msgs/msg/rosidl_typesupport_fastrtps_c__visibility_control.h
-- Up-to-date: /root/dev_ava/install/ava_msgs/include/ava_msgs/msg/detail
-- Installing: /root/dev_ava/install/ava_msgs/include/ava_msgs/msg/detail/leg_position__rosidl_typesupport_fastrtps_c.h
-- Installing: /root/dev_ava/install/ava_msgs/include/ava_msgs/msg/detail/ava_pose__rosidl_typesupport_fastrtps_c.h
-- Installing: /root/dev_ava/install/ava_msgs/include/ava_msgs/msg/detail/ava_info__rosidl_typesupport_fastrtps_c.h
-- Installing: /root/dev_ava/install/ava_msgs/include/ava_msgs/msg/detail/ava_command__rosidl_typesupport_fastrtps_c.h
-- Installing: /root/dev_ava/install/ava_msgs/include/ava_msgs/msg/detail/velocity__rosidl_typesupport_fastrtps_c.h
-- Installing: /root/dev_ava/install/ava_msgs/lib/libava_msgs__rosidl_typesupport_fastrtps_c.so
-- Set runtime path of "/root/dev_ava/install/ava_msgs/lib/libava_msgs__rosidl_typesupport_fastrtps_c.so" to ""
-- Up-to-date: /root/dev_ava/install/ava_msgs/include/ava_msgs
-- Up-to-date: /root/dev_ava/install/ava_msgs/include/ava_msgs/msg
-- Up-to-date: /root/dev_ava/install/ava_msgs/include/ava_msgs/msg/detail
-- Installing: /root/dev_ava/install/ava_msgs/include/ava_msgs/msg/detail/ava_pose__rosidl_typesupport_fastrtps_cpp.hpp
-- Installing: /root/dev_ava/install/ava_msgs/include/ava_msgs/msg/detail/ava_info__rosidl_typesupport_fastrtps_cpp.hpp
-- Installing: /root/dev_ava/install/ava_msgs/include/ava_msgs/msg/detail/leg_position__rosidl_typesupport_fastrtps_cpp.hpp
-- Installing: /root/dev_ava/install/ava_msgs/include/ava_msgs/msg/detail/ava_command__rosidl_typesupport_fastrtps_cpp.hpp
-- Up-to-date: /root/dev_ava/install/ava_msgs/include/ava_msgs/msg/detail/dds_fastrtps
-- Installing: /root/dev_ava/install/ava_msgs/include/ava_msgs/msg/detail/velocity__rosidl_typesupport_fastrtps_cpp.hpp
-- Installing: /root/dev_ava/install/ava_msgs/include/ava_msgs/msg/rosidl_typesupport_fastrtps_cpp__visibility_control.h
-- Installing: /root/dev_ava/install/ava_msgs/lib/libava_msgs__rosidl_typesupport_fastrtps_cpp.so
-- Set runtime path of "/root/dev_ava/install/ava_msgs/lib/libava_msgs__rosidl_typesupport_fastrtps_cpp.so" to ""
-- Up-to-date: /root/dev_ava/install/ava_msgs/include/ava_msgs
-- Up-to-date: /root/dev_ava/install/ava_msgs/include/ava_msgs/msg
-- Up-to-date: /root/dev_ava/install/ava_msgs/include/ava_msgs/msg/detail
-- Installing: /root/dev_ava/install/ava_msgs/include/ava_msgs/msg/detail/velocity__rosidl_typesupport_introspection_c.h
-- Installing: /root/dev_ava/install/ava_msgs/include/ava_msgs/msg/detail/velocity__type_support.c
-- Installing: /root/dev_ava/install/ava_msgs/include/ava_msgs/msg/detail/ava_pose__type_support.c
-- Installing: /root/dev_ava/install/ava_msgs/include/ava_msgs/msg/detail/ava_command__type_support.c
-- Installing: /root/dev_ava/install/ava_msgs/include/ava_msgs/msg/detail/ava_info__type_support.c
-- Installing: /root/dev_ava/install/ava_msgs/include/ava_msgs/msg/detail/ava_pose__rosidl_typesupport_introspection_c.h
-- Installing: /root/dev_ava/install/ava_msgs/include/ava_msgs/msg/detail/ava_command__rosidl_typesupport_introspection_c.h
-- Installing: /root/dev_ava/install/ava_msgs/include/ava_msgs/msg/detail/ava_info__rosidl_typesupport_introspection_c.h
-- Installing: /root/dev_ava/install/ava_msgs/include/ava_msgs/msg/detail/leg_position__type_support.c
-- Installing: /root/dev_ava/install/ava_msgs/include/ava_msgs/msg/detail/leg_position__rosidl_typesupport_introspection_c.h
-- Installing: /root/dev_ava/install/ava_msgs/include/ava_msgs/msg/rosidl_typesupport_introspection_c__visibility_control.h
-- Installing: /root/dev_ava/install/ava_msgs/lib/libava_msgs__rosidl_typesupport_introspection_c.so
-- Set runtime path of "/root/dev_ava/install/ava_msgs/lib/libava_msgs__rosidl_typesupport_introspection_c.so" to ""
-- Installing: /root/dev_ava/install/ava_msgs/lib/libava_msgs__rosidl_typesupport_c.so
-- Set runtime path of "/root/dev_ava/install/ava_msgs/lib/libava_msgs__rosidl_typesupport_c.so" to ""
-- Up-to-date: /root/dev_ava/install/ava_msgs/include/ava_msgs
-- Up-to-date: /root/dev_ava/install/ava_msgs/include/ava_msgs/msg
-- Installing: /root/dev_ava/install/ava_msgs/include/ava_msgs/msg/ava_command.hpp
-- Installing: /root/dev_ava/install/ava_msgs/include/ava_msgs/msg/ava_info.hpp
-- Up-to-date: /root/dev_ava/install/ava_msgs/include/ava_msgs/msg/detail
-- Installing: /root/dev_ava/install/ava_msgs/include/ava_msgs/msg/detail/ava_command__builder.hpp
-- Installing: /root/dev_ava/install/ava_msgs/include/ava_msgs/msg/detail/ava_pose__builder.hpp
-- Installing: /root/dev_ava/install/ava_msgs/include/ava_msgs/msg/detail/ava_pose__struct.hpp
-- Installing: /root/dev_ava/install/ava_msgs/include/ava_msgs/msg/detail/velocity__struct.hpp
-- Installing: /root/dev_ava/install/ava_msgs/include/ava_msgs/msg/detail/leg_position__traits.hpp
-- Installing: /root/dev_ava/install/ava_msgs/include/ava_msgs/msg/detail/leg_position__builder.hpp
-- Installing: /root/dev_ava/install/ava_msgs/include/ava_msgs/msg/detail/leg_position__struct.hpp
-- Installing: /root/dev_ava/install/ava_msgs/include/ava_msgs/msg/detail/ava_command__traits.hpp
-- Installing: /root/dev_ava/install/ava_msgs/include/ava_msgs/msg/detail/ava_info__traits.hpp
-- Installing: /root/dev_ava/install/ava_msgs/include/ava_msgs/msg/detail/ava_info__builder.hpp
-- Installing: /root/dev_ava/install/ava_msgs/include/ava_msgs/msg/detail/ava_info__struct.hpp
-- Installing: /root/dev_ava/install/ava_msgs/include/ava_msgs/msg/detail/ava_pose__traits.hpp
-- Installing: /root/dev_ava/install/ava_msgs/include/ava_msgs/msg/detail/velocity__traits.hpp
-- Installing: /root/dev_ava/install/ava_msgs/include/ava_msgs/msg/detail/velocity__builder.hpp
-- Installing: /root/dev_ava/install/ava_msgs/include/ava_msgs/msg/detail/ava_command__struct.hpp
-- Installing: /root/dev_ava/install/ava_msgs/include/ava_msgs/msg/leg_position.hpp
-- Installing: /root/dev_ava/install/ava_msgs/include/ava_msgs/msg/ava_pose.hpp
-- Installing: /root/dev_ava/install/ava_msgs/include/ava_msgs/msg/velocity.hpp
-- Up-to-date: /root/dev_ava/install/ava_msgs/include/ava_msgs
-- Up-to-date: /root/dev_ava/install/ava_msgs/include/ava_msgs/msg
-- Up-to-date: /root/dev_ava/install/ava_msgs/include/ava_msgs/msg/detail
-- Installing: /root/dev_ava/install/ava_msgs/include/ava_msgs/msg/detail/ava_pose__rosidl_typesupport_introspection_cpp.hpp
-- Installing: /root/dev_ava/install/ava_msgs/include/ava_msgs/msg/detail/velocity__type_support.cpp
-- Installing: /root/dev_ava/install/ava_msgs/include/ava_msgs/msg/detail/velocity__rosidl_typesupport_introspection_cpp.hpp
-- Installing: /root/dev_ava/install/ava_msgs/include/ava_msgs/msg/detail/ava_info__type_support.cpp
-- Installing: /root/dev_ava/install/ava_msgs/include/ava_msgs/msg/detail/ava_info__rosidl_typesupport_introspection_cpp.hpp
-- Installing: /root/dev_ava/install/ava_msgs/include/ava_msgs/msg/detail/ava_command__type_support.cpp
-- Installing: /root/dev_ava/install/ava_msgs/include/ava_msgs/msg/detail/ava_pose__type_support.cpp
-- Installing: /root/dev_ava/install/ava_msgs/include/ava_msgs/msg/detail/leg_position__type_support.cpp
-- Installing: /root/dev_ava/install/ava_msgs/include/ava_msgs/msg/detail/leg_position__rosidl_typesupport_introspection_cpp.hpp
-- Installing: /root/dev_ava/install/ava_msgs/include/ava_msgs/msg/detail/ava_command__rosidl_typesupport_introspection_cpp.hpp
-- Installing: /root/dev_ava/install/ava_msgs/lib/libava_msgs__rosidl_typesupport_introspection_cpp.so
-- Set runtime path of "/root/dev_ava/install/ava_msgs/lib/libava_msgs__rosidl_typesupport_introspection_cpp.so" to ""
-- Installing: /root/dev_ava/install/ava_msgs/lib/libava_msgs__rosidl_typesupport_cpp.so
-- Set runtime path of "/root/dev_ava/install/ava_msgs/lib/libava_msgs__rosidl_typesupport_cpp.so" to ""
-- Up-to-date: /root/dev_ava/install/ava_msgs/share/ava_msgs/environment/pythonpath.sh
-- Installing: /root/dev_ava/install/ava_msgs/share/ava_msgs/environment/pythonpath.dsv
-- Installing: /root/dev_ava/install/ava_msgs/lib/python3.8/site-packages/ava_msgs/__init__.py
Compiling '/root/dev_ava/install/ava_msgs/lib/python3.8/site-packages/ava_msgs/__init__.py'...
-- Up-to-date: /root/dev_ava/install/ava_msgs/lib/python3.8/site-packages/ava_msgs/msg
-- Installing: /root/dev_ava/install/ava_msgs/lib/python3.8/site-packages/ava_msgs/msg/_ava_info.py
-- Installing: /root/dev_ava/install/ava_msgs/lib/python3.8/site-packages/ava_msgs/msg/_velocity_s.c
-- Installing: /root/dev_ava/install/ava_msgs/lib/python3.8/site-packages/ava_msgs/msg/_ava_command_s.c
-- Installing: /root/dev_ava/install/ava_msgs/lib/python3.8/site-packages/ava_msgs/msg/__init__.py
-- Installing: /root/dev_ava/install/ava_msgs/lib/python3.8/site-packages/ava_msgs/msg/_velocity.py
-- Installing: /root/dev_ava/install/ava_msgs/lib/python3.8/site-packages/ava_msgs/msg/_leg_position_s.c
-- Installing: /root/dev_ava/install/ava_msgs/lib/python3.8/site-packages/ava_msgs/msg/_ava_info_s.c
-- Installing: /root/dev_ava/install/ava_msgs/lib/python3.8/site-packages/ava_msgs/msg/_ava_command.py
-- Installing: /root/dev_ava/install/ava_msgs/lib/python3.8/site-packages/ava_msgs/msg/_ava_pose.py
-- Installing: /root/dev_ava/install/ava_msgs/lib/python3.8/site-packages/ava_msgs/msg/_leg_position.py
-- Installing: /root/dev_ava/install/ava_msgs/lib/python3.8/site-packages/ava_msgs/msg/_ava_pose_s.c
-- Installing: /root/dev_ava/install/ava_msgs/lib/python3.8/site-packages/ava_msgs/ava_msgs_s__rosidl_typesupport_fastrtps_c.cpython-38-aarch64-linux-gnu.so
-- Set runtime path of "/root/dev_ava/install/ava_msgs/lib/python3.8/site-packages/ava_msgs/ava_msgs_s__rosidl_typesupport_fastrtps_c.cpython-38-aarch64-linux-gnu.so" to ""
-- Installing: /root/dev_ava/install/ava_msgs/lib/python3.8/site-packages/ava_msgs/ava_msgs_s__rosidl_typesupport_introspection_c.cpython-38-aarch64-linux-gnu.so
-- Set runtime path of "/root/dev_ava/install/ava_msgs/lib/python3.8/site-packages/ava_msgs/ava_msgs_s__rosidl_typesupport_introspection_c.cpython-38-aarch64-linux-gnu.so" to ""
-- Installing: /root/dev_ava/install/ava_msgs/lib/python3.8/site-packages/ava_msgs/ava_msgs_s__rosidl_typesupport_c.cpython-38-aarch64-linux-gnu.so
-- Set runtime path of "/root/dev_ava/install/ava_msgs/lib/python3.8/site-packages/ava_msgs/ava_msgs_s__rosidl_typesupport_c.cpython-38-aarch64-linux-gnu.so" to ""
-- Installing: /root/dev_ava/install/ava_msgs/lib/libava_msgs__python.so
-- Set runtime path of "/root/dev_ava/install/ava_msgs/lib/libava_msgs__python.so" to ""
-- Up-to-date: /root/dev_ava/install/ava_msgs/share/ava_msgs/msg/LegPosition.idl
-- Up-to-date: /root/dev_ava/install/ava_msgs/share/ava_msgs/msg/AvaPose.idl
-- Installing: /root/dev_ava/install/ava_msgs/share/ava_msgs/msg/AvaCommand.idl
-- Up-to-date: /root/dev_ava/install/ava_msgs/share/ava_msgs/msg/Velocity.idl
-- Installing: /root/dev_ava/install/ava_msgs/share/ava_msgs/msg/AvaInfo.idl
-- Up-to-date: /root/dev_ava/install/ava_msgs/share/ava_msgs/msg/LegPosition.msg
-- Up-to-date: /root/dev_ava/install/ava_msgs/share/ava_msgs/msg/AvaPose.msg
-- Installing: /root/dev_ava/install/ava_msgs/share/ava_msgs/msg/AvaCommand.msg
-- Up-to-date: /root/dev_ava/install/ava_msgs/share/ava_msgs/msg/Velocity.msg
-- Installing: /root/dev_ava/install/ava_msgs/share/ava_msgs/msg/AvaInfo.msg
-- Installing: /root/dev_ava/install/ava_msgs/share/ament_index/resource_index/package_run_dependencies/ava_msgs
-- Installing: /root/dev_ava/install/ava_msgs/share/ament_index/resource_index/parent_prefix_path/ava_msgs
-- Installing: /root/dev_ava/install/ava_msgs/share/ava_msgs/environment/ament_prefix_path.sh
-- Installing: /root/dev_ava/install/ava_msgs/share/ava_msgs/environment/ament_prefix_path.dsv
-- Installing: /root/dev_ava/install/ava_msgs/share/ava_msgs/environment/path.sh
-- Installing: /root/dev_ava/install/ava_msgs/share/ava_msgs/environment/path.dsv
-- Up-to-date: /root/dev_ava/install/ava_msgs/share/ava_msgs/local_setup.bash
-- Up-to-date: /root/dev_ava/install/ava_msgs/share/ava_msgs/local_setup.sh
-- Up-to-date: /root/dev_ava/install/ava_msgs/share/ava_msgs/local_setup.zsh
-- Installing: /root/dev_ava/install/ava_msgs/share/ava_msgs/local_setup.dsv
-- Installing: /root/dev_ava/install/ava_msgs/share/ava_msgs/package.dsv
-- Installing: /root/dev_ava/install/ava_msgs/share/ament_index/resource_index/packages/ava_msgs
-- Up-to-date: /root/dev_ava/install/ava_msgs/share/ava_msgs/cmake/ava_msgs__rosidl_generator_cExport.cmake
-- Installing: /root/dev_ava/install/ava_msgs/share/ava_msgs/cmake/ava_msgs__rosidl_generator_cExport-noconfig.cmake
-- Up-to-date: /root/dev_ava/install/ava_msgs/share/ava_msgs/cmake/ava_msgs__rosidl_typesupport_introspection_cExport.cmake
-- Installing: /root/dev_ava/install/ava_msgs/share/ava_msgs/cmake/ava_msgs__rosidl_typesupport_introspection_cExport-noconfig.cmake
-- Up-to-date: /root/dev_ava/install/ava_msgs/share/ava_msgs/cmake/ava_msgs__rosidl_typesupport_cExport.cmake
-- Installing: /root/dev_ava/install/ava_msgs/share/ava_msgs/cmake/ava_msgs__rosidl_typesupport_cExport-noconfig.cmake
-- Up-to-date: /root/dev_ava/install/ava_msgs/share/ava_msgs/cmake/ava_msgs__rosidl_generator_cppExport.cmake
-- Up-to-date: /root/dev_ava/install/ava_msgs/share/ava_msgs/cmake/ava_msgs__rosidl_typesupport_introspection_cppExport.cmake
-- Installing: /root/dev_ava/install/ava_msgs/share/ava_msgs/cmake/ava_msgs__rosidl_typesupport_introspection_cppExport-noconfig.cmake
-- Up-to-date: /root/dev_ava/install/ava_msgs/share/ava_msgs/cmake/ava_msgs__rosidl_typesupport_cppExport.cmake
-- Installing: /root/dev_ava/install/ava_msgs/share/ava_msgs/cmake/ava_msgs__rosidl_typesupport_cppExport-noconfig.cmake
-- Installing: /root/dev_ava/install/ava_msgs/share/ava_msgs/cmake/rosidl_cmake-extras.cmake
-- Up-to-date: /root/dev_ava/install/ava_msgs/share/ava_msgs/cmake/ament_cmake_export_dependencies-extras.cmake
-- Installing: /root/dev_ava/install/ava_msgs/share/ava_msgs/cmake/ament_cmake_export_libraries-extras.cmake
-- Installing: /root/dev_ava/install/ava_msgs/share/ava_msgs/cmake/ament_cmake_export_targets-extras.cmake
-- Installing: /root/dev_ava/install/ava_msgs/share/ava_msgs/cmake/ament_cmake_export_include_directories-extras.cmake
-- Installing: /root/dev_ava/install/ava_msgs/share/ava_msgs/cmake/rosidl_cmake_export_typesupport_libraries-extras.cmake
-- Installing: /root/dev_ava/install/ava_msgs/share/ava_msgs/cmake/rosidl_cmake_export_typesupport_targets-extras.cmake
-- Installing: /root/dev_ava/install/ava_msgs/share/ava_msgs/cmake/ava_msgsConfig.cmake
-- Installing: /root/dev_ava/install/ava_msgs/share/ava_msgs/cmake/ava_msgsConfig-version.cmake
-- Up-to-date: /root/dev_ava/install/ava_msgs/share/ava_msgs/package.xml
