[2.711s] Invoking command in '/root/dev_ava/build/ava_msgs': CMAKE_PREFIX_PATH=${CMAKE_PREFIX_PATH}:/root/dev_ava/install/ava_driver:/root/dev_ava/install/ava_control:/root/dev_ava/install/tf_transformations:/root/dev_ava/install/ava_bringup:/opt/ros/foxy /usr/bin/cmake --build /root/dev_ava/build/ava_msgs -- -j4 -l4
[3.525s] -- Found ament_cmake: 0.9.9 (/opt/ros/foxy/share/ament_cmake/cmake)
[3.755s] -- Found PythonInterp: /usr/bin/python3 (found suitable version "3.8.10", minimum required is "3") 
[3.759s] -- Using PYTHON_EXECUTABLE: /usr/bin/python3
[4.803s] -- Found rosidl_default_generators: 1.0.1 (/opt/ros/foxy/share/rosidl_default_generators/cmake)
[4.833s] -- Using all available rosidl_typesupport_c: rosidl_typesupport_fastrtps_c;rosidl_typesupport_introspection_c
[4.884s] -- Found rosidl_adapter: 1.2.1 (/opt/ros/foxy/share/rosidl_adapter/cmake)
[5.891s] -- Using all available rosidl_typesupport_cpp: rosidl_typesupport_fastrtps_cpp;rosidl_typesupport_introspection_cpp
[6.250s] -- Found PythonInterp: /usr/bin/python3 (found version "3.8.10") 
[7.279s] -- Found ament_cmake_ros: 0.9.2 (/opt/ros/foxy/share/ament_cmake_ros/cmake)
[7.739s] -- Using all available rosidl_typesupport_c: rosidl_typesupport_fastrtps_c;rosidl_typesupport_introspection_c
[7.846s] -- Using all available rosidl_typesupport_cpp: rosidl_typesupport_fastrtps_cpp;rosidl_typesupport_introspection_cpp
[7.955s] -- Found PythonInterp: /usr/bin/python3 (found suitable version "3.8.10", minimum required is "3.5") 
[7.958s] -- Found python_cmake_module: 0.8.1 (/opt/ros/foxy/share/python_cmake_module/cmake)
[8.116s] -- Using PYTHON_EXECUTABLE: /usr/bin/python3
[8.117s] -- Using PYTHON_INCLUDE_DIRS: /usr/include/python3.8
[8.117s] -- Using PYTHON_LIBRARIES: /usr/lib/aarch64-linux-gnu/libpython3.8.so
[8.233s] -- Found ament_lint_auto: 0.9.6 (/opt/ros/foxy/share/ament_lint_auto/cmake)
[8.356s] -- Added test 'copyright' to check source files copyright and LICENSE
[8.369s] -- Added test 'lint_cmake' to check CMake code style
[8.376s] -- Added test 'xmllint' to check XML markup files
[8.405s] -- Configuring done
[8.830s] -- Generating done
[8.854s] -- Build files have been written to: /root/dev_ava/build/ava_msgs
[9.026s] [  1%] [34m[1mGenerating C code for ROS interfaces[0m
[9.096s] [  3%] [34m[1mGenerating C++ code for ROS interfaces[0m
[13.296s] [  3%] Built target ava_msgs__cpp
[13.649s] [  4%] [34m[1mGenerating C++ type support dispatch for ROS interfaces[0m
[13.840s] [  6%] [34m[1mGenerating C++ type support for eProsima Fast-RTPS[0m
[14.300s] [  7%] [34m[1mGenerating C++ introspection for ROS interfaces[0m
[14.325s] [35m[1mScanning dependencies of target ava_msgs__rosidl_generator_c[0m
[14.444s] [  9%] [32mBuilding C object CMakeFiles/ava_msgs__rosidl_generator_c.dir/rosidl_generator_c/ava_msgs/msg/detail/leg_position__functions.c.o[0m
[15.176s] [ 11%] [32mBuilding C object CMakeFiles/ava_msgs__rosidl_generator_c.dir/rosidl_generator_c/ava_msgs/msg/detail/ava_pose__functions.c.o[0m
[15.449s] [ 12%] [32mBuilding C object CMakeFiles/ava_msgs__rosidl_generator_c.dir/rosidl_generator_c/ava_msgs/msg/detail/ava_command__functions.c.o[0m
[15.742s] [35m[1mScanning dependencies of target ava_msgs__rosidl_typesupport_cpp[0m
[15.814s] [ 14%] [32mBuilding C object CMakeFiles/ava_msgs__rosidl_generator_c.dir/rosidl_generator_c/ava_msgs/msg/detail/velocity__functions.c.o[0m
[15.867s] [ 15%] [32mBuilding CXX object CMakeFiles/ava_msgs__rosidl_typesupport_cpp.dir/rosidl_typesupport_cpp/ava_msgs/msg/leg_position__type_support.cpp.o[0m
[16.111s] [ 17%] [32mBuilding C object CMakeFiles/ava_msgs__rosidl_generator_c.dir/rosidl_generator_c/ava_msgs/msg/detail/ava_info__functions.c.o[0m
[16.321s] [ 19%] [32m[1mLinking C shared library libava_msgs__rosidl_generator_c.so[0m
[16.603s] [ 19%] Built target ava_msgs__rosidl_generator_c
[16.665s] [ 20%] [34m[1mGenerating C type support dispatch for ROS interfaces[0m
[16.972s] [35m[1mScanning dependencies of target ava_msgs__rosidl_typesupport_introspection_cpp[0m
[17.007s] [35m[1mScanning dependencies of target ava_msgs__rosidl_typesupport_fastrtps_cpp[0m
[17.128s] [ 22%] [32mBuilding CXX object CMakeFiles/ava_msgs__rosidl_typesupport_introspection_cpp.dir/rosidl_typesupport_introspection_cpp/ava_msgs/msg/detail/leg_position__type_support.cpp.o[0m
[17.235s] [ 23%] [32mBuilding CXX object CMakeFiles/ava_msgs__rosidl_typesupport_fastrtps_cpp.dir/rosidl_typesupport_fastrtps_cpp/ava_msgs/msg/detail/dds_fastrtps/leg_position__type_support.cpp.o[0m
[18.447s] [ 25%] [32mBuilding CXX object CMakeFiles/ava_msgs__rosidl_typesupport_cpp.dir/rosidl_typesupport_cpp/ava_msgs/msg/ava_pose__type_support.cpp.o[0m
[18.996s] [35m[1mScanning dependencies of target ava_msgs__rosidl_typesupport_c[0m
[19.208s] [ 26%] [32mBuilding CXX object CMakeFiles/ava_msgs__rosidl_typesupport_c.dir/rosidl_typesupport_c/ava_msgs/msg/leg_position__type_support.cpp.o[0m
[19.255s] [ 28%] [32mBuilding CXX object CMakeFiles/ava_msgs__rosidl_typesupport_introspection_cpp.dir/rosidl_typesupport_introspection_cpp/ava_msgs/msg/detail/ava_pose__type_support.cpp.o[0m
[19.477s] [ 30%] [32mBuilding CXX object CMakeFiles/ava_msgs__rosidl_typesupport_c.dir/rosidl_typesupport_c/ava_msgs/msg/ava_pose__type_support.cpp.o[0m
[19.740s] [ 31%] [32mBuilding CXX object CMakeFiles/ava_msgs__rosidl_typesupport_c.dir/rosidl_typesupport_c/ava_msgs/msg/ava_command__type_support.cpp.o[0m
[20.119s] [ 33%] [32mBuilding CXX object CMakeFiles/ava_msgs__rosidl_typesupport_c.dir/rosidl_typesupport_c/ava_msgs/msg/velocity__type_support.cpp.o[0m
[20.286s] [ 34%] [32mBuilding CXX object CMakeFiles/ava_msgs__rosidl_typesupport_c.dir/rosidl_typesupport_c/ava_msgs/msg/ava_info__type_support.cpp.o[0m
[20.291s] [ 36%] [32mBuilding CXX object CMakeFiles/ava_msgs__rosidl_typesupport_fastrtps_cpp.dir/rosidl_typesupport_fastrtps_cpp/ava_msgs/msg/detail/dds_fastrtps/ava_pose__type_support.cpp.o[0m
[20.328s] [ 38%] [32mBuilding CXX object CMakeFiles/ava_msgs__rosidl_typesupport_cpp.dir/rosidl_typesupport_cpp/ava_msgs/msg/ava_command__type_support.cpp.o[0m
[20.489s] [ 39%] [32m[1mLinking CXX shared library libava_msgs__rosidl_typesupport_c.so[0m
[20.910s] [ 39%] Built target ava_msgs__rosidl_typesupport_c
[21.046s] [ 41%] [34m[1mGenerating C introspection for ROS interfaces[0m
[21.333s] [ 42%] [32mBuilding CXX object CMakeFiles/ava_msgs__rosidl_typesupport_introspection_cpp.dir/rosidl_typesupport_introspection_cpp/ava_msgs/msg/detail/ava_command__type_support.cpp.o[0m
[22.673s] [ 44%] [32mBuilding CXX object CMakeFiles/ava_msgs__rosidl_typesupport_cpp.dir/rosidl_typesupport_cpp/ava_msgs/msg/velocity__type_support.cpp.o[0m
[23.474s] [ 46%] [32mBuilding CXX object CMakeFiles/ava_msgs__rosidl_typesupport_introspection_cpp.dir/rosidl_typesupport_introspection_cpp/ava_msgs/msg/detail/velocity__type_support.cpp.o[0m
[23.855s] [ 47%] [32mBuilding CXX object CMakeFiles/ava_msgs__rosidl_typesupport_fastrtps_cpp.dir/rosidl_typesupport_fastrtps_cpp/ava_msgs/msg/detail/dds_fastrtps/ava_command__type_support.cpp.o[0m
[24.143s] [35m[1mScanning dependencies of target ava_msgs__rosidl_typesupport_introspection_c[0m
[24.232s] [ 49%] [32mBuilding C object CMakeFiles/ava_msgs__rosidl_typesupport_introspection_c.dir/rosidl_typesupport_introspection_c/ava_msgs/msg/detail/leg_position__type_support.c.o[0m
[24.392s] [ 50%] [32mBuilding C object CMakeFiles/ava_msgs__rosidl_typesupport_introspection_c.dir/rosidl_typesupport_introspection_c/ava_msgs/msg/detail/ava_pose__type_support.c.o[0m
[24.461s] [ 52%] [32mBuilding CXX object CMakeFiles/ava_msgs__rosidl_typesupport_cpp.dir/rosidl_typesupport_cpp/ava_msgs/msg/ava_info__type_support.cpp.o[0m
[24.529s] [ 53%] [32mBuilding C object CMakeFiles/ava_msgs__rosidl_typesupport_introspection_c.dir/rosidl_typesupport_introspection_c/ava_msgs/msg/detail/ava_command__type_support.c.o[0m
[24.676s] [ 55%] [32mBuilding C object CMakeFiles/ava_msgs__rosidl_typesupport_introspection_c.dir/rosidl_typesupport_introspection_c/ava_msgs/msg/detail/velocity__type_support.c.o[0m
[24.825s] [ 57%] [32mBuilding C object CMakeFiles/ava_msgs__rosidl_typesupport_introspection_c.dir/rosidl_typesupport_introspection_c/ava_msgs/msg/detail/ava_info__type_support.c.o[0m
[24.997s] [ 58%] [32mBuilding CXX object CMakeFiles/ava_msgs__rosidl_typesupport_introspection_cpp.dir/rosidl_typesupport_introspection_cpp/ava_msgs/msg/detail/ava_info__type_support.cpp.o[0m
[25.024s] [ 60%] [32m[1mLinking C shared library libava_msgs__rosidl_typesupport_introspection_c.so[0m
[25.172s] [ 60%] Built target ava_msgs__rosidl_typesupport_introspection_c
[25.214s] [ 61%] [32mBuilding CXX object CMakeFiles/ava_msgs__rosidl_typesupport_fastrtps_cpp.dir/rosidl_typesupport_fastrtps_cpp/ava_msgs/msg/detail/dds_fastrtps/velocity__type_support.cpp.o[0m
[25.896s] [ 63%] [32m[1mLinking CXX shared library libava_msgs__rosidl_typesupport_cpp.so[0m
[25.985s] [ 65%] [32mBuilding CXX object CMakeFiles/ava_msgs__rosidl_typesupport_fastrtps_cpp.dir/rosidl_typesupport_fastrtps_cpp/ava_msgs/msg/detail/dds_fastrtps/ava_info__type_support.cpp.o[0m
[26.099s] [ 65%] Built target ava_msgs__rosidl_typesupport_cpp
[26.412s] [ 66%] [32m[1mLinking CXX shared library libava_msgs__rosidl_typesupport_introspection_cpp.so[0m
[26.676s] [ 66%] Built target ava_msgs__rosidl_typesupport_introspection_cpp
[27.843s] [ 68%] [32m[1mLinking CXX shared library libava_msgs__rosidl_typesupport_fastrtps_cpp.so[0m
[28.197s] [ 68%] Built target ava_msgs__rosidl_typesupport_fastrtps_cpp
[28.237s] [ 69%] [34m[1mGenerating C type support for eProsima Fast-RTPS[0m
[30.021s] [35m[1mScanning dependencies of target ava_msgs__rosidl_typesupport_fastrtps_c[0m
[30.081s] [ 71%] [32mBuilding CXX object CMakeFiles/ava_msgs__rosidl_typesupport_fastrtps_c.dir/rosidl_typesupport_fastrtps_c/ava_msgs/msg/detail/ava_pose__type_support_c.cpp.o[0m
[30.083s] [ 74%] [32mBuilding CXX object CMakeFiles/ava_msgs__rosidl_typesupport_fastrtps_c.dir/rosidl_typesupport_fastrtps_c/ava_msgs/msg/detail/ava_command__type_support_c.cpp.o[0m
[30.084s] [ 76%] [32mBuilding CXX object CMakeFiles/ava_msgs__rosidl_typesupport_fastrtps_c.dir/rosidl_typesupport_fastrtps_c/ava_msgs/msg/detail/velocity__type_support_c.cpp.o[0m
[30.085s] [ 74%] [32mBuilding CXX object CMakeFiles/ava_msgs__rosidl_typesupport_fastrtps_c.dir/rosidl_typesupport_fastrtps_c/ava_msgs/msg/detail/leg_position__type_support_c.cpp.o[0m
[31.797s] [ 77%] [32mBuilding CXX object CMakeFiles/ava_msgs__rosidl_typesupport_fastrtps_c.dir/rosidl_typesupport_fastrtps_c/ava_msgs/msg/detail/ava_info__type_support_c.cpp.o[0m
[33.285s] [ 79%] [32m[1mLinking CXX shared library libava_msgs__rosidl_typesupport_fastrtps_c.so[0m
[33.588s] [ 79%] Built target ava_msgs__rosidl_typesupport_fastrtps_c
[33.659s] [ 79%] Built target ava_msgs
[33.732s] [ 80%] [34m[1mGenerating Python code for ROS interfaces[0m
[37.526s] [ 80%] Built target ava_msgs__py
[37.572s] [35m[1mScanning dependencies of target ava_msgs__python[0m
[37.665s] [ 82%] [32mBuilding C object CMakeFiles/ava_msgs__python.dir/rosidl_generator_py/ava_msgs/msg/_leg_position_s.c.o[0m
[37.669s] [ 84%] [32mBuilding C object CMakeFiles/ava_msgs__python.dir/rosidl_generator_py/ava_msgs/msg/_ava_command_s.c.o[0m
[37.677s] [ 85%] [32mBuilding C object CMakeFiles/ava_msgs__python.dir/rosidl_generator_py/ava_msgs/msg/_velocity_s.c.o[0m
[37.694s] [ 87%] [32mBuilding C object CMakeFiles/ava_msgs__python.dir/rosidl_generator_py/ava_msgs/msg/_ava_pose_s.c.o[0m
[38.280s] [ 88%] [32mBuilding C object CMakeFiles/ava_msgs__python.dir/rosidl_generator_py/ava_msgs/msg/_ava_info_s.c.o[0m
[38.675s] [ 90%] [32m[1mLinking C shared library rosidl_generator_py/ava_msgs/libava_msgs__python.so[0m
[38.819s] [ 90%] Built target ava_msgs__python
[38.865s] [35m[1mScanning dependencies of target ava_msgs__rosidl_typesupport_introspection_c__pyext[0m
[38.866s] [35m[1mScanning dependencies of target ava_msgs__rosidl_typesupport_c__pyext[0m
[38.868s] [35m[1mScanning dependencies of target ava_msgs__rosidl_typesupport_fastrtps_c__pyext[0m
[38.936s] [ 95%] [32mBuilding C object CMakeFiles/ava_msgs__rosidl_typesupport_introspection_c__pyext.dir/rosidl_generator_py/ava_msgs/_ava_msgs_s.ep.rosidl_typesupport_introspection_c.c.o[0m
[38.937s] [ 95%] [32mBuilding C object CMakeFiles/ava_msgs__rosidl_typesupport_fastrtps_c__pyext.dir/rosidl_generator_py/ava_msgs/_ava_msgs_s.ep.rosidl_typesupport_fastrtps_c.c.o[0m
[38.938s] [ 95%] [32mBuilding C object CMakeFiles/ava_msgs__rosidl_typesupport_c__pyext.dir/rosidl_generator_py/ava_msgs/_ava_msgs_s.ep.rosidl_typesupport_c.c.o[0m
[39.344s] [ 96%] [32m[1mLinking CXX shared library rosidl_generator_py/ava_msgs/ava_msgs_s__rosidl_typesupport_fastrtps_c.cpython-38-aarch64-linux-gnu.so[0m
[39.350s] [ 98%] [32m[1mLinking C shared library rosidl_generator_py/ava_msgs/ava_msgs_s__rosidl_typesupport_introspection_c.cpython-38-aarch64-linux-gnu.so[0m
[39.353s] [100%] [32m[1mLinking C shared library rosidl_generator_py/ava_msgs/ava_msgs_s__rosidl_typesupport_c.cpython-38-aarch64-linux-gnu.so[0m
[39.492s] [100%] Built target ava_msgs__rosidl_typesupport_introspection_c__pyext
[39.502s] [100%] Built target ava_msgs__rosidl_typesupport_c__pyext
[39.580s] [100%] Built target ava_msgs__rosidl_typesupport_fastrtps_c__pyext
[39.621s] Invoked command in '/root/dev_ava/build/ava_msgs' returned '0': CMAKE_PREFIX_PATH=${CMAKE_PREFIX_PATH}:/root/dev_ava/install/ava_driver:/root/dev_ava/install/ava_control:/root/dev_ava/install/tf_transformations:/root/dev_ava/install/ava_bringup:/opt/ros/foxy /usr/bin/cmake --build /root/dev_ava/build/ava_msgs -- -j4 -l4
[39.974s] Invoking command in '/root/dev_ava/build/ava_msgs': CMAKE_PREFIX_PATH=${CMAKE_PREFIX_PATH}:/root/dev_ava/install/ava_driver:/root/dev_ava/install/ava_control:/root/dev_ava/install/tf_transformations:/root/dev_ava/install/ava_bringup:/opt/ros/foxy /usr/bin/cmake --install /root/dev_ava/build/ava_msgs
[40.007s] -- Install configuration: ""
[40.008s] -- Installing: /root/dev_ava/install/ava_msgs/share/ament_index/resource_index/rosidl_interfaces/ava_msgs
[40.009s] -- Up-to-date: /root/dev_ava/install/ava_msgs/include/ava_msgs
[40.009s] -- Up-to-date: /root/dev_ava/install/ava_msgs/include/ava_msgs/msg
[40.009s] -- Installing: /root/dev_ava/install/ava_msgs/include/ava_msgs/msg/leg_position.h
[40.012s] -- Up-to-date: /root/dev_ava/install/ava_msgs/include/ava_msgs/msg/detail
[40.013s] -- Installing: /root/dev_ava/install/ava_msgs/include/ava_msgs/msg/detail/ava_command__functions.c
[40.014s] -- Installing: /root/dev_ava/install/ava_msgs/include/ava_msgs/msg/detail/ava_pose__functions.h
[40.015s] -- Installing: /root/dev_ava/install/ava_msgs/include/ava_msgs/msg/detail/leg_position__functions.c
[40.016s] -- Installing: /root/dev_ava/install/ava_msgs/include/ava_msgs/msg/detail/ava_command__struct.h
[40.016s] -- Installing: /root/dev_ava/install/ava_msgs/include/ava_msgs/msg/detail/ava_command__functions.h
[40.018s] -- Installing: /root/dev_ava/install/ava_msgs/include/ava_msgs/msg/detail/velocity__struct.h
[40.018s] -- Installing: /root/dev_ava/install/ava_msgs/include/ava_msgs/msg/detail/velocity__type_support.h
[40.020s] -- Installing: /root/dev_ava/install/ava_msgs/include/ava_msgs/msg/detail/ava_pose__type_support.h
[40.020s] -- Installing: /root/dev_ava/install/ava_msgs/include/ava_msgs/msg/detail/ava_info__type_support.h
[40.021s] -- Installing: /root/dev_ava/install/ava_msgs/include/ava_msgs/msg/detail/ava_info__functions.h
[40.023s] -- Installing: /root/dev_ava/install/ava_msgs/include/ava_msgs/msg/detail/ava_command__type_support.h
[40.024s] -- Installing: /root/dev_ava/install/ava_msgs/include/ava_msgs/msg/detail/ava_pose__struct.h
[40.025s] -- Installing: /root/dev_ava/install/ava_msgs/include/ava_msgs/msg/detail/ava_info__struct.h
[40.026s] -- Installing: /root/dev_ava/install/ava_msgs/include/ava_msgs/msg/detail/ava_info__functions.c
[40.027s] -- Installing: /root/dev_ava/install/ava_msgs/include/ava_msgs/msg/detail/velocity__functions.h
[40.028s] -- Installing: /root/dev_ava/install/ava_msgs/include/ava_msgs/msg/detail/leg_position__functions.h
[40.029s] -- Installing: /root/dev_ava/install/ava_msgs/include/ava_msgs/msg/detail/leg_position__struct.h
[40.030s] -- Installing: /root/dev_ava/install/ava_msgs/include/ava_msgs/msg/detail/ava_pose__functions.c
[40.031s] -- Installing: /root/dev_ava/install/ava_msgs/include/ava_msgs/msg/detail/leg_position__type_support.h
[40.031s] -- Installing: /root/dev_ava/install/ava_msgs/include/ava_msgs/msg/detail/velocity__functions.c
[40.032s] -- Installing: /root/dev_ava/install/ava_msgs/include/ava_msgs/msg/rosidl_generator_c__visibility_control.h
[40.032s] -- Installing: /root/dev_ava/install/ava_msgs/include/ava_msgs/msg/ava_info.h
[40.033s] -- Installing: /root/dev_ava/install/ava_msgs/include/ava_msgs/msg/velocity.h
[40.033s] -- Installing: /root/dev_ava/install/ava_msgs/include/ava_msgs/msg/ava_pose.h
[40.033s] -- Installing: /root/dev_ava/install/ava_msgs/include/ava_msgs/msg/ava_command.h
[40.034s] -- Installing: /root/dev_ava/install/ava_msgs/share/ava_msgs/environment/library_path.sh
[40.034s] -- Installing: /root/dev_ava/install/ava_msgs/share/ava_msgs/environment/library_path.dsv
[40.035s] -- Installing: /root/dev_ava/install/ava_msgs/lib/libava_msgs__rosidl_generator_c.so
[40.036s] -- Set runtime path of "/root/dev_ava/install/ava_msgs/lib/libava_msgs__rosidl_generator_c.so" to ""
[40.036s] -- Up-to-date: /root/dev_ava/install/ava_msgs/include/ava_msgs
[40.037s] -- Up-to-date: /root/dev_ava/install/ava_msgs/include/ava_msgs/msg
[40.037s] -- Installing: /root/dev_ava/install/ava_msgs/include/ava_msgs/msg/rosidl_typesupport_fastrtps_c__visibility_control.h
[40.038s] -- Up-to-date: /root/dev_ava/install/ava_msgs/include/ava_msgs/msg/detail
[40.039s] -- Installing: /root/dev_ava/install/ava_msgs/include/ava_msgs/msg/detail/leg_position__rosidl_typesupport_fastrtps_c.h
[40.040s] -- Installing: /root/dev_ava/install/ava_msgs/include/ava_msgs/msg/detail/ava_pose__rosidl_typesupport_fastrtps_c.h
[40.040s] -- Installing: /root/dev_ava/install/ava_msgs/include/ava_msgs/msg/detail/ava_info__rosidl_typesupport_fastrtps_c.h
[40.041s] -- Installing: /root/dev_ava/install/ava_msgs/include/ava_msgs/msg/detail/ava_command__rosidl_typesupport_fastrtps_c.h
[40.041s] -- Installing: /root/dev_ava/install/ava_msgs/include/ava_msgs/msg/detail/velocity__rosidl_typesupport_fastrtps_c.h
[40.042s] -- Installing: /root/dev_ava/install/ava_msgs/lib/libava_msgs__rosidl_typesupport_fastrtps_c.so
[40.042s] -- Set runtime path of "/root/dev_ava/install/ava_msgs/lib/libava_msgs__rosidl_typesupport_fastrtps_c.so" to ""
[40.043s] -- Up-to-date: /root/dev_ava/install/ava_msgs/include/ava_msgs
[40.044s] -- Up-to-date: /root/dev_ava/install/ava_msgs/include/ava_msgs/msg
[40.044s] -- Up-to-date: /root/dev_ava/install/ava_msgs/include/ava_msgs/msg/detail
[40.045s] -- Installing: /root/dev_ava/install/ava_msgs/include/ava_msgs/msg/detail/ava_pose__rosidl_typesupport_fastrtps_cpp.hpp
[40.045s] -- Installing: /root/dev_ava/install/ava_msgs/include/ava_msgs/msg/detail/ava_info__rosidl_typesupport_fastrtps_cpp.hpp
[40.045s] -- Installing: /root/dev_ava/install/ava_msgs/include/ava_msgs/msg/detail/leg_position__rosidl_typesupport_fastrtps_cpp.hpp
[40.046s] -- Installing: /root/dev_ava/install/ava_msgs/include/ava_msgs/msg/detail/ava_command__rosidl_typesupport_fastrtps_cpp.hpp
[40.046s] -- Up-to-date: /root/dev_ava/install/ava_msgs/include/ava_msgs/msg/detail/dds_fastrtps
[40.047s] -- Installing: /root/dev_ava/install/ava_msgs/include/ava_msgs/msg/detail/velocity__rosidl_typesupport_fastrtps_cpp.hpp
[40.047s] -- Installing: /root/dev_ava/install/ava_msgs/include/ava_msgs/msg/rosidl_typesupport_fastrtps_cpp__visibility_control.h
[40.048s] -- Installing: /root/dev_ava/install/ava_msgs/lib/libava_msgs__rosidl_typesupport_fastrtps_cpp.so
[40.049s] -- Set runtime path of "/root/dev_ava/install/ava_msgs/lib/libava_msgs__rosidl_typesupport_fastrtps_cpp.so" to ""
[40.049s] -- Up-to-date: /root/dev_ava/install/ava_msgs/include/ava_msgs
[40.050s] -- Up-to-date: /root/dev_ava/install/ava_msgs/include/ava_msgs/msg
[40.050s] -- Up-to-date: /root/dev_ava/install/ava_msgs/include/ava_msgs/msg/detail
[40.051s] -- Installing: /root/dev_ava/install/ava_msgs/include/ava_msgs/msg/detail/velocity__rosidl_typesupport_introspection_c.h
[40.051s] -- Installing: /root/dev_ava/install/ava_msgs/include/ava_msgs/msg/detail/velocity__type_support.c
[40.051s] -- Installing: /root/dev_ava/install/ava_msgs/include/ava_msgs/msg/detail/ava_pose__type_support.c
[40.052s] -- Installing: /root/dev_ava/install/ava_msgs/include/ava_msgs/msg/detail/ava_command__type_support.c
[40.052s] -- Installing: /root/dev_ava/install/ava_msgs/include/ava_msgs/msg/detail/ava_info__type_support.c
[40.053s] -- Installing: /root/dev_ava/install/ava_msgs/include/ava_msgs/msg/detail/ava_pose__rosidl_typesupport_introspection_c.h
[40.053s] -- Installing: /root/dev_ava/install/ava_msgs/include/ava_msgs/msg/detail/ava_command__rosidl_typesupport_introspection_c.h
[40.054s] -- Installing: /root/dev_ava/install/ava_msgs/include/ava_msgs/msg/detail/ava_info__rosidl_typesupport_introspection_c.h
[40.054s] -- Installing: /root/dev_ava/install/ava_msgs/include/ava_msgs/msg/detail/leg_position__type_support.c
[40.055s] -- Installing: /root/dev_ava/install/ava_msgs/include/ava_msgs/msg/detail/leg_position__rosidl_typesupport_introspection_c.h
[40.056s] -- Installing: /root/dev_ava/install/ava_msgs/include/ava_msgs/msg/rosidl_typesupport_introspection_c__visibility_control.h
[40.058s] -- Installing: /root/dev_ava/install/ava_msgs/lib/libava_msgs__rosidl_typesupport_introspection_c.so
[40.059s] -- Set runtime path of "/root/dev_ava/install/ava_msgs/lib/libava_msgs__rosidl_typesupport_introspection_c.so" to ""
[40.061s] -- Installing: /root/dev_ava/install/ava_msgs/lib/libava_msgs__rosidl_typesupport_c.so
[40.062s] -- Set runtime path of "/root/dev_ava/install/ava_msgs/lib/libava_msgs__rosidl_typesupport_c.so" to ""
[40.063s] -- Up-to-date: /root/dev_ava/install/ava_msgs/include/ava_msgs
[40.063s] -- Up-to-date: /root/dev_ava/install/ava_msgs/include/ava_msgs/msg
[40.064s] -- Installing: /root/dev_ava/install/ava_msgs/include/ava_msgs/msg/ava_command.hpp
[40.064s] -- Installing: /root/dev_ava/install/ava_msgs/include/ava_msgs/msg/ava_info.hpp
[40.065s] -- Up-to-date: /root/dev_ava/install/ava_msgs/include/ava_msgs/msg/detail
[40.065s] -- Installing: /root/dev_ava/install/ava_msgs/include/ava_msgs/msg/detail/ava_command__builder.hpp
[40.066s] -- Installing: /root/dev_ava/install/ava_msgs/include/ava_msgs/msg/detail/ava_pose__builder.hpp
[40.066s] -- Installing: /root/dev_ava/install/ava_msgs/include/ava_msgs/msg/detail/ava_pose__struct.hpp
[40.067s] -- Installing: /root/dev_ava/install/ava_msgs/include/ava_msgs/msg/detail/velocity__struct.hpp
[40.068s] -- Installing: /root/dev_ava/install/ava_msgs/include/ava_msgs/msg/detail/leg_position__traits.hpp
[40.069s] -- Installing: /root/dev_ava/install/ava_msgs/include/ava_msgs/msg/detail/leg_position__builder.hpp
[40.069s] -- Installing: /root/dev_ava/install/ava_msgs/include/ava_msgs/msg/detail/leg_position__struct.hpp
[40.070s] -- Installing: /root/dev_ava/install/ava_msgs/include/ava_msgs/msg/detail/ava_command__traits.hpp
[40.071s] -- Installing: /root/dev_ava/install/ava_msgs/include/ava_msgs/msg/detail/ava_info__traits.hpp
[40.072s] -- Installing: /root/dev_ava/install/ava_msgs/include/ava_msgs/msg/detail/ava_info__builder.hpp
[40.073s] -- Installing: /root/dev_ava/install/ava_msgs/include/ava_msgs/msg/detail/ava_info__struct.hpp
[40.073s] -- Installing: /root/dev_ava/install/ava_msgs/include/ava_msgs/msg/detail/ava_pose__traits.hpp
[40.074s] -- Installing: /root/dev_ava/install/ava_msgs/include/ava_msgs/msg/detail/velocity__traits.hpp
[40.075s] -- Installing: /root/dev_ava/install/ava_msgs/include/ava_msgs/msg/detail/velocity__builder.hpp
[40.076s] -- Installing: /root/dev_ava/install/ava_msgs/include/ava_msgs/msg/detail/ava_command__struct.hpp
[40.077s] -- Installing: /root/dev_ava/install/ava_msgs/include/ava_msgs/msg/leg_position.hpp
[40.078s] -- Installing: /root/dev_ava/install/ava_msgs/include/ava_msgs/msg/ava_pose.hpp
[40.078s] -- Installing: /root/dev_ava/install/ava_msgs/include/ava_msgs/msg/velocity.hpp
[40.080s] -- Up-to-date: /root/dev_ava/install/ava_msgs/include/ava_msgs
[40.080s] -- Up-to-date: /root/dev_ava/install/ava_msgs/include/ava_msgs/msg
[40.081s] -- Up-to-date: /root/dev_ava/install/ava_msgs/include/ava_msgs/msg/detail
[40.081s] -- Installing: /root/dev_ava/install/ava_msgs/include/ava_msgs/msg/detail/ava_pose__rosidl_typesupport_introspection_cpp.hpp
[40.081s] -- Installing: /root/dev_ava/install/ava_msgs/include/ava_msgs/msg/detail/velocity__type_support.cpp
[40.082s] -- Installing: /root/dev_ava/install/ava_msgs/include/ava_msgs/msg/detail/velocity__rosidl_typesupport_introspection_cpp.hpp
[40.083s] -- Installing: /root/dev_ava/install/ava_msgs/include/ava_msgs/msg/detail/ava_info__type_support.cpp
[40.083s] -- Installing: /root/dev_ava/install/ava_msgs/include/ava_msgs/msg/detail/ava_info__rosidl_typesupport_introspection_cpp.hpp
[40.085s] -- Installing: /root/dev_ava/install/ava_msgs/include/ava_msgs/msg/detail/ava_command__type_support.cpp
[40.086s] -- Installing: /root/dev_ava/install/ava_msgs/include/ava_msgs/msg/detail/ava_pose__type_support.cpp
[40.086s] -- Installing: /root/dev_ava/install/ava_msgs/include/ava_msgs/msg/detail/leg_position__type_support.cpp
[40.087s] -- Installing: /root/dev_ava/install/ava_msgs/include/ava_msgs/msg/detail/leg_position__rosidl_typesupport_introspection_cpp.hpp
[40.088s] -- Installing: /root/dev_ava/install/ava_msgs/include/ava_msgs/msg/detail/ava_command__rosidl_typesupport_introspection_cpp.hpp
[40.091s] -- Installing: /root/dev_ava/install/ava_msgs/lib/libava_msgs__rosidl_typesupport_introspection_cpp.so
[40.093s] -- Set runtime path of "/root/dev_ava/install/ava_msgs/lib/libava_msgs__rosidl_typesupport_introspection_cpp.so" to ""
[40.094s] -- Installing: /root/dev_ava/install/ava_msgs/lib/libava_msgs__rosidl_typesupport_cpp.so
[40.096s] -- Set runtime path of "/root/dev_ava/install/ava_msgs/lib/libava_msgs__rosidl_typesupport_cpp.so" to ""
[40.097s] -- Up-to-date: /root/dev_ava/install/ava_msgs/share/ava_msgs/environment/pythonpath.sh
[40.097s] -- Installing: /root/dev_ava/install/ava_msgs/share/ava_msgs/environment/pythonpath.dsv
[40.098s] -- Installing: /root/dev_ava/install/ava_msgs/lib/python3.8/site-packages/ava_msgs/__init__.py
[40.227s] Compiling '/root/dev_ava/install/ava_msgs/lib/python3.8/site-packages/ava_msgs/__init__.py'...
[40.247s] -- Up-to-date: /root/dev_ava/install/ava_msgs/lib/python3.8/site-packages/ava_msgs/msg
[40.249s] -- Installing: /root/dev_ava/install/ava_msgs/lib/python3.8/site-packages/ava_msgs/msg/_ava_info.py
[40.249s] -- Installing: /root/dev_ava/install/ava_msgs/lib/python3.8/site-packages/ava_msgs/msg/_velocity_s.c
[40.250s] -- Installing: /root/dev_ava/install/ava_msgs/lib/python3.8/site-packages/ava_msgs/msg/_ava_command_s.c
[40.250s] -- Installing: /root/dev_ava/install/ava_msgs/lib/python3.8/site-packages/ava_msgs/msg/__init__.py
[40.250s] -- Installing: /root/dev_ava/install/ava_msgs/lib/python3.8/site-packages/ava_msgs/msg/_velocity.py
[40.252s] -- Installing: /root/dev_ava/install/ava_msgs/lib/python3.8/site-packages/ava_msgs/msg/_leg_position_s.c
[40.252s] -- Installing: /root/dev_ava/install/ava_msgs/lib/python3.8/site-packages/ava_msgs/msg/_ava_info_s.c
[40.252s] -- Installing: /root/dev_ava/install/ava_msgs/lib/python3.8/site-packages/ava_msgs/msg/_ava_command.py
[40.253s] -- Installing: /root/dev_ava/install/ava_msgs/lib/python3.8/site-packages/ava_msgs/msg/_ava_pose.py
[40.253s] -- Installing: /root/dev_ava/install/ava_msgs/lib/python3.8/site-packages/ava_msgs/msg/_leg_position.py
[40.254s] -- Installing: /root/dev_ava/install/ava_msgs/lib/python3.8/site-packages/ava_msgs/msg/_ava_pose_s.c
[40.256s] -- Installing: /root/dev_ava/install/ava_msgs/lib/python3.8/site-packages/ava_msgs/ava_msgs_s__rosidl_typesupport_fastrtps_c.cpython-38-aarch64-linux-gnu.so
[40.257s] -- Set runtime path of "/root/dev_ava/install/ava_msgs/lib/python3.8/site-packages/ava_msgs/ava_msgs_s__rosidl_typesupport_fastrtps_c.cpython-38-aarch64-linux-gnu.so" to ""
[40.260s] -- Installing: /root/dev_ava/install/ava_msgs/lib/python3.8/site-packages/ava_msgs/ava_msgs_s__rosidl_typesupport_introspection_c.cpython-38-aarch64-linux-gnu.so
[40.262s] -- Set runtime path of "/root/dev_ava/install/ava_msgs/lib/python3.8/site-packages/ava_msgs/ava_msgs_s__rosidl_typesupport_introspection_c.cpython-38-aarch64-linux-gnu.so" to ""
[40.264s] -- Installing: /root/dev_ava/install/ava_msgs/lib/python3.8/site-packages/ava_msgs/ava_msgs_s__rosidl_typesupport_c.cpython-38-aarch64-linux-gnu.so
[40.266s] -- Set runtime path of "/root/dev_ava/install/ava_msgs/lib/python3.8/site-packages/ava_msgs/ava_msgs_s__rosidl_typesupport_c.cpython-38-aarch64-linux-gnu.so" to ""
[40.268s] -- Installing: /root/dev_ava/install/ava_msgs/lib/libava_msgs__python.so
[40.270s] -- Set runtime path of "/root/dev_ava/install/ava_msgs/lib/libava_msgs__python.so" to ""
[40.271s] -- Up-to-date: /root/dev_ava/install/ava_msgs/share/ava_msgs/msg/LegPosition.idl
[40.271s] -- Up-to-date: /root/dev_ava/install/ava_msgs/share/ava_msgs/msg/AvaPose.idl
[40.272s] -- Installing: /root/dev_ava/install/ava_msgs/share/ava_msgs/msg/AvaCommand.idl
[40.273s] -- Up-to-date: /root/dev_ava/install/ava_msgs/share/ava_msgs/msg/Velocity.idl
[40.274s] -- Installing: /root/dev_ava/install/ava_msgs/share/ava_msgs/msg/AvaInfo.idl
[40.274s] -- Up-to-date: /root/dev_ava/install/ava_msgs/share/ava_msgs/msg/LegPosition.msg
[40.275s] -- Up-to-date: /root/dev_ava/install/ava_msgs/share/ava_msgs/msg/AvaPose.msg
[40.276s] -- Installing: /root/dev_ava/install/ava_msgs/share/ava_msgs/msg/AvaCommand.msg
[40.277s] -- Up-to-date: /root/dev_ava/install/ava_msgs/share/ava_msgs/msg/Velocity.msg
[40.277s] -- Installing: /root/dev_ava/install/ava_msgs/share/ava_msgs/msg/AvaInfo.msg
[40.278s] -- Installing: /root/dev_ava/install/ava_msgs/share/ament_index/resource_index/package_run_dependencies/ava_msgs
[40.278s] -- Installing: /root/dev_ava/install/ava_msgs/share/ament_index/resource_index/parent_prefix_path/ava_msgs
[40.278s] -- Installing: /root/dev_ava/install/ava_msgs/share/ava_msgs/environment/ament_prefix_path.sh
[40.279s] -- Installing: /root/dev_ava/install/ava_msgs/share/ava_msgs/environment/ament_prefix_path.dsv
[40.281s] -- Installing: /root/dev_ava/install/ava_msgs/share/ava_msgs/environment/path.sh
[40.282s] -- Installing: /root/dev_ava/install/ava_msgs/share/ava_msgs/environment/path.dsv
[40.283s] -- Up-to-date: /root/dev_ava/install/ava_msgs/share/ava_msgs/local_setup.bash
[40.284s] -- Up-to-date: /root/dev_ava/install/ava_msgs/share/ava_msgs/local_setup.sh
[40.284s] -- Up-to-date: /root/dev_ava/install/ava_msgs/share/ava_msgs/local_setup.zsh
[40.285s] -- Installing: /root/dev_ava/install/ava_msgs/share/ava_msgs/local_setup.dsv
[40.286s] -- Installing: /root/dev_ava/install/ava_msgs/share/ava_msgs/package.dsv
[40.287s] -- Installing: /root/dev_ava/install/ava_msgs/share/ament_index/resource_index/packages/ava_msgs
[40.289s] -- Up-to-date: /root/dev_ava/install/ava_msgs/share/ava_msgs/cmake/ava_msgs__rosidl_generator_cExport.cmake
[40.290s] -- Installing: /root/dev_ava/install/ava_msgs/share/ava_msgs/cmake/ava_msgs__rosidl_generator_cExport-noconfig.cmake
[40.292s] -- Up-to-date: /root/dev_ava/install/ava_msgs/share/ava_msgs/cmake/ava_msgs__rosidl_typesupport_introspection_cExport.cmake
[40.293s] -- Installing: /root/dev_ava/install/ava_msgs/share/ava_msgs/cmake/ava_msgs__rosidl_typesupport_introspection_cExport-noconfig.cmake
[40.295s] -- Up-to-date: /root/dev_ava/install/ava_msgs/share/ava_msgs/cmake/ava_msgs__rosidl_typesupport_cExport.cmake
[40.296s] -- Installing: /root/dev_ava/install/ava_msgs/share/ava_msgs/cmake/ava_msgs__rosidl_typesupport_cExport-noconfig.cmake
[40.298s] -- Up-to-date: /root/dev_ava/install/ava_msgs/share/ava_msgs/cmake/ava_msgs__rosidl_generator_cppExport.cmake
[40.299s] -- Up-to-date: /root/dev_ava/install/ava_msgs/share/ava_msgs/cmake/ava_msgs__rosidl_typesupport_introspection_cppExport.cmake
[40.300s] -- Installing: /root/dev_ava/install/ava_msgs/share/ava_msgs/cmake/ava_msgs__rosidl_typesupport_introspection_cppExport-noconfig.cmake
[40.302s] -- Up-to-date: /root/dev_ava/install/ava_msgs/share/ava_msgs/cmake/ava_msgs__rosidl_typesupport_cppExport.cmake
[40.302s] -- Installing: /root/dev_ava/install/ava_msgs/share/ava_msgs/cmake/ava_msgs__rosidl_typesupport_cppExport-noconfig.cmake
[40.306s] -- Installing: /root/dev_ava/install/ava_msgs/share/ava_msgs/cmake/rosidl_cmake-extras.cmake
[40.316s] -- Up-to-date: /root/dev_ava/install/ava_msgs/share/ava_msgs/cmake/ament_cmake_export_dependencies-extras.cmake
[40.323s] -- Installing: /root/dev_ava/install/ava_msgs/share/ava_msgs/cmake/ament_cmake_export_libraries-extras.cmake
[40.325s] -- Installing: /root/dev_ava/install/ava_msgs/share/ava_msgs/cmake/ament_cmake_export_targets-extras.cmake
[40.326s] -- Installing: /root/dev_ava/install/ava_msgs/share/ava_msgs/cmake/ament_cmake_export_include_directories-extras.cmake
[40.326s] -- Installing: /root/dev_ava/install/ava_msgs/share/ava_msgs/cmake/rosidl_cmake_export_typesupport_libraries-extras.cmake
[40.333s] -- Installing: /root/dev_ava/install/ava_msgs/share/ava_msgs/cmake/rosidl_cmake_export_typesupport_targets-extras.cmake
[40.335s] -- Installing: /root/dev_ava/install/ava_msgs/share/ava_msgs/cmake/ava_msgsConfig.cmake
[40.339s] -- Installing: /root/dev_ava/install/ava_msgs/share/ava_msgs/cmake/ava_msgsConfig-version.cmake
[40.341s] -- Up-to-date: /root/dev_ava/install/ava_msgs/share/ava_msgs/package.xml
[40.344s] Invoked command in '/root/dev_ava/build/ava_msgs' returned '0': CMAKE_PREFIX_PATH=${CMAKE_PREFIX_PATH}:/root/dev_ava/install/ava_driver:/root/dev_ava/install/ava_control:/root/dev_ava/install/tf_transformations:/root/dev_ava/install/ava_bringup:/opt/ros/foxy /usr/bin/cmake --install /root/dev_ava/build/ava_msgs
