[3.666s] Invoking command in '/root/dev_ava/src/ava_driver': AMENT_PREFIX_PATH=/root/dev_ava/install/tf_transformations:/root/dev_ava/install/ava_driver:/root/dev_ava/install/ava_control:/root/dev_ava/install/rplidar_ros2:/root/dev_ava/install/ava_msgs:/root/dev_ava/install/ava_bringup:/opt/ros/foxy PYTHONPATH=/root/dev_ava/install/ava_driver/lib/python3.8/site-packages:/root/dev_ava/install/tf_transformations/lib/python3.8/site-packages:/root/dev_ava/install/ava_driver/lib/python3.8/site-packages:/root/dev_ava/install/ava_control/lib/python3.8/site-packages:/root/dev_ava/install/ava_msgs/lib/python3.8/site-packages:/root/dev_ava/install/ava_kinematics/lib/python3.8/site-packages:/root/dev_ava/install/ava_bringup/lib/python3.8/site-packages:/opt/ros/foxy/lib/python3.8/site-packages /usr/bin/python3 setup.py egg_info --egg-base ../../build/ava_driver build --build-base /root/dev_ava/build/ava_driver/build install --prefix /root/dev_ava/install/ava_driver --record /root/dev_ava/build/ava_driver/install.log --single-version-externally-managed
[4.576s] running egg_info
[4.577s] writing ../../build/ava_driver/ava_driver.egg-info/PKG-INFO
[4.577s] writing dependency_links to ../../build/ava_driver/ava_driver.egg-info/dependency_links.txt
[4.579s] writing entry points to ../../build/ava_driver/ava_driver.egg-info/entry_points.txt
[4.581s] writing requirements to ../../build/ava_driver/ava_driver.egg-info/requires.txt
[4.582s] writing top-level names to ../../build/ava_driver/ava_driver.egg-info/top_level.txt
[4.775s] reading manifest file '../../build/ava_driver/ava_driver.egg-info/SOURCES.txt'
[4.781s] writing manifest file '../../build/ava_driver/ava_driver.egg-info/SOURCES.txt'
[4.782s] running build
[4.782s] running build_py
[4.783s] copying ava_driver/ava_servo.py -> /root/dev_ava/build/ava_driver/build/lib/ava_driver
[4.784s] running install
[4.786s] running install_lib
[4.794s] copying /root/dev_ava/build/ava_driver/build/lib/ava_driver/ava_servo.py -> /root/dev_ava/install/ava_driver/lib/python3.8/site-packages/ava_driver
[4.797s] byte-compiling /root/dev_ava/install/ava_driver/lib/python3.8/site-packages/ava_driver/ava_servo.py to ava_servo.cpython-38.pyc
[4.804s] running install_data
[4.806s] running install_egg_info
[4.825s] removing '/root/dev_ava/install/ava_driver/lib/python3.8/site-packages/ava_driver-0.0.0-py3.8.egg-info' (and everything under it)
[4.826s] Copying ../../build/ava_driver/ava_driver.egg-info to /root/dev_ava/install/ava_driver/lib/python3.8/site-packages/ava_driver-0.0.0-py3.8.egg-info
[4.843s] running install_scripts
[4.941s] Installing ava_driver script to /root/dev_ava/install/ava_driver/lib/ava_driver
[4.943s] writing list of installed files to '/root/dev_ava/build/ava_driver/install.log'
[5.065s] Invoked command in '/root/dev_ava/src/ava_driver' returned '0': AMENT_PREFIX_PATH=/root/dev_ava/install/tf_transformations:/root/dev_ava/install/ava_driver:/root/dev_ava/install/ava_control:/root/dev_ava/install/rplidar_ros2:/root/dev_ava/install/ava_msgs:/root/dev_ava/install/ava_bringup:/opt/ros/foxy PYTHONPATH=/root/dev_ava/install/ava_driver/lib/python3.8/site-packages:/root/dev_ava/install/tf_transformations/lib/python3.8/site-packages:/root/dev_ava/install/ava_driver/lib/python3.8/site-packages:/root/dev_ava/install/ava_control/lib/python3.8/site-packages:/root/dev_ava/install/ava_msgs/lib/python3.8/site-packages:/root/dev_ava/install/ava_kinematics/lib/python3.8/site-packages:/root/dev_ava/install/ava_bringup/lib/python3.8/site-packages:/opt/ros/foxy/lib/python3.8/site-packages /usr/bin/python3 setup.py egg_info --egg-base ../../build/ava_driver build --build-base /root/dev_ava/build/ava_driver/build install --prefix /root/dev_ava/install/ava_driver --record /root/dev_ava/build/ava_driver/install.log --single-version-externally-managed
