-- Selecting Windows SDK version 10.0.16299.0 to target Windows 10.0.22000.
-- The C compiler identification is MSVC 19.29.30133.0
-- The CXX compiler identification is MSVC 19.29.30133.0
-- Detecting C compiler ABI info
-- Detecting C compiler ABI info - done
-- Check for working C compiler: C:/Program Files (x86)/Microsoft Visual Studio/2019/Community/VC/Tools/MSVC/14.29.30133/bin/Hostx64/x64/cl.exe - skipped
-- Detecting C compile features
-- Detecting C compile features - done
-- Detecting CXX compiler ABI info
-- Detecting CXX compiler ABI info - done
-- Check for working CXX compiler: C:/Program Files (x86)/Microsoft Visual Studio/2019/Community/VC/Tools/MSVC/14.29.30133/bin/Hostx64/x64/cl.exe - skipped
-- Detecting CXX compile features
-- Detecting CXX compile features - done
-- Found ament_cmake: 0.9.8 (C:/opt/ros/foxy/x64/share/ament_cmake/cmake)
-- Found PythonInterp: C:/opt/ros/foxy/x64/python.exe (found suitable version "3.8.3", minimum required is "3") 
-- Using PYTHON_EXECUTABLE: C:/opt/ros/foxy/x64/python.exe
-- Found rosidl_default_generators: 1.0.1 (C:/opt/ros/foxy/x64/share/rosidl_default_generators/cmake)
-- Using all available rosidl_typesupport_c: rosidl_typesupport_fastrtps_c;rosidl_typesupport_introspection_c
-- Found rosidl_adapter: 1.2.1 (C:/opt/ros/foxy/x64/share/rosidl_adapter/cmake)
-- Found OpenSSL: C:/opt/ros/foxy/x64/Lib/libcrypto.lib (found version "1.1.1g")  
-- Found FastRTPS: C:/opt/ros/foxy/x64/include  
-- Using all available rosidl_typesupport_cpp: rosidl_typesupport_fastrtps_cpp;rosidl_typesupport_introspection_cpp
-- Found PythonInterp: C:/opt/ros/foxy/x64/python.exe (found version "3.8.3") 
-- Found ament_cmake_ros: 0.9.2 (C:/opt/ros/foxy/x64/share/ament_cmake_ros/cmake)
-- Using all available rosidl_typesupport_c: rosidl_typesupport_fastrtps_c;rosidl_typesupport_introspection_c
-- Using all available rosidl_typesupport_cpp: rosidl_typesupport_fastrtps_cpp;rosidl_typesupport_introspection_cpp
-- Found PythonInterp: C:/opt/ros/foxy/x64/python.exe (found suitable version "3.8.3", minimum required is "3.5") 
-- Found python_cmake_module: 0.8.1 (C:/opt/ros/foxy/x64/share/python_cmake_module/cmake)
-- Found PythonLibs: C:/opt/ros/foxy/x64/Lib/python38.lib (found suitable version "3.8.3", minimum required is "3.5") 
-- Using PYTHON_EXECUTABLE: C:/opt/ros/foxy/x64/python.exe
-- Using PYTHON_INCLUDE_DIRS: C:/opt/ros/foxy/x64/include/python3.8
-- Using PYTHON_LIBRARIES: C:/opt/ros/foxy/x64/Lib/python38.lib
-- Found PythonExtra: .pyd  
-- Using numpy include directory: C:\opt\ros\foxy\x64\lib\site-packages\numpy\core\include
-- Found ament_lint_auto: 0.9.6 (C:/opt/ros/foxy/x64/share/ament_lint_auto/cmake)
-- Added test 'copyright' to check source files copyright and LICENSE
-- Added test 'lint_cmake' to check CMake code style
-- Added test 'xmllint' to check XML markup files
-- Configuring done
-- Generating done
-- Build files have been written to: C:/dev_ava/build/ava_msgs
Microsoft (R) Build Engine version 16.11.0+0538acc04 for .NET Framework
Copyright (C) Microsoft Corporation. All rights reserved.

  Checking Build System
  Generating C++ code for ROS interfaces
  Building Custom Rule C:/dev_ava/src/ava_msgs/CMakeLists.txt
  Generating C code for ROS interfaces
  Building Custom Rule C:/dev_ava/src/ava_msgs/CMakeLists.txt
  leg_position__functions.c
  ava_pose__functions.c
  ava_command__functions.c
  velocity__functions.c
  ava_info__functions.c
     Creating library C:/dev_ava/build/ava_msgs/Release/ava_msgs__rosidl_generator_c.lib and object C:/dev_ava/build/ava_msgs/Release/ava_msgs__rosidl_generator_c.exp
  ava_msgs__rosidl_generator_c.vcxproj -> C:\dev_ava\build\ava_msgs\Release\ava_msgs__rosidl_generator_c.dll
  Generating C type support dispatch for ROS interfaces
  Building Custom Rule C:/dev_ava/src/ava_msgs/CMakeLists.txt
  leg_position__type_support.cpp
  ava_pose__type_support.cpp
  ava_command__type_support.cpp
  velocity__type_support.cpp
  ava_info__type_support.cpp
     Creating library C:/dev_ava/build/ava_msgs/Release/ava_msgs__rosidl_typesupport_c.lib and object C:/dev_ava/build/ava_msgs/Release/ava_msgs__rosidl_typesupport_c.exp
  ava_msgs__rosidl_typesupport_c.vcxproj -> C:\dev_ava\build\ava_msgs\Release\ava_msgs__rosidl_typesupport_c.dll
  Generating C++ type support dispatch for ROS interfaces
  Building Custom Rule C:/dev_ava/src/ava_msgs/CMakeLists.txt
  leg_position__type_support.cpp
  ava_pose__type_support.cpp
  ava_command__type_support.cpp
  velocity__type_support.cpp
  ava_info__type_support.cpp
     Creating library C:/dev_ava/build/ava_msgs/Release/ava_msgs__rosidl_typesupport_cpp.lib and object C:/dev_ava/build/ava_msgs/Release/ava_msgs__rosidl_typesupport_cpp.exp
  ava_msgs__rosidl_typesupport_cpp.vcxproj -> C:\dev_ava\build\ava_msgs\Release\ava_msgs__rosidl_typesupport_cpp.dll
  Generating C++ type support for eProsima Fast-RTPS
  Building Custom Rule C:/dev_ava/src/ava_msgs/CMakeLists.txt
  leg_position__type_support.cpp
  ava_pose__type_support.cpp
  ava_command__type_support.cpp
  velocity__type_support.cpp
  ava_info__type_support.cpp
     Creating library C:/dev_ava/build/ava_msgs/Release/ava_msgs__rosidl_typesupport_fastrtps_cpp.lib and object C:/dev_ava/build/ava_msgs/Release/ava_msgs__rosidl_typesupport_fastrtps_cpp.exp
  ava_msgs__rosidl_typesupport_fastrtps_cpp.vcxproj -> C:\dev_ava\build\ava_msgs\Release\ava_msgs__rosidl_typesupport_fastrtps_cpp.dll
  Generating C type support for eProsima Fast-RTPS
  Building Custom Rule C:/dev_ava/src/ava_msgs/CMakeLists.txt
  leg_position__type_support_c.cpp
  ava_pose__type_support_c.cpp
  ava_command__type_support_c.cpp
  velocity__type_support_c.cpp
  ava_info__type_support_c.cpp
     Creating library C:/dev_ava/build/ava_msgs/Release/ava_msgs__rosidl_typesupport_fastrtps_c.lib and object C:/dev_ava/build/ava_msgs/Release/ava_msgs__rosidl_typesupport_fastrtps_c.exp
  ava_msgs__rosidl_typesupport_fastrtps_c.vcxproj -> C:\dev_ava\build\ava_msgs\Release\ava_msgs__rosidl_typesupport_fastrtps_c.dll
  Generating C introspection for ROS interfaces
  Building Custom Rule C:/dev_ava/src/ava_msgs/CMakeLists.txt
  leg_position__type_support.c
  ava_pose__type_support.c
  ava_command__type_support.c
  velocity__type_support.c
  ava_info__type_support.c
     Creating library C:/dev_ava/build/ava_msgs/Release/ava_msgs__rosidl_typesupport_introspection_c.lib and object C:/dev_ava/build/ava_msgs/Release/ava_msgs__rosidl_typesupport_introspection_c.exp
  ava_msgs__rosidl_typesupport_introspection_c.vcxproj -> C:\dev_ava\build\ava_msgs\Release\ava_msgs__rosidl_typesupport_introspection_c.dll
  Generating C++ introspection for ROS interfaces
  Building Custom Rule C:/dev_ava/src/ava_msgs/CMakeLists.txt
  leg_position__type_support.cpp
  ava_pose__type_support.cpp
  ava_command__type_support.cpp
  velocity__type_support.cpp
  ava_info__type_support.cpp
     Creating library C:/dev_ava/build/ava_msgs/Release/ava_msgs__rosidl_typesupport_introspection_cpp.lib and object C:/dev_ava/build/ava_msgs/Release/ava_msgs__rosidl_typesupport_introspection_cpp.exp
  ava_msgs__rosidl_typesupport_introspection_cpp.vcxproj -> C:\dev_ava\build\ava_msgs\Release\ava_msgs__rosidl_typesupport_introspection_cpp.dll
  Building Custom Rule C:/dev_ava/src/ava_msgs/CMakeLists.txt
  Generating Python code for ROS interfaces
  Building Custom Rule C:/dev_ava/build/ava_msgs/ava_msgs__py/CMakeLists.txt
  Building Custom Rule C:/dev_ava/src/ava_msgs/CMakeLists.txt
  _leg_position_s.c
  _ava_pose_s.c
  _ava_command_s.c
  _velocity_s.c
  _ava_info_s.c
     Creating library C:/dev_ava/build/ava_msgs/Release/ava_msgs__python.lib and object C:/dev_ava/build/ava_msgs/Release/ava_msgs__python.exp
  ava_msgs__python.vcxproj -> C:\dev_ava\build\ava_msgs\rosidl_generator_py\ava_msgs\ava_msgs__python.dll
  Building Custom Rule C:/dev_ava/src/ava_msgs/CMakeLists.txt
  _ava_msgs_s.ep.rosidl_typesupport_c.c
     Creating library C:/dev_ava/build/ava_msgs/Release/ava_msgs_s__rosidl_typesupport_c.lib and object C:/dev_ava/build/ava_msgs/Release/ava_msgs_s__rosidl_typesupport_c.exp
  ava_msgs__rosidl_typesupport_c__pyext.vcxproj -> C:\dev_ava\build\ava_msgs\rosidl_generator_py\ava_msgs\ava_msgs_s__rosidl_typesupport_c.pyd
  Building Custom Rule C:/dev_ava/src/ava_msgs/CMakeLists.txt
  _ava_msgs_s.ep.rosidl_typesupport_fastrtps_c.c
     Creating library C:/dev_ava/build/ava_msgs/Release/ava_msgs_s__rosidl_typesupport_fastrtps_c.lib and object C:/dev_ava/build/ava_msgs/Release/ava_msgs_s__rosidl_typesupport_fastrtps_c.exp
  ava_msgs__rosidl_typesupport_fastrtps_c__pyext.vcxproj -> C:\dev_ava\build\ava_msgs\rosidl_generator_py\ava_msgs\ava_msgs_s__rosidl_typesupport_fastrtps_c.pyd
  Building Custom Rule C:/dev_ava/src/ava_msgs/CMakeLists.txt
  _ava_msgs_s.ep.rosidl_typesupport_introspection_c.c
     Creating library C:/dev_ava/build/ava_msgs/Release/ava_msgs_s__rosidl_typesupport_introspection_c.lib and object C:/dev_ava/build/ava_msgs/Release/ava_msgs_s__rosidl_typesupport_introspection_c.exp
  ava_msgs__rosidl_typesupport_introspection_c__pyext.vcxproj -> C:\dev_ava\build\ava_msgs\rosidl_generator_py\ava_msgs\ava_msgs_s__rosidl_typesupport_introspection_c.pyd
  Building Custom Rule C:/dev_ava/src/ava_msgs/CMakeLists.txt
-- Installing: C:/dev_ava/install/share/ament_index/resource_index/rosidl_interfaces/ava_msgs
-- Installing: C:/dev_ava/install/include/ava_msgs
-- Installing: C:/dev_ava/install/include/ava_msgs/msg
-- Installing: C:/dev_ava/install/include/ava_msgs/msg/ava_command.h
-- Installing: C:/dev_ava/install/include/ava_msgs/msg/ava_info.h
-- Installing: C:/dev_ava/install/include/ava_msgs/msg/ava_pose.h
-- Installing: C:/dev_ava/install/include/ava_msgs/msg/detail
-- Installing: C:/dev_ava/install/include/ava_msgs/msg/detail/ava_command__functions.c
-- Installing: C:/dev_ava/install/include/ava_msgs/msg/detail/ava_command__functions.h
-- Installing: C:/dev_ava/install/include/ava_msgs/msg/detail/ava_command__struct.h
-- Installing: C:/dev_ava/install/include/ava_msgs/msg/detail/ava_command__type_support.h
-- Installing: C:/dev_ava/install/include/ava_msgs/msg/detail/ava_info__functions.c
-- Installing: C:/dev_ava/install/include/ava_msgs/msg/detail/ava_info__functions.h
-- Installing: C:/dev_ava/install/include/ava_msgs/msg/detail/ava_info__struct.h
-- Installing: C:/dev_ava/install/include/ava_msgs/msg/detail/ava_info__type_support.h
-- Installing: C:/dev_ava/install/include/ava_msgs/msg/detail/ava_pose__functions.c
-- Installing: C:/dev_ava/install/include/ava_msgs/msg/detail/ava_pose__functions.h
-- Installing: C:/dev_ava/install/include/ava_msgs/msg/detail/ava_pose__struct.h
-- Installing: C:/dev_ava/install/include/ava_msgs/msg/detail/ava_pose__type_support.h
-- Installing: C:/dev_ava/install/include/ava_msgs/msg/detail/leg_position__functions.c
-- Installing: C:/dev_ava/install/include/ava_msgs/msg/detail/leg_position__functions.h
-- Installing: C:/dev_ava/install/include/ava_msgs/msg/detail/leg_position__struct.h
-- Installing: C:/dev_ava/install/include/ava_msgs/msg/detail/leg_position__type_support.h
-- Installing: C:/dev_ava/install/include/ava_msgs/msg/detail/velocity__functions.c
-- Installing: C:/dev_ava/install/include/ava_msgs/msg/detail/velocity__functions.h
-- Installing: C:/dev_ava/install/include/ava_msgs/msg/detail/velocity__struct.h
-- Installing: C:/dev_ava/install/include/ava_msgs/msg/detail/velocity__type_support.h
-- Installing: C:/dev_ava/install/include/ava_msgs/msg/leg_position.h
-- Installing: C:/dev_ava/install/include/ava_msgs/msg/rosidl_generator_c__visibility_control.h
-- Installing: C:/dev_ava/install/include/ava_msgs/msg/velocity.h
-- Installing: C:/dev_ava/install/lib/ava_msgs__rosidl_generator_c.lib
-- Installing: C:/dev_ava/install/bin/ava_msgs__rosidl_generator_c.dll
-- Up-to-date: C:/dev_ava/install/include/ava_msgs
-- Up-to-date: C:/dev_ava/install/include/ava_msgs/msg
-- Up-to-date: C:/dev_ava/install/include/ava_msgs/msg/detail
-- Installing: C:/dev_ava/install/include/ava_msgs/msg/detail/ava_command__rosidl_typesupport_fastrtps_c.h
-- Installing: C:/dev_ava/install/include/ava_msgs/msg/detail/ava_info__rosidl_typesupport_fastrtps_c.h
-- Installing: C:/dev_ava/install/include/ava_msgs/msg/detail/ava_pose__rosidl_typesupport_fastrtps_c.h
-- Installing: C:/dev_ava/install/include/ava_msgs/msg/detail/leg_position__rosidl_typesupport_fastrtps_c.h
-- Installing: C:/dev_ava/install/include/ava_msgs/msg/detail/velocity__rosidl_typesupport_fastrtps_c.h
-- Installing: C:/dev_ava/install/include/ava_msgs/msg/rosidl_typesupport_fastrtps_c__visibility_control.h
-- Installing: C:/dev_ava/install/lib/ava_msgs__rosidl_typesupport_fastrtps_c.lib
-- Installing: C:/dev_ava/install/bin/ava_msgs__rosidl_typesupport_fastrtps_c.dll
-- Up-to-date: C:/dev_ava/install/include/ava_msgs
-- Up-to-date: C:/dev_ava/install/include/ava_msgs/msg
-- Up-to-date: C:/dev_ava/install/include/ava_msgs/msg/detail
-- Installing: C:/dev_ava/install/include/ava_msgs/msg/detail/ava_command__rosidl_typesupport_fastrtps_cpp.hpp
-- Installing: C:/dev_ava/install/include/ava_msgs/msg/detail/ava_info__rosidl_typesupport_fastrtps_cpp.hpp
-- Installing: C:/dev_ava/install/include/ava_msgs/msg/detail/ava_pose__rosidl_typesupport_fastrtps_cpp.hpp
-- Installing: C:/dev_ava/install/include/ava_msgs/msg/detail/dds_fastrtps
-- Installing: C:/dev_ava/install/include/ava_msgs/msg/detail/leg_position__rosidl_typesupport_fastrtps_cpp.hpp
-- Installing: C:/dev_ava/install/include/ava_msgs/msg/detail/velocity__rosidl_typesupport_fastrtps_cpp.hpp
-- Installing: C:/dev_ava/install/include/ava_msgs/msg/rosidl_typesupport_fastrtps_cpp__visibility_control.h
-- Installing: C:/dev_ava/install/lib/ava_msgs__rosidl_typesupport_fastrtps_cpp.lib
-- Installing: C:/dev_ava/install/bin/ava_msgs__rosidl_typesupport_fastrtps_cpp.dll
-- Up-to-date: C:/dev_ava/install/include/ava_msgs
-- Up-to-date: C:/dev_ava/install/include/ava_msgs/msg
-- Up-to-date: C:/dev_ava/install/include/ava_msgs/msg/detail
-- Installing: C:/dev_ava/install/include/ava_msgs/msg/detail/ava_command__rosidl_typesupport_introspection_c.h
-- Installing: C:/dev_ava/install/include/ava_msgs/msg/detail/ava_command__type_support.c
-- Installing: C:/dev_ava/install/include/ava_msgs/msg/detail/ava_info__rosidl_typesupport_introspection_c.h
-- Installing: C:/dev_ava/install/include/ava_msgs/msg/detail/ava_info__type_support.c
-- Installing: C:/dev_ava/install/include/ava_msgs/msg/detail/ava_pose__rosidl_typesupport_introspection_c.h
-- Installing: C:/dev_ava/install/include/ava_msgs/msg/detail/ava_pose__type_support.c
-- Installing: C:/dev_ava/install/include/ava_msgs/msg/detail/leg_position__rosidl_typesupport_introspection_c.h
-- Installing: C:/dev_ava/install/include/ava_msgs/msg/detail/leg_position__type_support.c
-- Installing: C:/dev_ava/install/include/ava_msgs/msg/detail/velocity__rosidl_typesupport_introspection_c.h
-- Installing: C:/dev_ava/install/include/ava_msgs/msg/detail/velocity__type_support.c
-- Installing: C:/dev_ava/install/include/ava_msgs/msg/rosidl_typesupport_introspection_c__visibility_control.h
-- Installing: C:/dev_ava/install/lib/ava_msgs__rosidl_typesupport_introspection_c.lib
-- Installing: C:/dev_ava/install/bin/ava_msgs__rosidl_typesupport_introspection_c.dll
-- Installing: C:/dev_ava/install/lib/ava_msgs__rosidl_typesupport_c.lib
-- Installing: C:/dev_ava/install/bin/ava_msgs__rosidl_typesupport_c.dll
-- Up-to-date: C:/dev_ava/install/include/ava_msgs
-- Up-to-date: C:/dev_ava/install/include/ava_msgs/msg
-- Installing: C:/dev_ava/install/include/ava_msgs/msg/ava_command.hpp
-- Installing: C:/dev_ava/install/include/ava_msgs/msg/ava_info.hpp
-- Installing: C:/dev_ava/install/include/ava_msgs/msg/ava_pose.hpp
-- Up-to-date: C:/dev_ava/install/include/ava_msgs/msg/detail
-- Installing: C:/dev_ava/install/include/ava_msgs/msg/detail/ava_command__builder.hpp
-- Installing: C:/dev_ava/install/include/ava_msgs/msg/detail/ava_command__struct.hpp
-- Installing: C:/dev_ava/install/include/ava_msgs/msg/detail/ava_command__traits.hpp
-- Installing: C:/dev_ava/install/include/ava_msgs/msg/detail/ava_info__builder.hpp
-- Installing: C:/dev_ava/install/include/ava_msgs/msg/detail/ava_info__struct.hpp
-- Installing: C:/dev_ava/install/include/ava_msgs/msg/detail/ava_info__traits.hpp
-- Installing: C:/dev_ava/install/include/ava_msgs/msg/detail/ava_pose__builder.hpp
-- Installing: C:/dev_ava/install/include/ava_msgs/msg/detail/ava_pose__struct.hpp
-- Installing: C:/dev_ava/install/include/ava_msgs/msg/detail/ava_pose__traits.hpp
-- Installing: C:/dev_ava/install/include/ava_msgs/msg/detail/leg_position__builder.hpp
-- Installing: C:/dev_ava/install/include/ava_msgs/msg/detail/leg_position__struct.hpp
-- Installing: C:/dev_ava/install/include/ava_msgs/msg/detail/leg_position__traits.hpp
-- Installing: C:/dev_ava/install/include/ava_msgs/msg/detail/velocity__builder.hpp
-- Installing: C:/dev_ava/install/include/ava_msgs/msg/detail/velocity__struct.hpp
-- Installing: C:/dev_ava/install/include/ava_msgs/msg/detail/velocity__traits.hpp
-- Installing: C:/dev_ava/install/include/ava_msgs/msg/leg_position.hpp
-- Installing: C:/dev_ava/install/include/ava_msgs/msg/velocity.hpp
-- Up-to-date: C:/dev_ava/install/include/ava_msgs
-- Up-to-date: C:/dev_ava/install/include/ava_msgs/msg
-- Up-to-date: C:/dev_ava/install/include/ava_msgs/msg/detail
-- Installing: C:/dev_ava/install/include/ava_msgs/msg/detail/ava_command__rosidl_typesupport_introspection_cpp.hpp
-- Installing: C:/dev_ava/install/include/ava_msgs/msg/detail/ava_command__type_support.cpp
-- Installing: C:/dev_ava/install/include/ava_msgs/msg/detail/ava_info__rosidl_typesupport_introspection_cpp.hpp
-- Installing: C:/dev_ava/install/include/ava_msgs/msg/detail/ava_info__type_support.cpp
-- Installing: C:/dev_ava/install/include/ava_msgs/msg/detail/ava_pose__rosidl_typesupport_introspection_cpp.hpp
-- Installing: C:/dev_ava/install/include/ava_msgs/msg/detail/ava_pose__type_support.cpp
-- Installing: C:/dev_ava/install/include/ava_msgs/msg/detail/leg_position__rosidl_typesupport_introspection_cpp.hpp
-- Installing: C:/dev_ava/install/include/ava_msgs/msg/detail/leg_position__type_support.cpp
-- Installing: C:/dev_ava/install/include/ava_msgs/msg/detail/velocity__rosidl_typesupport_introspection_cpp.hpp
-- Installing: C:/dev_ava/install/include/ava_msgs/msg/detail/velocity__type_support.cpp
-- Installing: C:/dev_ava/install/lib/ava_msgs__rosidl_typesupport_introspection_cpp.lib
-- Installing: C:/dev_ava/install/bin/ava_msgs__rosidl_typesupport_introspection_cpp.dll
-- Installing: C:/dev_ava/install/lib/ava_msgs__rosidl_typesupport_cpp.lib
-- Installing: C:/dev_ava/install/bin/ava_msgs__rosidl_typesupport_cpp.dll
-- Installing: C:/dev_ava/install/share/ava_msgs/environment/pythonpath.bat
-- Installing: C:/dev_ava/install/share/ava_msgs/environment/pythonpath.dsv
-- Installing: C:/dev_ava/install/Lib/site-packages/ava_msgs/__init__.py
Compiling 'C:/dev_ava/install/Lib/site-packages/ava_msgs/__init__.py'...
-- Installing: C:/dev_ava/install/Lib/site-packages/ava_msgs/msg
-- Installing: C:/dev_ava/install/Lib/site-packages/ava_msgs/msg/_ava_command.py
-- Installing: C:/dev_ava/install/Lib/site-packages/ava_msgs/msg/_ava_command_s.c
-- Installing: C:/dev_ava/install/Lib/site-packages/ava_msgs/msg/_ava_info.py
-- Installing: C:/dev_ava/install/Lib/site-packages/ava_msgs/msg/_ava_info_s.c
-- Installing: C:/dev_ava/install/Lib/site-packages/ava_msgs/msg/_ava_pose.py
-- Installing: C:/dev_ava/install/Lib/site-packages/ava_msgs/msg/_ava_pose_s.c
-- Installing: C:/dev_ava/install/Lib/site-packages/ava_msgs/msg/_leg_position.py
-- Installing: C:/dev_ava/install/Lib/site-packages/ava_msgs/msg/_leg_position_s.c
-- Installing: C:/dev_ava/install/Lib/site-packages/ava_msgs/msg/_velocity.py
-- Installing: C:/dev_ava/install/Lib/site-packages/ava_msgs/msg/_velocity_s.c
-- Installing: C:/dev_ava/install/Lib/site-packages/ava_msgs/msg/__init__.py
-- Installing: C:/dev_ava/install/Lib/site-packages/ava_msgs/ava_msgs_s__rosidl_typesupport_fastrtps_c.lib
-- Installing: C:/dev_ava/install/Lib/site-packages/ava_msgs/ava_msgs_s__rosidl_typesupport_fastrtps_c.pyd
-- Installing: C:/dev_ava/install/Lib/site-packages/ava_msgs/ava_msgs_s__rosidl_typesupport_introspection_c.lib
-- Installing: C:/dev_ava/install/Lib/site-packages/ava_msgs/ava_msgs_s__rosidl_typesupport_introspection_c.pyd
-- Installing: C:/dev_ava/install/Lib/site-packages/ava_msgs/ava_msgs_s__rosidl_typesupport_c.lib
-- Installing: C:/dev_ava/install/Lib/site-packages/ava_msgs/ava_msgs_s__rosidl_typesupport_c.pyd
-- Installing: C:/dev_ava/install/lib/ava_msgs__python.lib
-- Installing: C:/dev_ava/install/bin/ava_msgs__python.dll
-- Installing: C:/dev_ava/install/share/ava_msgs/msg/LegPosition.idl
-- Installing: C:/dev_ava/install/share/ava_msgs/msg/AvaPose.idl
-- Installing: C:/dev_ava/install/share/ava_msgs/msg/AvaCommand.idl
-- Installing: C:/dev_ava/install/share/ava_msgs/msg/Velocity.idl
-- Installing: C:/dev_ava/install/share/ava_msgs/msg/AvaInfo.idl
-- Installing: C:/dev_ava/install/share/ava_msgs/msg/LegPosition.msg
-- Installing: C:/dev_ava/install/share/ava_msgs/msg/AvaPose.msg
-- Installing: C:/dev_ava/install/share/ava_msgs/msg/AvaCommand.msg
-- Installing: C:/dev_ava/install/share/ava_msgs/msg/Velocity.msg
-- Installing: C:/dev_ava/install/share/ava_msgs/msg/AvaInfo.msg
-- Installing: C:/dev_ava/install/share/ament_index/resource_index/package_run_dependencies/ava_msgs
-- Installing: C:/dev_ava/install/share/ament_index/resource_index/parent_prefix_path/ava_msgs
-- Installing: C:/dev_ava/install/share/ava_msgs/environment/ament_prefix_path.bat
-- Installing: C:/dev_ava/install/share/ava_msgs/environment/ament_prefix_path.dsv
-- Installing: C:/dev_ava/install/share/ava_msgs/environment/path.bat
-- Installing: C:/dev_ava/install/share/ava_msgs/environment/path.dsv
-- Installing: C:/dev_ava/install/share/ava_msgs/local_setup.bat
-- Installing: C:/dev_ava/install/share/ava_msgs/local_setup.dsv
-- Installing: C:/dev_ava/install/share/ava_msgs/package.dsv
-- Installing: C:/dev_ava/install/share/ament_index/resource_index/packages/ava_msgs
-- Installing: C:/dev_ava/install/share/ava_msgs/cmake/ava_msgs__rosidl_generator_cExport.cmake
-- Installing: C:/dev_ava/install/share/ava_msgs/cmake/ava_msgs__rosidl_generator_cExport-release.cmake
-- Installing: C:/dev_ava/install/share/ava_msgs/cmake/ava_msgs__rosidl_typesupport_introspection_cExport.cmake
-- Installing: C:/dev_ava/install/share/ava_msgs/cmake/ava_msgs__rosidl_typesupport_introspection_cExport-release.cmake
-- Installing: C:/dev_ava/install/share/ava_msgs/cmake/ava_msgs__rosidl_typesupport_cExport.cmake
-- Installing: C:/dev_ava/install/share/ava_msgs/cmake/ava_msgs__rosidl_typesupport_cExport-release.cmake
-- Installing: C:/dev_ava/install/share/ava_msgs/cmake/ava_msgs__rosidl_generator_cppExport.cmake
-- Installing: C:/dev_ava/install/share/ava_msgs/cmake/ava_msgs__rosidl_typesupport_introspection_cppExport.cmake
-- Installing: C:/dev_ava/install/share/ava_msgs/cmake/ava_msgs__rosidl_typesupport_introspection_cppExport-release.cmake
-- Installing: C:/dev_ava/install/share/ava_msgs/cmake/ava_msgs__rosidl_typesupport_cppExport.cmake
-- Installing: C:/dev_ava/install/share/ava_msgs/cmake/ava_msgs__rosidl_typesupport_cppExport-release.cmake
-- Installing: C:/dev_ava/install/share/ava_msgs/cmake/rosidl_cmake-extras.cmake
-- Installing: C:/dev_ava/install/share/ava_msgs/cmake/ament_cmake_export_dependencies-extras.cmake
-- Installing: C:/dev_ava/install/share/ava_msgs/cmake/ament_cmake_export_libraries-extras.cmake
-- Installing: C:/dev_ava/install/share/ava_msgs/cmake/ament_cmake_export_targets-extras.cmake
-- Installing: C:/dev_ava/install/share/ava_msgs/cmake/ament_cmake_export_include_directories-extras.cmake
-- Installing: C:/dev_ava/install/share/ava_msgs/cmake/rosidl_cmake_export_typesupport_libraries-extras.cmake
-- Installing: C:/dev_ava/install/share/ava_msgs/cmake/rosidl_cmake_export_typesupport_targets-extras.cmake
-- Installing: C:/dev_ava/install/share/ava_msgs/cmake/ava_msgsConfig.cmake
-- Installing: C:/dev_ava/install/share/ava_msgs/cmake/ava_msgsConfig-version.cmake
-- Installing: C:/dev_ava/install/share/ava_msgs/package.xml
