running egg_info
creating ../../build/ava_description/ava_description.egg-info
writing ../../build/ava_description/ava_description.egg-info/PKG-INFO
writing dependency_links to ../../build/ava_description/ava_description.egg-info/dependency_links.txt
writing entry points to ../../build/ava_description/ava_description.egg-info/entry_points.txt
writing requirements to ../../build/ava_description/ava_description.egg-info/requires.txt
writing top-level names to ../../build/ava_description/ava_description.egg-info/top_level.txt
writing manifest file '../../build/ava_description/ava_description.egg-info/SOURCES.txt'
reading manifest file '../../build/ava_description/ava_description.egg-info/SOURCES.txt'
writing manifest file '../../build/ava_description/ava_description.egg-info/SOURCES.txt'
running build
running build_py
creating /root/dev_ava/build/ava_description/build
creating /root/dev_ava/build/ava_description/build/lib
creating /root/dev_ava/build/ava_description/build/lib/ava_description
copying ava_description/__init__.py -> /root/dev_ava/build/ava_description/build/lib/ava_description
running install
running install_lib
creating /root/dev_ava/install/ava_description/lib/python3.8/site-packages/ava_description
copying /root/dev_ava/build/ava_description/build/lib/ava_description/__init__.py -> /root/dev_ava/install/ava_description/lib/python3.8/site-packages/ava_description
byte-compiling /root/dev_ava/install/ava_description/lib/python3.8/site-packages/ava_description/__init__.py to __init__.cpython-38.pyc
running install_data
creating /root/dev_ava/install/ava_description/share/ament_index
creating /root/dev_ava/install/ava_description/share/ament_index/resource_index
creating /root/dev_ava/install/ava_description/share/ament_index/resource_index/packages
copying resource/ava_description -> /root/dev_ava/install/ava_description/share/ament_index/resource_index/packages
copying package.xml -> /root/dev_ava/install/ava_description/share/ava_description
copying launch/display.launch.py -> /root/dev_ava/install/ava_description/share/ava_description
copying urdf/ava.urdf -> /root/dev_ava/install/ava_description/share/ava_description
copying meshes/Body.stl -> /root/dev_ava/install/ava_description/share/ava_description
copying meshes/Lidar.stl -> /root/dev_ava/install/ava_description/share/ava_description
running install_egg_info
Copying ../../build/ava_description/ava_description.egg-info to /root/dev_ava/install/ava_description/lib/python3.8/site-packages/ava_description-0.0.0-py3.8.egg-info
running install_scripts
writing list of installed files to '/root/dev_ava/build/ava_description/install.log'
