[1.273s] Invoking command in '/root/dev_ava/src/ava_description': AMENT_PREFIX_PATH=/root/dev_ava/install/tf_transformations:${AMENT_PREFIX_PATH} PYTHONPATH=/root/dev_ava/install/ava_description/lib/python3.8/site-packages:/root/dev_ava/install/tf_transformations/lib/python3.8/site-packages:${PYTHONPATH} /usr/bin/python3 setup.py egg_info --egg-base ../../build/ava_description build --build-base /root/dev_ava/build/ava_description/build install --prefix /root/dev_ava/install/ava_description --record /root/dev_ava/build/ava_description/install.log --single-version-externally-managed
[1.649s] running egg_info
[1.650s] creating ../../build/ava_description/ava_description.egg-info
[1.650s] writing ../../build/ava_description/ava_description.egg-info/PKG-INFO
[1.651s] writing dependency_links to ../../build/ava_description/ava_description.egg-info/dependency_links.txt
[1.651s] writing entry points to ../../build/ava_description/ava_description.egg-info/entry_points.txt
[1.652s] writing requirements to ../../build/ava_description/ava_description.egg-info/requires.txt
[1.652s] writing top-level names to ../../build/ava_description/ava_description.egg-info/top_level.txt
[1.655s] writing manifest file '../../build/ava_description/ava_description.egg-info/SOURCES.txt'
[1.745s] reading manifest file '../../build/ava_description/ava_description.egg-info/SOURCES.txt'
[1.748s] writing manifest file '../../build/ava_description/ava_description.egg-info/SOURCES.txt'
[1.748s] running build
[1.749s] running build_py
[1.749s] creating /root/dev_ava/build/ava_description/build
[1.749s] creating /root/dev_ava/build/ava_description/build/lib
[1.750s] creating /root/dev_ava/build/ava_description/build/lib/ava_description
[1.750s] copying ava_description/__init__.py -> /root/dev_ava/build/ava_description/build/lib/ava_description
[1.751s] running install
[1.752s] running install_lib
[1.754s] creating /root/dev_ava/install/ava_description/lib/python3.8/site-packages/ava_description
[1.755s] copying /root/dev_ava/build/ava_description/build/lib/ava_description/__init__.py -> /root/dev_ava/install/ava_description/lib/python3.8/site-packages/ava_description
[1.756s] byte-compiling /root/dev_ava/install/ava_description/lib/python3.8/site-packages/ava_description/__init__.py to __init__.cpython-38.pyc
[1.758s] running install_data
[1.759s] creating /root/dev_ava/install/ava_description/share/ament_index
[1.759s] creating /root/dev_ava/install/ava_description/share/ament_index/resource_index
[1.759s] creating /root/dev_ava/install/ava_description/share/ament_index/resource_index/packages
[1.760s] copying resource/ava_description -> /root/dev_ava/install/ava_description/share/ament_index/resource_index/packages
[1.760s] copying package.xml -> /root/dev_ava/install/ava_description/share/ava_description
[1.761s] copying launch/display.launch.py -> /root/dev_ava/install/ava_description/share/ava_description
[1.761s] copying urdf/ava.urdf -> /root/dev_ava/install/ava_description/share/ava_description
[1.761s] copying meshes/Body.stl -> /root/dev_ava/install/ava_description/share/ava_description
[1.791s] copying meshes/Lidar.stl -> /root/dev_ava/install/ava_description/share/ava_description
[1.801s] running install_egg_info
[1.805s] Copying ../../build/ava_description/ava_description.egg-info to /root/dev_ava/install/ava_description/lib/python3.8/site-packages/ava_description-0.0.0-py3.8.egg-info
[1.808s] running install_scripts
[1.853s] writing list of installed files to '/root/dev_ava/build/ava_description/install.log'
[1.896s] Invoked command in '/root/dev_ava/src/ava_description' returned '0': AMENT_PREFIX_PATH=/root/dev_ava/install/tf_transformations:${AMENT_PREFIX_PATH} PYTHONPATH=/root/dev_ava/install/ava_description/lib/python3.8/site-packages:/root/dev_ava/install/tf_transformations/lib/python3.8/site-packages:${PYTHONPATH} /usr/bin/python3 setup.py egg_info --egg-base ../../build/ava_description build --build-base /root/dev_ava/build/ava_description/build install --prefix /root/dev_ava/install/ava_description --record /root/dev_ava/build/ava_description/install.log --single-version-externally-managed
