[3.411s] Invoking command in '/root/dev_ava/src/ava_bringup': PYTHONPATH=/root/dev_ava/install/ava_bringup/lib/python3.8/site-packages:${PYTHONPATH} /usr/bin/python3 setup.py egg_info --egg-base ../../build/ava_bringup build --build-base /root/dev_ava/build/ava_bringup/build install --prefix /root/dev_ava/install/ava_bringup --record /root/dev_ava/build/ava_bringup/install.log --single-version-externally-managed
[4.150s] running egg_info
[4.152s] writing ../../build/ava_bringup/ava_bringup.egg-info/PKG-INFO
[4.154s] writing dependency_links to ../../build/ava_bringup/ava_bringup.egg-info/dependency_links.txt
[4.155s] writing entry points to ../../build/ava_bringup/ava_bringup.egg-info/entry_points.txt
[4.155s] writing requirements to ../../build/ava_bringup/ava_bringup.egg-info/requires.txt
[4.155s] writing top-level names to ../../build/ava_bringup/ava_bringup.egg-info/top_level.txt
[4.324s] reading manifest file '../../build/ava_bringup/ava_bringup.egg-info/SOURCES.txt'
[4.329s] writing manifest file '../../build/ava_bringup/ava_bringup.egg-info/SOURCES.txt'
[4.330s] running build
[4.330s] running build_py
[4.331s] running install
[4.333s] running install_lib
[4.338s] running install_data
[4.340s] running install_egg_info
[4.346s] removing '/root/dev_ava/install/ava_bringup/lib/python3.8/site-packages/ava_bringup-0.0.0-py3.8.egg-info' (and everything under it)
[4.347s] Copying ../../build/ava_bringup/ava_bringup.egg-info to /root/dev_ava/install/ava_bringup/lib/python3.8/site-packages/ava_bringup-0.0.0-py3.8.egg-info
[4.351s] running install_scripts
[4.420s] writing list of installed files to '/root/dev_ava/build/ava_bringup/install.log'
[4.521s] Invoked command in '/root/dev_ava/src/ava_bringup' returned '0': PYTHONPATH=/root/dev_ava/install/ava_bringup/lib/python3.8/site-packages:${PYTHONPATH} /usr/bin/python3 setup.py egg_info --egg-base ../../build/ava_bringup build --build-base /root/dev_ava/build/ava_bringup/build install --prefix /root/dev_ava/install/ava_bringup --record /root/dev_ava/build/ava_bringup/install.log --single-version-externally-managed
