[0.153s] Invoking command in '/root/dev_ava/build/rplidar_ros2': CMAKE_PREFIX_PATH=${CMAKE_PREFIX_PATH}:/root/dev_ava/install/ava_driver:/root/dev_ava/install/ava_control:/root/dev_ava/install/tf_transformations:/root/dev_ava/install/ava_bringup:/opt/ros/foxy /usr/bin/cmake --build /root/dev_ava/build/rplidar_ros2 -- -j4 -l4
[0.329s] -- Found ament_cmake: 0.9.9 (/opt/ros/foxy/share/ament_cmake/cmake)
[0.467s] -- Using PYTHON_EXECUTABLE: /usr/bin/python3
[1.232s] -- Found rclcpp: 2.4.1 (/opt/ros/foxy/share/rclcpp/cmake)
[1.452s] -- Using all available rosidl_typesupport_c: rosidl_typesupport_fastrtps_c;rosidl_typesupport_introspection_c
[1.471s] -- Found rosidl_adapter: 1.2.1 (/opt/ros/foxy/share/rosidl_adapter/cmake)
[2.061s] -- Using all available rosidl_typesupport_cpp: rosidl_typesupport_fastrtps_cpp;rosidl_typesupport_introspection_cpp
[2.385s] -- Found rmw_implementation_cmake: 1.0.3 (/opt/ros/foxy/share/rmw_implementation_cmake/cmake)
[2.397s] -- Using RMW implementation 'rmw_fastrtps_cpp' as default
[4.029s] -- Found sensor_msgs: 2.0.5 (/opt/ros/foxy/share/sensor_msgs/cmake)
[4.954s] -- Found std_srvs: 2.0.5 (/opt/ros/foxy/share/std_srvs/cmake)
[5.668s] -- Configuring done
[5.814s] -- Generating done
[5.827s] -- Build files have been written to: /root/dev_ava/build/rplidar_ros2
[6.406s] [100%] Built target rplidar_scan_publisher
[6.524s] Invoked command in '/root/dev_ava/build/rplidar_ros2' returned '0': CMAKE_PREFIX_PATH=${CMAKE_PREFIX_PATH}:/root/dev_ava/install/ava_driver:/root/dev_ava/install/ava_control:/root/dev_ava/install/tf_transformations:/root/dev_ava/install/ava_bringup:/opt/ros/foxy /usr/bin/cmake --build /root/dev_ava/build/rplidar_ros2 -- -j4 -l4
[7.253s] Invoking command in '/root/dev_ava/build/rplidar_ros2': CMAKE_PREFIX_PATH=${CMAKE_PREFIX_PATH}:/root/dev_ava/install/ava_driver:/root/dev_ava/install/ava_control:/root/dev_ava/install/tf_transformations:/root/dev_ava/install/ava_bringup:/opt/ros/foxy /usr/bin/cmake --install /root/dev_ava/build/rplidar_ros2
[7.361s] -- Install configuration: ""
[7.363s] -- Up-to-date: /root/dev_ava/install/rplidar_ros2/share/rplidar_ros2/launch
[7.380s] -- Installing: /root/dev_ava/install/rplidar_ros2/share/rplidar_ros2/launch/rplidar_s1_tcp_launch.py
[7.381s] -- Installing: /root/dev_ava/install/rplidar_ros2/share/rplidar_ros2/launch/view_rplidar_a3_launch.py
[7.383s] -- Installing: /root/dev_ava/install/rplidar_ros2/share/rplidar_ros2/launch/view_rplidar_s1_tcp_launch.py
[7.390s] -- Installing: /root/dev_ava/install/rplidar_ros2/share/rplidar_ros2/launch/rplidar_a3_launch.py
[7.391s] -- Installing: /root/dev_ava/install/rplidar_ros2/share/rplidar_ros2/launch/rplidar_s1_launch.py
[7.392s] -- Installing: /root/dev_ava/install/rplidar_ros2/share/rplidar_ros2/launch/view_rplidar_s1_launch.py
[7.393s] -- Installing: /root/dev_ava/install/rplidar_ros2/share/rplidar_ros2/launch/view_rplidar_launch.py
[7.394s] -- Installing: /root/dev_ava/install/rplidar_ros2/share/rplidar_ros2/launch/rplidar_launch.py
[7.395s] -- Up-to-date: /root/dev_ava/install/rplidar_ros2/share/rplidar_ros2/rviz
[7.396s] -- Installing: /root/dev_ava/install/rplidar_ros2/share/rplidar_ros2/rviz/rplidar_ros2.rviz
[7.405s] -- Up-to-date: /root/dev_ava/install/rplidar_ros2/lib/rplidar_ros2/rplidar_scan_publisher
[7.408s] -- Up-to-date: /root/dev_ava/install/rplidar_ros2/share/ament_index/resource_index/package_run_dependencies/rplidar_ros2
[7.408s] -- Installing: /root/dev_ava/install/rplidar_ros2/share/ament_index/resource_index/parent_prefix_path/rplidar_ros2
[7.409s] -- Installing: /root/dev_ava/install/rplidar_ros2/share/rplidar_ros2/environment/ament_prefix_path.sh
[7.410s] -- Installing: /root/dev_ava/install/rplidar_ros2/share/rplidar_ros2/environment/ament_prefix_path.dsv
[7.411s] -- Installing: /root/dev_ava/install/rplidar_ros2/share/rplidar_ros2/environment/path.sh
[7.415s] -- Installing: /root/dev_ava/install/rplidar_ros2/share/rplidar_ros2/environment/path.dsv
[7.418s] -- Up-to-date: /root/dev_ava/install/rplidar_ros2/share/rplidar_ros2/local_setup.bash
[7.419s] -- Up-to-date: /root/dev_ava/install/rplidar_ros2/share/rplidar_ros2/local_setup.sh
[7.420s] -- Up-to-date: /root/dev_ava/install/rplidar_ros2/share/rplidar_ros2/local_setup.zsh
[7.421s] -- Installing: /root/dev_ava/install/rplidar_ros2/share/rplidar_ros2/local_setup.dsv
[7.423s] -- Installing: /root/dev_ava/install/rplidar_ros2/share/rplidar_ros2/package.dsv
[7.424s] -- Up-to-date: /root/dev_ava/install/rplidar_ros2/share/ament_index/resource_index/packages/rplidar_ros2
[7.429s] -- Up-to-date: /root/dev_ava/install/rplidar_ros2/share/rplidar_ros2/cmake/ament_cmake_export_dependencies-extras.cmake
[7.431s] -- Up-to-date: /root/dev_ava/install/rplidar_ros2/share/rplidar_ros2/cmake/ament_cmake_export_include_directories-extras.cmake
[7.446s] -- Up-to-date: /root/dev_ava/install/rplidar_ros2/share/rplidar_ros2/cmake/rplidar_ros2Config.cmake
[7.447s] -- Up-to-date: /root/dev_ava/install/rplidar_ros2/share/rplidar_ros2/cmake/rplidar_ros2Config-version.cmake
[7.447s] -- Installing: /root/dev_ava/install/rplidar_ros2/share/rplidar_ros2/package.xml
[7.448s] Invoked command in '/root/dev_ava/build/rplidar_ros2' returned '0': CMAKE_PREFIX_PATH=${CMAKE_PREFIX_PATH}:/root/dev_ava/install/ava_driver:/root/dev_ava/install/ava_control:/root/dev_ava/install/tf_transformations:/root/dev_ava/install/ava_bringup:/opt/ros/foxy /usr/bin/cmake --install /root/dev_ava/build/rplidar_ros2
