[0.344s] Invoking command in 'C:\dev_ava\build\ava_msgs': PUBLIC=%PUBLIC%
PyCharm Community Edition=C:\Program Files\JetBrains\PyCharm Community Edition 2020.1.3\bin; C:\opt\ros\foxy\x64\Scripts\cmake.EXE C:\dev_ava\src\ava_msgs -DCMAKE_INSTALL_PREFIX=C:\dev_ava\install
[2.625s] -- Selecting Windows SDK version 10.0.16299.0 to target Windows 10.0.22000.
[2.625s] -- Found ament_cmake: 0.9.8 (C:/opt/ros/foxy/x64/share/ament_cmake/cmake)
[2.625s] -- Found PythonInterp: C:/opt/ros/foxy/x64/python.exe (found suitable version "3.8.3", minimum required is "3") 
[2.625s] -- Using PYTHON_EXECUTABLE: C:/opt/ros/foxy/x64/python.exe
[2.625s] -- Found rosidl_default_generators: 1.0.1 (C:/opt/ros/foxy/x64/share/rosidl_default_generators/cmake)
[2.625s] -- Using all available rosidl_typesupport_c: rosidl_typesupport_fastrtps_c;rosidl_typesupport_introspection_c
[2.625s] -- Found rosidl_adapter: 1.2.1 (C:/opt/ros/foxy/x64/share/rosidl_adapter/cmake)
[3.750s] -- Using all available rosidl_typesupport_cpp: rosidl_typesupport_fastrtps_cpp;rosidl_typesupport_introspection_cpp
[3.750s] -- Found PythonInterp: C:/opt/ros/foxy/x64/python.exe (found version "3.8.3") 
[3.797s] -- Found ament_cmake_ros: 0.9.2 (C:/opt/ros/foxy/x64/share/ament_cmake_ros/cmake)
[5.891s] -- Using all available rosidl_typesupport_c: rosidl_typesupport_fastrtps_c;rosidl_typesupport_introspection_c
[5.891s] -- Using all available rosidl_typesupport_cpp: rosidl_typesupport_fastrtps_cpp;rosidl_typesupport_introspection_cpp
[5.891s] -- Found PythonInterp: C:/opt/ros/foxy/x64/python.exe (found suitable version "3.8.3", minimum required is "3.5") 
[5.891s] -- Found python_cmake_module: 0.8.1 (C:/opt/ros/foxy/x64/share/python_cmake_module/cmake)
[5.891s] -- Using PYTHON_EXECUTABLE: C:/opt/ros/foxy/x64/python.exe
[5.906s] -- Using PYTHON_INCLUDE_DIRS: C:/opt/ros/foxy/x64/include/python3.8
[5.906s] -- Using PYTHON_LIBRARIES: C:/opt/ros/foxy/x64/Lib/python38.lib
[6.125s] -- Using numpy include directory: C:\opt\ros\foxy\x64\lib\site-packages\numpy\core\include
[6.125s] -- Found ament_lint_auto: 0.9.6 (C:/opt/ros/foxy/x64/share/ament_lint_auto/cmake)
[6.125s] -- Added test 'copyright' to check source files copyright and LICENSE
[6.125s] -- Added test 'lint_cmake' to check CMake code style
[6.125s] -- Added test 'xmllint' to check XML markup files
[6.219s] -- Configuring done
[7.656s] -- Generating done
[7.656s] -- Build files have been written to: C:/dev_ava/build/ava_msgs
[7.656s] Invoked command in 'C:\dev_ava\build\ava_msgs' returned '0': PUBLIC=%PUBLIC%
PyCharm Community Edition=C:\Program Files\JetBrains\PyCharm Community Edition 2020.1.3\bin; C:\opt\ros\foxy\x64\Scripts\cmake.EXE C:\dev_ava\src\ava_msgs -DCMAKE_INSTALL_PREFIX=C:\dev_ava\install
[7.672s] Invoking command in 'C:\dev_ava\build\ava_msgs': CL=/MP PUBLIC=%PUBLIC%
PyCharm Community Edition=C:\Program Files\JetBrains\PyCharm Community Edition 2020.1.3\bin; C:\opt\ros\foxy\x64\Scripts\cmake.EXE --build C:\dev_ava\build\ava_msgs --config Release
[8.094s] Microsoft (R) Build Engine version 16.11.0+0538acc04 for .NET Framework
[8.094s] Copyright (C) Microsoft Corporation. All rights reserved.
[8.094s] 
[9.344s]   ava_msgs__rosidl_generator_c.vcxproj -> C:\dev_ava\build\ava_msgs\Release\ava_msgs__rosidl_generator_c.dll
[9.500s]   ava_msgs__rosidl_typesupport_c.vcxproj -> C:\dev_ava\build\ava_msgs\Release\ava_msgs__rosidl_typesupport_c.dll
[9.625s]   ava_msgs__rosidl_typesupport_cpp.vcxproj -> C:\dev_ava\build\ava_msgs\Release\ava_msgs__rosidl_typesupport_cpp.dll
[9.797s]   ava_msgs__rosidl_typesupport_fastrtps_cpp.vcxproj -> C:\dev_ava\build\ava_msgs\Release\ava_msgs__rosidl_typesupport_fastrtps_cpp.dll
[9.875s]   ava_msgs__rosidl_typesupport_fastrtps_c.vcxproj -> C:\dev_ava\build\ava_msgs\Release\ava_msgs__rosidl_typesupport_fastrtps_c.dll
[10.000s]   ava_msgs__rosidl_typesupport_introspection_c.vcxproj -> C:\dev_ava\build\ava_msgs\Release\ava_msgs__rosidl_typesupport_introspection_c.dll
[10.125s]   ava_msgs__rosidl_typesupport_introspection_cpp.vcxproj -> C:\dev_ava\build\ava_msgs\Release\ava_msgs__rosidl_typesupport_introspection_cpp.dll
[10.563s]   ava_msgs__python.vcxproj -> C:\dev_ava\build\ava_msgs\rosidl_generator_py\ava_msgs\ava_msgs__python.dll
[10.703s]   ava_msgs__rosidl_typesupport_c__pyext.vcxproj -> C:\dev_ava\build\ava_msgs\rosidl_generator_py\ava_msgs\ava_msgs_s__rosidl_typesupport_c.pyd
[10.844s]   ava_msgs__rosidl_typesupport_fastrtps_c__pyext.vcxproj -> C:\dev_ava\build\ava_msgs\rosidl_generator_py\ava_msgs\ava_msgs_s__rosidl_typesupport_fastrtps_c.pyd
[10.953s]   ava_msgs__rosidl_typesupport_introspection_c__pyext.vcxproj -> C:\dev_ava\build\ava_msgs\rosidl_generator_py\ava_msgs\ava_msgs_s__rosidl_typesupport_introspection_c.pyd
[11.078s] Invoked command in 'C:\dev_ava\build\ava_msgs' returned '0': CL=/MP PUBLIC=%PUBLIC%
PyCharm Community Edition=C:\Program Files\JetBrains\PyCharm Community Edition 2020.1.3\bin; C:\opt\ros\foxy\x64\Scripts\cmake.EXE --build C:\dev_ava\build\ava_msgs --config Release
[11.266s] Invoking command in 'C:\dev_ava\build\ava_msgs': PUBLIC=%PUBLIC%
PyCharm Community Edition=C:\Program Files\JetBrains\PyCharm Community Edition 2020.1.3\bin; C:\opt\ros\foxy\x64\Scripts\cmake.EXE --install C:\dev_ava\build\ava_msgs --config Release
[11.438s] -- Up-to-date: C:/dev_ava/install/share/ament_index/resource_index/rosidl_interfaces/ava_msgs
[11.438s] -- Up-to-date: C:/dev_ava/install/include/ava_msgs
[11.438s] -- Up-to-date: C:/dev_ava/install/include/ava_msgs/msg
[11.438s] -- Up-to-date: C:/dev_ava/install/include/ava_msgs/msg/ava_command.h
[11.438s] -- Up-to-date: C:/dev_ava/install/include/ava_msgs/msg/ava_info.h
[11.438s] -- Up-to-date: C:/dev_ava/install/include/ava_msgs/msg/ava_pose.h
[11.438s] -- Up-to-date: C:/dev_ava/install/include/ava_msgs/msg/detail
[11.453s] -- Up-to-date: C:/dev_ava/install/include/ava_msgs/msg/detail/ava_command__functions.c
[11.453s] -- Up-to-date: C:/dev_ava/install/include/ava_msgs/msg/detail/ava_command__functions.h
[11.453s] -- Up-to-date: C:/dev_ava/install/include/ava_msgs/msg/detail/ava_command__struct.h
[11.469s] -- Up-to-date: C:/dev_ava/install/include/ava_msgs/msg/detail/ava_command__type_support.h
[11.469s] -- Up-to-date: C:/dev_ava/install/include/ava_msgs/msg/detail/ava_info__functions.c
[11.469s] -- Up-to-date: C:/dev_ava/install/include/ava_msgs/msg/detail/ava_info__functions.h
[11.469s] -- Up-to-date: C:/dev_ava/install/include/ava_msgs/msg/detail/ava_info__struct.h
[11.469s] -- Up-to-date: C:/dev_ava/install/include/ava_msgs/msg/detail/ava_info__type_support.h
[11.469s] -- Up-to-date: C:/dev_ava/install/include/ava_msgs/msg/detail/ava_pose__functions.c
[11.469s] -- Up-to-date: C:/dev_ava/install/include/ava_msgs/msg/detail/ava_pose__functions.h
[11.469s] -- Up-to-date: C:/dev_ava/install/include/ava_msgs/msg/detail/ava_pose__struct.h
[11.469s] -- Up-to-date: C:/dev_ava/install/include/ava_msgs/msg/detail/ava_pose__type_support.h
[11.485s] -- Up-to-date: C:/dev_ava/install/include/ava_msgs/msg/detail/leg_position__functions.c
[11.485s] -- Up-to-date: C:/dev_ava/install/include/ava_msgs/msg/detail/leg_position__functions.h
[11.485s] -- Up-to-date: C:/dev_ava/install/include/ava_msgs/msg/detail/leg_position__struct.h
[11.485s] -- Up-to-date: C:/dev_ava/install/include/ava_msgs/msg/detail/leg_position__type_support.h
[11.500s] -- Up-to-date: C:/dev_ava/install/include/ava_msgs/msg/detail/velocity__functions.c
[11.500s] -- Up-to-date: C:/dev_ava/install/include/ava_msgs/msg/detail/velocity__functions.h
[11.500s] -- Up-to-date: C:/dev_ava/install/include/ava_msgs/msg/detail/velocity__struct.h
[11.500s] -- Up-to-date: C:/dev_ava/install/include/ava_msgs/msg/detail/velocity__type_support.h
[11.500s] -- Up-to-date: C:/dev_ava/install/include/ava_msgs/msg/leg_position.h
[11.500s] -- Up-to-date: C:/dev_ava/install/include/ava_msgs/msg/rosidl_generator_c__visibility_control.h
[11.500s] -- Up-to-date: C:/dev_ava/install/include/ava_msgs/msg/velocity.h
[11.516s] -- Up-to-date: C:/dev_ava/install/lib/ava_msgs__rosidl_generator_c.lib
[11.516s] -- Up-to-date: C:/dev_ava/install/bin/ava_msgs__rosidl_generator_c.dll
[11.516s] -- Up-to-date: C:/dev_ava/install/include/ava_msgs
[11.516s] -- Up-to-date: C:/dev_ava/install/include/ava_msgs/msg
[11.516s] -- Up-to-date: C:/dev_ava/install/include/ava_msgs/msg/detail
[11.516s] -- Up-to-date: C:/dev_ava/install/include/ava_msgs/msg/detail/ava_command__rosidl_typesupport_fastrtps_c.h
[11.516s] -- Up-to-date: C:/dev_ava/install/include/ava_msgs/msg/detail/ava_info__rosidl_typesupport_fastrtps_c.h
[11.531s] -- Up-to-date: C:/dev_ava/install/include/ava_msgs/msg/detail/ava_pose__rosidl_typesupport_fastrtps_c.h
[11.531s] -- Up-to-date: C:/dev_ava/install/include/ava_msgs/msg/detail/leg_position__rosidl_typesupport_fastrtps_c.h
[11.531s] -- Up-to-date: C:/dev_ava/install/include/ava_msgs/msg/detail/velocity__rosidl_typesupport_fastrtps_c.h
[11.531s] -- Up-to-date: C:/dev_ava/install/include/ava_msgs/msg/rosidl_typesupport_fastrtps_c__visibility_control.h
[11.547s] -- Up-to-date: C:/dev_ava/install/lib/ava_msgs__rosidl_typesupport_fastrtps_c.lib
[11.547s] -- Up-to-date: C:/dev_ava/install/bin/ava_msgs__rosidl_typesupport_fastrtps_c.dll
[11.547s] -- Up-to-date: C:/dev_ava/install/include/ava_msgs
[11.547s] -- Up-to-date: C:/dev_ava/install/include/ava_msgs/msg
[11.547s] -- Up-to-date: C:/dev_ava/install/include/ava_msgs/msg/detail
[11.547s] -- Up-to-date: C:/dev_ava/install/include/ava_msgs/msg/detail/ava_command__rosidl_typesupport_fastrtps_cpp.hpp
[11.547s] -- Up-to-date: C:/dev_ava/install/include/ava_msgs/msg/detail/ava_info__rosidl_typesupport_fastrtps_cpp.hpp
[11.563s] -- Up-to-date: C:/dev_ava/install/include/ava_msgs/msg/detail/ava_pose__rosidl_typesupport_fastrtps_cpp.hpp
[11.563s] -- Up-to-date: C:/dev_ava/install/include/ava_msgs/msg/detail/dds_fastrtps
[11.563s] -- Up-to-date: C:/dev_ava/install/include/ava_msgs/msg/detail/leg_position__rosidl_typesupport_fastrtps_cpp.hpp
[11.578s] -- Up-to-date: C:/dev_ava/install/include/ava_msgs/msg/detail/velocity__rosidl_typesupport_fastrtps_cpp.hpp
[11.578s] -- Up-to-date: C:/dev_ava/install/include/ava_msgs/msg/rosidl_typesupport_fastrtps_cpp__visibility_control.h
[11.578s] -- Up-to-date: C:/dev_ava/install/lib/ava_msgs__rosidl_typesupport_fastrtps_cpp.lib
[11.578s] -- Up-to-date: C:/dev_ava/install/bin/ava_msgs__rosidl_typesupport_fastrtps_cpp.dll
[11.578s] -- Up-to-date: C:/dev_ava/install/include/ava_msgs
[11.578s] -- Up-to-date: C:/dev_ava/install/include/ava_msgs/msg
[11.578s] -- Up-to-date: C:/dev_ava/install/include/ava_msgs/msg/detail
[11.578s] -- Up-to-date: C:/dev_ava/install/include/ava_msgs/msg/detail/ava_command__rosidl_typesupport_introspection_c.h
[11.594s] -- Up-to-date: C:/dev_ava/install/include/ava_msgs/msg/detail/ava_command__type_support.c
[11.594s] -- Up-to-date: C:/dev_ava/install/include/ava_msgs/msg/detail/ava_info__rosidl_typesupport_introspection_c.h
[11.594s] -- Up-to-date: C:/dev_ava/install/include/ava_msgs/msg/detail/ava_info__type_support.c
[11.594s] -- Up-to-date: C:/dev_ava/install/include/ava_msgs/msg/detail/ava_pose__rosidl_typesupport_introspection_c.h
[11.594s] -- Up-to-date: C:/dev_ava/install/include/ava_msgs/msg/detail/ava_pose__type_support.c
[11.594s] -- Up-to-date: C:/dev_ava/install/include/ava_msgs/msg/detail/leg_position__rosidl_typesupport_introspection_c.h
[11.594s] -- Up-to-date: C:/dev_ava/install/include/ava_msgs/msg/detail/leg_position__type_support.c
[11.594s] -- Up-to-date: C:/dev_ava/install/include/ava_msgs/msg/detail/velocity__rosidl_typesupport_introspection_c.h
[11.594s] -- Up-to-date: C:/dev_ava/install/include/ava_msgs/msg/detail/velocity__type_support.c
[11.594s] -- Up-to-date: C:/dev_ava/install/include/ava_msgs/msg/rosidl_typesupport_introspection_c__visibility_control.h
[11.610s] -- Up-to-date: C:/dev_ava/install/lib/ava_msgs__rosidl_typesupport_introspection_c.lib
[11.610s] -- Up-to-date: C:/dev_ava/install/bin/ava_msgs__rosidl_typesupport_introspection_c.dll
[11.610s] -- Up-to-date: C:/dev_ava/install/lib/ava_msgs__rosidl_typesupport_c.lib
[11.610s] -- Up-to-date: C:/dev_ava/install/bin/ava_msgs__rosidl_typesupport_c.dll
[11.610s] -- Up-to-date: C:/dev_ava/install/include/ava_msgs
[11.610s] -- Up-to-date: C:/dev_ava/install/include/ava_msgs/msg
[11.625s] -- Up-to-date: C:/dev_ava/install/include/ava_msgs/msg/ava_command.hpp
[11.625s] -- Up-to-date: C:/dev_ava/install/include/ava_msgs/msg/ava_info.hpp
[11.625s] -- Up-to-date: C:/dev_ava/install/include/ava_msgs/msg/ava_pose.hpp
[11.625s] -- Up-to-date: C:/dev_ava/install/include/ava_msgs/msg/detail
[11.641s] -- Up-to-date: C:/dev_ava/install/include/ava_msgs/msg/detail/ava_command__builder.hpp
[11.641s] -- Up-to-date: C:/dev_ava/install/include/ava_msgs/msg/detail/ava_command__struct.hpp
[11.656s] -- Up-to-date: C:/dev_ava/install/include/ava_msgs/msg/detail/ava_command__traits.hpp
[11.656s] -- Up-to-date: C:/dev_ava/install/include/ava_msgs/msg/detail/ava_info__builder.hpp
[11.656s] -- Up-to-date: C:/dev_ava/install/include/ava_msgs/msg/detail/ava_info__struct.hpp
[11.656s] -- Up-to-date: C:/dev_ava/install/include/ava_msgs/msg/detail/ava_info__traits.hpp
[11.656s] -- Up-to-date: C:/dev_ava/install/include/ava_msgs/msg/detail/ava_pose__builder.hpp
[11.656s] -- Up-to-date: C:/dev_ava/install/include/ava_msgs/msg/detail/ava_pose__struct.hpp
[11.672s] -- Up-to-date: C:/dev_ava/install/include/ava_msgs/msg/detail/ava_pose__traits.hpp
[11.672s] -- Up-to-date: C:/dev_ava/install/include/ava_msgs/msg/detail/leg_position__builder.hpp
[11.672s] -- Up-to-date: C:/dev_ava/install/include/ava_msgs/msg/detail/leg_position__struct.hpp
[11.688s] -- Up-to-date: C:/dev_ava/install/include/ava_msgs/msg/detail/leg_position__traits.hpp
[11.688s] -- Up-to-date: C:/dev_ava/install/include/ava_msgs/msg/detail/velocity__builder.hpp
[11.688s] -- Up-to-date: C:/dev_ava/install/include/ava_msgs/msg/detail/velocity__struct.hpp
[11.688s] -- Up-to-date: C:/dev_ava/install/include/ava_msgs/msg/detail/velocity__traits.hpp
[11.703s] -- Up-to-date: C:/dev_ava/install/include/ava_msgs/msg/leg_position.hpp
[11.703s] -- Up-to-date: C:/dev_ava/install/include/ava_msgs/msg/velocity.hpp
[11.703s] -- Up-to-date: C:/dev_ava/install/include/ava_msgs
[11.703s] -- Up-to-date: C:/dev_ava/install/include/ava_msgs/msg
[11.703s] -- Up-to-date: C:/dev_ava/install/include/ava_msgs/msg/detail
[11.703s] -- Up-to-date: C:/dev_ava/install/include/ava_msgs/msg/detail/ava_command__rosidl_typesupport_introspection_cpp.hpp
[11.719s] -- Up-to-date: C:/dev_ava/install/include/ava_msgs/msg/detail/ava_command__type_support.cpp
[11.719s] -- Up-to-date: C:/dev_ava/install/include/ava_msgs/msg/detail/ava_info__rosidl_typesupport_introspection_cpp.hpp
[11.719s] -- Up-to-date: C:/dev_ava/install/include/ava_msgs/msg/detail/ava_info__type_support.cpp
[11.719s] -- Up-to-date: C:/dev_ava/install/include/ava_msgs/msg/detail/ava_pose__rosidl_typesupport_introspection_cpp.hpp
[11.719s] -- Up-to-date: C:/dev_ava/install/include/ava_msgs/msg/detail/ava_pose__type_support.cpp
[11.719s] -- Up-to-date: C:/dev_ava/install/include/ava_msgs/msg/detail/leg_position__rosidl_typesupport_introspection_cpp.hpp
[11.719s] -- Up-to-date: C:/dev_ava/install/include/ava_msgs/msg/detail/leg_position__type_support.cpp
[11.719s] -- Up-to-date: C:/dev_ava/install/include/ava_msgs/msg/detail/velocity__rosidl_typesupport_introspection_cpp.hpp
[11.719s] -- Up-to-date: C:/dev_ava/install/include/ava_msgs/msg/detail/velocity__type_support.cpp
[11.735s] -- Up-to-date: C:/dev_ava/install/lib/ava_msgs__rosidl_typesupport_introspection_cpp.lib
[11.735s] -- Up-to-date: C:/dev_ava/install/bin/ava_msgs__rosidl_typesupport_introspection_cpp.dll
[11.735s] -- Up-to-date: C:/dev_ava/install/lib/ava_msgs__rosidl_typesupport_cpp.lib
[11.735s] -- Up-to-date: C:/dev_ava/install/bin/ava_msgs__rosidl_typesupport_cpp.dll
[11.735s] -- Up-to-date: C:/dev_ava/install/share/ava_msgs/environment/pythonpath.bat
[11.750s] -- Installing: C:/dev_ava/install/share/ava_msgs/environment/pythonpath.dsv
[11.750s] -- Installing: C:/dev_ava/install/Lib/site-packages/ava_msgs/__init__.py
[11.875s] Compiling 'C:/dev_ava/install/Lib/site-packages/ava_msgs/__init__.py'...
[11.891s] -- Up-to-date: C:/dev_ava/install/Lib/site-packages/ava_msgs/msg
[11.891s] -- Up-to-date: C:/dev_ava/install/Lib/site-packages/ava_msgs/msg/_ava_command.py
[11.891s] -- Up-to-date: C:/dev_ava/install/Lib/site-packages/ava_msgs/msg/_ava_command_s.c
[11.891s] -- Up-to-date: C:/dev_ava/install/Lib/site-packages/ava_msgs/msg/_ava_info.py
[11.891s] -- Up-to-date: C:/dev_ava/install/Lib/site-packages/ava_msgs/msg/_ava_info_s.c
[11.891s] -- Up-to-date: C:/dev_ava/install/Lib/site-packages/ava_msgs/msg/_ava_pose.py
[11.891s] -- Up-to-date: C:/dev_ava/install/Lib/site-packages/ava_msgs/msg/_ava_pose_s.c
[11.891s] -- Up-to-date: C:/dev_ava/install/Lib/site-packages/ava_msgs/msg/_leg_position.py
[11.906s] -- Up-to-date: C:/dev_ava/install/Lib/site-packages/ava_msgs/msg/_leg_position_s.c
[11.906s] -- Up-to-date: C:/dev_ava/install/Lib/site-packages/ava_msgs/msg/_velocity.py
[11.906s] -- Up-to-date: C:/dev_ava/install/Lib/site-packages/ava_msgs/msg/_velocity_s.c
[11.906s] -- Up-to-date: C:/dev_ava/install/Lib/site-packages/ava_msgs/msg/__init__.py
[11.906s] -- Up-to-date: C:/dev_ava/install/Lib/site-packages/ava_msgs/ava_msgs_s__rosidl_typesupport_fastrtps_c.lib
[11.906s] -- Up-to-date: C:/dev_ava/install/Lib/site-packages/ava_msgs/ava_msgs_s__rosidl_typesupport_fastrtps_c.pyd
[11.906s] -- Up-to-date: C:/dev_ava/install/Lib/site-packages/ava_msgs/ava_msgs_s__rosidl_typesupport_introspection_c.lib
[11.906s] -- Up-to-date: C:/dev_ava/install/Lib/site-packages/ava_msgs/ava_msgs_s__rosidl_typesupport_introspection_c.pyd
[11.906s] -- Up-to-date: C:/dev_ava/install/Lib/site-packages/ava_msgs/ava_msgs_s__rosidl_typesupport_c.lib
[11.906s] -- Up-to-date: C:/dev_ava/install/Lib/site-packages/ava_msgs/ava_msgs_s__rosidl_typesupport_c.pyd
[11.922s] -- Up-to-date: C:/dev_ava/install/lib/ava_msgs__python.lib
[11.922s] -- Up-to-date: C:/dev_ava/install/bin/ava_msgs__python.dll
[11.922s] -- Up-to-date: C:/dev_ava/install/share/ava_msgs/msg/LegPosition.idl
[11.922s] -- Up-to-date: C:/dev_ava/install/share/ava_msgs/msg/AvaPose.idl
[11.922s] -- Up-to-date: C:/dev_ava/install/share/ava_msgs/msg/AvaCommand.idl
[11.922s] -- Up-to-date: C:/dev_ava/install/share/ava_msgs/msg/Velocity.idl
[11.922s] -- Up-to-date: C:/dev_ava/install/share/ava_msgs/msg/LegPosition.msg
[11.938s] -- Up-to-date: C:/dev_ava/install/share/ava_msgs/msg/AvaPose.msg
[11.938s] -- Up-to-date: C:/dev_ava/install/share/ava_msgs/msg/AvaCommand.msg
[11.938s] -- Up-to-date: C:/dev_ava/install/share/ava_msgs/msg/Velocity.msg
[11.938s] -- Up-to-date: C:/dev_ava/install/share/ament_index/resource_index/package_run_dependencies/ava_msgs
[11.938s] -- Up-to-date: C:/dev_ava/install/share/ament_index/resource_index/parent_prefix_path/ava_msgs
[11.938s] -- Up-to-date: C:/dev_ava/install/share/ava_msgs/environment/ament_prefix_path.bat
[11.938s] -- Installing: C:/dev_ava/install/share/ava_msgs/environment/ament_prefix_path.dsv
[11.938s] -- Up-to-date: C:/dev_ava/install/share/ava_msgs/environment/path.bat
[11.953s] -- Installing: C:/dev_ava/install/share/ava_msgs/environment/path.dsv
[11.953s] -- Up-to-date: C:/dev_ava/install/share/ava_msgs/local_setup.bat
[11.953s] -- Installing: C:/dev_ava/install/share/ava_msgs/local_setup.dsv
[11.969s] -- Installing: C:/dev_ava/install/share/ava_msgs/package.dsv
[11.985s] -- Up-to-date: C:/dev_ava/install/share/ament_index/resource_index/packages/ava_msgs
[11.985s] -- Up-to-date: C:/dev_ava/install/share/ava_msgs/cmake/ava_msgs__rosidl_generator_cExport.cmake
[11.985s] -- Installing: C:/dev_ava/install/share/ava_msgs/cmake/ava_msgs__rosidl_generator_cExport-release.cmake
[12.000s] -- Up-to-date: C:/dev_ava/install/share/ava_msgs/cmake/ava_msgs__rosidl_typesupport_introspection_cExport.cmake
[12.000s] -- Installing: C:/dev_ava/install/share/ava_msgs/cmake/ava_msgs__rosidl_typesupport_introspection_cExport-release.cmake
[12.016s] -- Up-to-date: C:/dev_ava/install/share/ava_msgs/cmake/ava_msgs__rosidl_typesupport_cExport.cmake
[12.016s] -- Installing: C:/dev_ava/install/share/ava_msgs/cmake/ava_msgs__rosidl_typesupport_cExport-release.cmake
[12.016s] -- Up-to-date: C:/dev_ava/install/share/ava_msgs/cmake/ava_msgs__rosidl_generator_cppExport.cmake
[12.016s] -- Up-to-date: C:/dev_ava/install/share/ava_msgs/cmake/ava_msgs__rosidl_typesupport_introspection_cppExport.cmake
[12.031s] -- Installing: C:/dev_ava/install/share/ava_msgs/cmake/ava_msgs__rosidl_typesupport_introspection_cppExport-release.cmake
[12.031s] -- Up-to-date: C:/dev_ava/install/share/ava_msgs/cmake/ava_msgs__rosidl_typesupport_cppExport.cmake
[12.047s] -- Installing: C:/dev_ava/install/share/ava_msgs/cmake/ava_msgs__rosidl_typesupport_cppExport-release.cmake
[12.047s] -- Up-to-date: C:/dev_ava/install/share/ava_msgs/cmake/rosidl_cmake-extras.cmake
[12.047s] -- Up-to-date: C:/dev_ava/install/share/ava_msgs/cmake/ament_cmake_export_dependencies-extras.cmake
[12.047s] -- Up-to-date: C:/dev_ava/install/share/ava_msgs/cmake/ament_cmake_export_libraries-extras.cmake
[12.047s] -- Up-to-date: C:/dev_ava/install/share/ava_msgs/cmake/ament_cmake_export_targets-extras.cmake
[12.047s] -- Up-to-date: C:/dev_ava/install/share/ava_msgs/cmake/ament_cmake_export_include_directories-extras.cmake
[12.047s] -- Up-to-date: C:/dev_ava/install/share/ava_msgs/cmake/rosidl_cmake_export_typesupport_libraries-extras.cmake
[12.047s] -- Up-to-date: C:/dev_ava/install/share/ava_msgs/cmake/rosidl_cmake_export_typesupport_targets-extras.cmake
[12.047s] -- Up-to-date: C:/dev_ava/install/share/ava_msgs/cmake/ava_msgsConfig.cmake
[12.047s] -- Up-to-date: C:/dev_ava/install/share/ava_msgs/cmake/ava_msgsConfig-version.cmake
[12.047s] -- Up-to-date: C:/dev_ava/install/share/ava_msgs/package.xml
[12.078s] Invoked command in 'C:\dev_ava\build\ava_msgs' returned '0': PUBLIC=%PUBLIC%
PyCharm Community Edition=C:\Program Files\JetBrains\PyCharm Community Edition 2020.1.3\bin; C:\opt\ros\foxy\x64\Scripts\cmake.EXE --install C:\dev_ava\build\ava_msgs --config Release
