running egg_info
creating C:\dev_ava\build\hq_bringup\hq_bringup.egg-info
writing C:\dev_ava\build\hq_bringup\hq_bringup.egg-info\PKG-INFO
writing dependency_links to C:\dev_ava\build\hq_bringup\hq_bringup.egg-info\dependency_links.txt
writing entry points to C:\dev_ava\build\hq_bringup\hq_bringup.egg-info\entry_points.txt
writing requirements to C:\dev_ava\build\hq_bringup\hq_bringup.egg-info\requires.txt
writing top-level names to C:\dev_ava\build\hq_bringup\hq_bringup.egg-info\top_level.txt
writing manifest file 'C:\dev_ava\build\hq_bringup\hq_bringup.egg-info\SOURCES.txt'
reading manifest file 'C:\dev_ava\build\hq_bringup\hq_bringup.egg-info\SOURCES.txt'
writing manifest file 'C:\dev_ava\build\hq_bringup\hq_bringup.egg-info\SOURCES.txt'
running build
running build_py
creating C:\dev_ava\build\hq_bringup\build
creating C:\dev_ava\build\hq_bringup\build\lib
creating C:\dev_ava\build\hq_bringup\build\lib\hq_bringup
copying hq_bringup\__init__.py -> C:\dev_ava\build\hq_bringup\build\lib\hq_bringup
running install
running install_lib
creating C:\dev_ava\install\Lib\site-packages\hq_bringup
copying C:\dev_ava\build\hq_bringup\build\lib\hq_bringup\__init__.py -> C:\dev_ava\install\Lib\site-packages\hq_bringup
writing byte-compilation script 'C:\Users\matth\AppData\Local\Temp\tmpupno_8l2.py'
c:\opt\ros\foxy\x64\python.exe C:\Users\matth\AppData\Local\Temp\tmpupno_8l2.py
removing C:\Users\matth\AppData\Local\Temp\tmpupno_8l2.py
running install_data
creating C:\dev_ava\install\share\ament_index
creating C:\dev_ava\install\share\ament_index\resource_index
creating C:\dev_ava\install\share\ament_index\resource_index\packages
copying resource\hq_bringup -> C:\dev_ava\install\share\ament_index\resource_index\packages
copying launch\hq.launch.py -> C:\dev_ava\install\share\hq_bringup
copying package.xml -> C:\dev_ava\install\share\hq_bringup
running install_egg_info
Copying C:\dev_ava\build\hq_bringup\hq_bringup.egg-info to C:\dev_ava\install\Lib\site-packages\hq_bringup-0.0.0-py3.8.egg-info
running install_scripts
writing list of installed files to 'C:\dev_ava\build\hq_bringup\install.log'
