[3.468s] Invoking command in 'C:\dev_ava\src\hq_bringup': PUBLIC=%PUBLIC%
PyCharm Community Edition=C:\Program Files\JetBrains\PyCharm Community Edition 2020.1.3\bin; PYTHONPATH=C:\dev_ava\install\Lib\site-packages;%PYTHONPATH% c:\opt\ros\foxy\x64\python.exe setup.py egg_info --egg-base C:\dev_ava\build\hq_bringup build --build-base C:\dev_ava\build\hq_bringup\build install --prefix C:\dev_ava\install --record C:\dev_ava\build\hq_bringup\install.log --single-version-externally-managed
[4.640s] running egg_info
[4.640s] creating C:\dev_ava\build\hq_bringup\hq_bringup.egg-info
[4.640s] writing C:\dev_ava\build\hq_bringup\hq_bringup.egg-info\PKG-INFO
[4.640s] writing dependency_links to C:\dev_ava\build\hq_bringup\hq_bringup.egg-info\dependency_links.txt
[4.640s] writing entry points to C:\dev_ava\build\hq_bringup\hq_bringup.egg-info\entry_points.txt
[4.640s] writing requirements to C:\dev_ava\build\hq_bringup\hq_bringup.egg-info\requires.txt
[4.640s] writing top-level names to C:\dev_ava\build\hq_bringup\hq_bringup.egg-info\top_level.txt
[4.640s] writing manifest file 'C:\dev_ava\build\hq_bringup\hq_bringup.egg-info\SOURCES.txt'
[4.703s] reading manifest file 'C:\dev_ava\build\hq_bringup\hq_bringup.egg-info\SOURCES.txt'
[4.718s] writing manifest file 'C:\dev_ava\build\hq_bringup\hq_bringup.egg-info\SOURCES.txt'
[4.718s] running build
[4.718s] running build_py
[4.718s] creating C:\dev_ava\build\hq_bringup\build
[4.718s] creating C:\dev_ava\build\hq_bringup\build\lib
[4.718s] creating C:\dev_ava\build\hq_bringup\build\lib\hq_bringup
[4.718s] copying hq_bringup\__init__.py -> C:\dev_ava\build\hq_bringup\build\lib\hq_bringup
[4.718s] running install
[4.718s] running install_lib
[4.734s] creating C:\dev_ava\install\Lib\site-packages\hq_bringup
[4.734s] copying C:\dev_ava\build\hq_bringup\build\lib\hq_bringup\__init__.py -> C:\dev_ava\install\Lib\site-packages\hq_bringup
[4.734s] writing byte-compilation script 'C:\Users\matth\AppData\Local\Temp\tmpupno_8l2.py'
[4.734s] c:\opt\ros\foxy\x64\python.exe C:\Users\matth\AppData\Local\Temp\tmpupno_8l2.py
[4.953s] removing C:\Users\matth\AppData\Local\Temp\tmpupno_8l2.py
[4.953s] running install_data
[4.968s] creating C:\dev_ava\install\share\ament_index
[4.968s] creating C:\dev_ava\install\share\ament_index\resource_index
[4.968s] creating C:\dev_ava\install\share\ament_index\resource_index\packages
[4.968s] copying resource\hq_bringup -> C:\dev_ava\install\share\ament_index\resource_index\packages
[4.968s] copying launch\hq.launch.py -> C:\dev_ava\install\share\hq_bringup
[4.968s] copying package.xml -> C:\dev_ava\install\share\hq_bringup
[4.968s] running install_egg_info
[4.984s] Copying C:\dev_ava\build\hq_bringup\hq_bringup.egg-info to C:\dev_ava\install\Lib\site-packages\hq_bringup-0.0.0-py3.8.egg-info
[5.062s] running install_scripts
[5.125s] writing list of installed files to 'C:\dev_ava\build\hq_bringup\install.log'
[5.187s] Invoked command in 'C:\dev_ava\src\hq_bringup' returned '0': PUBLIC=%PUBLIC%
PyCharm Community Edition=C:\Program Files\JetBrains\PyCharm Community Edition 2020.1.3\bin; PYTHONPATH=C:\dev_ava\install\Lib\site-packages;%PYTHONPATH% c:\opt\ros\foxy\x64\python.exe setup.py egg_info --egg-base C:\dev_ava\build\hq_bringup build --build-base C:\dev_ava\build\hq_bringup\build install --prefix C:\dev_ava\install --record C:\dev_ava\build\hq_bringup\install.log --single-version-externally-managed
