-- Selecting Windows SDK version 10.0.16299.0 to target Windows 10.0.22000.
-- Found ament_cmake: 0.9.8 (C:/opt/ros/foxy/x64/share/ament_cmake/cmake)
-- Found PythonInterp: C:/opt/ros/foxy/x64/python.exe (found suitable version "3.8.3", minimum required is "3") 
-- Using PYTHON_EXECUTABLE: C:/opt/ros/foxy/x64/python.exe
-- Found message_filters: 3.2.5 (C:/opt/ros/foxy/x64/share/message_filters/cmake)
-- Found nav_msgs: 2.0.4 (C:/opt/ros/foxy/x64/share/nav_msgs/cmake)
-- Using all available rosidl_typesupport_c: rosidl_typesupport_fastrtps_c;rosidl_typesupport_introspection_c
-- Found rosidl_adapter: 1.2.1 (C:/opt/ros/foxy/x64/share/rosidl_adapter/cmake)
-- Using all available rosidl_typesupport_cpp: rosidl_typesupport_fastrtps_cpp;rosidl_typesupport_introspection_cpp
-- Found rclcpp: 2.3.1 (C:/opt/ros/foxy/x64/share/rclcpp/cmake)
-- Found rmw_implementation_cmake: 1.0.3 (C:/opt/ros/foxy/x64/share/rmw_implementation_cmake/cmake)
-- Using RMW implementation 'rmw_fastrtps_cpp' as default
-- Found sensor_msgs: 2.0.4 (C:/opt/ros/foxy/x64/share/sensor_msgs/cmake)
-- Found tf2: 0.13.10 (C:/opt/ros/foxy/x64/share/tf2/cmake)
-- Found tf2_ros: 0.13.10 (C:/opt/ros/foxy/x64/share/tf2_ros/cmake)
-- Found visualization_msgs: 2.0.4 (C:/opt/ros/foxy/x64/share/visualization_msgs/cmake)
-- Found pluginlib: 2.5.3 (C:/opt/ros/foxy/x64/share/pluginlib/cmake)
-- Found tf2_geometry_msgs: 0.13.10 (C:/opt/ros/foxy/x64/share/tf2_geometry_msgs/cmake)
-- Found eigen3_cmake_module: 0.1.1 (C:/opt/ros/foxy/x64/share/eigen3_cmake_module/cmake)
-- Found tf2_sensor_msgs: 0.13.10 (C:/opt/ros/foxy/x64/share/tf2_sensor_msgs/cmake)
-- Found std_srvs: 2.0.4 (C:/opt/ros/foxy/x64/share/std_srvs/cmake)
-- Found rosidl_default_generators: 1.0.1 (C:/opt/ros/foxy/x64/share/rosidl_default_generators/cmake)
-- Found nav2_map_server: 0.4.5 (C:/opt/ros/foxy/x64/share/nav2_map_server/cmake)
-- Found rviz_common: 8.2.2 (C:/opt/ros/foxy/x64/share/rviz_common/cmake)
-- Found OGRE
--   static     : OFF
--   components : Bites;MeshLodGenerator;Overlay;Paging;Property;RTShaderSystem;Terrain;Volume
--   plugins    : Plugin_BSPSceneManager;Plugin_OctreeSceneManager;Plugin_PCZSceneManager;Plugin_ParticleFX;RenderSystem_GL;RenderSystem_GL3Plus;RenderSystem_Direct3D11;Codec_STBI;Codec_FreeImage;Codec_EXR
--   media      : C:/opt/ros/foxy/x64/Media
-- OGRE_LIBRARIES: OgreBites;OgreMeshLodGenerator;OgreOverlay;OgrePaging;OgreProperty;OgreRTShaderSystem;OgreTerrain;OgreVolume;OgreMain
-- OGRE_LIBRARY_DIRS: C:/opt/ros/foxy/x64/Lib
-- OGRE_PLUGINS: Plugin_BSPSceneManager;Plugin_OctreeSceneManager;Plugin_PCZSceneManager;Plugin_ParticleFX;RenderSystem_GL;RenderSystem_GL3Plus;RenderSystem_Direct3D11;Codec_STBI;Codec_FreeImage;Codec_EXR
-- OGRE_PLUGIN_DIR: C:/opt/ros/foxy/x64/bin
-- Found rviz_default_plugins: 8.2.2 (C:/opt/ros/foxy/x64/share/rviz_default_plugins/cmake)
CMake Warning (dev) at C:/opt/ros/foxy/x64/Lib/site-packages/cmake/data/share/cmake-3.18/Modules/FindPackageHandleStandardArgs.cmake:273 (message):
  The package name passed to `find_package_handle_standard_args` (CSPARSE)
  does not match the name of the calling package (CSparse).  This can lead to
  problems in calling code that expects `find_package` result variables
  (e.g., `_FOUND`) to follow a certain pattern.
Call Stack (most recent call first):
  CMake/FindCSparse.cmake:24 (find_package_handle_standard_args)
  CMakeLists.txt:77 (find_package)
This warning is for project developers.  Use -Wno-dev to suppress it.

-- Could NOT find CSPARSE (missing: CSPARSE_INCLUDE_DIR CSPARSE_LIBRARY) 
CMake Warning (dev) at C:/opt/ros/foxy/x64/Lib/site-packages/cmake/data/share/cmake-3.18/Modules/FindPackageHandleStandardArgs.cmake:273 (message):
  The package name passed to `find_package_handle_standard_args` (CHOLMOD)
  does not match the name of the calling package (Cholmod).  This can lead to
  problems in calling code that expects `find_package` result variables
  (e.g., `_FOUND`) to follow a certain pattern.
Call Stack (most recent call first):
  CMake/FindCholmod.cmake:86 (find_package_handle_standard_args)
  CMakeLists.txt:79 (find_package)
This warning is for project developers.  Use -Wno-dev to suppress it.

-- Could NOT find CHOLMOD (missing: CHOLMOD_LIBRARIES) 
-- A library with LAPACK API found.
-- Found installed version of Eigen: C:/opt/ros/foxy/x64/share/eigen3
-- Found required Ceres dependency: Eigen version 3.3.7 in C:/opt/ros/foxy/x64/include/eigen3
-- A library with LAPACK API found.
-- Ceres version 1.14.0 detected here: C:/opt/ros/foxy/x64 was built with C++11. Ceres target will add C++11 flags to compile options for targets using it.
-- Found Ceres version: 1.14.0 installed in: C:/opt/ros/foxy/x64 with components: [EigenSparse, SparseLinearAlgebraLibrary, LAPACK, SuiteSparse, CXSparse, SchurSpecializations, C++11, OpenMP, Multithreading]
-- Found PythonInterp: C:/opt/ros/foxy/x64/python.exe (found version "3.8.3") 
-- Found ament_cmake_ros: 0.9.2 (C:/opt/ros/foxy/x64/share/ament_cmake_ros/cmake)
-- Found TinyXML2 via Config file: C:/opt/ros/foxy/x64/share/tinyxml2
-- Found TinyXML2 via Config file: C:/opt/ros/foxy/x64/share/tinyxml2
-- Found TinyXML2 via Config file: C:/opt/ros/foxy/x64/share/tinyxml2
-- Found TinyXML2 via Config file: C:/opt/ros/foxy/x64/share/tinyxml2
-- Using all available rosidl_typesupport_c: rosidl_typesupport_fastrtps_c;rosidl_typesupport_introspection_c
-- Using all available rosidl_typesupport_cpp: rosidl_typesupport_fastrtps_cpp;rosidl_typesupport_introspection_cpp
-- Found PythonInterp: C:/opt/ros/foxy/x64/python.exe (found suitable version "3.8.3", minimum required is "3.5") 
-- Found python_cmake_module: 0.8.1 (C:/opt/ros/foxy/x64/share/python_cmake_module/cmake)
-- Using PYTHON_EXECUTABLE: C:/opt/ros/foxy/x64/python.exe
-- Using PYTHON_INCLUDE_DIRS: C:/opt/ros/foxy/x64/include/python3.8
-- Using PYTHON_LIBRARIES: C:/opt/ros/foxy/x64/Lib/python38.lib
-- Using numpy include directory: C:\opt\ros\foxy\x64\lib\site-packages\numpy\core\include
-- Configuring done
-- Generating done
-- Build files have been written to: C:/dev_ava/build/slam_toolbox
Microsoft (R) Build Engine version 16.11.0+0538acc04 for .NET Framework
Copyright (C) Microsoft Corporation. All rights reserved.

  slam_toolbox__rosidl_generator_c.vcxproj -> C:\dev_ava\build\slam_toolbox\Release\slam_toolbox__rosidl_generator_c.dll
  slam_toolbox__rosidl_typesupport_c.vcxproj -> C:\dev_ava\build\slam_toolbox\Release\slam_toolbox__rosidl_typesupport_c.dll
  slam_toolbox__rosidl_typesupport_cpp.vcxproj -> C:\dev_ava\build\slam_toolbox\Release\slam_toolbox__rosidl_typesupport_cpp.dll
  slam_toolbox__rosidl_typesupport_fastrtps_cpp.vcxproj -> C:\dev_ava\build\slam_toolbox\Release\slam_toolbox__rosidl_typesupport_fastrtps_cpp.dll
  slam_toolbox__rosidl_typesupport_fastrtps_c.vcxproj -> C:\dev_ava\build\slam_toolbox\Release\slam_toolbox__rosidl_typesupport_fastrtps_c.dll
  slam_toolbox__rosidl_typesupport_introspection_c.vcxproj -> C:\dev_ava\build\slam_toolbox\Release\slam_toolbox__rosidl_typesupport_introspection_c.dll
  slam_toolbox__rosidl_typesupport_introspection_cpp.vcxproj -> C:\dev_ava\build\slam_toolbox\Release\slam_toolbox__rosidl_typesupport_introspection_cpp.dll
  SlamToolboxPlugin.vcxproj -> C:\dev_ava\build\slam_toolbox\Release\SlamToolboxPlugin.dll
  kartoSlamToolbox.vcxproj -> C:\dev_ava\build\slam_toolbox\lib\karto_sdk\Release\kartoSlamToolbox.dll
  Auto build dll exports
  toolbox_common.vcxproj -> C:\dev_ava\build\slam_toolbox\Release\toolbox_common.dll
  Auto build dll exports
  async_slam_toolbox.vcxproj -> C:\dev_ava\build\slam_toolbox\Release\async_slam_toolbox.dll
  async_slam_toolbox_node.vcxproj -> C:\dev_ava\build\slam_toolbox\Release\async_slam_toolbox_node.exe
  ceres_solver_plugin.vcxproj -> C:\dev_ava\build\slam_toolbox\Release\ceres_solver_plugin.dll
  Auto build dll exports
  lifelong_slam_toolbox.vcxproj -> C:\dev_ava\build\slam_toolbox\Release\lifelong_slam_toolbox.dll
  lifelong_slam_toolbox_node.vcxproj -> C:\dev_ava\build\slam_toolbox\Release\lifelong_slam_toolbox_node.exe
  Auto build dll exports
  localization_slam_toolbox.vcxproj -> C:\dev_ava\build\slam_toolbox\Release\localization_slam_toolbox.dll
  localization_slam_toolbox_node.vcxproj -> C:\dev_ava\build\slam_toolbox\Release\localization_slam_toolbox_node.exe
  merge_maps_kinematic.vcxproj -> C:\dev_ava\build\slam_toolbox\Release\merge_maps_kinematic.exe
  slam_toolbox__python.vcxproj -> C:\dev_ava\build\slam_toolbox\rosidl_generator_py\slam_toolbox\slam_toolbox__python.dll
  slam_toolbox__rosidl_typesupport_c__pyext.vcxproj -> C:\dev_ava\build\slam_toolbox\rosidl_generator_py\slam_toolbox\slam_toolbox_s__rosidl_typesupport_c.pyd
  slam_toolbox__rosidl_typesupport_fastrtps_c__pyext.vcxproj -> C:\dev_ava\build\slam_toolbox\rosidl_generator_py\slam_toolbox\slam_toolbox_s__rosidl_typesupport_fastrtps_c.pyd
  slam_toolbox__rosidl_typesupport_introspection_c__pyext.vcxproj -> C:\dev_ava\build\slam_toolbox\rosidl_generator_py\slam_toolbox\slam_toolbox_s__rosidl_typesupport_introspection_c.pyd
  Auto build dll exports
  sync_slam_toolbox.vcxproj -> C:\dev_ava\build\slam_toolbox\Release\sync_slam_toolbox.dll
  sync_slam_toolbox_node.vcxproj -> C:\dev_ava\build\slam_toolbox\Release\sync_slam_toolbox_node.exe
-- Up-to-date: C:/dev_ava/install/share/ament_index/resource_index/rosidl_interfaces/slam_toolbox
-- Up-to-date: C:/dev_ava/install/include/slam_toolbox
-- Up-to-date: C:/dev_ava/install/include/slam_toolbox/msg
-- Up-to-date: C:/dev_ava/install/include/slam_toolbox/msg/rosidl_generator_c__visibility_control.h
-- Up-to-date: C:/dev_ava/install/include/slam_toolbox/srv
-- Up-to-date: C:/dev_ava/install/include/slam_toolbox/srv/add_submap.h
-- Up-to-date: C:/dev_ava/install/include/slam_toolbox/srv/clear.h
-- Up-to-date: C:/dev_ava/install/include/slam_toolbox/srv/clear_queue.h
-- Up-to-date: C:/dev_ava/install/include/slam_toolbox/srv/deserialize_pose_graph.h
-- Up-to-date: C:/dev_ava/install/include/slam_toolbox/srv/detail
-- Up-to-date: C:/dev_ava/install/include/slam_toolbox/srv/detail/add_submap__functions.c
-- Up-to-date: C:/dev_ava/install/include/slam_toolbox/srv/detail/add_submap__functions.h
-- Up-to-date: C:/dev_ava/install/include/slam_toolbox/srv/detail/add_submap__struct.h
-- Up-to-date: C:/dev_ava/install/include/slam_toolbox/srv/detail/add_submap__type_support.h
-- Up-to-date: C:/dev_ava/install/include/slam_toolbox/srv/detail/clear_queue__functions.c
-- Up-to-date: C:/dev_ava/install/include/slam_toolbox/srv/detail/clear_queue__functions.h
-- Up-to-date: C:/dev_ava/install/include/slam_toolbox/srv/detail/clear_queue__struct.h
-- Up-to-date: C:/dev_ava/install/include/slam_toolbox/srv/detail/clear_queue__type_support.h
-- Up-to-date: C:/dev_ava/install/include/slam_toolbox/srv/detail/clear__functions.c
-- Up-to-date: C:/dev_ava/install/include/slam_toolbox/srv/detail/clear__functions.h
-- Up-to-date: C:/dev_ava/install/include/slam_toolbox/srv/detail/clear__struct.h
-- Up-to-date: C:/dev_ava/install/include/slam_toolbox/srv/detail/clear__type_support.h
-- Up-to-date: C:/dev_ava/install/include/slam_toolbox/srv/detail/deserialize_pose_graph__functions.c
-- Up-to-date: C:/dev_ava/install/include/slam_toolbox/srv/detail/deserialize_pose_graph__functions.h
-- Up-to-date: C:/dev_ava/install/include/slam_toolbox/srv/detail/deserialize_pose_graph__struct.h
-- Up-to-date: C:/dev_ava/install/include/slam_toolbox/srv/detail/deserialize_pose_graph__type_support.h
-- Up-to-date: C:/dev_ava/install/include/slam_toolbox/srv/detail/loop_closure__functions.c
-- Up-to-date: C:/dev_ava/install/include/slam_toolbox/srv/detail/loop_closure__functions.h
-- Up-to-date: C:/dev_ava/install/include/slam_toolbox/srv/detail/loop_closure__struct.h
-- Up-to-date: C:/dev_ava/install/include/slam_toolbox/srv/detail/loop_closure__type_support.h
-- Up-to-date: C:/dev_ava/install/include/slam_toolbox/srv/detail/merge_maps__functions.c
-- Up-to-date: C:/dev_ava/install/include/slam_toolbox/srv/detail/merge_maps__functions.h
-- Up-to-date: C:/dev_ava/install/include/slam_toolbox/srv/detail/merge_maps__struct.h
-- Up-to-date: C:/dev_ava/install/include/slam_toolbox/srv/detail/merge_maps__type_support.h
-- Up-to-date: C:/dev_ava/install/include/slam_toolbox/srv/detail/pause__functions.c
-- Up-to-date: C:/dev_ava/install/include/slam_toolbox/srv/detail/pause__functions.h
-- Up-to-date: C:/dev_ava/install/include/slam_toolbox/srv/detail/pause__struct.h
-- Up-to-date: C:/dev_ava/install/include/slam_toolbox/srv/detail/pause__type_support.h
-- Up-to-date: C:/dev_ava/install/include/slam_toolbox/srv/detail/save_map__functions.c
-- Up-to-date: C:/dev_ava/install/include/slam_toolbox/srv/detail/save_map__functions.h
-- Up-to-date: C:/dev_ava/install/include/slam_toolbox/srv/detail/save_map__struct.h
-- Up-to-date: C:/dev_ava/install/include/slam_toolbox/srv/detail/save_map__type_support.h
-- Up-to-date: C:/dev_ava/install/include/slam_toolbox/srv/detail/serialize_pose_graph__functions.c
-- Up-to-date: C:/dev_ava/install/include/slam_toolbox/srv/detail/serialize_pose_graph__functions.h
-- Up-to-date: C:/dev_ava/install/include/slam_toolbox/srv/detail/serialize_pose_graph__struct.h
-- Up-to-date: C:/dev_ava/install/include/slam_toolbox/srv/detail/serialize_pose_graph__type_support.h
-- Up-to-date: C:/dev_ava/install/include/slam_toolbox/srv/detail/toggle_interactive__functions.c
-- Up-to-date: C:/dev_ava/install/include/slam_toolbox/srv/detail/toggle_interactive__functions.h
-- Up-to-date: C:/dev_ava/install/include/slam_toolbox/srv/detail/toggle_interactive__struct.h
-- Up-to-date: C:/dev_ava/install/include/slam_toolbox/srv/detail/toggle_interactive__type_support.h
-- Up-to-date: C:/dev_ava/install/include/slam_toolbox/srv/loop_closure.h
-- Up-to-date: C:/dev_ava/install/include/slam_toolbox/srv/merge_maps.h
-- Up-to-date: C:/dev_ava/install/include/slam_toolbox/srv/pause.h
-- Up-to-date: C:/dev_ava/install/include/slam_toolbox/srv/save_map.h
-- Up-to-date: C:/dev_ava/install/include/slam_toolbox/srv/serialize_pose_graph.h
-- Up-to-date: C:/dev_ava/install/include/slam_toolbox/srv/toggle_interactive.h
-- Up-to-date: C:/dev_ava/install/lib/slam_toolbox__rosidl_generator_c.lib
-- Up-to-date: C:/dev_ava/install/bin/slam_toolbox__rosidl_generator_c.dll
-- Up-to-date: C:/dev_ava/install/include/slam_toolbox
-- Up-to-date: C:/dev_ava/install/include/slam_toolbox/msg
-- Up-to-date: C:/dev_ava/install/include/slam_toolbox/msg/rosidl_typesupport_fastrtps_c__visibility_control.h
-- Up-to-date: C:/dev_ava/install/include/slam_toolbox/srv
-- Up-to-date: C:/dev_ava/install/include/slam_toolbox/srv/detail
-- Up-to-date: C:/dev_ava/install/include/slam_toolbox/srv/detail/add_submap__rosidl_typesupport_fastrtps_c.h
-- Up-to-date: C:/dev_ava/install/include/slam_toolbox/srv/detail/clear_queue__rosidl_typesupport_fastrtps_c.h
-- Up-to-date: C:/dev_ava/install/include/slam_toolbox/srv/detail/clear__rosidl_typesupport_fastrtps_c.h
-- Up-to-date: C:/dev_ava/install/include/slam_toolbox/srv/detail/deserialize_pose_graph__rosidl_typesupport_fastrtps_c.h
-- Up-to-date: C:/dev_ava/install/include/slam_toolbox/srv/detail/loop_closure__rosidl_typesupport_fastrtps_c.h
-- Up-to-date: C:/dev_ava/install/include/slam_toolbox/srv/detail/merge_maps__rosidl_typesupport_fastrtps_c.h
-- Up-to-date: C:/dev_ava/install/include/slam_toolbox/srv/detail/pause__rosidl_typesupport_fastrtps_c.h
-- Up-to-date: C:/dev_ava/install/include/slam_toolbox/srv/detail/save_map__rosidl_typesupport_fastrtps_c.h
-- Up-to-date: C:/dev_ava/install/include/slam_toolbox/srv/detail/serialize_pose_graph__rosidl_typesupport_fastrtps_c.h
-- Up-to-date: C:/dev_ava/install/include/slam_toolbox/srv/detail/toggle_interactive__rosidl_typesupport_fastrtps_c.h
-- Up-to-date: C:/dev_ava/install/lib/slam_toolbox__rosidl_typesupport_fastrtps_c.lib
-- Up-to-date: C:/dev_ava/install/bin/slam_toolbox__rosidl_typesupport_fastrtps_c.dll
-- Up-to-date: C:/dev_ava/install/include/slam_toolbox
-- Up-to-date: C:/dev_ava/install/include/slam_toolbox/msg
-- Up-to-date: C:/dev_ava/install/include/slam_toolbox/msg/rosidl_typesupport_fastrtps_cpp__visibility_control.h
-- Up-to-date: C:/dev_ava/install/include/slam_toolbox/srv
-- Up-to-date: C:/dev_ava/install/include/slam_toolbox/srv/detail
-- Up-to-date: C:/dev_ava/install/include/slam_toolbox/srv/detail/add_submap__rosidl_typesupport_fastrtps_cpp.hpp
-- Up-to-date: C:/dev_ava/install/include/slam_toolbox/srv/detail/clear_queue__rosidl_typesupport_fastrtps_cpp.hpp
-- Up-to-date: C:/dev_ava/install/include/slam_toolbox/srv/detail/clear__rosidl_typesupport_fastrtps_cpp.hpp
-- Up-to-date: C:/dev_ava/install/include/slam_toolbox/srv/detail/dds_fastrtps
-- Up-to-date: C:/dev_ava/install/include/slam_toolbox/srv/detail/deserialize_pose_graph__rosidl_typesupport_fastrtps_cpp.hpp
-- Up-to-date: C:/dev_ava/install/include/slam_toolbox/srv/detail/loop_closure__rosidl_typesupport_fastrtps_cpp.hpp
-- Up-to-date: C:/dev_ava/install/include/slam_toolbox/srv/detail/merge_maps__rosidl_typesupport_fastrtps_cpp.hpp
-- Up-to-date: C:/dev_ava/install/include/slam_toolbox/srv/detail/pause__rosidl_typesupport_fastrtps_cpp.hpp
-- Up-to-date: C:/dev_ava/install/include/slam_toolbox/srv/detail/save_map__rosidl_typesupport_fastrtps_cpp.hpp
-- Up-to-date: C:/dev_ava/install/include/slam_toolbox/srv/detail/serialize_pose_graph__rosidl_typesupport_fastrtps_cpp.hpp
-- Up-to-date: C:/dev_ava/install/include/slam_toolbox/srv/detail/toggle_interactive__rosidl_typesupport_fastrtps_cpp.hpp
-- Up-to-date: C:/dev_ava/install/lib/slam_toolbox__rosidl_typesupport_fastrtps_cpp.lib
-- Up-to-date: C:/dev_ava/install/bin/slam_toolbox__rosidl_typesupport_fastrtps_cpp.dll
-- Up-to-date: C:/dev_ava/install/include/slam_toolbox
-- Up-to-date: C:/dev_ava/install/include/slam_toolbox/msg
-- Up-to-date: C:/dev_ava/install/include/slam_toolbox/msg/rosidl_typesupport_introspection_c__visibility_control.h
-- Up-to-date: C:/dev_ava/install/include/slam_toolbox/srv
-- Up-to-date: C:/dev_ava/install/include/slam_toolbox/srv/detail
-- Up-to-date: C:/dev_ava/install/include/slam_toolbox/srv/detail/add_submap__rosidl_typesupport_introspection_c.h
-- Up-to-date: C:/dev_ava/install/include/slam_toolbox/srv/detail/add_submap__type_support.c
-- Up-to-date: C:/dev_ava/install/include/slam_toolbox/srv/detail/clear_queue__rosidl_typesupport_introspection_c.h
-- Up-to-date: C:/dev_ava/install/include/slam_toolbox/srv/detail/clear_queue__type_support.c
-- Up-to-date: C:/dev_ava/install/include/slam_toolbox/srv/detail/clear__rosidl_typesupport_introspection_c.h
-- Up-to-date: C:/dev_ava/install/include/slam_toolbox/srv/detail/clear__type_support.c
-- Up-to-date: C:/dev_ava/install/include/slam_toolbox/srv/detail/deserialize_pose_graph__rosidl_typesupport_introspection_c.h
-- Up-to-date: C:/dev_ava/install/include/slam_toolbox/srv/detail/deserialize_pose_graph__type_support.c
-- Up-to-date: C:/dev_ava/install/include/slam_toolbox/srv/detail/loop_closure__rosidl_typesupport_introspection_c.h
-- Up-to-date: C:/dev_ava/install/include/slam_toolbox/srv/detail/loop_closure__type_support.c
-- Up-to-date: C:/dev_ava/install/include/slam_toolbox/srv/detail/merge_maps__rosidl_typesupport_introspection_c.h
-- Up-to-date: C:/dev_ava/install/include/slam_toolbox/srv/detail/merge_maps__type_support.c
-- Up-to-date: C:/dev_ava/install/include/slam_toolbox/srv/detail/pause__rosidl_typesupport_introspection_c.h
-- Up-to-date: C:/dev_ava/install/include/slam_toolbox/srv/detail/pause__type_support.c
-- Up-to-date: C:/dev_ava/install/include/slam_toolbox/srv/detail/save_map__rosidl_typesupport_introspection_c.h
-- Up-to-date: C:/dev_ava/install/include/slam_toolbox/srv/detail/save_map__type_support.c
-- Up-to-date: C:/dev_ava/install/include/slam_toolbox/srv/detail/serialize_pose_graph__rosidl_typesupport_introspection_c.h
-- Up-to-date: C:/dev_ava/install/include/slam_toolbox/srv/detail/serialize_pose_graph__type_support.c
-- Up-to-date: C:/dev_ava/install/include/slam_toolbox/srv/detail/toggle_interactive__rosidl_typesupport_introspection_c.h
-- Up-to-date: C:/dev_ava/install/include/slam_toolbox/srv/detail/toggle_interactive__type_support.c
-- Up-to-date: C:/dev_ava/install/lib/slam_toolbox__rosidl_typesupport_introspection_c.lib
-- Up-to-date: C:/dev_ava/install/bin/slam_toolbox__rosidl_typesupport_introspection_c.dll
-- Up-to-date: C:/dev_ava/install/lib/slam_toolbox__rosidl_typesupport_c.lib
-- Up-to-date: C:/dev_ava/install/bin/slam_toolbox__rosidl_typesupport_c.dll
-- Up-to-date: C:/dev_ava/install/include/slam_toolbox
-- Up-to-date: C:/dev_ava/install/include/slam_toolbox/srv
-- Up-to-date: C:/dev_ava/install/include/slam_toolbox/srv/add_submap.hpp
-- Up-to-date: C:/dev_ava/install/include/slam_toolbox/srv/clear.hpp
-- Up-to-date: C:/dev_ava/install/include/slam_toolbox/srv/clear_queue.hpp
-- Up-to-date: C:/dev_ava/install/include/slam_toolbox/srv/deserialize_pose_graph.hpp
-- Up-to-date: C:/dev_ava/install/include/slam_toolbox/srv/detail
-- Up-to-date: C:/dev_ava/install/include/slam_toolbox/srv/detail/add_submap__builder.hpp
-- Up-to-date: C:/dev_ava/install/include/slam_toolbox/srv/detail/add_submap__struct.hpp
-- Up-to-date: C:/dev_ava/install/include/slam_toolbox/srv/detail/add_submap__traits.hpp
-- Up-to-date: C:/dev_ava/install/include/slam_toolbox/srv/detail/clear_queue__builder.hpp
-- Up-to-date: C:/dev_ava/install/include/slam_toolbox/srv/detail/clear_queue__struct.hpp
-- Up-to-date: C:/dev_ava/install/include/slam_toolbox/srv/detail/clear_queue__traits.hpp
-- Up-to-date: C:/dev_ava/install/include/slam_toolbox/srv/detail/clear__builder.hpp
-- Up-to-date: C:/dev_ava/install/include/slam_toolbox/srv/detail/clear__struct.hpp
-- Up-to-date: C:/dev_ava/install/include/slam_toolbox/srv/detail/clear__traits.hpp
-- Up-to-date: C:/dev_ava/install/include/slam_toolbox/srv/detail/deserialize_pose_graph__builder.hpp
-- Up-to-date: C:/dev_ava/install/include/slam_toolbox/srv/detail/deserialize_pose_graph__struct.hpp
-- Up-to-date: C:/dev_ava/install/include/slam_toolbox/srv/detail/deserialize_pose_graph__traits.hpp
-- Up-to-date: C:/dev_ava/install/include/slam_toolbox/srv/detail/loop_closure__builder.hpp
-- Up-to-date: C:/dev_ava/install/include/slam_toolbox/srv/detail/loop_closure__struct.hpp
-- Up-to-date: C:/dev_ava/install/include/slam_toolbox/srv/detail/loop_closure__traits.hpp
-- Up-to-date: C:/dev_ava/install/include/slam_toolbox/srv/detail/merge_maps__builder.hpp
-- Up-to-date: C:/dev_ava/install/include/slam_toolbox/srv/detail/merge_maps__struct.hpp
-- Up-to-date: C:/dev_ava/install/include/slam_toolbox/srv/detail/merge_maps__traits.hpp
-- Up-to-date: C:/dev_ava/install/include/slam_toolbox/srv/detail/pause__builder.hpp
-- Up-to-date: C:/dev_ava/install/include/slam_toolbox/srv/detail/pause__struct.hpp
-- Up-to-date: C:/dev_ava/install/include/slam_toolbox/srv/detail/pause__traits.hpp
-- Up-to-date: C:/dev_ava/install/include/slam_toolbox/srv/detail/save_map__builder.hpp
-- Up-to-date: C:/dev_ava/install/include/slam_toolbox/srv/detail/save_map__struct.hpp
-- Up-to-date: C:/dev_ava/install/include/slam_toolbox/srv/detail/save_map__traits.hpp
-- Up-to-date: C:/dev_ava/install/include/slam_toolbox/srv/detail/serialize_pose_graph__builder.hpp
-- Up-to-date: C:/dev_ava/install/include/slam_toolbox/srv/detail/serialize_pose_graph__struct.hpp
-- Up-to-date: C:/dev_ava/install/include/slam_toolbox/srv/detail/serialize_pose_graph__traits.hpp
-- Up-to-date: C:/dev_ava/install/include/slam_toolbox/srv/detail/toggle_interactive__builder.hpp
-- Up-to-date: C:/dev_ava/install/include/slam_toolbox/srv/detail/toggle_interactive__struct.hpp
-- Up-to-date: C:/dev_ava/install/include/slam_toolbox/srv/detail/toggle_interactive__traits.hpp
-- Up-to-date: C:/dev_ava/install/include/slam_toolbox/srv/loop_closure.hpp
-- Up-to-date: C:/dev_ava/install/include/slam_toolbox/srv/merge_maps.hpp
-- Up-to-date: C:/dev_ava/install/include/slam_toolbox/srv/pause.hpp
-- Up-to-date: C:/dev_ava/install/include/slam_toolbox/srv/save_map.hpp
-- Up-to-date: C:/dev_ava/install/include/slam_toolbox/srv/serialize_pose_graph.hpp
-- Up-to-date: C:/dev_ava/install/include/slam_toolbox/srv/toggle_interactive.hpp
-- Up-to-date: C:/dev_ava/install/include/slam_toolbox
-- Up-to-date: C:/dev_ava/install/include/slam_toolbox/srv
-- Up-to-date: C:/dev_ava/install/include/slam_toolbox/srv/detail
-- Up-to-date: C:/dev_ava/install/include/slam_toolbox/srv/detail/add_submap__rosidl_typesupport_introspection_cpp.hpp
-- Up-to-date: C:/dev_ava/install/include/slam_toolbox/srv/detail/add_submap__type_support.cpp
-- Up-to-date: C:/dev_ava/install/include/slam_toolbox/srv/detail/clear_queue__rosidl_typesupport_introspection_cpp.hpp
-- Up-to-date: C:/dev_ava/install/include/slam_toolbox/srv/detail/clear_queue__type_support.cpp
-- Up-to-date: C:/dev_ava/install/include/slam_toolbox/srv/detail/clear__rosidl_typesupport_introspection_cpp.hpp
-- Up-to-date: C:/dev_ava/install/include/slam_toolbox/srv/detail/clear__type_support.cpp
-- Up-to-date: C:/dev_ava/install/include/slam_toolbox/srv/detail/deserialize_pose_graph__rosidl_typesupport_introspection_cpp.hpp
-- Up-to-date: C:/dev_ava/install/include/slam_toolbox/srv/detail/deserialize_pose_graph__type_support.cpp
-- Up-to-date: C:/dev_ava/install/include/slam_toolbox/srv/detail/loop_closure__rosidl_typesupport_introspection_cpp.hpp
-- Up-to-date: C:/dev_ava/install/include/slam_toolbox/srv/detail/loop_closure__type_support.cpp
-- Up-to-date: C:/dev_ava/install/include/slam_toolbox/srv/detail/merge_maps__rosidl_typesupport_introspection_cpp.hpp
-- Up-to-date: C:/dev_ava/install/include/slam_toolbox/srv/detail/merge_maps__type_support.cpp
-- Up-to-date: C:/dev_ava/install/include/slam_toolbox/srv/detail/pause__rosidl_typesupport_introspection_cpp.hpp
-- Up-to-date: C:/dev_ava/install/include/slam_toolbox/srv/detail/pause__type_support.cpp
-- Up-to-date: C:/dev_ava/install/include/slam_toolbox/srv/detail/save_map__rosidl_typesupport_introspection_cpp.hpp
-- Up-to-date: C:/dev_ava/install/include/slam_toolbox/srv/detail/save_map__type_support.cpp
-- Up-to-date: C:/dev_ava/install/include/slam_toolbox/srv/detail/serialize_pose_graph__rosidl_typesupport_introspection_cpp.hpp
-- Up-to-date: C:/dev_ava/install/include/slam_toolbox/srv/detail/serialize_pose_graph__type_support.cpp
-- Up-to-date: C:/dev_ava/install/include/slam_toolbox/srv/detail/toggle_interactive__rosidl_typesupport_introspection_cpp.hpp
-- Up-to-date: C:/dev_ava/install/include/slam_toolbox/srv/detail/toggle_interactive__type_support.cpp
-- Up-to-date: C:/dev_ava/install/lib/slam_toolbox__rosidl_typesupport_introspection_cpp.lib
-- Up-to-date: C:/dev_ava/install/bin/slam_toolbox__rosidl_typesupport_introspection_cpp.dll
-- Up-to-date: C:/dev_ava/install/lib/slam_toolbox__rosidl_typesupport_cpp.lib
-- Up-to-date: C:/dev_ava/install/bin/slam_toolbox__rosidl_typesupport_cpp.dll
-- Up-to-date: C:/dev_ava/install/share/slam_toolbox/environment/pythonpath.bat
-- Installing: C:/dev_ava/install/share/slam_toolbox/environment/pythonpath.dsv
-- Installing: C:/dev_ava/install/Lib/site-packages/slam_toolbox/__init__.py
Compiling 'C:/dev_ava/install/Lib/site-packages/slam_toolbox/__init__.py'...
-- Up-to-date: C:/dev_ava/install/Lib/site-packages/slam_toolbox/srv
-- Up-to-date: C:/dev_ava/install/Lib/site-packages/slam_toolbox/srv/_add_submap.py
-- Up-to-date: C:/dev_ava/install/Lib/site-packages/slam_toolbox/srv/_add_submap_s.c
-- Up-to-date: C:/dev_ava/install/Lib/site-packages/slam_toolbox/srv/_clear.py
-- Up-to-date: C:/dev_ava/install/Lib/site-packages/slam_toolbox/srv/_clear_queue.py
-- Up-to-date: C:/dev_ava/install/Lib/site-packages/slam_toolbox/srv/_clear_queue_s.c
-- Up-to-date: C:/dev_ava/install/Lib/site-packages/slam_toolbox/srv/_clear_s.c
-- Up-to-date: C:/dev_ava/install/Lib/site-packages/slam_toolbox/srv/_deserialize_pose_graph.py
-- Up-to-date: C:/dev_ava/install/Lib/site-packages/slam_toolbox/srv/_deserialize_pose_graph_s.c
-- Up-to-date: C:/dev_ava/install/Lib/site-packages/slam_toolbox/srv/_loop_closure.py
-- Up-to-date: C:/dev_ava/install/Lib/site-packages/slam_toolbox/srv/_loop_closure_s.c
-- Up-to-date: C:/dev_ava/install/Lib/site-packages/slam_toolbox/srv/_merge_maps.py
-- Up-to-date: C:/dev_ava/install/Lib/site-packages/slam_toolbox/srv/_merge_maps_s.c
-- Up-to-date: C:/dev_ava/install/Lib/site-packages/slam_toolbox/srv/_pause.py
-- Up-to-date: C:/dev_ava/install/Lib/site-packages/slam_toolbox/srv/_pause_s.c
-- Up-to-date: C:/dev_ava/install/Lib/site-packages/slam_toolbox/srv/_save_map.py
-- Up-to-date: C:/dev_ava/install/Lib/site-packages/slam_toolbox/srv/_save_map_s.c
-- Up-to-date: C:/dev_ava/install/Lib/site-packages/slam_toolbox/srv/_serialize_pose_graph.py
-- Up-to-date: C:/dev_ava/install/Lib/site-packages/slam_toolbox/srv/_serialize_pose_graph_s.c
-- Up-to-date: C:/dev_ava/install/Lib/site-packages/slam_toolbox/srv/_toggle_interactive.py
-- Up-to-date: C:/dev_ava/install/Lib/site-packages/slam_toolbox/srv/_toggle_interactive_s.c
-- Up-to-date: C:/dev_ava/install/Lib/site-packages/slam_toolbox/srv/__init__.py
-- Up-to-date: C:/dev_ava/install/Lib/site-packages/slam_toolbox/slam_toolbox_s__rosidl_typesupport_fastrtps_c.lib
-- Up-to-date: C:/dev_ava/install/Lib/site-packages/slam_toolbox/slam_toolbox_s__rosidl_typesupport_fastrtps_c.pyd
-- Up-to-date: C:/dev_ava/install/Lib/site-packages/slam_toolbox/slam_toolbox_s__rosidl_typesupport_introspection_c.lib
-- Up-to-date: C:/dev_ava/install/Lib/site-packages/slam_toolbox/slam_toolbox_s__rosidl_typesupport_introspection_c.pyd
-- Up-to-date: C:/dev_ava/install/Lib/site-packages/slam_toolbox/slam_toolbox_s__rosidl_typesupport_c.lib
-- Up-to-date: C:/dev_ava/install/Lib/site-packages/slam_toolbox/slam_toolbox_s__rosidl_typesupport_c.pyd
-- Up-to-date: C:/dev_ava/install/lib/slam_toolbox__python.lib
-- Up-to-date: C:/dev_ava/install/bin/slam_toolbox__python.dll
-- Up-to-date: C:/dev_ava/install/share/slam_toolbox/srv/Pause.idl
-- Up-to-date: C:/dev_ava/install/share/slam_toolbox/srv/ClearQueue.idl
-- Up-to-date: C:/dev_ava/install/share/slam_toolbox/srv/ToggleInteractive.idl
-- Up-to-date: C:/dev_ava/install/share/slam_toolbox/srv/Clear.idl
-- Up-to-date: C:/dev_ava/install/share/slam_toolbox/srv/SaveMap.idl
-- Up-to-date: C:/dev_ava/install/share/slam_toolbox/srv/LoopClosure.idl
-- Up-to-date: C:/dev_ava/install/share/slam_toolbox/srv/MergeMaps.idl
-- Up-to-date: C:/dev_ava/install/share/slam_toolbox/srv/AddSubmap.idl
-- Up-to-date: C:/dev_ava/install/share/slam_toolbox/srv/DeserializePoseGraph.idl
-- Up-to-date: C:/dev_ava/install/share/slam_toolbox/srv/SerializePoseGraph.idl
-- Up-to-date: C:/dev_ava/install/share/slam_toolbox/srvs/Pause.srv
-- Up-to-date: C:/dev_ava/install/share/slam_toolbox/srvs/Pause_Request.msg
-- Up-to-date: C:/dev_ava/install/share/slam_toolbox/srvs/Pause_Response.msg
-- Up-to-date: C:/dev_ava/install/share/slam_toolbox/srvs/ClearQueue.srv
-- Up-to-date: C:/dev_ava/install/share/slam_toolbox/srvs/ClearQueue_Request.msg
-- Up-to-date: C:/dev_ava/install/share/slam_toolbox/srvs/ClearQueue_Response.msg
-- Up-to-date: C:/dev_ava/install/share/slam_toolbox/srvs/ToggleInteractive.srv
-- Up-to-date: C:/dev_ava/install/share/slam_toolbox/srvs/ToggleInteractive_Request.msg
-- Up-to-date: C:/dev_ava/install/share/slam_toolbox/srvs/ToggleInteractive_Response.msg
-- Up-to-date: C:/dev_ava/install/share/slam_toolbox/srvs/Clear.srv
-- Up-to-date: C:/dev_ava/install/share/slam_toolbox/srvs/Clear_Request.msg
-- Up-to-date: C:/dev_ava/install/share/slam_toolbox/srvs/Clear_Response.msg
-- Up-to-date: C:/dev_ava/install/share/slam_toolbox/srvs/SaveMap.srv
-- Up-to-date: C:/dev_ava/install/share/slam_toolbox/srvs/SaveMap_Request.msg
-- Up-to-date: C:/dev_ava/install/share/slam_toolbox/srvs/SaveMap_Response.msg
-- Up-to-date: C:/dev_ava/install/share/slam_toolbox/srvs/LoopClosure.srv
-- Up-to-date: C:/dev_ava/install/share/slam_toolbox/srvs/LoopClosure_Request.msg
-- Up-to-date: C:/dev_ava/install/share/slam_toolbox/srvs/LoopClosure_Response.msg
-- Up-to-date: C:/dev_ava/install/share/slam_toolbox/srvs/MergeMaps.srv
-- Up-to-date: C:/dev_ava/install/share/slam_toolbox/srvs/MergeMaps_Request.msg
-- Up-to-date: C:/dev_ava/install/share/slam_toolbox/srvs/MergeMaps_Response.msg
-- Up-to-date: C:/dev_ava/install/share/slam_toolbox/srvs/AddSubmap.srv
-- Up-to-date: C:/dev_ava/install/share/slam_toolbox/srvs/AddSubmap_Request.msg
-- Up-to-date: C:/dev_ava/install/share/slam_toolbox/srvs/AddSubmap_Response.msg
-- Up-to-date: C:/dev_ava/install/share/slam_toolbox/srvs/DeserializePoseGraph.srv
-- Up-to-date: C:/dev_ava/install/share/slam_toolbox/srvs/DeserializePoseGraph_Request.msg
-- Up-to-date: C:/dev_ava/install/share/slam_toolbox/srvs/DeserializePoseGraph_Response.msg
-- Up-to-date: C:/dev_ava/install/share/slam_toolbox/srvs/SerializePoseGraph.srv
-- Up-to-date: C:/dev_ava/install/share/slam_toolbox/srvs/SerializePoseGraph_Request.msg
-- Up-to-date: C:/dev_ava/install/share/slam_toolbox/srvs/SerializePoseGraph_Response.msg
-- Up-to-date: C:/dev_ava/install/share/slam_toolbox/rviz_plugins.xml
-- Up-to-date: C:/dev_ava/install/share/slam_toolbox/solver_plugins.xml
-- Up-to-date: C:/dev_ava/install/lib/slam_toolbox/async_slam_toolbox_node.exe
-- Up-to-date: C:/dev_ava/install/lib/slam_toolbox/sync_slam_toolbox_node.exe
-- Up-to-date: C:/dev_ava/install/lib/slam_toolbox/localization_slam_toolbox_node.exe
-- Up-to-date: C:/dev_ava/install/lib/slam_toolbox/lifelong_slam_toolbox_node.exe
-- Up-to-date: C:/dev_ava/install/lib/slam_toolbox/merge_maps_kinematic.exe
-- Up-to-date: C:/dev_ava/install/lib/toolbox_common.lib
-- Up-to-date: C:/dev_ava/install/lib/slam_toolbox/toolbox_common.dll
-- Up-to-date: C:/dev_ava/install/lib/slam_toolbox/SlamToolboxPlugin.dll
-- Up-to-date: C:/dev_ava/install/lib/ceres_solver_plugin.lib
-- Up-to-date: C:/dev_ava/install/lib/slam_toolbox/ceres_solver_plugin.dll
-- Up-to-date: C:/dev_ava/install/lib/async_slam_toolbox.lib
-- Up-to-date: C:/dev_ava/install/lib/slam_toolbox/async_slam_toolbox.dll
-- Up-to-date: C:/dev_ava/install/lib/sync_slam_toolbox.lib
-- Up-to-date: C:/dev_ava/install/lib/slam_toolbox/sync_slam_toolbox.dll
-- Up-to-date: C:/dev_ava/install/lib/localization_slam_toolbox.lib
-- Up-to-date: C:/dev_ava/install/lib/slam_toolbox/localization_slam_toolbox.dll
-- Up-to-date: C:/dev_ava/install/lib/lifelong_slam_toolbox.lib
-- Up-to-date: C:/dev_ava/install/lib/slam_toolbox/lifelong_slam_toolbox.dll
-- Up-to-date: C:/dev_ava/install/bin/SlamToolboxPlugin.dll
-- Up-to-date: C:/dev_ava/install/include
-- Up-to-date: C:/dev_ava/install/include/slam_toolbox
-- Up-to-date: C:/dev_ava/install/include/slam_toolbox/experimental
-- Up-to-date: C:/dev_ava/install/include/slam_toolbox/experimental/slam_toolbox_lifelong.hpp
-- Up-to-date: C:/dev_ava/install/include/slam_toolbox/get_pose_helper.hpp
-- Up-to-date: C:/dev_ava/install/include/slam_toolbox/laser_utils.hpp
-- Up-to-date: C:/dev_ava/install/include/slam_toolbox/loop_closure_assistant.hpp
-- Up-to-date: C:/dev_ava/install/include/slam_toolbox/map_saver.hpp
-- Up-to-date: C:/dev_ava/install/include/slam_toolbox/merge_maps_kinematic.hpp
-- Up-to-date: C:/dev_ava/install/include/slam_toolbox/serialization.hpp
-- Up-to-date: C:/dev_ava/install/include/slam_toolbox/slam_mapper.hpp
-- Up-to-date: C:/dev_ava/install/include/slam_toolbox/slam_toolbox_async.hpp
-- Up-to-date: C:/dev_ava/install/include/slam_toolbox/slam_toolbox_common.hpp
-- Up-to-date: C:/dev_ava/install/include/slam_toolbox/slam_toolbox_localization.hpp
-- Up-to-date: C:/dev_ava/install/include/slam_toolbox/slam_toolbox_sync.hpp
-- Up-to-date: C:/dev_ava/install/include/slam_toolbox/snap_utils.hpp
-- Up-to-date: C:/dev_ava/install/include/slam_toolbox/toolbox_msgs.hpp
-- Up-to-date: C:/dev_ava/install/include/slam_toolbox/toolbox_types.hpp
-- Up-to-date: C:/dev_ava/install/include/slam_toolbox/visualization_utils.hpp
-- Up-to-date: C:/dev_ava/install/share/slam_toolbox/launch
-- Up-to-date: C:/dev_ava/install/share/slam_toolbox/launch/lifelong_launch.py
-- Up-to-date: C:/dev_ava/install/share/slam_toolbox/launch/localization_launch.py
-- Up-to-date: C:/dev_ava/install/share/slam_toolbox/launch/merge_maps_kinematic_launch.py
-- Up-to-date: C:/dev_ava/install/share/slam_toolbox/launch/offline_launch.py
-- Up-to-date: C:/dev_ava/install/share/slam_toolbox/launch/online_async_launch.py
-- Up-to-date: C:/dev_ava/install/share/slam_toolbox/launch/online_sync_launch.py
-- Up-to-date: C:/dev_ava/install/share/slam_toolbox/config
-- Up-to-date: C:/dev_ava/install/share/slam_toolbox/config/mapper_params_lifelong.yaml
-- Up-to-date: C:/dev_ava/install/share/slam_toolbox/config/mapper_params_localization.yaml
-- Up-to-date: C:/dev_ava/install/share/slam_toolbox/config/mapper_params_offline.yaml
-- Up-to-date: C:/dev_ava/install/share/slam_toolbox/config/mapper_params_online_async.yaml
-- Up-to-date: C:/dev_ava/install/share/slam_toolbox/config/mapper_params_online_sync.yaml
-- Up-to-date: C:/dev_ava/install/share/solver_plugins.xml
-- Up-to-date: C:/dev_ava/install/share/rviz_plugins.xml
-- Up-to-date: C:/dev_ava/install/share/ament_index/resource_index/package_run_dependencies/slam_toolbox
-- Up-to-date: C:/dev_ava/install/share/ament_index/resource_index/parent_prefix_path/slam_toolbox
-- Up-to-date: C:/dev_ava/install/share/slam_toolbox/environment/ament_prefix_path.bat
-- Installing: C:/dev_ava/install/share/slam_toolbox/environment/ament_prefix_path.dsv
-- Up-to-date: C:/dev_ava/install/share/slam_toolbox/environment/path.bat
-- Installing: C:/dev_ava/install/share/slam_toolbox/environment/path.dsv
-- Installing: C:/dev_ava/install/share/slam_toolbox/local_setup.bat
-- Installing: C:/dev_ava/install/share/slam_toolbox/local_setup.dsv
-- Installing: C:/dev_ava/install/share/slam_toolbox/package.dsv
-- Up-to-date: C:/dev_ava/install/share/ament_index/resource_index/packages/slam_toolbox
-- Up-to-date: C:/dev_ava/install/share/ament_index/resource_index/rviz_common__pluginlib__plugin/slam_toolbox
-- Up-to-date: C:/dev_ava/install/share/ament_index/resource_index/slam_toolbox__pluginlib__plugin/slam_toolbox
-- Up-to-date: C:/dev_ava/install/share/slam_toolbox/cmake/slam_toolbox__rosidl_generator_cExport.cmake
-- Installing: C:/dev_ava/install/share/slam_toolbox/cmake/slam_toolbox__rosidl_generator_cExport-release.cmake
-- Up-to-date: C:/dev_ava/install/share/slam_toolbox/cmake/slam_toolbox__rosidl_typesupport_introspection_cExport.cmake
-- Installing: C:/dev_ava/install/share/slam_toolbox/cmake/slam_toolbox__rosidl_typesupport_introspection_cExport-release.cmake
-- Up-to-date: C:/dev_ava/install/share/slam_toolbox/cmake/slam_toolbox__rosidl_typesupport_cExport.cmake
-- Installing: C:/dev_ava/install/share/slam_toolbox/cmake/slam_toolbox__rosidl_typesupport_cExport-release.cmake
-- Up-to-date: C:/dev_ava/install/share/slam_toolbox/cmake/slam_toolbox__rosidl_generator_cppExport.cmake
-- Up-to-date: C:/dev_ava/install/share/slam_toolbox/cmake/slam_toolbox__rosidl_typesupport_introspection_cppExport.cmake
-- Installing: C:/dev_ava/install/share/slam_toolbox/cmake/slam_toolbox__rosidl_typesupport_introspection_cppExport-release.cmake
-- Up-to-date: C:/dev_ava/install/share/slam_toolbox/cmake/slam_toolbox__rosidl_typesupport_cppExport.cmake
-- Installing: C:/dev_ava/install/share/slam_toolbox/cmake/slam_toolbox__rosidl_typesupport_cppExport-release.cmake
-- Up-to-date: C:/dev_ava/install/share/slam_toolbox/cmake/SlamToolboxPluginExport.cmake
-- Installing: C:/dev_ava/install/share/slam_toolbox/cmake/SlamToolboxPluginExport-release.cmake
-- Up-to-date: C:/dev_ava/install/share/slam_toolbox/cmake/rosidl_cmake-extras.cmake
-- Up-to-date: C:/dev_ava/install/share/slam_toolbox/cmake/ament_cmake_export_dependencies-extras.cmake
-- Up-to-date: C:/dev_ava/install/share/slam_toolbox/cmake/ament_cmake_export_libraries-extras.cmake
-- Up-to-date: C:/dev_ava/install/share/slam_toolbox/cmake/ament_cmake_export_targets-extras.cmake
-- Up-to-date: C:/dev_ava/install/share/slam_toolbox/cmake/ament_cmake_export_include_directories-extras.cmake
-- Up-to-date: C:/dev_ava/install/share/slam_toolbox/cmake/rosidl_cmake_export_typesupport_libraries-extras.cmake
-- Up-to-date: C:/dev_ava/install/share/slam_toolbox/cmake/rosidl_cmake_export_typesupport_targets-extras.cmake
-- Up-to-date: C:/dev_ava/install/share/slam_toolbox/cmake/slam_toolboxConfig.cmake
-- Up-to-date: C:/dev_ava/install/share/slam_toolbox/cmake/slam_toolboxConfig-version.cmake
-- Up-to-date: C:/dev_ava/install/share/slam_toolbox/package.xml
-- Up-to-date: C:/dev_ava/install/include/
-- Up-to-date: C:/dev_ava/install/include//karto_sdk
-- Up-to-date: C:/dev_ava/install/include//karto_sdk/Karto.h
-- Up-to-date: C:/dev_ava/install/include//karto_sdk/Macros.h
-- Up-to-date: C:/dev_ava/install/include//karto_sdk/Mapper.h
-- Up-to-date: C:/dev_ava/install/include//karto_sdk/Math.h
-- Up-to-date: C:/dev_ava/install/include//karto_sdk/nanoflann.hpp
-- Up-to-date: C:/dev_ava/install/include//karto_sdk/nanoflann_adaptors.h
-- Up-to-date: C:/dev_ava/install/include//karto_sdk/Types.h
-- Up-to-date: C:/dev_ava/install/lib/kartoSlamToolbox.lib
-- Up-to-date: C:/dev_ava/install/lib/karto_sdk/kartoSlamToolbox.dll
-- Up-to-date: C:/dev_ava/install/share/ament_index/resource_index/package_run_dependencies/karto_sdk
-- Up-to-date: C:/dev_ava/install/share/ament_index/resource_index/parent_prefix_path/karto_sdk
-- Up-to-date: C:/dev_ava/install/share/karto_sdk/environment/ament_prefix_path.bat
-- Installing: C:/dev_ava/install/share/karto_sdk/environment/ament_prefix_path.dsv
-- Up-to-date: C:/dev_ava/install/share/karto_sdk/environment/path.bat
-- Installing: C:/dev_ava/install/share/karto_sdk/environment/path.dsv
-- Installing: C:/dev_ava/install/share/karto_sdk/local_setup.bat
-- Installing: C:/dev_ava/install/share/karto_sdk/local_setup.dsv
-- Installing: C:/dev_ava/install/share/karto_sdk/package.dsv
-- Up-to-date: C:/dev_ava/install/share/ament_index/resource_index/packages/karto_sdk
-- Up-to-date: C:/dev_ava/install/share/karto_sdk/cmake/ament_cmake_export_libraries-extras.cmake
-- Up-to-date: C:/dev_ava/install/share/karto_sdk/cmake/ament_cmake_export_include_directories-extras.cmake
-- Up-to-date: C:/dev_ava/install/share/karto_sdk/cmake/ament_cmake_export_dependencies-extras.cmake
-- Up-to-date: C:/dev_ava/install/share/karto_sdk/cmake/karto_sdkConfig.cmake
-- Up-to-date: C:/dev_ava/install/share/karto_sdk/cmake/karto_sdkConfig-version.cmake
-- Up-to-date: C:/dev_ava/install/share/karto_sdk/package.xml
