[2.859s] Invoking command in 'C:\dev_ava\build\slam_toolbox': PUBLIC=%PUBLIC%
PyCharm Community Edition=C:\Program Files\JetBrains\PyCharm Community Edition 2020.1.3\bin; C:\opt\ros\foxy\x64\Scripts\cmake.EXE C:\dev_ava\slam_toolbox -DCMAKE_INSTALL_PREFIX=C:\dev_ava\install
[3.062s] -- Selecting Windows SDK version 10.0.16299.0 to target Windows 10.0.22000.
[3.109s] -- Found ament_cmake: 0.9.8 (C:/opt/ros/foxy/x64/share/ament_cmake/cmake)
[3.203s] -- Found PythonInterp: C:/opt/ros/foxy/x64/python.exe (found suitable version "3.8.3", minimum required is "3") 
[3.203s] -- Using PYTHON_EXECUTABLE: C:/opt/ros/foxy/x64/python.exe
[4.125s] -- Found message_filters: 3.2.5 (C:/opt/ros/foxy/x64/share/message_filters/cmake)
[4.375s] -- Found nav_msgs: 2.0.4 (C:/opt/ros/foxy/x64/share/nav_msgs/cmake)
[4.375s] -- Using all available rosidl_typesupport_c: rosidl_typesupport_fastrtps_c;rosidl_typesupport_introspection_c
[4.375s] -- Found rosidl_adapter: 1.2.1 (C:/opt/ros/foxy/x64/share/rosidl_adapter/cmake)
[5.578s] -- Using all available rosidl_typesupport_cpp: rosidl_typesupport_fastrtps_cpp;rosidl_typesupport_introspection_cpp
[5.922s] -- Found rclcpp: 2.3.1 (C:/opt/ros/foxy/x64/share/rclcpp/cmake)
[6.078s] -- Found rmw_implementation_cmake: 1.0.3 (C:/opt/ros/foxy/x64/share/rmw_implementation_cmake/cmake)
[6.078s] -- Using RMW implementation 'rmw_fastrtps_cpp' as default
[6.406s] -- Found sensor_msgs: 2.0.4 (C:/opt/ros/foxy/x64/share/sensor_msgs/cmake)
[6.609s] -- Found tf2: 0.13.10 (C:/opt/ros/foxy/x64/share/tf2/cmake)
[6.641s] -- Found tf2_ros: 0.13.10 (C:/opt/ros/foxy/x64/share/tf2_ros/cmake)
[7.578s] -- Found visualization_msgs: 2.0.4 (C:/opt/ros/foxy/x64/share/visualization_msgs/cmake)
[7.781s] -- Found pluginlib: 2.5.3 (C:/opt/ros/foxy/x64/share/pluginlib/cmake)
[7.812s] -- Found tf2_geometry_msgs: 0.13.10 (C:/opt/ros/foxy/x64/share/tf2_geometry_msgs/cmake)
[7.828s] -- Found eigen3_cmake_module: 0.1.1 (C:/opt/ros/foxy/x64/share/eigen3_cmake_module/cmake)
[7.906s] -- Found tf2_sensor_msgs: 0.13.10 (C:/opt/ros/foxy/x64/share/tf2_sensor_msgs/cmake)
[7.953s] -- Found std_srvs: 2.0.4 (C:/opt/ros/foxy/x64/share/std_srvs/cmake)
[8.000s] -- Found rosidl_default_generators: 1.0.1 (C:/opt/ros/foxy/x64/share/rosidl_default_generators/cmake)
[8.047s] -- Found nav2_map_server: 0.4.5 (C:/opt/ros/foxy/x64/share/nav2_map_server/cmake)
[8.047s] -- Found rviz_common: 8.2.2 (C:/opt/ros/foxy/x64/share/rviz_common/cmake)
[8.125s] -- Found OGRE
[8.125s] --   static     : OFF
[8.125s] --   components : Bites;MeshLodGenerator;Overlay;Paging;Property;RTShaderSystem;Terrain;Volume
[8.125s] --   plugins    : Plugin_BSPSceneManager;Plugin_OctreeSceneManager;Plugin_PCZSceneManager;Plugin_ParticleFX;RenderSystem_GL;RenderSystem_GL3Plus;RenderSystem_Direct3D11;Codec_STBI;Codec_FreeImage;Codec_EXR
[8.125s] --   media      : C:/opt/ros/foxy/x64/Media
[8.125s] -- OGRE_LIBRARIES: OgreBites;OgreMeshLodGenerator;OgreOverlay;OgrePaging;OgreProperty;OgreRTShaderSystem;OgreTerrain;OgreVolume;OgreMain
[8.125s] -- OGRE_LIBRARY_DIRS: C:/opt/ros/foxy/x64/Lib
[8.125s] -- OGRE_PLUGINS: Plugin_BSPSceneManager;Plugin_OctreeSceneManager;Plugin_PCZSceneManager;Plugin_ParticleFX;RenderSystem_GL;RenderSystem_GL3Plus;RenderSystem_Direct3D11;Codec_STBI;Codec_FreeImage;Codec_EXR
[8.125s] -- OGRE_PLUGIN_DIR: C:/opt/ros/foxy/x64/bin
[8.844s] -- Found rviz_default_plugins: 8.2.2 (C:/opt/ros/foxy/x64/share/rviz_default_plugins/cmake)
[11.656s] CMake Warning (dev) at C:/opt/ros/foxy/x64/Lib/site-packages/cmake/data/share/cmake-3.18/Modules/FindPackageHandleStandardArgs.cmake:273 (message):
[11.656s]   The package name passed to `find_package_handle_standard_args` (CSPARSE)
[11.656s]   does not match the name of the calling package (CSparse).  This can lead to
[11.656s]   problems in calling code that expects `find_package` result variables
[11.656s]   (e.g., `_FOUND`) to follow a certain pattern.
[11.656s] Call Stack (most recent call first):
[11.656s]   CMake/FindCSparse.cmake:24 (find_package_handle_standard_args)
[11.656s]   CMakeLists.txt:77 (find_package)
[11.656s] This warning is for project developers.  Use -Wno-dev to suppress it.
[11.656s] 
[11.656s] -- Could NOT find CSPARSE (missing: CSPARSE_INCLUDE_DIR CSPARSE_LIBRARY) 
[11.937s] CMake Warning (dev) at C:/opt/ros/foxy/x64/Lib/site-packages/cmake/data/share/cmake-3.18/Modules/FindPackageHandleStandardArgs.cmake:273 (message):
[11.937s]   The package name passed to `find_package_handle_standard_args` (CHOLMOD)
[11.937s]   does not match the name of the calling package (Cholmod).  This can lead to
[11.937s]   problems in calling code that expects `find_package` result variables
[11.937s]   (e.g., `_FOUND`) to follow a certain pattern.
[11.937s] Call Stack (most recent call first):
[11.937s]   CMake/FindCholmod.cmake:86 (find_package_handle_standard_args)
[11.937s]   CMakeLists.txt:79 (find_package)
[11.937s] This warning is for project developers.  Use -Wno-dev to suppress it.
[11.937s] 
[11.937s] -- Could NOT find CHOLMOD (missing: CHOLMOD_LIBRARIES) 
[12.187s] -- A library with LAPACK API found.
[12.219s] -- Found installed version of Eigen: C:/opt/ros/foxy/x64/share/eigen3
[12.219s] -- Found required Ceres dependency: Eigen version 3.3.7 in C:/opt/ros/foxy/x64/include/eigen3
[12.484s] -- A library with LAPACK API found.
[12.484s] -- Ceres version 1.14.0 detected here: C:/opt/ros/foxy/x64 was built with C++11. Ceres target will add C++11 flags to compile options for targets using it.
[12.484s] -- Found Ceres version: 1.14.0 installed in: C:/opt/ros/foxy/x64 with components: [EigenSparse, SparseLinearAlgebraLibrary, LAPACK, SuiteSparse, CXSparse, SchurSpecializations, C++11, OpenMP, Multithreading]
[14.125s] -- Found PythonInterp: C:/opt/ros/foxy/x64/python.exe (found version "3.8.3") 
[14.953s] -- Found ament_cmake_ros: 0.9.2 (C:/opt/ros/foxy/x64/share/ament_cmake_ros/cmake)
[14.984s] -- Found TinyXML2 via Config file: C:/opt/ros/foxy/x64/share/tinyxml2
[15.172s] -- Found TinyXML2 via Config file: C:/opt/ros/foxy/x64/share/tinyxml2
[15.656s] -- Found TinyXML2 via Config file: C:/opt/ros/foxy/x64/share/tinyxml2
[15.844s] -- Found TinyXML2 via Config file: C:/opt/ros/foxy/x64/share/tinyxml2
[16.719s] -- Using all available rosidl_typesupport_c: rosidl_typesupport_fastrtps_c;rosidl_typesupport_introspection_c
[17.391s] -- Using all available rosidl_typesupport_cpp: rosidl_typesupport_fastrtps_cpp;rosidl_typesupport_introspection_cpp
[17.469s] -- Found PythonInterp: C:/opt/ros/foxy/x64/python.exe (found suitable version "3.8.3", minimum required is "3.5") 
[17.469s] -- Found python_cmake_module: 0.8.1 (C:/opt/ros/foxy/x64/share/python_cmake_module/cmake)
[17.562s] -- Using PYTHON_EXECUTABLE: C:/opt/ros/foxy/x64/python.exe
[17.562s] -- Using PYTHON_INCLUDE_DIRS: C:/opt/ros/foxy/x64/include/python3.8
[17.562s] -- Using PYTHON_LIBRARIES: C:/opt/ros/foxy/x64/Lib/python38.lib
[18.109s] -- Using numpy include directory: C:\opt\ros\foxy\x64\lib\site-packages\numpy\core\include
[18.328s] -- Configuring done
[23.594s] -- Generating done
[23.641s] -- Build files have been written to: C:/dev_ava/build/slam_toolbox
[23.687s] Invoked command in 'C:\dev_ava\build\slam_toolbox' returned '0': PUBLIC=%PUBLIC%
PyCharm Community Edition=C:\Program Files\JetBrains\PyCharm Community Edition 2020.1.3\bin; C:\opt\ros\foxy\x64\Scripts\cmake.EXE C:\dev_ava\slam_toolbox -DCMAKE_INSTALL_PREFIX=C:\dev_ava\install
[23.687s] Invoking command in 'C:\dev_ava\build\slam_toolbox': CL=/MP PUBLIC=%PUBLIC%
PyCharm Community Edition=C:\Program Files\JetBrains\PyCharm Community Edition 2020.1.3\bin; C:\opt\ros\foxy\x64\Scripts\cmake.EXE --build C:\dev_ava\build\slam_toolbox --config Release
[24.078s] Microsoft (R) Build Engine version 16.11.0+0538acc04 for .NET Framework
[24.078s] Copyright (C) Microsoft Corporation. All rights reserved.
[24.078s] 
[25.266s]   slam_toolbox__rosidl_generator_c.vcxproj -> C:\dev_ava\build\slam_toolbox\Release\slam_toolbox__rosidl_generator_c.dll
[25.453s]   slam_toolbox__rosidl_typesupport_c.vcxproj -> C:\dev_ava\build\slam_toolbox\Release\slam_toolbox__rosidl_typesupport_c.dll
[25.641s]   slam_toolbox__rosidl_typesupport_cpp.vcxproj -> C:\dev_ava\build\slam_toolbox\Release\slam_toolbox__rosidl_typesupport_cpp.dll
[25.844s]   slam_toolbox__rosidl_typesupport_fastrtps_cpp.vcxproj -> C:\dev_ava\build\slam_toolbox\Release\slam_toolbox__rosidl_typesupport_fastrtps_cpp.dll
[25.984s]   slam_toolbox__rosidl_typesupport_fastrtps_c.vcxproj -> C:\dev_ava\build\slam_toolbox\Release\slam_toolbox__rosidl_typesupport_fastrtps_c.dll
[26.156s]   slam_toolbox__rosidl_typesupport_introspection_c.vcxproj -> C:\dev_ava\build\slam_toolbox\Release\slam_toolbox__rosidl_typesupport_introspection_c.dll
[26.328s]   slam_toolbox__rosidl_typesupport_introspection_cpp.vcxproj -> C:\dev_ava\build\slam_toolbox\Release\slam_toolbox__rosidl_typesupport_introspection_cpp.dll
[26.672s]   SlamToolboxPlugin.vcxproj -> C:\dev_ava\build\slam_toolbox\Release\SlamToolboxPlugin.dll
[26.844s]   kartoSlamToolbox.vcxproj -> C:\dev_ava\build\slam_toolbox\lib\karto_sdk\Release\kartoSlamToolbox.dll
[27.062s]   Auto build dll exports
[27.172s]   toolbox_common.vcxproj -> C:\dev_ava\build\slam_toolbox\Release\toolbox_common.dll
[27.328s]   Auto build dll exports
[27.422s]   async_slam_toolbox.vcxproj -> C:\dev_ava\build\slam_toolbox\Release\async_slam_toolbox.dll
[27.656s]   async_slam_toolbox_node.vcxproj -> C:\dev_ava\build\slam_toolbox\Release\async_slam_toolbox_node.exe
[27.844s]   ceres_solver_plugin.vcxproj -> C:\dev_ava\build\slam_toolbox\Release\ceres_solver_plugin.dll
[28.047s]   Auto build dll exports
[28.156s]   lifelong_slam_toolbox.vcxproj -> C:\dev_ava\build\slam_toolbox\Release\lifelong_slam_toolbox.dll
[28.375s]   lifelong_slam_toolbox_node.vcxproj -> C:\dev_ava\build\slam_toolbox\Release\lifelong_slam_toolbox_node.exe
[28.578s]   Auto build dll exports
[28.672s]   localization_slam_toolbox.vcxproj -> C:\dev_ava\build\slam_toolbox\Release\localization_slam_toolbox.dll
[28.906s]   localization_slam_toolbox_node.vcxproj -> C:\dev_ava\build\slam_toolbox\Release\localization_slam_toolbox_node.exe
[29.109s]   merge_maps_kinematic.vcxproj -> C:\dev_ava\build\slam_toolbox\Release\merge_maps_kinematic.exe
[29.422s]   slam_toolbox__python.vcxproj -> C:\dev_ava\build\slam_toolbox\rosidl_generator_py\slam_toolbox\slam_toolbox__python.dll
[29.578s]   slam_toolbox__rosidl_typesupport_c__pyext.vcxproj -> C:\dev_ava\build\slam_toolbox\rosidl_generator_py\slam_toolbox\slam_toolbox_s__rosidl_typesupport_c.pyd
[29.734s]   slam_toolbox__rosidl_typesupport_fastrtps_c__pyext.vcxproj -> C:\dev_ava\build\slam_toolbox\rosidl_generator_py\slam_toolbox\slam_toolbox_s__rosidl_typesupport_fastrtps_c.pyd
[29.891s]   slam_toolbox__rosidl_typesupport_introspection_c__pyext.vcxproj -> C:\dev_ava\build\slam_toolbox\rosidl_generator_py\slam_toolbox\slam_toolbox_s__rosidl_typesupport_introspection_c.pyd
[30.094s]   Auto build dll exports
[30.203s]   sync_slam_toolbox.vcxproj -> C:\dev_ava\build\slam_toolbox\Release\sync_slam_toolbox.dll
[30.406s]   sync_slam_toolbox_node.vcxproj -> C:\dev_ava\build\slam_toolbox\Release\sync_slam_toolbox_node.exe
[30.562s] Invoked command in 'C:\dev_ava\build\slam_toolbox' returned '0': CL=/MP PUBLIC=%PUBLIC%
PyCharm Community Edition=C:\Program Files\JetBrains\PyCharm Community Edition 2020.1.3\bin; C:\opt\ros\foxy\x64\Scripts\cmake.EXE --build C:\dev_ava\build\slam_toolbox --config Release
[30.562s] Invoking command in 'C:\dev_ava\build\slam_toolbox': PUBLIC=%PUBLIC%
PyCharm Community Edition=C:\Program Files\JetBrains\PyCharm Community Edition 2020.1.3\bin; C:\opt\ros\foxy\x64\Scripts\cmake.EXE --install C:\dev_ava\build\slam_toolbox --config Release
[30.734s] -- Up-to-date: C:/dev_ava/install/share/ament_index/resource_index/rosidl_interfaces/slam_toolbox
[30.734s] -- Up-to-date: C:/dev_ava/install/include/slam_toolbox
[30.734s] -- Up-to-date: C:/dev_ava/install/include/slam_toolbox/msg
[30.734s] -- Up-to-date: C:/dev_ava/install/include/slam_toolbox/msg/rosidl_generator_c__visibility_control.h
[30.734s] -- Up-to-date: C:/dev_ava/install/include/slam_toolbox/srv
[30.734s] -- Up-to-date: C:/dev_ava/install/include/slam_toolbox/srv/add_submap.h
[30.734s] -- Up-to-date: C:/dev_ava/install/include/slam_toolbox/srv/clear.h
[30.734s] -- Up-to-date: C:/dev_ava/install/include/slam_toolbox/srv/clear_queue.h
[30.734s] -- Up-to-date: C:/dev_ava/install/include/slam_toolbox/srv/deserialize_pose_graph.h
[30.734s] -- Up-to-date: C:/dev_ava/install/include/slam_toolbox/srv/detail
[30.734s] -- Up-to-date: C:/dev_ava/install/include/slam_toolbox/srv/detail/add_submap__functions.c
[30.750s] -- Up-to-date: C:/dev_ava/install/include/slam_toolbox/srv/detail/add_submap__functions.h
[30.750s] -- Up-to-date: C:/dev_ava/install/include/slam_toolbox/srv/detail/add_submap__struct.h
[30.750s] -- Up-to-date: C:/dev_ava/install/include/slam_toolbox/srv/detail/add_submap__type_support.h
[30.750s] -- Up-to-date: C:/dev_ava/install/include/slam_toolbox/srv/detail/clear_queue__functions.c
[30.750s] -- Up-to-date: C:/dev_ava/install/include/slam_toolbox/srv/detail/clear_queue__functions.h
[30.750s] -- Up-to-date: C:/dev_ava/install/include/slam_toolbox/srv/detail/clear_queue__struct.h
[30.750s] -- Up-to-date: C:/dev_ava/install/include/slam_toolbox/srv/detail/clear_queue__type_support.h
[30.750s] -- Up-to-date: C:/dev_ava/install/include/slam_toolbox/srv/detail/clear__functions.c
[30.750s] -- Up-to-date: C:/dev_ava/install/include/slam_toolbox/srv/detail/clear__functions.h
[30.750s] -- Up-to-date: C:/dev_ava/install/include/slam_toolbox/srv/detail/clear__struct.h
[30.750s] -- Up-to-date: C:/dev_ava/install/include/slam_toolbox/srv/detail/clear__type_support.h
[30.750s] -- Up-to-date: C:/dev_ava/install/include/slam_toolbox/srv/detail/deserialize_pose_graph__functions.c
[30.750s] -- Up-to-date: C:/dev_ava/install/include/slam_toolbox/srv/detail/deserialize_pose_graph__functions.h
[30.750s] -- Up-to-date: C:/dev_ava/install/include/slam_toolbox/srv/detail/deserialize_pose_graph__struct.h
[30.750s] -- Up-to-date: C:/dev_ava/install/include/slam_toolbox/srv/detail/deserialize_pose_graph__type_support.h
[30.750s] -- Up-to-date: C:/dev_ava/install/include/slam_toolbox/srv/detail/loop_closure__functions.c
[30.750s] -- Up-to-date: C:/dev_ava/install/include/slam_toolbox/srv/detail/loop_closure__functions.h
[30.750s] -- Up-to-date: C:/dev_ava/install/include/slam_toolbox/srv/detail/loop_closure__struct.h
[30.750s] -- Up-to-date: C:/dev_ava/install/include/slam_toolbox/srv/detail/loop_closure__type_support.h
[30.750s] -- Up-to-date: C:/dev_ava/install/include/slam_toolbox/srv/detail/merge_maps__functions.c
[30.750s] -- Up-to-date: C:/dev_ava/install/include/slam_toolbox/srv/detail/merge_maps__functions.h
[30.750s] -- Up-to-date: C:/dev_ava/install/include/slam_toolbox/srv/detail/merge_maps__struct.h
[30.750s] -- Up-to-date: C:/dev_ava/install/include/slam_toolbox/srv/detail/merge_maps__type_support.h
[30.750s] -- Up-to-date: C:/dev_ava/install/include/slam_toolbox/srv/detail/pause__functions.c
[30.750s] -- Up-to-date: C:/dev_ava/install/include/slam_toolbox/srv/detail/pause__functions.h
[30.750s] -- Up-to-date: C:/dev_ava/install/include/slam_toolbox/srv/detail/pause__struct.h
[30.750s] -- Up-to-date: C:/dev_ava/install/include/slam_toolbox/srv/detail/pause__type_support.h
[30.750s] -- Up-to-date: C:/dev_ava/install/include/slam_toolbox/srv/detail/save_map__functions.c
[30.766s] -- Up-to-date: C:/dev_ava/install/include/slam_toolbox/srv/detail/save_map__functions.h
[30.766s] -- Up-to-date: C:/dev_ava/install/include/slam_toolbox/srv/detail/save_map__struct.h
[30.766s] -- Up-to-date: C:/dev_ava/install/include/slam_toolbox/srv/detail/save_map__type_support.h
[30.766s] -- Up-to-date: C:/dev_ava/install/include/slam_toolbox/srv/detail/serialize_pose_graph__functions.c
[30.766s] -- Up-to-date: C:/dev_ava/install/include/slam_toolbox/srv/detail/serialize_pose_graph__functions.h
[30.766s] -- Up-to-date: C:/dev_ava/install/include/slam_toolbox/srv/detail/serialize_pose_graph__struct.h
[30.766s] -- Up-to-date: C:/dev_ava/install/include/slam_toolbox/srv/detail/serialize_pose_graph__type_support.h
[30.766s] -- Up-to-date: C:/dev_ava/install/include/slam_toolbox/srv/detail/toggle_interactive__functions.c
[30.766s] -- Up-to-date: C:/dev_ava/install/include/slam_toolbox/srv/detail/toggle_interactive__functions.h
[30.766s] -- Up-to-date: C:/dev_ava/install/include/slam_toolbox/srv/detail/toggle_interactive__struct.h
[30.766s] -- Up-to-date: C:/dev_ava/install/include/slam_toolbox/srv/detail/toggle_interactive__type_support.h
[30.766s] -- Up-to-date: C:/dev_ava/install/include/slam_toolbox/srv/loop_closure.h
[30.766s] -- Up-to-date: C:/dev_ava/install/include/slam_toolbox/srv/merge_maps.h
[30.766s] -- Up-to-date: C:/dev_ava/install/include/slam_toolbox/srv/pause.h
[30.766s] -- Up-to-date: C:/dev_ava/install/include/slam_toolbox/srv/save_map.h
[30.766s] -- Up-to-date: C:/dev_ava/install/include/slam_toolbox/srv/serialize_pose_graph.h
[30.766s] -- Up-to-date: C:/dev_ava/install/include/slam_toolbox/srv/toggle_interactive.h
[30.766s] -- Up-to-date: C:/dev_ava/install/lib/slam_toolbox__rosidl_generator_c.lib
[30.766s] -- Up-to-date: C:/dev_ava/install/bin/slam_toolbox__rosidl_generator_c.dll
[30.766s] -- Up-to-date: C:/dev_ava/install/include/slam_toolbox
[30.766s] -- Up-to-date: C:/dev_ava/install/include/slam_toolbox/msg
[30.766s] -- Up-to-date: C:/dev_ava/install/include/slam_toolbox/msg/rosidl_typesupport_fastrtps_c__visibility_control.h
[30.766s] -- Up-to-date: C:/dev_ava/install/include/slam_toolbox/srv
[30.766s] -- Up-to-date: C:/dev_ava/install/include/slam_toolbox/srv/detail
[30.766s] -- Up-to-date: C:/dev_ava/install/include/slam_toolbox/srv/detail/add_submap__rosidl_typesupport_fastrtps_c.h
[30.766s] -- Up-to-date: C:/dev_ava/install/include/slam_toolbox/srv/detail/clear_queue__rosidl_typesupport_fastrtps_c.h
[30.766s] -- Up-to-date: C:/dev_ava/install/include/slam_toolbox/srv/detail/clear__rosidl_typesupport_fastrtps_c.h
[30.781s] -- Up-to-date: C:/dev_ava/install/include/slam_toolbox/srv/detail/deserialize_pose_graph__rosidl_typesupport_fastrtps_c.h
[30.781s] -- Up-to-date: C:/dev_ava/install/include/slam_toolbox/srv/detail/loop_closure__rosidl_typesupport_fastrtps_c.h
[30.781s] -- Up-to-date: C:/dev_ava/install/include/slam_toolbox/srv/detail/merge_maps__rosidl_typesupport_fastrtps_c.h
[30.781s] -- Up-to-date: C:/dev_ava/install/include/slam_toolbox/srv/detail/pause__rosidl_typesupport_fastrtps_c.h
[30.781s] -- Up-to-date: C:/dev_ava/install/include/slam_toolbox/srv/detail/save_map__rosidl_typesupport_fastrtps_c.h
[30.781s] -- Up-to-date: C:/dev_ava/install/include/slam_toolbox/srv/detail/serialize_pose_graph__rosidl_typesupport_fastrtps_c.h
[30.781s] -- Up-to-date: C:/dev_ava/install/include/slam_toolbox/srv/detail/toggle_interactive__rosidl_typesupport_fastrtps_c.h
[30.781s] -- Up-to-date: C:/dev_ava/install/lib/slam_toolbox__rosidl_typesupport_fastrtps_c.lib
[30.781s] -- Up-to-date: C:/dev_ava/install/bin/slam_toolbox__rosidl_typesupport_fastrtps_c.dll
[30.781s] -- Up-to-date: C:/dev_ava/install/include/slam_toolbox
[30.781s] -- Up-to-date: C:/dev_ava/install/include/slam_toolbox/msg
[30.781s] -- Up-to-date: C:/dev_ava/install/include/slam_toolbox/msg/rosidl_typesupport_fastrtps_cpp__visibility_control.h
[30.781s] -- Up-to-date: C:/dev_ava/install/include/slam_toolbox/srv
[30.781s] -- Up-to-date: C:/dev_ava/install/include/slam_toolbox/srv/detail
[30.781s] -- Up-to-date: C:/dev_ava/install/include/slam_toolbox/srv/detail/add_submap__rosidl_typesupport_fastrtps_cpp.hpp
[30.781s] -- Up-to-date: C:/dev_ava/install/include/slam_toolbox/srv/detail/clear_queue__rosidl_typesupport_fastrtps_cpp.hpp
[30.781s] -- Up-to-date: C:/dev_ava/install/include/slam_toolbox/srv/detail/clear__rosidl_typesupport_fastrtps_cpp.hpp
[30.781s] -- Up-to-date: C:/dev_ava/install/include/slam_toolbox/srv/detail/dds_fastrtps
[30.781s] -- Up-to-date: C:/dev_ava/install/include/slam_toolbox/srv/detail/deserialize_pose_graph__rosidl_typesupport_fastrtps_cpp.hpp
[30.781s] -- Up-to-date: C:/dev_ava/install/include/slam_toolbox/srv/detail/loop_closure__rosidl_typesupport_fastrtps_cpp.hpp
[30.781s] -- Up-to-date: C:/dev_ava/install/include/slam_toolbox/srv/detail/merge_maps__rosidl_typesupport_fastrtps_cpp.hpp
[30.781s] -- Up-to-date: C:/dev_ava/install/include/slam_toolbox/srv/detail/pause__rosidl_typesupport_fastrtps_cpp.hpp
[30.781s] -- Up-to-date: C:/dev_ava/install/include/slam_toolbox/srv/detail/save_map__rosidl_typesupport_fastrtps_cpp.hpp
[30.781s] -- Up-to-date: C:/dev_ava/install/include/slam_toolbox/srv/detail/serialize_pose_graph__rosidl_typesupport_fastrtps_cpp.hpp
[30.781s] -- Up-to-date: C:/dev_ava/install/include/slam_toolbox/srv/detail/toggle_interactive__rosidl_typesupport_fastrtps_cpp.hpp
[30.797s] -- Up-to-date: C:/dev_ava/install/lib/slam_toolbox__rosidl_typesupport_fastrtps_cpp.lib
[30.797s] -- Up-to-date: C:/dev_ava/install/bin/slam_toolbox__rosidl_typesupport_fastrtps_cpp.dll
[30.797s] -- Up-to-date: C:/dev_ava/install/include/slam_toolbox
[30.797s] -- Up-to-date: C:/dev_ava/install/include/slam_toolbox/msg
[30.797s] -- Up-to-date: C:/dev_ava/install/include/slam_toolbox/msg/rosidl_typesupport_introspection_c__visibility_control.h
[30.797s] -- Up-to-date: C:/dev_ava/install/include/slam_toolbox/srv
[30.797s] -- Up-to-date: C:/dev_ava/install/include/slam_toolbox/srv/detail
[30.797s] -- Up-to-date: C:/dev_ava/install/include/slam_toolbox/srv/detail/add_submap__rosidl_typesupport_introspection_c.h
[30.797s] -- Up-to-date: C:/dev_ava/install/include/slam_toolbox/srv/detail/add_submap__type_support.c
[30.797s] -- Up-to-date: C:/dev_ava/install/include/slam_toolbox/srv/detail/clear_queue__rosidl_typesupport_introspection_c.h
[30.797s] -- Up-to-date: C:/dev_ava/install/include/slam_toolbox/srv/detail/clear_queue__type_support.c
[30.797s] -- Up-to-date: C:/dev_ava/install/include/slam_toolbox/srv/detail/clear__rosidl_typesupport_introspection_c.h
[30.797s] -- Up-to-date: C:/dev_ava/install/include/slam_toolbox/srv/detail/clear__type_support.c
[30.797s] -- Up-to-date: C:/dev_ava/install/include/slam_toolbox/srv/detail/deserialize_pose_graph__rosidl_typesupport_introspection_c.h
[30.797s] -- Up-to-date: C:/dev_ava/install/include/slam_toolbox/srv/detail/deserialize_pose_graph__type_support.c
[30.797s] -- Up-to-date: C:/dev_ava/install/include/slam_toolbox/srv/detail/loop_closure__rosidl_typesupport_introspection_c.h
[30.797s] -- Up-to-date: C:/dev_ava/install/include/slam_toolbox/srv/detail/loop_closure__type_support.c
[30.797s] -- Up-to-date: C:/dev_ava/install/include/slam_toolbox/srv/detail/merge_maps__rosidl_typesupport_introspection_c.h
[30.797s] -- Up-to-date: C:/dev_ava/install/include/slam_toolbox/srv/detail/merge_maps__type_support.c
[30.797s] -- Up-to-date: C:/dev_ava/install/include/slam_toolbox/srv/detail/pause__rosidl_typesupport_introspection_c.h
[30.797s] -- Up-to-date: C:/dev_ava/install/include/slam_toolbox/srv/detail/pause__type_support.c
[30.797s] -- Up-to-date: C:/dev_ava/install/include/slam_toolbox/srv/detail/save_map__rosidl_typesupport_introspection_c.h
[30.797s] -- Up-to-date: C:/dev_ava/install/include/slam_toolbox/srv/detail/save_map__type_support.c
[30.797s] -- Up-to-date: C:/dev_ava/install/include/slam_toolbox/srv/detail/serialize_pose_graph__rosidl_typesupport_introspection_c.h
[30.797s] -- Up-to-date: C:/dev_ava/install/include/slam_toolbox/srv/detail/serialize_pose_graph__type_support.c
[30.812s] -- Up-to-date: C:/dev_ava/install/include/slam_toolbox/srv/detail/toggle_interactive__rosidl_typesupport_introspection_c.h
[30.812s] -- Up-to-date: C:/dev_ava/install/include/slam_toolbox/srv/detail/toggle_interactive__type_support.c
[30.812s] -- Up-to-date: C:/dev_ava/install/lib/slam_toolbox__rosidl_typesupport_introspection_c.lib
[30.812s] -- Up-to-date: C:/dev_ava/install/bin/slam_toolbox__rosidl_typesupport_introspection_c.dll
[30.812s] -- Up-to-date: C:/dev_ava/install/lib/slam_toolbox__rosidl_typesupport_c.lib
[30.812s] -- Up-to-date: C:/dev_ava/install/bin/slam_toolbox__rosidl_typesupport_c.dll
[30.812s] -- Up-to-date: C:/dev_ava/install/include/slam_toolbox
[30.812s] -- Up-to-date: C:/dev_ava/install/include/slam_toolbox/srv
[30.812s] -- Up-to-date: C:/dev_ava/install/include/slam_toolbox/srv/add_submap.hpp
[30.812s] -- Up-to-date: C:/dev_ava/install/include/slam_toolbox/srv/clear.hpp
[30.812s] -- Up-to-date: C:/dev_ava/install/include/slam_toolbox/srv/clear_queue.hpp
[30.812s] -- Up-to-date: C:/dev_ava/install/include/slam_toolbox/srv/deserialize_pose_graph.hpp
[30.812s] -- Up-to-date: C:/dev_ava/install/include/slam_toolbox/srv/detail
[30.812s] -- Up-to-date: C:/dev_ava/install/include/slam_toolbox/srv/detail/add_submap__builder.hpp
[30.812s] -- Up-to-date: C:/dev_ava/install/include/slam_toolbox/srv/detail/add_submap__struct.hpp
[30.812s] -- Up-to-date: C:/dev_ava/install/include/slam_toolbox/srv/detail/add_submap__traits.hpp
[30.812s] -- Up-to-date: C:/dev_ava/install/include/slam_toolbox/srv/detail/clear_queue__builder.hpp
[30.812s] -- Up-to-date: C:/dev_ava/install/include/slam_toolbox/srv/detail/clear_queue__struct.hpp
[30.812s] -- Up-to-date: C:/dev_ava/install/include/slam_toolbox/srv/detail/clear_queue__traits.hpp
[30.812s] -- Up-to-date: C:/dev_ava/install/include/slam_toolbox/srv/detail/clear__builder.hpp
[30.812s] -- Up-to-date: C:/dev_ava/install/include/slam_toolbox/srv/detail/clear__struct.hpp
[30.812s] -- Up-to-date: C:/dev_ava/install/include/slam_toolbox/srv/detail/clear__traits.hpp
[30.812s] -- Up-to-date: C:/dev_ava/install/include/slam_toolbox/srv/detail/deserialize_pose_graph__builder.hpp
[30.812s] -- Up-to-date: C:/dev_ava/install/include/slam_toolbox/srv/detail/deserialize_pose_graph__struct.hpp
[30.812s] -- Up-to-date: C:/dev_ava/install/include/slam_toolbox/srv/detail/deserialize_pose_graph__traits.hpp
[30.812s] -- Up-to-date: C:/dev_ava/install/include/slam_toolbox/srv/detail/loop_closure__builder.hpp
[30.828s] -- Up-to-date: C:/dev_ava/install/include/slam_toolbox/srv/detail/loop_closure__struct.hpp
[30.828s] -- Up-to-date: C:/dev_ava/install/include/slam_toolbox/srv/detail/loop_closure__traits.hpp
[30.828s] -- Up-to-date: C:/dev_ava/install/include/slam_toolbox/srv/detail/merge_maps__builder.hpp
[30.828s] -- Up-to-date: C:/dev_ava/install/include/slam_toolbox/srv/detail/merge_maps__struct.hpp
[30.828s] -- Up-to-date: C:/dev_ava/install/include/slam_toolbox/srv/detail/merge_maps__traits.hpp
[30.828s] -- Up-to-date: C:/dev_ava/install/include/slam_toolbox/srv/detail/pause__builder.hpp
[30.828s] -- Up-to-date: C:/dev_ava/install/include/slam_toolbox/srv/detail/pause__struct.hpp
[30.828s] -- Up-to-date: C:/dev_ava/install/include/slam_toolbox/srv/detail/pause__traits.hpp
[30.828s] -- Up-to-date: C:/dev_ava/install/include/slam_toolbox/srv/detail/save_map__builder.hpp
[30.828s] -- Up-to-date: C:/dev_ava/install/include/slam_toolbox/srv/detail/save_map__struct.hpp
[30.828s] -- Up-to-date: C:/dev_ava/install/include/slam_toolbox/srv/detail/save_map__traits.hpp
[30.828s] -- Up-to-date: C:/dev_ava/install/include/slam_toolbox/srv/detail/serialize_pose_graph__builder.hpp
[30.828s] -- Up-to-date: C:/dev_ava/install/include/slam_toolbox/srv/detail/serialize_pose_graph__struct.hpp
[30.828s] -- Up-to-date: C:/dev_ava/install/include/slam_toolbox/srv/detail/serialize_pose_graph__traits.hpp
[30.828s] -- Up-to-date: C:/dev_ava/install/include/slam_toolbox/srv/detail/toggle_interactive__builder.hpp
[30.828s] -- Up-to-date: C:/dev_ava/install/include/slam_toolbox/srv/detail/toggle_interactive__struct.hpp
[30.828s] -- Up-to-date: C:/dev_ava/install/include/slam_toolbox/srv/detail/toggle_interactive__traits.hpp
[30.828s] -- Up-to-date: C:/dev_ava/install/include/slam_toolbox/srv/loop_closure.hpp
[30.828s] -- Up-to-date: C:/dev_ava/install/include/slam_toolbox/srv/merge_maps.hpp
[30.828s] -- Up-to-date: C:/dev_ava/install/include/slam_toolbox/srv/pause.hpp
[30.828s] -- Up-to-date: C:/dev_ava/install/include/slam_toolbox/srv/save_map.hpp
[30.828s] -- Up-to-date: C:/dev_ava/install/include/slam_toolbox/srv/serialize_pose_graph.hpp
[30.828s] -- Up-to-date: C:/dev_ava/install/include/slam_toolbox/srv/toggle_interactive.hpp
[30.828s] -- Up-to-date: C:/dev_ava/install/include/slam_toolbox
[30.828s] -- Up-to-date: C:/dev_ava/install/include/slam_toolbox/srv
[30.828s] -- Up-to-date: C:/dev_ava/install/include/slam_toolbox/srv/detail
[30.828s] -- Up-to-date: C:/dev_ava/install/include/slam_toolbox/srv/detail/add_submap__rosidl_typesupport_introspection_cpp.hpp
[30.828s] -- Up-to-date: C:/dev_ava/install/include/slam_toolbox/srv/detail/add_submap__type_support.cpp
[30.844s] -- Up-to-date: C:/dev_ava/install/include/slam_toolbox/srv/detail/clear_queue__rosidl_typesupport_introspection_cpp.hpp
[30.844s] -- Up-to-date: C:/dev_ava/install/include/slam_toolbox/srv/detail/clear_queue__type_support.cpp
[30.844s] -- Up-to-date: C:/dev_ava/install/include/slam_toolbox/srv/detail/clear__rosidl_typesupport_introspection_cpp.hpp
[30.844s] -- Up-to-date: C:/dev_ava/install/include/slam_toolbox/srv/detail/clear__type_support.cpp
[30.844s] -- Up-to-date: C:/dev_ava/install/include/slam_toolbox/srv/detail/deserialize_pose_graph__rosidl_typesupport_introspection_cpp.hpp
[30.844s] -- Up-to-date: C:/dev_ava/install/include/slam_toolbox/srv/detail/deserialize_pose_graph__type_support.cpp
[30.844s] -- Up-to-date: C:/dev_ava/install/include/slam_toolbox/srv/detail/loop_closure__rosidl_typesupport_introspection_cpp.hpp
[30.844s] -- Up-to-date: C:/dev_ava/install/include/slam_toolbox/srv/detail/loop_closure__type_support.cpp
[30.844s] -- Up-to-date: C:/dev_ava/install/include/slam_toolbox/srv/detail/merge_maps__rosidl_typesupport_introspection_cpp.hpp
[30.844s] -- Up-to-date: C:/dev_ava/install/include/slam_toolbox/srv/detail/merge_maps__type_support.cpp
[30.844s] -- Up-to-date: C:/dev_ava/install/include/slam_toolbox/srv/detail/pause__rosidl_typesupport_introspection_cpp.hpp
[30.844s] -- Up-to-date: C:/dev_ava/install/include/slam_toolbox/srv/detail/pause__type_support.cpp
[30.844s] -- Up-to-date: C:/dev_ava/install/include/slam_toolbox/srv/detail/save_map__rosidl_typesupport_introspection_cpp.hpp
[30.844s] -- Up-to-date: C:/dev_ava/install/include/slam_toolbox/srv/detail/save_map__type_support.cpp
[30.844s] -- Up-to-date: C:/dev_ava/install/include/slam_toolbox/srv/detail/serialize_pose_graph__rosidl_typesupport_introspection_cpp.hpp
[30.844s] -- Up-to-date: C:/dev_ava/install/include/slam_toolbox/srv/detail/serialize_pose_graph__type_support.cpp
[30.844s] -- Up-to-date: C:/dev_ava/install/include/slam_toolbox/srv/detail/toggle_interactive__rosidl_typesupport_introspection_cpp.hpp
[30.844s] -- Up-to-date: C:/dev_ava/install/include/slam_toolbox/srv/detail/toggle_interactive__type_support.cpp
[30.844s] -- Up-to-date: C:/dev_ava/install/lib/slam_toolbox__rosidl_typesupport_introspection_cpp.lib
[30.844s] -- Up-to-date: C:/dev_ava/install/bin/slam_toolbox__rosidl_typesupport_introspection_cpp.dll
[30.844s] -- Up-to-date: C:/dev_ava/install/lib/slam_toolbox__rosidl_typesupport_cpp.lib
[30.844s] -- Up-to-date: C:/dev_ava/install/bin/slam_toolbox__rosidl_typesupport_cpp.dll
[30.844s] -- Up-to-date: C:/dev_ava/install/share/slam_toolbox/environment/pythonpath.bat
[30.859s] -- Installing: C:/dev_ava/install/share/slam_toolbox/environment/pythonpath.dsv
[30.859s] -- Installing: C:/dev_ava/install/Lib/site-packages/slam_toolbox/__init__.py
[30.984s] Compiling 'C:/dev_ava/install/Lib/site-packages/slam_toolbox/__init__.py'...
[30.984s] -- Up-to-date: C:/dev_ava/install/Lib/site-packages/slam_toolbox/srv
[30.984s] -- Up-to-date: C:/dev_ava/install/Lib/site-packages/slam_toolbox/srv/_add_submap.py
[30.984s] -- Up-to-date: C:/dev_ava/install/Lib/site-packages/slam_toolbox/srv/_add_submap_s.c
[30.984s] -- Up-to-date: C:/dev_ava/install/Lib/site-packages/slam_toolbox/srv/_clear.py
[31.000s] -- Up-to-date: C:/dev_ava/install/Lib/site-packages/slam_toolbox/srv/_clear_queue.py
[31.000s] -- Up-to-date: C:/dev_ava/install/Lib/site-packages/slam_toolbox/srv/_clear_queue_s.c
[31.000s] -- Up-to-date: C:/dev_ava/install/Lib/site-packages/slam_toolbox/srv/_clear_s.c
[31.000s] -- Up-to-date: C:/dev_ava/install/Lib/site-packages/slam_toolbox/srv/_deserialize_pose_graph.py
[31.000s] -- Up-to-date: C:/dev_ava/install/Lib/site-packages/slam_toolbox/srv/_deserialize_pose_graph_s.c
[31.000s] -- Up-to-date: C:/dev_ava/install/Lib/site-packages/slam_toolbox/srv/_loop_closure.py
[31.000s] -- Up-to-date: C:/dev_ava/install/Lib/site-packages/slam_toolbox/srv/_loop_closure_s.c
[31.000s] -- Up-to-date: C:/dev_ava/install/Lib/site-packages/slam_toolbox/srv/_merge_maps.py
[31.000s] -- Up-to-date: C:/dev_ava/install/Lib/site-packages/slam_toolbox/srv/_merge_maps_s.c
[31.000s] -- Up-to-date: C:/dev_ava/install/Lib/site-packages/slam_toolbox/srv/_pause.py
[31.000s] -- Up-to-date: C:/dev_ava/install/Lib/site-packages/slam_toolbox/srv/_pause_s.c
[31.000s] -- Up-to-date: C:/dev_ava/install/Lib/site-packages/slam_toolbox/srv/_save_map.py
[31.000s] -- Up-to-date: C:/dev_ava/install/Lib/site-packages/slam_toolbox/srv/_save_map_s.c
[31.000s] -- Up-to-date: C:/dev_ava/install/Lib/site-packages/slam_toolbox/srv/_serialize_pose_graph.py
[31.000s] -- Up-to-date: C:/dev_ava/install/Lib/site-packages/slam_toolbox/srv/_serialize_pose_graph_s.c
[31.000s] -- Up-to-date: C:/dev_ava/install/Lib/site-packages/slam_toolbox/srv/_toggle_interactive.py
[31.000s] -- Up-to-date: C:/dev_ava/install/Lib/site-packages/slam_toolbox/srv/_toggle_interactive_s.c
[31.000s] -- Up-to-date: C:/dev_ava/install/Lib/site-packages/slam_toolbox/srv/__init__.py
[31.000s] -- Up-to-date: C:/dev_ava/install/Lib/site-packages/slam_toolbox/slam_toolbox_s__rosidl_typesupport_fastrtps_c.lib
[31.000s] -- Up-to-date: C:/dev_ava/install/Lib/site-packages/slam_toolbox/slam_toolbox_s__rosidl_typesupport_fastrtps_c.pyd
[31.000s] -- Up-to-date: C:/dev_ava/install/Lib/site-packages/slam_toolbox/slam_toolbox_s__rosidl_typesupport_introspection_c.lib
[31.000s] -- Up-to-date: C:/dev_ava/install/Lib/site-packages/slam_toolbox/slam_toolbox_s__rosidl_typesupport_introspection_c.pyd
[31.000s] -- Up-to-date: C:/dev_ava/install/Lib/site-packages/slam_toolbox/slam_toolbox_s__rosidl_typesupport_c.lib
[31.000s] -- Up-to-date: C:/dev_ava/install/Lib/site-packages/slam_toolbox/slam_toolbox_s__rosidl_typesupport_c.pyd
[31.016s] -- Up-to-date: C:/dev_ava/install/lib/slam_toolbox__python.lib
[31.016s] -- Up-to-date: C:/dev_ava/install/bin/slam_toolbox__python.dll
[31.016s] -- Up-to-date: C:/dev_ava/install/share/slam_toolbox/srv/Pause.idl
[31.016s] -- Up-to-date: C:/dev_ava/install/share/slam_toolbox/srv/ClearQueue.idl
[31.016s] -- Up-to-date: C:/dev_ava/install/share/slam_toolbox/srv/ToggleInteractive.idl
[31.016s] -- Up-to-date: C:/dev_ava/install/share/slam_toolbox/srv/Clear.idl
[31.016s] -- Up-to-date: C:/dev_ava/install/share/slam_toolbox/srv/SaveMap.idl
[31.016s] -- Up-to-date: C:/dev_ava/install/share/slam_toolbox/srv/LoopClosure.idl
[31.016s] -- Up-to-date: C:/dev_ava/install/share/slam_toolbox/srv/MergeMaps.idl
[31.016s] -- Up-to-date: C:/dev_ava/install/share/slam_toolbox/srv/AddSubmap.idl
[31.016s] -- Up-to-date: C:/dev_ava/install/share/slam_toolbox/srv/DeserializePoseGraph.idl
[31.016s] -- Up-to-date: C:/dev_ava/install/share/slam_toolbox/srv/SerializePoseGraph.idl
[31.016s] -- Up-to-date: C:/dev_ava/install/share/slam_toolbox/srvs/Pause.srv
[31.016s] -- Up-to-date: C:/dev_ava/install/share/slam_toolbox/srvs/Pause_Request.msg
[31.016s] -- Up-to-date: C:/dev_ava/install/share/slam_toolbox/srvs/Pause_Response.msg
[31.016s] -- Up-to-date: C:/dev_ava/install/share/slam_toolbox/srvs/ClearQueue.srv
[31.016s] -- Up-to-date: C:/dev_ava/install/share/slam_toolbox/srvs/ClearQueue_Request.msg
[31.016s] -- Up-to-date: C:/dev_ava/install/share/slam_toolbox/srvs/ClearQueue_Response.msg
[31.016s] -- Up-to-date: C:/dev_ava/install/share/slam_toolbox/srvs/ToggleInteractive.srv
[31.016s] -- Up-to-date: C:/dev_ava/install/share/slam_toolbox/srvs/ToggleInteractive_Request.msg
[31.016s] -- Up-to-date: C:/dev_ava/install/share/slam_toolbox/srvs/ToggleInteractive_Response.msg
[31.031s] -- Up-to-date: C:/dev_ava/install/share/slam_toolbox/srvs/Clear.srv
[31.031s] -- Up-to-date: C:/dev_ava/install/share/slam_toolbox/srvs/Clear_Request.msg
[31.031s] -- Up-to-date: C:/dev_ava/install/share/slam_toolbox/srvs/Clear_Response.msg
[31.031s] -- Up-to-date: C:/dev_ava/install/share/slam_toolbox/srvs/SaveMap.srv
[31.031s] -- Up-to-date: C:/dev_ava/install/share/slam_toolbox/srvs/SaveMap_Request.msg
[31.031s] -- Up-to-date: C:/dev_ava/install/share/slam_toolbox/srvs/SaveMap_Response.msg
[31.031s] -- Up-to-date: C:/dev_ava/install/share/slam_toolbox/srvs/LoopClosure.srv
[31.031s] -- Up-to-date: C:/dev_ava/install/share/slam_toolbox/srvs/LoopClosure_Request.msg
[31.031s] -- Up-to-date: C:/dev_ava/install/share/slam_toolbox/srvs/LoopClosure_Response.msg
[31.031s] -- Up-to-date: C:/dev_ava/install/share/slam_toolbox/srvs/MergeMaps.srv
[31.031s] -- Up-to-date: C:/dev_ava/install/share/slam_toolbox/srvs/MergeMaps_Request.msg
[31.031s] -- Up-to-date: C:/dev_ava/install/share/slam_toolbox/srvs/MergeMaps_Response.msg
[31.031s] -- Up-to-date: C:/dev_ava/install/share/slam_toolbox/srvs/AddSubmap.srv
[31.031s] -- Up-to-date: C:/dev_ava/install/share/slam_toolbox/srvs/AddSubmap_Request.msg
[31.031s] -- Up-to-date: C:/dev_ava/install/share/slam_toolbox/srvs/AddSubmap_Response.msg
[31.031s] -- Up-to-date: C:/dev_ava/install/share/slam_toolbox/srvs/DeserializePoseGraph.srv
[31.031s] -- Up-to-date: C:/dev_ava/install/share/slam_toolbox/srvs/DeserializePoseGraph_Request.msg
[31.031s] -- Up-to-date: C:/dev_ava/install/share/slam_toolbox/srvs/DeserializePoseGraph_Response.msg
[31.031s] -- Up-to-date: C:/dev_ava/install/share/slam_toolbox/srvs/SerializePoseGraph.srv
[31.031s] -- Up-to-date: C:/dev_ava/install/share/slam_toolbox/srvs/SerializePoseGraph_Request.msg
[31.031s] -- Up-to-date: C:/dev_ava/install/share/slam_toolbox/srvs/SerializePoseGraph_Response.msg
[31.031s] -- Up-to-date: C:/dev_ava/install/share/slam_toolbox/rviz_plugins.xml
[31.047s] -- Up-to-date: C:/dev_ava/install/share/slam_toolbox/solver_plugins.xml
[31.047s] -- Up-to-date: C:/dev_ava/install/lib/slam_toolbox/async_slam_toolbox_node.exe
[31.047s] -- Up-to-date: C:/dev_ava/install/lib/slam_toolbox/sync_slam_toolbox_node.exe
[31.047s] -- Up-to-date: C:/dev_ava/install/lib/slam_toolbox/localization_slam_toolbox_node.exe
[31.047s] -- Up-to-date: C:/dev_ava/install/lib/slam_toolbox/lifelong_slam_toolbox_node.exe
[31.047s] -- Up-to-date: C:/dev_ava/install/lib/slam_toolbox/merge_maps_kinematic.exe
[31.047s] -- Up-to-date: C:/dev_ava/install/lib/toolbox_common.lib
[31.047s] -- Up-to-date: C:/dev_ava/install/lib/slam_toolbox/toolbox_common.dll
[31.047s] -- Up-to-date: C:/dev_ava/install/lib/slam_toolbox/SlamToolboxPlugin.dll
[31.047s] -- Up-to-date: C:/dev_ava/install/lib/ceres_solver_plugin.lib
[31.047s] -- Up-to-date: C:/dev_ava/install/lib/slam_toolbox/ceres_solver_plugin.dll
[31.047s] -- Up-to-date: C:/dev_ava/install/lib/async_slam_toolbox.lib
[31.047s] -- Up-to-date: C:/dev_ava/install/lib/slam_toolbox/async_slam_toolbox.dll
[31.047s] -- Up-to-date: C:/dev_ava/install/lib/sync_slam_toolbox.lib
[31.047s] -- Up-to-date: C:/dev_ava/install/lib/slam_toolbox/sync_slam_toolbox.dll
[31.047s] -- Up-to-date: C:/dev_ava/install/lib/localization_slam_toolbox.lib
[31.047s] -- Up-to-date: C:/dev_ava/install/lib/slam_toolbox/localization_slam_toolbox.dll
[31.047s] -- Up-to-date: C:/dev_ava/install/lib/lifelong_slam_toolbox.lib
[31.062s] -- Up-to-date: C:/dev_ava/install/lib/slam_toolbox/lifelong_slam_toolbox.dll
[31.062s] -- Up-to-date: C:/dev_ava/install/bin/SlamToolboxPlugin.dll
[31.062s] -- Up-to-date: C:/dev_ava/install/include
[31.062s] -- Up-to-date: C:/dev_ava/install/include/slam_toolbox
[31.062s] -- Up-to-date: C:/dev_ava/install/include/slam_toolbox/experimental
[31.062s] -- Up-to-date: C:/dev_ava/install/include/slam_toolbox/experimental/slam_toolbox_lifelong.hpp
[31.062s] -- Up-to-date: C:/dev_ava/install/include/slam_toolbox/get_pose_helper.hpp
[31.062s] -- Up-to-date: C:/dev_ava/install/include/slam_toolbox/laser_utils.hpp
[31.062s] -- Up-to-date: C:/dev_ava/install/include/slam_toolbox/loop_closure_assistant.hpp
[31.062s] -- Up-to-date: C:/dev_ava/install/include/slam_toolbox/map_saver.hpp
[31.062s] -- Up-to-date: C:/dev_ava/install/include/slam_toolbox/merge_maps_kinematic.hpp
[31.062s] -- Up-to-date: C:/dev_ava/install/include/slam_toolbox/serialization.hpp
[31.062s] -- Up-to-date: C:/dev_ava/install/include/slam_toolbox/slam_mapper.hpp
[31.062s] -- Up-to-date: C:/dev_ava/install/include/slam_toolbox/slam_toolbox_async.hpp
[31.062s] -- Up-to-date: C:/dev_ava/install/include/slam_toolbox/slam_toolbox_common.hpp
[31.062s] -- Up-to-date: C:/dev_ava/install/include/slam_toolbox/slam_toolbox_localization.hpp
[31.062s] -- Up-to-date: C:/dev_ava/install/include/slam_toolbox/slam_toolbox_sync.hpp
[31.062s] -- Up-to-date: C:/dev_ava/install/include/slam_toolbox/snap_utils.hpp
[31.062s] -- Up-to-date: C:/dev_ava/install/include/slam_toolbox/toolbox_msgs.hpp
[31.062s] -- Up-to-date: C:/dev_ava/install/include/slam_toolbox/toolbox_types.hpp
[31.062s] -- Up-to-date: C:/dev_ava/install/include/slam_toolbox/visualization_utils.hpp
[31.062s] -- Up-to-date: C:/dev_ava/install/share/slam_toolbox/launch
[31.062s] -- Up-to-date: C:/dev_ava/install/share/slam_toolbox/launch/lifelong_launch.py
[31.062s] -- Up-to-date: C:/dev_ava/install/share/slam_toolbox/launch/localization_launch.py
[31.062s] -- Up-to-date: C:/dev_ava/install/share/slam_toolbox/launch/merge_maps_kinematic_launch.py
[31.062s] -- Up-to-date: C:/dev_ava/install/share/slam_toolbox/launch/offline_launch.py
[31.062s] -- Up-to-date: C:/dev_ava/install/share/slam_toolbox/launch/online_async_launch.py
[31.078s] -- Up-to-date: C:/dev_ava/install/share/slam_toolbox/launch/online_sync_launch.py
[31.078s] -- Up-to-date: C:/dev_ava/install/share/slam_toolbox/config
[31.078s] -- Up-to-date: C:/dev_ava/install/share/slam_toolbox/config/mapper_params_lifelong.yaml
[31.078s] -- Up-to-date: C:/dev_ava/install/share/slam_toolbox/config/mapper_params_localization.yaml
[31.078s] -- Up-to-date: C:/dev_ava/install/share/slam_toolbox/config/mapper_params_offline.yaml
[31.078s] -- Up-to-date: C:/dev_ava/install/share/slam_toolbox/config/mapper_params_online_async.yaml
[31.078s] -- Up-to-date: C:/dev_ava/install/share/slam_toolbox/config/mapper_params_online_sync.yaml
[31.078s] -- Up-to-date: C:/dev_ava/install/share/solver_plugins.xml
[31.078s] -- Up-to-date: C:/dev_ava/install/share/rviz_plugins.xml
[31.078s] -- Up-to-date: C:/dev_ava/install/share/ament_index/resource_index/package_run_dependencies/slam_toolbox
[31.078s] -- Up-to-date: C:/dev_ava/install/share/ament_index/resource_index/parent_prefix_path/slam_toolbox
[31.078s] -- Up-to-date: C:/dev_ava/install/share/slam_toolbox/environment/ament_prefix_path.bat
[31.078s] -- Installing: C:/dev_ava/install/share/slam_toolbox/environment/ament_prefix_path.dsv
[31.078s] -- Up-to-date: C:/dev_ava/install/share/slam_toolbox/environment/path.bat
[31.078s] -- Installing: C:/dev_ava/install/share/slam_toolbox/environment/path.dsv
[31.094s] -- Installing: C:/dev_ava/install/share/slam_toolbox/local_setup.bat
[31.094s] -- Installing: C:/dev_ava/install/share/slam_toolbox/local_setup.dsv
[31.094s] -- Installing: C:/dev_ava/install/share/slam_toolbox/package.dsv
[31.094s] -- Up-to-date: C:/dev_ava/install/share/ament_index/resource_index/packages/slam_toolbox
[31.094s] -- Up-to-date: C:/dev_ava/install/share/ament_index/resource_index/rviz_common__pluginlib__plugin/slam_toolbox
[31.094s] -- Up-to-date: C:/dev_ava/install/share/ament_index/resource_index/slam_toolbox__pluginlib__plugin/slam_toolbox
[31.094s] -- Up-to-date: C:/dev_ava/install/share/slam_toolbox/cmake/slam_toolbox__rosidl_generator_cExport.cmake
[31.109s] -- Installing: C:/dev_ava/install/share/slam_toolbox/cmake/slam_toolbox__rosidl_generator_cExport-release.cmake
[31.109s] -- Up-to-date: C:/dev_ava/install/share/slam_toolbox/cmake/slam_toolbox__rosidl_typesupport_introspection_cExport.cmake
[31.109s] -- Installing: C:/dev_ava/install/share/slam_toolbox/cmake/slam_toolbox__rosidl_typesupport_introspection_cExport-release.cmake
[31.109s] -- Up-to-date: C:/dev_ava/install/share/slam_toolbox/cmake/slam_toolbox__rosidl_typesupport_cExport.cmake
[31.109s] -- Installing: C:/dev_ava/install/share/slam_toolbox/cmake/slam_toolbox__rosidl_typesupport_cExport-release.cmake
[31.125s] -- Up-to-date: C:/dev_ava/install/share/slam_toolbox/cmake/slam_toolbox__rosidl_generator_cppExport.cmake
[31.125s] -- Up-to-date: C:/dev_ava/install/share/slam_toolbox/cmake/slam_toolbox__rosidl_typesupport_introspection_cppExport.cmake
[31.125s] -- Installing: C:/dev_ava/install/share/slam_toolbox/cmake/slam_toolbox__rosidl_typesupport_introspection_cppExport-release.cmake
[31.125s] -- Up-to-date: C:/dev_ava/install/share/slam_toolbox/cmake/slam_toolbox__rosidl_typesupport_cppExport.cmake
[31.125s] -- Installing: C:/dev_ava/install/share/slam_toolbox/cmake/slam_toolbox__rosidl_typesupport_cppExport-release.cmake
[31.141s] -- Up-to-date: C:/dev_ava/install/share/slam_toolbox/cmake/SlamToolboxPluginExport.cmake
[31.141s] -- Installing: C:/dev_ava/install/share/slam_toolbox/cmake/SlamToolboxPluginExport-release.cmake
[31.141s] -- Up-to-date: C:/dev_ava/install/share/slam_toolbox/cmake/rosidl_cmake-extras.cmake
[31.141s] -- Up-to-date: C:/dev_ava/install/share/slam_toolbox/cmake/ament_cmake_export_dependencies-extras.cmake
[31.141s] -- Up-to-date: C:/dev_ava/install/share/slam_toolbox/cmake/ament_cmake_export_libraries-extras.cmake
[31.141s] -- Up-to-date: C:/dev_ava/install/share/slam_toolbox/cmake/ament_cmake_export_targets-extras.cmake
[31.141s] -- Up-to-date: C:/dev_ava/install/share/slam_toolbox/cmake/ament_cmake_export_include_directories-extras.cmake
[31.141s] -- Up-to-date: C:/dev_ava/install/share/slam_toolbox/cmake/rosidl_cmake_export_typesupport_libraries-extras.cmake
[31.141s] -- Up-to-date: C:/dev_ava/install/share/slam_toolbox/cmake/rosidl_cmake_export_typesupport_targets-extras.cmake
[31.141s] -- Up-to-date: C:/dev_ava/install/share/slam_toolbox/cmake/slam_toolboxConfig.cmake
[31.141s] -- Up-to-date: C:/dev_ava/install/share/slam_toolbox/cmake/slam_toolboxConfig-version.cmake
[31.141s] -- Up-to-date: C:/dev_ava/install/share/slam_toolbox/package.xml
[31.141s] -- Up-to-date: C:/dev_ava/install/include/
[31.141s] -- Up-to-date: C:/dev_ava/install/include//karto_sdk
[31.156s] -- Up-to-date: C:/dev_ava/install/include//karto_sdk/Karto.h
[31.156s] -- Up-to-date: C:/dev_ava/install/include//karto_sdk/Macros.h
[31.156s] -- Up-to-date: C:/dev_ava/install/include//karto_sdk/Mapper.h
[31.156s] -- Up-to-date: C:/dev_ava/install/include//karto_sdk/Math.h
[31.156s] -- Up-to-date: C:/dev_ava/install/include//karto_sdk/nanoflann.hpp
[31.156s] -- Up-to-date: C:/dev_ava/install/include//karto_sdk/nanoflann_adaptors.h
[31.156s] -- Up-to-date: C:/dev_ava/install/include//karto_sdk/Types.h
[31.156s] -- Up-to-date: C:/dev_ava/install/lib/kartoSlamToolbox.lib
[31.156s] -- Up-to-date: C:/dev_ava/install/lib/karto_sdk/kartoSlamToolbox.dll
[31.156s] -- Up-to-date: C:/dev_ava/install/share/ament_index/resource_index/package_run_dependencies/karto_sdk
[31.156s] -- Up-to-date: C:/dev_ava/install/share/ament_index/resource_index/parent_prefix_path/karto_sdk
[31.156s] -- Up-to-date: C:/dev_ava/install/share/karto_sdk/environment/ament_prefix_path.bat
[31.156s] -- Installing: C:/dev_ava/install/share/karto_sdk/environment/ament_prefix_path.dsv
[31.156s] -- Up-to-date: C:/dev_ava/install/share/karto_sdk/environment/path.bat
[31.156s] -- Installing: C:/dev_ava/install/share/karto_sdk/environment/path.dsv
[31.172s] -- Installing: C:/dev_ava/install/share/karto_sdk/local_setup.bat
[31.172s] -- Installing: C:/dev_ava/install/share/karto_sdk/local_setup.dsv
[31.172s] -- Installing: C:/dev_ava/install/share/karto_sdk/package.dsv
[31.172s] -- Up-to-date: C:/dev_ava/install/share/ament_index/resource_index/packages/karto_sdk
[31.172s] -- Up-to-date: C:/dev_ava/install/share/karto_sdk/cmake/ament_cmake_export_libraries-extras.cmake
[31.172s] -- Up-to-date: C:/dev_ava/install/share/karto_sdk/cmake/ament_cmake_export_include_directories-extras.cmake
[31.172s] -- Up-to-date: C:/dev_ava/install/share/karto_sdk/cmake/ament_cmake_export_dependencies-extras.cmake
[31.172s] -- Up-to-date: C:/dev_ava/install/share/karto_sdk/cmake/karto_sdkConfig.cmake
[31.172s] -- Up-to-date: C:/dev_ava/install/share/karto_sdk/cmake/karto_sdkConfig-version.cmake
[31.172s] -- Up-to-date: C:/dev_ava/install/share/karto_sdk/package.xml
[31.203s] Invoked command in 'C:\dev_ava\build\slam_toolbox' returned '0': PUBLIC=%PUBLIC%
PyCharm Community Edition=C:\Program Files\JetBrains\PyCharm Community Edition 2020.1.3\bin; C:\opt\ros\foxy\x64\Scripts\cmake.EXE --install C:\dev_ava\build\slam_toolbox --config Release
