[0.660s] DEBUG:colcon:Command line arguments: ['/usr/bin/colcon', 'build']
[0.660s] DEBUG:colcon:Parsed command line arguments: Namespace(ament_cmake_args=None, base_paths=['.'], build_base='build', catkin_cmake_args=None, catkin_skip_building_tests=False, cmake_args=None, cmake_clean_cache=False, cmake_clean_first=False, cmake_force_configure=False, cmake_target=None, cmake_target_skip_unavailable=False, continue_on_error=False, event_handlers=None, executor='parallel', ignore_user_meta=False, install_base='install', log_base=None, log_level=None, main=<bound method BuildVerb.main of <colcon_core.verb.build.BuildVerb object at 0x7f878efd30>>, merge_install=False, metas=['./colcon.meta'], mixin=None, mixin_files=None, mixin_verb=('build',), packages_above=None, packages_above_and_dependencies=None, packages_above_depth=None, packages_end=None, packages_ignore=None, packages_ignore_regex=None, packages_select=None, packages_select_build_failed=False, packages_select_by_dep=None, packages_select_regex=None, packages_select_test_failures=False, packages_skip=None, packages_skip_build_finished=False, packages_skip_by_dep=None, packages_skip_regex=None, packages_skip_test_passed=False, packages_skip_up_to=None, packages_start=None, packages_up_to=None, packages_up_to_regex=None, parallel_workers=4, paths=None, symlink_install=False, test_result_base=None, verb_extension=<colcon_core.verb.build.BuildVerb object at 0x7f878efd30>, verb_name='build', verb_parser=<colcon_mixin.mixin.mixin_argument.MixinArgumentDecorator object at 0x7f878f9340>)
[0.773s] Level 1:colcon.colcon_core.package_discovery:discover_packages(colcon_meta) check parameters
[0.776s] INFO:colcon.colcon_metadata.package_discovery.colcon_meta:Using configuration from '/root/.colcon/metadata/default/Gazebo.meta'
[0.778s] INFO:colcon.colcon_metadata.package_discovery.colcon_meta:Using configuration from '/root/.colcon/metadata/default/fastrtps.meta'
[0.779s] Level 1:colcon.colcon_core.package_discovery:discover_packages(recursive) check parameters
[0.779s] Level 1:colcon.colcon_core.package_discovery:discover_packages(ignore) check parameters
[0.779s] Level 1:colcon.colcon_core.package_discovery:discover_packages(path) check parameters
[0.779s] Level 1:colcon.colcon_core.package_discovery:discover_packages(colcon_meta) discover
[0.779s] Level 1:colcon.colcon_core.package_discovery:discover_packages(recursive) discover
[0.780s] INFO:colcon.colcon_core.package_discovery:Crawling recursively for packages in '/root/dev_ava'
[0.780s] Level 1:colcon.colcon_core.package_identification:_identify(.) by extensions ['ignore', 'ignore_ament_install']
[0.780s] Level 1:colcon.colcon_core.package_identification:_identify(.) by extension 'ignore'
[0.781s] Level 1:colcon.colcon_core.package_identification:_identify(.) by extension 'ignore_ament_install'
[0.781s] Level 1:colcon.colcon_core.package_identification:_identify(.) by extensions ['colcon_pkg']
[0.781s] Level 1:colcon.colcon_core.package_identification:_identify(.) by extension 'colcon_pkg'
[0.781s] Level 1:colcon.colcon_core.package_identification:_identify(.) by extensions ['colcon_meta']
[0.782s] Level 1:colcon.colcon_core.package_identification:_identify(.) by extension 'colcon_meta'
[0.782s] Level 1:colcon.colcon_core.package_identification:_identify(.) by extensions ['ros']
[0.782s] Level 1:colcon.colcon_core.package_identification:_identify(.) by extension 'ros'
[0.843s] Level 1:colcon.colcon_core.package_identification:_identify(.) by extensions ['cmake', 'python']
[0.843s] Level 1:colcon.colcon_core.package_identification:_identify(.) by extension 'cmake'
[0.843s] Level 1:colcon.colcon_core.package_identification:_identify(.) by extension 'python'
[0.843s] Level 1:colcon.colcon_core.package_identification:_identify(.) by extensions ['python_setup_py']
[0.843s] Level 1:colcon.colcon_core.package_identification:_identify(.) by extension 'python_setup_py'
[0.844s] Level 1:colcon.colcon_core.package_identification:_identify(build) by extensions ['ignore', 'ignore_ament_install']
[0.844s] Level 1:colcon.colcon_core.package_identification:_identify(build) by extension 'ignore'
[0.844s] Level 1:colcon.colcon_core.package_identification:_identify(build) ignored
[0.845s] Level 1:colcon.colcon_core.package_identification:_identify(install) by extensions ['ignore', 'ignore_ament_install']
[0.845s] Level 1:colcon.colcon_core.package_identification:_identify(install) by extension 'ignore'
[0.845s] Level 1:colcon.colcon_core.package_identification:_identify(install) ignored
[0.846s] Level 1:colcon.colcon_core.package_identification:_identify(log) by extensions ['ignore', 'ignore_ament_install']
[0.846s] Level 1:colcon.colcon_core.package_identification:_identify(log) by extension 'ignore'
[0.846s] Level 1:colcon.colcon_core.package_identification:_identify(log) ignored
[0.847s] Level 1:colcon.colcon_core.package_identification:_identify(src) by extensions ['ignore', 'ignore_ament_install']
[0.847s] Level 1:colcon.colcon_core.package_identification:_identify(src) by extension 'ignore'
[0.847s] Level 1:colcon.colcon_core.package_identification:_identify(src) by extension 'ignore_ament_install'
[0.847s] Level 1:colcon.colcon_core.package_identification:_identify(src) by extensions ['colcon_pkg']
[0.848s] Level 1:colcon.colcon_core.package_identification:_identify(src) by extension 'colcon_pkg'
[0.848s] Level 1:colcon.colcon_core.package_identification:_identify(src) by extensions ['colcon_meta']
[0.848s] Level 1:colcon.colcon_core.package_identification:_identify(src) by extension 'colcon_meta'
[0.848s] Level 1:colcon.colcon_core.package_identification:_identify(src) by extensions ['ros']
[0.848s] Level 1:colcon.colcon_core.package_identification:_identify(src) by extension 'ros'
[0.849s] Level 1:colcon.colcon_core.package_identification:_identify(src) by extensions ['cmake', 'python']
[0.849s] Level 1:colcon.colcon_core.package_identification:_identify(src) by extension 'cmake'
[0.849s] Level 1:colcon.colcon_core.package_identification:_identify(src) by extension 'python'
[0.849s] Level 1:colcon.colcon_core.package_identification:_identify(src) by extensions ['python_setup_py']
[0.849s] Level 1:colcon.colcon_core.package_identification:_identify(src) by extension 'python_setup_py'
[0.850s] Level 1:colcon.colcon_core.package_identification:_identify(src/ava_bringup) by extensions ['ignore', 'ignore_ament_install']
[0.850s] Level 1:colcon.colcon_core.package_identification:_identify(src/ava_bringup) by extension 'ignore'
[0.850s] Level 1:colcon.colcon_core.package_identification:_identify(src/ava_bringup) by extension 'ignore_ament_install'
[0.850s] Level 1:colcon.colcon_core.package_identification:_identify(src/ava_bringup) by extensions ['colcon_pkg']
[0.851s] Level 1:colcon.colcon_core.package_identification:_identify(src/ava_bringup) by extension 'colcon_pkg'
[0.851s] Level 1:colcon.colcon_core.package_identification:_identify(src/ava_bringup) by extensions ['colcon_meta']
[0.851s] Level 1:colcon.colcon_core.package_identification:_identify(src/ava_bringup) by extension 'colcon_meta'
[0.851s] Level 1:colcon.colcon_core.package_identification:_identify(src/ava_bringup) by extensions ['ros']
[0.851s] Level 1:colcon.colcon_core.package_identification:_identify(src/ava_bringup) by extension 'ros'
[0.861s] DEBUG:colcon.colcon_core.package_identification:Package 'src/ava_bringup' with type 'ros.ament_python' and name 'ava_bringup'
[0.862s] Level 1:colcon.colcon_core.package_identification:_identify(src/ava_control) by extensions ['ignore', 'ignore_ament_install']
[0.862s] Level 1:colcon.colcon_core.package_identification:_identify(src/ava_control) by extension 'ignore'
[0.863s] Level 1:colcon.colcon_core.package_identification:_identify(src/ava_control) by extension 'ignore_ament_install'
[0.863s] Level 1:colcon.colcon_core.package_identification:_identify(src/ava_control) by extensions ['colcon_pkg']
[0.863s] Level 1:colcon.colcon_core.package_identification:_identify(src/ava_control) by extension 'colcon_pkg'
[0.863s] Level 1:colcon.colcon_core.package_identification:_identify(src/ava_control) by extensions ['colcon_meta']
[0.863s] Level 1:colcon.colcon_core.package_identification:_identify(src/ava_control) by extension 'colcon_meta'
[0.864s] Level 1:colcon.colcon_core.package_identification:_identify(src/ava_control) by extensions ['ros']
[0.864s] Level 1:colcon.colcon_core.package_identification:_identify(src/ava_control) by extension 'ros'
[0.866s] DEBUG:colcon.colcon_core.package_identification:Package 'src/ava_control' with type 'ros.ament_python' and name 'ava_control'
[0.867s] Level 1:colcon.colcon_core.package_identification:_identify(src/ava_driver) by extensions ['ignore', 'ignore_ament_install']
[0.867s] Level 1:colcon.colcon_core.package_identification:_identify(src/ava_driver) by extension 'ignore'
[0.867s] Level 1:colcon.colcon_core.package_identification:_identify(src/ava_driver) by extension 'ignore_ament_install'
[0.868s] Level 1:colcon.colcon_core.package_identification:_identify(src/ava_driver) by extensions ['colcon_pkg']
[0.868s] Level 1:colcon.colcon_core.package_identification:_identify(src/ava_driver) by extension 'colcon_pkg'
[0.868s] Level 1:colcon.colcon_core.package_identification:_identify(src/ava_driver) by extensions ['colcon_meta']
[0.868s] Level 1:colcon.colcon_core.package_identification:_identify(src/ava_driver) by extension 'colcon_meta'
[0.868s] Level 1:colcon.colcon_core.package_identification:_identify(src/ava_driver) by extensions ['ros']
[0.868s] Level 1:colcon.colcon_core.package_identification:_identify(src/ava_driver) by extension 'ros'
[0.871s] DEBUG:colcon.colcon_core.package_identification:Package 'src/ava_driver' with type 'ros.ament_python' and name 'ava_driver'
[0.872s] Level 1:colcon.colcon_core.package_identification:_identify(src/ava_kinematics) by extensions ['ignore', 'ignore_ament_install']
[0.872s] Level 1:colcon.colcon_core.package_identification:_identify(src/ava_kinematics) by extension 'ignore'
[0.872s] Level 1:colcon.colcon_core.package_identification:_identify(src/ava_kinematics) by extension 'ignore_ament_install'
[0.872s] Level 1:colcon.colcon_core.package_identification:_identify(src/ava_kinematics) by extensions ['colcon_pkg']
[0.873s] Level 1:colcon.colcon_core.package_identification:_identify(src/ava_kinematics) by extension 'colcon_pkg'
[0.873s] Level 1:colcon.colcon_core.package_identification:_identify(src/ava_kinematics) by extensions ['colcon_meta']
[0.873s] Level 1:colcon.colcon_core.package_identification:_identify(src/ava_kinematics) by extension 'colcon_meta'
[0.873s] Level 1:colcon.colcon_core.package_identification:_identify(src/ava_kinematics) by extensions ['ros']
[0.873s] Level 1:colcon.colcon_core.package_identification:_identify(src/ava_kinematics) by extension 'ros'
[0.875s] DEBUG:colcon.colcon_core.package_identification:Failed to parse potential ROS package manifest in'src/ava_kinematics': Error(s) in package 'src/ava_kinematics/package.xml':
The manifest contains invalid XML:
mismatched tag: line 10, column 22
[0.875s] Level 1:colcon.colcon_core.package_identification:_identify(src/ava_kinematics) by extensions ['cmake', 'python']
[0.875s] Level 1:colcon.colcon_core.package_identification:_identify(src/ava_kinematics) by extension 'cmake'
[0.875s] Level 1:colcon.colcon_core.package_identification:_identify(src/ava_kinematics) by extension 'python'
[0.876s] DEBUG:colcon.colcon_core.package_identification:Python package in 'src/ava_kinematics' passes arguments to the setup() function which requires a different identification extension than 'python'
[0.876s] Level 1:colcon.colcon_core.package_identification:_identify(src/ava_kinematics) by extensions ['python_setup_py']
[0.876s] Level 1:colcon.colcon_core.package_identification:_identify(src/ava_kinematics) by extension 'python_setup_py'
[1.566s] DEBUG:colcon.colcon_core.package_identification:Package 'src/ava_kinematics' with type 'python' and name 'ava_kinematics'
[1.567s] Level 1:colcon.colcon_core.package_identification:_identify(src/ava_msgs) by extensions ['ignore', 'ignore_ament_install']
[1.568s] Level 1:colcon.colcon_core.package_identification:_identify(src/ava_msgs) by extension 'ignore'
[1.568s] Level 1:colcon.colcon_core.package_identification:_identify(src/ava_msgs) by extension 'ignore_ament_install'
[1.568s] Level 1:colcon.colcon_core.package_identification:_identify(src/ava_msgs) by extensions ['colcon_pkg']
[1.568s] Level 1:colcon.colcon_core.package_identification:_identify(src/ava_msgs) by extension 'colcon_pkg'
[1.569s] Level 1:colcon.colcon_core.package_identification:_identify(src/ava_msgs) by extensions ['colcon_meta']
[1.569s] Level 1:colcon.colcon_core.package_identification:_identify(src/ava_msgs) by extension 'colcon_meta'
[1.569s] Level 1:colcon.colcon_core.package_identification:_identify(src/ava_msgs) by extensions ['ros']
[1.569s] Level 1:colcon.colcon_core.package_identification:_identify(src/ava_msgs) by extension 'ros'
[1.572s] DEBUG:colcon.colcon_core.package_identification:Package 'src/ava_msgs' with type 'ros.ament_cmake' and name 'ava_msgs'
[1.572s] Level 1:colcon.colcon_core.package_identification:_identify(src/rplidar_ros) by extensions ['ignore', 'ignore_ament_install']
[1.572s] Level 1:colcon.colcon_core.package_identification:_identify(src/rplidar_ros) by extension 'ignore'
[1.573s] Level 1:colcon.colcon_core.package_identification:_identify(src/rplidar_ros) by extension 'ignore_ament_install'
[1.573s] Level 1:colcon.colcon_core.package_identification:_identify(src/rplidar_ros) by extensions ['colcon_pkg']
[1.573s] Level 1:colcon.colcon_core.package_identification:_identify(src/rplidar_ros) by extension 'colcon_pkg'
[1.573s] Level 1:colcon.colcon_core.package_identification:_identify(src/rplidar_ros) by extensions ['colcon_meta']
[1.573s] Level 1:colcon.colcon_core.package_identification:_identify(src/rplidar_ros) by extension 'colcon_meta'
[1.574s] Level 1:colcon.colcon_core.package_identification:_identify(src/rplidar_ros) by extensions ['ros']
[1.574s] Level 1:colcon.colcon_core.package_identification:_identify(src/rplidar_ros) by extension 'ros'
[1.576s] DEBUG:colcon.colcon_core.package_identification:Package 'src/rplidar_ros' with type 'ros.ament_cmake' and name 'rplidar_ros2'
[1.577s] Level 1:colcon.colcon_core.package_identification:_identify(src/tf_transformations-main) by extensions ['ignore', 'ignore_ament_install']
[1.577s] Level 1:colcon.colcon_core.package_identification:_identify(src/tf_transformations-main) by extension 'ignore'
[1.577s] Level 1:colcon.colcon_core.package_identification:_identify(src/tf_transformations-main) by extension 'ignore_ament_install'
[1.578s] Level 1:colcon.colcon_core.package_identification:_identify(src/tf_transformations-main) by extensions ['colcon_pkg']
[1.578s] Level 1:colcon.colcon_core.package_identification:_identify(src/tf_transformations-main) by extension 'colcon_pkg'
[1.578s] Level 1:colcon.colcon_core.package_identification:_identify(src/tf_transformations-main) by extensions ['colcon_meta']
[1.578s] Level 1:colcon.colcon_core.package_identification:_identify(src/tf_transformations-main) by extension 'colcon_meta'
[1.578s] Level 1:colcon.colcon_core.package_identification:_identify(src/tf_transformations-main) by extensions ['ros']
[1.579s] Level 1:colcon.colcon_core.package_identification:_identify(src/tf_transformations-main) by extension 'ros'
[1.581s] DEBUG:colcon.colcon_core.package_identification:Package 'src/tf_transformations-main' with type 'ros.ament_python' and name 'tf_transformations'
[1.581s] Level 1:colcon.colcon_core.package_discovery:discover_packages(recursive) using defaults
[1.582s] Level 1:colcon.colcon_core.package_discovery:discover_packages(ignore) discover
[1.582s] Level 1:colcon.colcon_core.package_discovery:discover_packages(ignore) using defaults
[1.582s] Level 1:colcon.colcon_core.package_discovery:discover_packages(path) discover
[1.582s] Level 1:colcon.colcon_core.package_discovery:discover_packages(path) using defaults
[1.666s] Level 5:colcon.colcon_core.verb:set package 'ava_bringup' build argument 'cmake_args' from command line to 'None'
[1.666s] Level 5:colcon.colcon_core.verb:set package 'ava_bringup' build argument 'cmake_target' from command line to 'None'
[1.666s] Level 5:colcon.colcon_core.verb:set package 'ava_bringup' build argument 'cmake_target_skip_unavailable' from command line to 'False'
[1.666s] Level 5:colcon.colcon_core.verb:set package 'ava_bringup' build argument 'cmake_clean_cache' from command line to 'False'
[1.666s] Level 5:colcon.colcon_core.verb:set package 'ava_bringup' build argument 'cmake_clean_first' from command line to 'False'
[1.667s] Level 5:colcon.colcon_core.verb:set package 'ava_bringup' build argument 'cmake_force_configure' from command line to 'False'
[1.667s] Level 5:colcon.colcon_core.verb:set package 'ava_bringup' build argument 'ament_cmake_args' from command line to 'None'
[1.667s] Level 5:colcon.colcon_core.verb:set package 'ava_bringup' build argument 'catkin_cmake_args' from command line to 'None'
[1.667s] Level 5:colcon.colcon_core.verb:set package 'ava_bringup' build argument 'catkin_skip_building_tests' from command line to 'False'
[1.667s] DEBUG:colcon.colcon_core.verb:Building package 'ava_bringup' with the following arguments: {'ament_cmake_args': None, 'build_base': '/root/dev_ava/build/ava_bringup', 'catkin_cmake_args': None, 'catkin_skip_building_tests': False, 'cmake_args': None, 'cmake_clean_cache': False, 'cmake_clean_first': False, 'cmake_force_configure': False, 'cmake_target': None, 'cmake_target_skip_unavailable': False, 'install_base': '/root/dev_ava/install/ava_bringup', 'merge_install': False, 'path': '/root/dev_ava/src/ava_bringup', 'symlink_install': False, 'test_result_base': None}
[1.670s] Level 5:colcon.colcon_core.verb:set package 'ava_kinematics' build argument 'cmake_args' from command line to 'None'
[1.670s] Level 5:colcon.colcon_core.verb:set package 'ava_kinematics' build argument 'cmake_target' from command line to 'None'
[1.670s] Level 5:colcon.colcon_core.verb:set package 'ava_kinematics' build argument 'cmake_target_skip_unavailable' from command line to 'False'
[1.670s] Level 5:colcon.colcon_core.verb:set package 'ava_kinematics' build argument 'cmake_clean_cache' from command line to 'False'
[1.670s] Level 5:colcon.colcon_core.verb:set package 'ava_kinematics' build argument 'cmake_clean_first' from command line to 'False'
[1.670s] Level 5:colcon.colcon_core.verb:set package 'ava_kinematics' build argument 'cmake_force_configure' from command line to 'False'
[1.670s] Level 5:colcon.colcon_core.verb:set package 'ava_kinematics' build argument 'ament_cmake_args' from command line to 'None'
[1.671s] Level 5:colcon.colcon_core.verb:set package 'ava_kinematics' build argument 'catkin_cmake_args' from command line to 'None'
[1.671s] Level 5:colcon.colcon_core.verb:set package 'ava_kinematics' build argument 'catkin_skip_building_tests' from command line to 'False'
[1.671s] DEBUG:colcon.colcon_core.verb:Building package 'ava_kinematics' with the following arguments: {'ament_cmake_args': None, 'build_base': '/root/dev_ava/build/ava_kinematics', 'catkin_cmake_args': None, 'catkin_skip_building_tests': False, 'cmake_args': None, 'cmake_clean_cache': False, 'cmake_clean_first': False, 'cmake_force_configure': False, 'cmake_target': None, 'cmake_target_skip_unavailable': False, 'install_base': '/root/dev_ava/install/ava_kinematics', 'merge_install': False, 'path': '/root/dev_ava/src/ava_kinematics', 'symlink_install': False, 'test_result_base': None}
[1.673s] Level 5:colcon.colcon_core.verb:set package 'ava_msgs' build argument 'cmake_args' from command line to 'None'
[1.674s] Level 5:colcon.colcon_core.verb:set package 'ava_msgs' build argument 'cmake_target' from command line to 'None'
[1.674s] Level 5:colcon.colcon_core.verb:set package 'ava_msgs' build argument 'cmake_target_skip_unavailable' from command line to 'False'
[1.674s] Level 5:colcon.colcon_core.verb:set package 'ava_msgs' build argument 'cmake_clean_cache' from command line to 'False'
[1.674s] Level 5:colcon.colcon_core.verb:set package 'ava_msgs' build argument 'cmake_clean_first' from command line to 'False'
[1.674s] Level 5:colcon.colcon_core.verb:set package 'ava_msgs' build argument 'cmake_force_configure' from command line to 'False'
[1.674s] Level 5:colcon.colcon_core.verb:set package 'ava_msgs' build argument 'ament_cmake_args' from command line to 'None'
[1.674s] Level 5:colcon.colcon_core.verb:set package 'ava_msgs' build argument 'catkin_cmake_args' from command line to 'None'
[1.674s] Level 5:colcon.colcon_core.verb:set package 'ava_msgs' build argument 'catkin_skip_building_tests' from command line to 'False'
[1.675s] DEBUG:colcon.colcon_core.verb:Building package 'ava_msgs' with the following arguments: {'ament_cmake_args': None, 'build_base': '/root/dev_ava/build/ava_msgs', 'catkin_cmake_args': None, 'catkin_skip_building_tests': False, 'cmake_args': None, 'cmake_clean_cache': False, 'cmake_clean_first': False, 'cmake_force_configure': False, 'cmake_target': None, 'cmake_target_skip_unavailable': False, 'install_base': '/root/dev_ava/install/ava_msgs', 'merge_install': False, 'path': '/root/dev_ava/src/ava_msgs', 'symlink_install': False, 'test_result_base': None}
[1.677s] Level 5:colcon.colcon_core.verb:set package 'rplidar_ros2' build argument 'cmake_args' from command line to 'None'
[1.677s] Level 5:colcon.colcon_core.verb:set package 'rplidar_ros2' build argument 'cmake_target' from command line to 'None'
[1.677s] Level 5:colcon.colcon_core.verb:set package 'rplidar_ros2' build argument 'cmake_target_skip_unavailable' from command line to 'False'
[1.677s] Level 5:colcon.colcon_core.verb:set package 'rplidar_ros2' build argument 'cmake_clean_cache' from command line to 'False'
[1.678s] Level 5:colcon.colcon_core.verb:set package 'rplidar_ros2' build argument 'cmake_clean_first' from command line to 'False'
[1.678s] Level 5:colcon.colcon_core.verb:set package 'rplidar_ros2' build argument 'cmake_force_configure' from command line to 'False'
[1.678s] Level 5:colcon.colcon_core.verb:set package 'rplidar_ros2' build argument 'ament_cmake_args' from command line to 'None'
[1.678s] Level 5:colcon.colcon_core.verb:set package 'rplidar_ros2' build argument 'catkin_cmake_args' from command line to 'None'
[1.678s] Level 5:colcon.colcon_core.verb:set package 'rplidar_ros2' build argument 'catkin_skip_building_tests' from command line to 'False'
[1.678s] DEBUG:colcon.colcon_core.verb:Building package 'rplidar_ros2' with the following arguments: {'ament_cmake_args': None, 'build_base': '/root/dev_ava/build/rplidar_ros2', 'catkin_cmake_args': None, 'catkin_skip_building_tests': False, 'cmake_args': None, 'cmake_clean_cache': False, 'cmake_clean_first': False, 'cmake_force_configure': False, 'cmake_target': None, 'cmake_target_skip_unavailable': False, 'install_base': '/root/dev_ava/install/rplidar_ros2', 'merge_install': False, 'path': '/root/dev_ava/src/rplidar_ros', 'symlink_install': False, 'test_result_base': None}
[1.681s] Level 5:colcon.colcon_core.verb:set package 'tf_transformations' build argument 'cmake_args' from command line to 'None'
[1.681s] Level 5:colcon.colcon_core.verb:set package 'tf_transformations' build argument 'cmake_target' from command line to 'None'
[1.681s] Level 5:colcon.colcon_core.verb:set package 'tf_transformations' build argument 'cmake_target_skip_unavailable' from command line to 'False'
[1.681s] Level 5:colcon.colcon_core.verb:set package 'tf_transformations' build argument 'cmake_clean_cache' from command line to 'False'
[1.681s] Level 5:colcon.colcon_core.verb:set package 'tf_transformations' build argument 'cmake_clean_first' from command line to 'False'
[1.681s] Level 5:colcon.colcon_core.verb:set package 'tf_transformations' build argument 'cmake_force_configure' from command line to 'False'
[1.681s] Level 5:colcon.colcon_core.verb:set package 'tf_transformations' build argument 'ament_cmake_args' from command line to 'None'
[1.681s] Level 5:colcon.colcon_core.verb:set package 'tf_transformations' build argument 'catkin_cmake_args' from command line to 'None'
[1.682s] Level 5:colcon.colcon_core.verb:set package 'tf_transformations' build argument 'catkin_skip_building_tests' from command line to 'False'
[1.682s] DEBUG:colcon.colcon_core.verb:Building package 'tf_transformations' with the following arguments: {'ament_cmake_args': None, 'build_base': '/root/dev_ava/build/tf_transformations', 'catkin_cmake_args': None, 'catkin_skip_building_tests': False, 'cmake_args': None, 'cmake_clean_cache': False, 'cmake_clean_first': False, 'cmake_force_configure': False, 'cmake_target': None, 'cmake_target_skip_unavailable': False, 'install_base': '/root/dev_ava/install/tf_transformations', 'merge_install': False, 'path': '/root/dev_ava/src/tf_transformations-main', 'symlink_install': False, 'test_result_base': None}
[1.684s] Level 5:colcon.colcon_core.verb:set package 'ava_control' build argument 'cmake_args' from command line to 'None'
[1.684s] Level 5:colcon.colcon_core.verb:set package 'ava_control' build argument 'cmake_target' from command line to 'None'
[1.684s] Level 5:colcon.colcon_core.verb:set package 'ava_control' build argument 'cmake_target_skip_unavailable' from command line to 'False'
[1.685s] Level 5:colcon.colcon_core.verb:set package 'ava_control' build argument 'cmake_clean_cache' from command line to 'False'
[1.685s] Level 5:colcon.colcon_core.verb:set package 'ava_control' build argument 'cmake_clean_first' from command line to 'False'
[1.685s] Level 5:colcon.colcon_core.verb:set package 'ava_control' build argument 'cmake_force_configure' from command line to 'False'
[1.685s] Level 5:colcon.colcon_core.verb:set package 'ava_control' build argument 'ament_cmake_args' from command line to 'None'
[1.685s] Level 5:colcon.colcon_core.verb:set package 'ava_control' build argument 'catkin_cmake_args' from command line to 'None'
[1.685s] Level 5:colcon.colcon_core.verb:set package 'ava_control' build argument 'catkin_skip_building_tests' from command line to 'False'
[1.685s] DEBUG:colcon.colcon_core.verb:Building package 'ava_control' with the following arguments: {'ament_cmake_args': None, 'build_base': '/root/dev_ava/build/ava_control', 'catkin_cmake_args': None, 'catkin_skip_building_tests': False, 'cmake_args': None, 'cmake_clean_cache': False, 'cmake_clean_first': False, 'cmake_force_configure': False, 'cmake_target': None, 'cmake_target_skip_unavailable': False, 'install_base': '/root/dev_ava/install/ava_control', 'merge_install': False, 'path': '/root/dev_ava/src/ava_control', 'symlink_install': False, 'test_result_base': None}
[1.688s] Level 5:colcon.colcon_core.verb:set package 'ava_driver' build argument 'cmake_args' from command line to 'None'
[1.688s] Level 5:colcon.colcon_core.verb:set package 'ava_driver' build argument 'cmake_target' from command line to 'None'
[1.688s] Level 5:colcon.colcon_core.verb:set package 'ava_driver' build argument 'cmake_target_skip_unavailable' from command line to 'False'
[1.688s] Level 5:colcon.colcon_core.verb:set package 'ava_driver' build argument 'cmake_clean_cache' from command line to 'False'
[1.688s] Level 5:colcon.colcon_core.verb:set package 'ava_driver' build argument 'cmake_clean_first' from command line to 'False'
[1.688s] Level 5:colcon.colcon_core.verb:set package 'ava_driver' build argument 'cmake_force_configure' from command line to 'False'
[1.688s] Level 5:colcon.colcon_core.verb:set package 'ava_driver' build argument 'ament_cmake_args' from command line to 'None'
[1.689s] Level 5:colcon.colcon_core.verb:set package 'ava_driver' build argument 'catkin_cmake_args' from command line to 'None'
[1.689s] Level 5:colcon.colcon_core.verb:set package 'ava_driver' build argument 'catkin_skip_building_tests' from command line to 'False'
[1.689s] DEBUG:colcon.colcon_core.verb:Building package 'ava_driver' with the following arguments: {'ament_cmake_args': None, 'build_base': '/root/dev_ava/build/ava_driver', 'catkin_cmake_args': None, 'catkin_skip_building_tests': False, 'cmake_args': None, 'cmake_clean_cache': False, 'cmake_clean_first': False, 'cmake_force_configure': False, 'cmake_target': None, 'cmake_target_skip_unavailable': False, 'install_base': '/root/dev_ava/install/ava_driver', 'merge_install': False, 'path': '/root/dev_ava/src/ava_driver', 'symlink_install': False, 'test_result_base': None}
[1.690s] INFO:colcon.colcon_core.executor:Executing jobs using 'parallel' executor
[1.698s] DEBUG:colcon.colcon_parallel_executor.executor.parallel:run_until_complete
[1.699s] INFO:colcon.colcon_ros.task.ament_python.build:Building ROS package in '/root/dev_ava/src/tf_transformations-main' with build type 'ament_python'
[1.699s] Level 1:colcon.colcon_core.shell:create_environment_hook('tf_transformations', 'ament_prefix_path')
[1.717s] INFO:colcon.colcon_core.plugin_system:Skipping extension 'colcon_core.shell.bat': Not used on non-Windows systems
[1.718s] INFO:colcon.colcon_core.shell:Creating environment hook '/root/dev_ava/install/tf_transformations/share/tf_transformations/hook/ament_prefix_path.ps1'
[1.721s] INFO:colcon.colcon_core.shell:Creating environment descriptor '/root/dev_ava/install/tf_transformations/share/tf_transformations/hook/ament_prefix_path.dsv'
[1.724s] INFO:colcon.colcon_core.shell:Creating environment hook '/root/dev_ava/install/tf_transformations/share/tf_transformations/hook/ament_prefix_path.sh'
[1.727s] INFO:colcon.colcon_core.shell:Skip shell extension 'powershell' for command environment: Not usable outside of PowerShell
[1.728s] DEBUG:colcon.colcon_core.shell:Skip shell extension 'dsv' for command environment
[1.747s] INFO:colcon.colcon_ros.task.ament_python.build:Building ROS package in '/root/dev_ava/src/ava_bringup' with build type 'ament_python'
[1.748s] Level 1:colcon.colcon_core.shell:create_environment_hook('ava_bringup', 'ament_prefix_path')
[1.750s] INFO:colcon.colcon_core.shell:Creating environment hook '/root/dev_ava/install/ava_bringup/share/ava_bringup/hook/ament_prefix_path.ps1'
[1.754s] INFO:colcon.colcon_core.shell:Creating environment descriptor '/root/dev_ava/install/ava_bringup/share/ava_bringup/hook/ament_prefix_path.dsv'
[1.755s] INFO:colcon.colcon_core.shell:Creating environment hook '/root/dev_ava/install/ava_bringup/share/ava_bringup/hook/ament_prefix_path.sh'
[1.758s] INFO:colcon.colcon_core.shell:Skip shell extension 'powershell' for command environment: Not usable outside of PowerShell
[1.758s] DEBUG:colcon.colcon_core.shell:Skip shell extension 'dsv' for command environment
[1.772s] INFO:colcon.colcon_core.task.python.build:Building Python package in '/root/dev_ava/src/ava_kinematics'
[1.775s] INFO:colcon.colcon_core.shell:Skip shell extension 'powershell' for command environment: Not usable outside of PowerShell
[1.775s] DEBUG:colcon.colcon_core.shell:Skip shell extension 'dsv' for command environment
[1.791s] INFO:colcon.colcon_ros.task.ament_cmake.build:Building ROS package in '/root/dev_ava/src/ava_msgs' with build type 'ament_cmake'
[1.792s] INFO:colcon.colcon_cmake.task.cmake.build:Building CMake package in '/root/dev_ava/src/ava_msgs'
[1.794s] INFO:colcon.colcon_core.shell:Skip shell extension 'powershell' for command environment: Not usable outside of PowerShell
[1.795s] DEBUG:colcon.colcon_core.shell:Skip shell extension 'dsv' for command environment
[2.554s] INFO:colcon.colcon_core.task.python.build:Building Python package in '/root/dev_ava/src/tf_transformations-main'
[2.556s] INFO:colcon.colcon_core.shell:Skip shell extension 'powershell' for command environment: Not usable outside of PowerShell
[2.556s] DEBUG:colcon.colcon_core.shell:Skip shell extension 'dsv' for command environment
[3.266s] INFO:colcon.colcon_core.task.python.build:Building Python package in '/root/dev_ava/src/ava_bringup'
[3.268s] INFO:colcon.colcon_core.shell:Skip shell extension 'powershell' for command environment: Not usable outside of PowerShell
[3.269s] DEBUG:colcon.colcon_core.shell:Skip shell extension 'dsv' for command environment
[3.984s] DEBUG:colcon.colcon_core.event_handler.log_command:Invoking command in '/root/dev_ava/build/ava_msgs': CMAKE_PREFIX_PATH=/opt/ros/foxy /usr/bin/cmake /root/dev_ava/src/ava_msgs -DCMAKE_INSTALL_PREFIX=/root/dev_ava/install/ava_msgs
[5.619s] DEBUG:colcon.colcon_core.event_handler.log_command:Invoking command in '/root/dev_ava/src/ava_kinematics': PYTHONPATH=/root/dev_ava/install/ava_kinematics/lib/python3.8/site-packages:${PYTHONPATH} /usr/bin/python3 setup.py egg_info --egg-base ../../build/ava_kinematics build --build-base /root/dev_ava/build/ava_kinematics/build install --prefix /root/dev_ava/install/ava_kinematics --record /root/dev_ava/build/ava_kinematics/install.log --single-version-externally-managed
[5.647s] DEBUG:colcon.colcon_core.event_handler.log_command:Invoking command in '/root/dev_ava/src/tf_transformations-main': PYTHONPATH=/root/dev_ava/install/tf_transformations/lib/python3.8/site-packages:${PYTHONPATH} /usr/bin/python3 setup.py egg_info --egg-base ../../build/tf_transformations build --build-base /root/dev_ava/build/tf_transformations/build install --prefix /root/dev_ava/install/tf_transformations --record /root/dev_ava/build/tf_transformations/install.log --single-version-externally-managed
[5.668s] DEBUG:colcon.colcon_core.event_handler.log_command:Invoking command in '/root/dev_ava/src/ava_bringup': PYTHONPATH=/root/dev_ava/install/ava_bringup/lib/python3.8/site-packages:${PYTHONPATH} /usr/bin/python3 setup.py egg_info --egg-base ../../build/ava_bringup build --build-base /root/dev_ava/build/ava_bringup/build install --prefix /root/dev_ava/install/ava_bringup --record /root/dev_ava/build/ava_bringup/install.log --single-version-externally-managed
[6.931s] DEBUG:colcon.colcon_core.event_handler.log_command:Invoked command in '/root/dev_ava/src/tf_transformations-main' returned '0': PYTHONPATH=/root/dev_ava/install/tf_transformations/lib/python3.8/site-packages:${PYTHONPATH} /usr/bin/python3 setup.py egg_info --egg-base ../../build/tf_transformations build --build-base /root/dev_ava/build/tf_transformations/build install --prefix /root/dev_ava/install/tf_transformations --record /root/dev_ava/build/tf_transformations/install.log --single-version-externally-managed
[6.951s] Level 1:colcon.colcon_core.environment:checking '/root/dev_ava/install/tf_transformations' for CMake module files
[6.953s] Level 1:colcon.colcon_core.environment:checking '/root/dev_ava/install/tf_transformations' for CMake config files
[6.956s] Level 1:colcon.colcon_core.environment:checking '/root/dev_ava/install/tf_transformations/lib'
[6.957s] Level 1:colcon.colcon_core.environment:checking '/root/dev_ava/install/tf_transformations/bin'
[6.957s] Level 1:colcon.colcon_core.environment:checking '/root/dev_ava/install/tf_transformations/lib/pkgconfig/tf_transformations.pc'
[6.959s] Level 1:colcon.colcon_core.environment:checking '/root/dev_ava/install/tf_transformations/lib/python3.8/site-packages'
[6.959s] Level 1:colcon.colcon_core.shell:create_environment_hook('tf_transformations', 'pythonpath')
[6.962s] INFO:colcon.colcon_core.shell:Creating environment hook '/root/dev_ava/install/tf_transformations/share/tf_transformations/hook/pythonpath.ps1'
[6.964s] INFO:colcon.colcon_core.shell:Creating environment descriptor '/root/dev_ava/install/tf_transformations/share/tf_transformations/hook/pythonpath.dsv'
[6.965s] INFO:colcon.colcon_core.shell:Creating environment hook '/root/dev_ava/install/tf_transformations/share/tf_transformations/hook/pythonpath.sh'
[6.967s] Level 1:colcon.colcon_core.environment:checking '/root/dev_ava/install/tf_transformations/bin'
[6.967s] Level 1:colcon.colcon_core.environment:create_environment_scripts_only(tf_transformations)
[6.969s] INFO:colcon.colcon_core.shell:Creating package script '/root/dev_ava/install/tf_transformations/share/tf_transformations/package.ps1'
[6.973s] INFO:colcon.colcon_core.shell:Creating package descriptor '/root/dev_ava/install/tf_transformations/share/tf_transformations/package.dsv'
[6.975s] INFO:colcon.colcon_core.shell:Creating package script '/root/dev_ava/install/tf_transformations/share/tf_transformations/package.sh'
[6.978s] INFO:colcon.colcon_core.shell:Creating package script '/root/dev_ava/install/tf_transformations/share/tf_transformations/package.bash'
[6.981s] INFO:colcon.colcon_core.shell:Creating package script '/root/dev_ava/install/tf_transformations/share/tf_transformations/package.zsh'
[6.983s] Level 1:colcon.colcon_core.environment:create_file_with_runtime_dependencies(/root/dev_ava/install/tf_transformations/share/colcon-core/packages/tf_transformations)
[6.987s] INFO:colcon.colcon_ros.task.ament_cmake.build:Building ROS package in '/root/dev_ava/src/rplidar_ros' with build type 'ament_cmake'
[6.987s] INFO:colcon.colcon_cmake.task.cmake.build:Building CMake package in '/root/dev_ava/src/rplidar_ros'
[6.990s] INFO:colcon.colcon_core.shell:Skip shell extension 'powershell' for command environment: Not usable outside of PowerShell
[6.991s] DEBUG:colcon.colcon_core.shell:Skip shell extension 'dsv' for command environment
[7.012s] Level 1:colcon.colcon_core.environment:checking '/root/dev_ava/install/ava_kinematics' for CMake module files
[7.015s] DEBUG:colcon.colcon_core.event_handler.log_command:Invoked command in '/root/dev_ava/src/ava_kinematics' returned '0': PYTHONPATH=/root/dev_ava/install/ava_kinematics/lib/python3.8/site-packages:${PYTHONPATH} /usr/bin/python3 setup.py egg_info --egg-base ../../build/ava_kinematics build --build-base /root/dev_ava/build/ava_kinematics/build install --prefix /root/dev_ava/install/ava_kinematics --record /root/dev_ava/build/ava_kinematics/install.log --single-version-externally-managed
[7.018s] Level 1:colcon.colcon_core.environment:checking '/root/dev_ava/install/ava_kinematics' for CMake config files
[7.020s] Level 1:colcon.colcon_core.environment:checking '/root/dev_ava/install/ava_kinematics/lib'
[7.021s] Level 1:colcon.colcon_core.environment:checking '/root/dev_ava/install/ava_kinematics/bin'
[7.021s] Level 1:colcon.colcon_core.environment:checking '/root/dev_ava/install/ava_kinematics/lib/pkgconfig/ava_kinematics.pc'
[7.022s] Level 1:colcon.colcon_core.environment:checking '/root/dev_ava/install/ava_kinematics/lib/python3.8/site-packages'
[7.022s] Level 1:colcon.colcon_core.shell:create_environment_hook('ava_kinematics', 'pythonpath')
[7.024s] INFO:colcon.colcon_core.shell:Creating environment hook '/root/dev_ava/install/ava_kinematics/share/ava_kinematics/hook/pythonpath.ps1'
[7.026s] INFO:colcon.colcon_core.shell:Creating environment descriptor '/root/dev_ava/install/ava_kinematics/share/ava_kinematics/hook/pythonpath.dsv'
[7.028s] INFO:colcon.colcon_core.shell:Creating environment hook '/root/dev_ava/install/ava_kinematics/share/ava_kinematics/hook/pythonpath.sh'
[7.030s] Level 1:colcon.colcon_core.environment:checking '/root/dev_ava/install/ava_kinematics/bin'
[7.030s] Level 1:colcon.colcon_core.environment:create_environment_scripts_only(ava_kinematics)
[7.033s] INFO:colcon.colcon_core.shell:Creating package script '/root/dev_ava/install/ava_kinematics/share/ava_kinematics/package.ps1'
[7.035s] INFO:colcon.colcon_core.shell:Creating package descriptor '/root/dev_ava/install/ava_kinematics/share/ava_kinematics/package.dsv'
[7.037s] INFO:colcon.colcon_core.shell:Creating package script '/root/dev_ava/install/ava_kinematics/share/ava_kinematics/package.sh'
[7.039s] INFO:colcon.colcon_core.shell:Creating package script '/root/dev_ava/install/ava_kinematics/share/ava_kinematics/package.bash'
[7.041s] INFO:colcon.colcon_core.shell:Creating package script '/root/dev_ava/install/ava_kinematics/share/ava_kinematics/package.zsh'
[7.043s] Level 1:colcon.colcon_core.environment:create_file_with_runtime_dependencies(/root/dev_ava/install/ava_kinematics/share/colcon-core/packages/ava_kinematics)
[7.047s] Level 1:colcon.colcon_core.environment:checking '/root/dev_ava/install/ava_bringup' for CMake module files
[7.052s] DEBUG:colcon.colcon_core.event_handler.log_command:Invoked command in '/root/dev_ava/src/ava_bringup' returned '0': PYTHONPATH=/root/dev_ava/install/ava_bringup/lib/python3.8/site-packages:${PYTHONPATH} /usr/bin/python3 setup.py egg_info --egg-base ../../build/ava_bringup build --build-base /root/dev_ava/build/ava_bringup/build install --prefix /root/dev_ava/install/ava_bringup --record /root/dev_ava/build/ava_bringup/install.log --single-version-externally-managed
[7.053s] Level 1:colcon.colcon_core.environment:checking '/root/dev_ava/install/ava_bringup' for CMake config files
[7.056s] Level 1:colcon.colcon_core.environment:checking '/root/dev_ava/install/ava_bringup/lib'
[7.056s] Level 1:colcon.colcon_core.environment:checking '/root/dev_ava/install/ava_bringup/bin'
[7.056s] Level 1:colcon.colcon_core.environment:checking '/root/dev_ava/install/ava_bringup/lib/pkgconfig/ava_bringup.pc'
[7.057s] Level 1:colcon.colcon_core.environment:checking '/root/dev_ava/install/ava_bringup/lib/python3.8/site-packages'
[7.058s] Level 1:colcon.colcon_core.shell:create_environment_hook('ava_bringup', 'pythonpath')
[7.070s] INFO:colcon.colcon_core.shell:Creating environment hook '/root/dev_ava/install/ava_bringup/share/ava_bringup/hook/pythonpath.ps1'
[7.072s] INFO:colcon.colcon_core.shell:Creating environment descriptor '/root/dev_ava/install/ava_bringup/share/ava_bringup/hook/pythonpath.dsv'
[7.073s] INFO:colcon.colcon_core.shell:Creating environment hook '/root/dev_ava/install/ava_bringup/share/ava_bringup/hook/pythonpath.sh'
[7.075s] Level 1:colcon.colcon_core.environment:checking '/root/dev_ava/install/ava_bringup/bin'
[7.076s] Level 1:colcon.colcon_core.environment:create_environment_scripts_only(ava_bringup)
[7.078s] INFO:colcon.colcon_core.shell:Creating package script '/root/dev_ava/install/ava_bringup/share/ava_bringup/package.ps1'
[7.080s] INFO:colcon.colcon_core.shell:Creating package descriptor '/root/dev_ava/install/ava_bringup/share/ava_bringup/package.dsv'
[7.082s] INFO:colcon.colcon_core.shell:Creating package script '/root/dev_ava/install/ava_bringup/share/ava_bringup/package.sh'
[7.084s] INFO:colcon.colcon_core.shell:Creating package script '/root/dev_ava/install/ava_bringup/share/ava_bringup/package.bash'
[7.085s] INFO:colcon.colcon_core.shell:Creating package script '/root/dev_ava/install/ava_bringup/share/ava_bringup/package.zsh'
[7.086s] Level 1:colcon.colcon_core.environment:create_file_with_runtime_dependencies(/root/dev_ava/install/ava_bringup/share/colcon-core/packages/ava_bringup)
[7.090s] INFO:colcon.colcon_ros.task.ament_python.build:Building ROS package in '/root/dev_ava/src/ava_control' with build type 'ament_python'
[7.091s] Level 1:colcon.colcon_core.shell:create_environment_hook('ava_control', 'ament_prefix_path')
[7.093s] INFO:colcon.colcon_core.shell:Creating environment hook '/root/dev_ava/install/ava_control/share/ava_control/hook/ament_prefix_path.ps1'
[7.096s] INFO:colcon.colcon_core.shell:Creating environment descriptor '/root/dev_ava/install/ava_control/share/ava_control/hook/ament_prefix_path.dsv'
[7.098s] INFO:colcon.colcon_core.shell:Creating environment hook '/root/dev_ava/install/ava_control/share/ava_control/hook/ament_prefix_path.sh'
[7.102s] INFO:colcon.colcon_core.shell:Skip shell extension 'powershell' for command environment: Not usable outside of PowerShell
[7.102s] DEBUG:colcon.colcon_core.shell:Skip shell extension 'dsv' for command environment
[7.117s] INFO:colcon.colcon_ros.task.ament_python.build:Building ROS package in '/root/dev_ava/src/ava_driver' with build type 'ament_python'
[7.118s] Level 1:colcon.colcon_core.shell:create_environment_hook('ava_driver', 'ament_prefix_path')
[7.121s] INFO:colcon.colcon_core.shell:Creating environment hook '/root/dev_ava/install/ava_driver/share/ava_driver/hook/ament_prefix_path.ps1'
[7.125s] INFO:colcon.colcon_core.shell:Creating environment descriptor '/root/dev_ava/install/ava_driver/share/ava_driver/hook/ament_prefix_path.dsv'
[7.127s] INFO:colcon.colcon_core.shell:Creating environment hook '/root/dev_ava/install/ava_driver/share/ava_driver/hook/ament_prefix_path.sh'
[7.130s] INFO:colcon.colcon_core.shell:Skip shell extension 'powershell' for command environment: Not usable outside of PowerShell
[7.131s] DEBUG:colcon.colcon_core.shell:Skip shell extension 'dsv' for command environment
[7.165s] DEBUG:colcon.colcon_core.event_handler.log_command:Invoking command in '/root/dev_ava/build/rplidar_ros2': CMAKE_PREFIX_PATH=/opt/ros/foxy /usr/bin/cmake /root/dev_ava/src/rplidar_ros -DCMAKE_INSTALL_PREFIX=/root/dev_ava/install/rplidar_ros2
[8.037s] INFO:colcon.colcon_core.task.python.build:Building Python package in '/root/dev_ava/src/ava_control'
[8.039s] INFO:colcon.colcon_core.shell:Skip shell extension 'powershell' for command environment: Not usable outside of PowerShell
[8.040s] DEBUG:colcon.colcon_core.shell:Skip shell extension 'dsv' for command environment
[8.926s] INFO:colcon.colcon_core.task.python.build:Building Python package in '/root/dev_ava/src/ava_driver'
[8.929s] INFO:colcon.colcon_core.shell:Skip shell extension 'powershell' for command environment: Not usable outside of PowerShell
[8.930s] DEBUG:colcon.colcon_core.shell:Skip shell extension 'dsv' for command environment
[10.434s] DEBUG:colcon.colcon_core.event_handler.log_command:Invoking command in '/root/dev_ava/src/ava_driver': AMENT_PREFIX_PATH=/root/dev_ava/install/tf_transformations:${AMENT_PREFIX_PATH} PYTHONPATH=/root/dev_ava/install/ava_driver/lib/python3.8/site-packages:/root/dev_ava/install/tf_transformations/lib/python3.8/site-packages:${PYTHONPATH} /usr/bin/python3 setup.py egg_info --egg-base ../../build/ava_driver build --build-base /root/dev_ava/build/ava_driver/build install --prefix /root/dev_ava/install/ava_driver --record /root/dev_ava/build/ava_driver/install.log --single-version-externally-managed
[10.480s] DEBUG:colcon.colcon_core.event_handler.log_command:Invoking command in '/root/dev_ava/src/ava_control': AMENT_PREFIX_PATH=/root/dev_ava/install/tf_transformations:${AMENT_PREFIX_PATH} PYTHONPATH=/root/dev_ava/install/ava_control/lib/python3.8/site-packages:/root/dev_ava/install/tf_transformations/lib/python3.8/site-packages:${PYTHONPATH} /usr/bin/python3 setup.py egg_info --egg-base ../../build/ava_control build --build-base /root/dev_ava/build/ava_control/build install --prefix /root/dev_ava/install/ava_control --record /root/dev_ava/build/ava_control/install.log --single-version-externally-managed
[11.415s] DEBUG:colcon.colcon_core.event_handler.log_command:Invoked command in '/root/dev_ava/build/ava_msgs' returned '0': CMAKE_PREFIX_PATH=/opt/ros/foxy /usr/bin/cmake /root/dev_ava/src/ava_msgs -DCMAKE_INSTALL_PREFIX=/root/dev_ava/install/ava_msgs
[11.417s] DEBUG:colcon.colcon_core.event_handler.log_command:Invoking command in '/root/dev_ava/build/ava_msgs': CMAKE_PREFIX_PATH=/opt/ros/foxy /usr/bin/cmake --build /root/dev_ava/build/ava_msgs -- -j4 -l4
[11.703s] Level 1:colcon.colcon_core.environment:checking '/root/dev_ava/install/ava_driver' for CMake module files
[11.706s] Level 1:colcon.colcon_core.environment:checking '/root/dev_ava/install/ava_driver' for CMake config files
[11.707s] DEBUG:colcon.colcon_core.event_handler.log_command:Invoked command in '/root/dev_ava/src/ava_driver' returned '0': AMENT_PREFIX_PATH=/root/dev_ava/install/tf_transformations:${AMENT_PREFIX_PATH} PYTHONPATH=/root/dev_ava/install/ava_driver/lib/python3.8/site-packages:/root/dev_ava/install/tf_transformations/lib/python3.8/site-packages:${PYTHONPATH} /usr/bin/python3 setup.py egg_info --egg-base ../../build/ava_driver build --build-base /root/dev_ava/build/ava_driver/build install --prefix /root/dev_ava/install/ava_driver --record /root/dev_ava/build/ava_driver/install.log --single-version-externally-managed
[11.717s] Level 1:colcon.colcon_core.environment:checking '/root/dev_ava/install/ava_driver/lib'
[11.718s] Level 1:colcon.colcon_core.environment:checking '/root/dev_ava/install/ava_driver/bin'
[11.718s] Level 1:colcon.colcon_core.environment:checking '/root/dev_ava/install/ava_driver/lib/pkgconfig/ava_driver.pc'
[11.719s] Level 1:colcon.colcon_core.environment:checking '/root/dev_ava/install/ava_driver/lib/python3.8/site-packages'
[11.720s] Level 1:colcon.colcon_core.shell:create_environment_hook('ava_driver', 'pythonpath')
[11.722s] INFO:colcon.colcon_core.shell:Creating environment hook '/root/dev_ava/install/ava_driver/share/ava_driver/hook/pythonpath.ps1'
[11.724s] INFO:colcon.colcon_core.shell:Creating environment descriptor '/root/dev_ava/install/ava_driver/share/ava_driver/hook/pythonpath.dsv'
[11.726s] INFO:colcon.colcon_core.shell:Creating environment hook '/root/dev_ava/install/ava_driver/share/ava_driver/hook/pythonpath.sh'
[11.728s] Level 1:colcon.colcon_core.environment:checking '/root/dev_ava/install/ava_driver/bin'
[11.729s] Level 1:colcon.colcon_core.environment:create_environment_scripts_only(ava_driver)
[11.731s] INFO:colcon.colcon_core.shell:Creating package script '/root/dev_ava/install/ava_driver/share/ava_driver/package.ps1'
[11.733s] INFO:colcon.colcon_core.shell:Creating package descriptor '/root/dev_ava/install/ava_driver/share/ava_driver/package.dsv'
[11.735s] INFO:colcon.colcon_core.shell:Creating package script '/root/dev_ava/install/ava_driver/share/ava_driver/package.sh'
[11.737s] INFO:colcon.colcon_core.shell:Creating package script '/root/dev_ava/install/ava_driver/share/ava_driver/package.bash'
[11.739s] INFO:colcon.colcon_core.shell:Creating package script '/root/dev_ava/install/ava_driver/share/ava_driver/package.zsh'
[11.741s] Level 1:colcon.colcon_core.environment:create_file_with_runtime_dependencies(/root/dev_ava/install/ava_driver/share/colcon-core/packages/ava_driver)
[11.753s] Level 1:colcon.colcon_core.environment:checking '/root/dev_ava/install/ava_control' for CMake module files
[11.754s] DEBUG:colcon.colcon_core.event_handler.log_command:Invoked command in '/root/dev_ava/src/ava_control' returned '0': AMENT_PREFIX_PATH=/root/dev_ava/install/tf_transformations:${AMENT_PREFIX_PATH} PYTHONPATH=/root/dev_ava/install/ava_control/lib/python3.8/site-packages:/root/dev_ava/install/tf_transformations/lib/python3.8/site-packages:${PYTHONPATH} /usr/bin/python3 setup.py egg_info --egg-base ../../build/ava_control build --build-base /root/dev_ava/build/ava_control/build install --prefix /root/dev_ava/install/ava_control --record /root/dev_ava/build/ava_control/install.log --single-version-externally-managed
[11.757s] Level 1:colcon.colcon_core.environment:checking '/root/dev_ava/install/ava_control' for CMake config files
[11.759s] Level 1:colcon.colcon_core.environment:checking '/root/dev_ava/install/ava_control/lib'
[11.760s] Level 1:colcon.colcon_core.environment:checking '/root/dev_ava/install/ava_control/bin'
[11.760s] Level 1:colcon.colcon_core.environment:checking '/root/dev_ava/install/ava_control/lib/pkgconfig/ava_control.pc'
[11.761s] Level 1:colcon.colcon_core.environment:checking '/root/dev_ava/install/ava_control/lib/python3.8/site-packages'
[11.762s] Level 1:colcon.colcon_core.shell:create_environment_hook('ava_control', 'pythonpath')
[11.764s] INFO:colcon.colcon_core.shell:Creating environment hook '/root/dev_ava/install/ava_control/share/ava_control/hook/pythonpath.ps1'
[11.766s] INFO:colcon.colcon_core.shell:Creating environment descriptor '/root/dev_ava/install/ava_control/share/ava_control/hook/pythonpath.dsv'
[11.768s] INFO:colcon.colcon_core.shell:Creating environment hook '/root/dev_ava/install/ava_control/share/ava_control/hook/pythonpath.sh'
[11.770s] Level 1:colcon.colcon_core.environment:checking '/root/dev_ava/install/ava_control/bin'
[11.771s] Level 1:colcon.colcon_core.environment:create_environment_scripts_only(ava_control)
[11.773s] INFO:colcon.colcon_core.shell:Creating package script '/root/dev_ava/install/ava_control/share/ava_control/package.ps1'
[11.776s] INFO:colcon.colcon_core.shell:Creating package descriptor '/root/dev_ava/install/ava_control/share/ava_control/package.dsv'
[11.778s] INFO:colcon.colcon_core.shell:Creating package script '/root/dev_ava/install/ava_control/share/ava_control/package.sh'
[11.781s] INFO:colcon.colcon_core.shell:Creating package script '/root/dev_ava/install/ava_control/share/ava_control/package.bash'
[11.783s] INFO:colcon.colcon_core.shell:Creating package script '/root/dev_ava/install/ava_control/share/ava_control/package.zsh'
[11.785s] Level 1:colcon.colcon_core.environment:create_file_with_runtime_dependencies(/root/dev_ava/install/ava_control/share/colcon-core/packages/ava_control)
[14.500s] DEBUG:colcon.colcon_core.event_handler.log_command:Invoked command in '/root/dev_ava/build/rplidar_ros2' returned '0': CMAKE_PREFIX_PATH=/opt/ros/foxy /usr/bin/cmake /root/dev_ava/src/rplidar_ros -DCMAKE_INSTALL_PREFIX=/root/dev_ava/install/rplidar_ros2
[14.503s] DEBUG:colcon.colcon_core.event_handler.log_command:Invoking command in '/root/dev_ava/build/rplidar_ros2': CMAKE_PREFIX_PATH=/opt/ros/foxy /usr/bin/cmake --build /root/dev_ava/build/rplidar_ros2 -- -j4 -l4
[38.264s] DEBUG:colcon.colcon_core.event_handler.log_command:Invoked command in '/root/dev_ava/build/rplidar_ros2' returned '0': CMAKE_PREFIX_PATH=/opt/ros/foxy /usr/bin/cmake --build /root/dev_ava/build/rplidar_ros2 -- -j4 -l4
[38.428s] DEBUG:colcon.colcon_core.event_handler.log_command:Invoking command in '/root/dev_ava/build/rplidar_ros2': CMAKE_PREFIX_PATH=/opt/ros/foxy /usr/bin/cmake --install /root/dev_ava/build/rplidar_ros2
[38.485s] Level 1:colcon.colcon_core.environment:create_environment_scripts_only(rplidar_ros2)
[38.489s] Level 1:colcon.colcon_core.environment:checking '/root/dev_ava/install/rplidar_ros2' for CMake module files
[38.492s] Level 1:colcon.colcon_core.environment:checking '/root/dev_ava/install/rplidar_ros2' for CMake config files
[38.493s] Level 1:colcon.colcon_core.shell:create_environment_hook('rplidar_ros2', 'cmake_prefix_path')
[38.495s] INFO:colcon.colcon_core.shell:Creating environment hook '/root/dev_ava/install/rplidar_ros2/share/rplidar_ros2/hook/cmake_prefix_path.ps1'
[38.497s] INFO:colcon.colcon_core.shell:Creating environment descriptor '/root/dev_ava/install/rplidar_ros2/share/rplidar_ros2/hook/cmake_prefix_path.dsv'
[38.499s] DEBUG:colcon.colcon_core.event_handler.log_command:Invoked command in '/root/dev_ava/build/rplidar_ros2' returned '0': CMAKE_PREFIX_PATH=/opt/ros/foxy /usr/bin/cmake --install /root/dev_ava/build/rplidar_ros2
[38.499s] INFO:colcon.colcon_core.shell:Creating environment hook '/root/dev_ava/install/rplidar_ros2/share/rplidar_ros2/hook/cmake_prefix_path.sh'
[38.501s] Level 1:colcon.colcon_core.environment:checking '/root/dev_ava/install/rplidar_ros2/lib'
[38.502s] Level 1:colcon.colcon_core.environment:checking '/root/dev_ava/install/rplidar_ros2/bin'
[38.502s] Level 1:colcon.colcon_core.environment:checking '/root/dev_ava/install/rplidar_ros2/lib/pkgconfig/rplidar_ros2.pc'
[38.503s] Level 1:colcon.colcon_core.environment:checking '/root/dev_ava/install/rplidar_ros2/lib/python3.8/site-packages'
[38.504s] Level 1:colcon.colcon_core.environment:checking '/root/dev_ava/install/rplidar_ros2/bin'
[38.506s] INFO:colcon.colcon_core.shell:Creating package script '/root/dev_ava/install/rplidar_ros2/share/rplidar_ros2/package.ps1'
[38.507s] INFO:colcon.colcon_core.shell:Creating package descriptor '/root/dev_ava/install/rplidar_ros2/share/rplidar_ros2/package.dsv'
[38.510s] INFO:colcon.colcon_core.shell:Creating package script '/root/dev_ava/install/rplidar_ros2/share/rplidar_ros2/package.sh'
[38.511s] INFO:colcon.colcon_core.shell:Creating package script '/root/dev_ava/install/rplidar_ros2/share/rplidar_ros2/package.bash'
[38.513s] INFO:colcon.colcon_core.shell:Creating package script '/root/dev_ava/install/rplidar_ros2/share/rplidar_ros2/package.zsh'
[38.514s] Level 1:colcon.colcon_core.environment:create_file_with_runtime_dependencies(/root/dev_ava/install/rplidar_ros2/share/colcon-core/packages/rplidar_ros2)
[38.613s] Level 1:colcon.colcon_core.environment:create_environment_scripts_only(rplidar_ros2)
[38.617s] Level 1:colcon.colcon_core.environment:checking '/root/dev_ava/install/rplidar_ros2' for CMake module files
[38.619s] Level 1:colcon.colcon_core.environment:checking '/root/dev_ava/install/rplidar_ros2' for CMake config files
[38.621s] Level 1:colcon.colcon_core.shell:create_environment_hook('rplidar_ros2', 'cmake_prefix_path')
[38.622s] INFO:colcon.colcon_core.shell:Creating environment hook '/root/dev_ava/install/rplidar_ros2/share/rplidar_ros2/hook/cmake_prefix_path.ps1'
[38.624s] INFO:colcon.colcon_core.shell:Creating environment descriptor '/root/dev_ava/install/rplidar_ros2/share/rplidar_ros2/hook/cmake_prefix_path.dsv'
[38.625s] INFO:colcon.colcon_core.shell:Creating environment hook '/root/dev_ava/install/rplidar_ros2/share/rplidar_ros2/hook/cmake_prefix_path.sh'
[38.627s] Level 1:colcon.colcon_core.environment:checking '/root/dev_ava/install/rplidar_ros2/lib'
[38.628s] Level 1:colcon.colcon_core.environment:checking '/root/dev_ava/install/rplidar_ros2/bin'
[38.628s] Level 1:colcon.colcon_core.environment:checking '/root/dev_ava/install/rplidar_ros2/lib/pkgconfig/rplidar_ros2.pc'
[38.629s] Level 1:colcon.colcon_core.environment:checking '/root/dev_ava/install/rplidar_ros2/lib/python3.8/site-packages'
[38.630s] Level 1:colcon.colcon_core.environment:checking '/root/dev_ava/install/rplidar_ros2/bin'
[38.632s] INFO:colcon.colcon_core.shell:Creating package script '/root/dev_ava/install/rplidar_ros2/share/rplidar_ros2/package.ps1'
[38.635s] INFO:colcon.colcon_core.shell:Creating package descriptor '/root/dev_ava/install/rplidar_ros2/share/rplidar_ros2/package.dsv'
[38.637s] INFO:colcon.colcon_core.shell:Creating package script '/root/dev_ava/install/rplidar_ros2/share/rplidar_ros2/package.sh'
[38.639s] INFO:colcon.colcon_core.shell:Creating package script '/root/dev_ava/install/rplidar_ros2/share/rplidar_ros2/package.bash'
[38.641s] INFO:colcon.colcon_core.shell:Creating package script '/root/dev_ava/install/rplidar_ros2/share/rplidar_ros2/package.zsh'
[38.643s] Level 1:colcon.colcon_core.environment:create_file_with_runtime_dependencies(/root/dev_ava/install/rplidar_ros2/share/colcon-core/packages/rplidar_ros2)
[41.990s] DEBUG:colcon.colcon_core.event_handler.log_command:Invoked command in '/root/dev_ava/build/ava_msgs' returned '0': CMAKE_PREFIX_PATH=/opt/ros/foxy /usr/bin/cmake --build /root/dev_ava/build/ava_msgs -- -j4 -l4
[42.328s] DEBUG:colcon.colcon_core.event_handler.log_command:Invoking command in '/root/dev_ava/build/ava_msgs': CMAKE_PREFIX_PATH=/opt/ros/foxy /usr/bin/cmake --install /root/dev_ava/build/ava_msgs
[42.605s] Level 1:colcon.colcon_core.environment:create_environment_scripts_only(ava_msgs)
[42.610s] Level 1:colcon.colcon_core.environment:checking '/root/dev_ava/install/ava_msgs' for CMake module files
[42.612s] DEBUG:colcon.colcon_core.event_handler.log_command:Invoked command in '/root/dev_ava/build/ava_msgs' returned '0': CMAKE_PREFIX_PATH=/opt/ros/foxy /usr/bin/cmake --install /root/dev_ava/build/ava_msgs
[42.615s] Level 1:colcon.colcon_core.environment:checking '/root/dev_ava/install/ava_msgs' for CMake config files
[42.617s] Level 1:colcon.colcon_core.shell:create_environment_hook('ava_msgs', 'cmake_prefix_path')
[42.619s] INFO:colcon.colcon_core.shell:Creating environment hook '/root/dev_ava/install/ava_msgs/share/ava_msgs/hook/cmake_prefix_path.ps1'
[42.621s] INFO:colcon.colcon_core.shell:Creating environment descriptor '/root/dev_ava/install/ava_msgs/share/ava_msgs/hook/cmake_prefix_path.dsv'
[42.622s] INFO:colcon.colcon_core.shell:Creating environment hook '/root/dev_ava/install/ava_msgs/share/ava_msgs/hook/cmake_prefix_path.sh'
[42.624s] Level 1:colcon.colcon_core.environment:checking '/root/dev_ava/install/ava_msgs/lib'
[42.625s] Level 1:colcon.colcon_core.shell:create_environment_hook('ava_msgs', 'ld_library_path_lib')
[42.627s] INFO:colcon.colcon_core.shell:Creating environment hook '/root/dev_ava/install/ava_msgs/share/ava_msgs/hook/ld_library_path_lib.ps1'
[42.628s] INFO:colcon.colcon_core.shell:Creating environment descriptor '/root/dev_ava/install/ava_msgs/share/ava_msgs/hook/ld_library_path_lib.dsv'
[42.629s] INFO:colcon.colcon_core.shell:Creating environment hook '/root/dev_ava/install/ava_msgs/share/ava_msgs/hook/ld_library_path_lib.sh'
[42.631s] Level 1:colcon.colcon_core.environment:checking '/root/dev_ava/install/ava_msgs/bin'
[42.631s] Level 1:colcon.colcon_core.environment:checking '/root/dev_ava/install/ava_msgs/lib/pkgconfig/ava_msgs.pc'
[42.632s] Level 1:colcon.colcon_core.environment:checking '/root/dev_ava/install/ava_msgs/lib/python3.8/site-packages'
[42.632s] Level 1:colcon.colcon_core.shell:create_environment_hook('ava_msgs', 'pythonpath')
[42.634s] INFO:colcon.colcon_core.shell:Creating environment hook '/root/dev_ava/install/ava_msgs/share/ava_msgs/hook/pythonpath.ps1'
[42.636s] INFO:colcon.colcon_core.shell:Creating environment descriptor '/root/dev_ava/install/ava_msgs/share/ava_msgs/hook/pythonpath.dsv'
[42.637s] INFO:colcon.colcon_core.shell:Creating environment hook '/root/dev_ava/install/ava_msgs/share/ava_msgs/hook/pythonpath.sh'
[42.643s] Level 1:colcon.colcon_core.environment:checking '/root/dev_ava/install/ava_msgs/bin'
[42.646s] INFO:colcon.colcon_core.shell:Creating package script '/root/dev_ava/install/ava_msgs/share/ava_msgs/package.ps1'
[42.649s] INFO:colcon.colcon_core.shell:Creating package descriptor '/root/dev_ava/install/ava_msgs/share/ava_msgs/package.dsv'
[42.651s] INFO:colcon.colcon_core.shell:Creating package script '/root/dev_ava/install/ava_msgs/share/ava_msgs/package.sh'
[42.653s] INFO:colcon.colcon_core.shell:Creating package script '/root/dev_ava/install/ava_msgs/share/ava_msgs/package.bash'
[42.655s] INFO:colcon.colcon_core.shell:Creating package script '/root/dev_ava/install/ava_msgs/share/ava_msgs/package.zsh'
[42.656s] Level 1:colcon.colcon_core.environment:create_file_with_runtime_dependencies(/root/dev_ava/install/ava_msgs/share/colcon-core/packages/ava_msgs)
[42.973s] Level 1:colcon.colcon_core.environment:create_environment_scripts_only(ava_msgs)
[42.976s] Level 1:colcon.colcon_core.environment:checking '/root/dev_ava/install/ava_msgs' for CMake module files
[42.979s] Level 1:colcon.colcon_core.environment:checking '/root/dev_ava/install/ava_msgs' for CMake config files
[42.981s] Level 1:colcon.colcon_core.shell:create_environment_hook('ava_msgs', 'cmake_prefix_path')
[42.982s] INFO:colcon.colcon_core.shell:Creating environment hook '/root/dev_ava/install/ava_msgs/share/ava_msgs/hook/cmake_prefix_path.ps1'
[42.984s] INFO:colcon.colcon_core.shell:Creating environment descriptor '/root/dev_ava/install/ava_msgs/share/ava_msgs/hook/cmake_prefix_path.dsv'
[42.985s] INFO:colcon.colcon_core.shell:Creating environment hook '/root/dev_ava/install/ava_msgs/share/ava_msgs/hook/cmake_prefix_path.sh'
[42.987s] Level 1:colcon.colcon_core.environment:checking '/root/dev_ava/install/ava_msgs/lib'
[42.987s] Level 1:colcon.colcon_core.shell:create_environment_hook('ava_msgs', 'ld_library_path_lib')
[42.989s] INFO:colcon.colcon_core.shell:Creating environment hook '/root/dev_ava/install/ava_msgs/share/ava_msgs/hook/ld_library_path_lib.ps1'
[42.990s] INFO:colcon.colcon_core.shell:Creating environment descriptor '/root/dev_ava/install/ava_msgs/share/ava_msgs/hook/ld_library_path_lib.dsv'
[42.991s] INFO:colcon.colcon_core.shell:Creating environment hook '/root/dev_ava/install/ava_msgs/share/ava_msgs/hook/ld_library_path_lib.sh'
[42.992s] Level 1:colcon.colcon_core.environment:checking '/root/dev_ava/install/ava_msgs/bin'
[42.993s] Level 1:colcon.colcon_core.environment:checking '/root/dev_ava/install/ava_msgs/lib/pkgconfig/ava_msgs.pc'
[42.994s] Level 1:colcon.colcon_core.environment:checking '/root/dev_ava/install/ava_msgs/lib/python3.8/site-packages'
[42.994s] Level 1:colcon.colcon_core.shell:create_environment_hook('ava_msgs', 'pythonpath')
[42.995s] INFO:colcon.colcon_core.shell:Creating environment hook '/root/dev_ava/install/ava_msgs/share/ava_msgs/hook/pythonpath.ps1'
[42.997s] INFO:colcon.colcon_core.shell:Creating environment descriptor '/root/dev_ava/install/ava_msgs/share/ava_msgs/hook/pythonpath.dsv'
[42.998s] INFO:colcon.colcon_core.shell:Creating environment hook '/root/dev_ava/install/ava_msgs/share/ava_msgs/hook/pythonpath.sh'
[42.999s] Level 1:colcon.colcon_core.environment:checking '/root/dev_ava/install/ava_msgs/bin'
[43.002s] INFO:colcon.colcon_core.shell:Creating package script '/root/dev_ava/install/ava_msgs/share/ava_msgs/package.ps1'
[43.004s] INFO:colcon.colcon_core.shell:Creating package descriptor '/root/dev_ava/install/ava_msgs/share/ava_msgs/package.dsv'
[43.006s] INFO:colcon.colcon_core.shell:Creating package script '/root/dev_ava/install/ava_msgs/share/ava_msgs/package.sh'
[43.008s] INFO:colcon.colcon_core.shell:Creating package script '/root/dev_ava/install/ava_msgs/share/ava_msgs/package.bash'
[43.009s] INFO:colcon.colcon_core.shell:Creating package script '/root/dev_ava/install/ava_msgs/share/ava_msgs/package.zsh'
[43.010s] Level 1:colcon.colcon_core.environment:create_file_with_runtime_dependencies(/root/dev_ava/install/ava_msgs/share/colcon-core/packages/ava_msgs)
[43.011s] DEBUG:colcon.colcon_parallel_executor.executor.parallel:closing loop
[43.012s] DEBUG:colcon.colcon_parallel_executor.executor.parallel:loop closed
[43.013s] DEBUG:colcon.colcon_parallel_executor.executor.parallel:run_until_complete finished with '0'
[43.013s] DEBUG:colcon.colcon_core.event_reactor:joining thread
[43.094s] INFO:colcon.colcon_core.plugin_system:Skipping extension 'colcon_notification.desktop_notification.notify_send': Could not find 'notify-send'
[43.094s] INFO:colcon.colcon_core.plugin_system:Skipping extension 'colcon_notification.desktop_notification.terminal_notifier': Not used on non-Darwin systems
[43.095s] INFO:colcon.colcon_core.plugin_system:Skipping extension 'colcon_notification.desktop_notification.win32': Not used on non-Windows systems
[43.095s] INFO:colcon.colcon_notification.desktop_notification:Sending desktop notification using 'notify2'
[43.095s] DEBUG:colcon.colcon_notification.desktop_notification.notify2:Failed to initialize notify2: org.freedesktop.DBus.Error.NotSupported: Unable to autolaunch a dbus-daemon without a $DISPLAY for X11
[43.095s] DEBUG:colcon.colcon_core.event_reactor:joined thread
[43.097s] INFO:colcon.colcon_core.shell:Creating prefix script '/root/dev_ava/install/local_setup.ps1'
[43.101s] INFO:colcon.colcon_core.shell:Creating prefix util module '/root/dev_ava/install/_local_setup_util_ps1.py'
[43.107s] INFO:colcon.colcon_core.shell:Creating prefix chain script '/root/dev_ava/install/setup.ps1'
[43.111s] INFO:colcon.colcon_core.shell:Creating prefix script '/root/dev_ava/install/local_setup.sh'
[43.113s] INFO:colcon.colcon_core.shell:Creating prefix util module '/root/dev_ava/install/_local_setup_util_sh.py'
[43.115s] INFO:colcon.colcon_core.shell:Creating prefix chain script '/root/dev_ava/install/setup.sh'
[43.119s] INFO:colcon.colcon_core.shell:Creating prefix script '/root/dev_ava/install/local_setup.bash'
[43.121s] INFO:colcon.colcon_core.shell:Creating prefix chain script '/root/dev_ava/install/setup.bash'
[43.124s] INFO:colcon.colcon_core.shell:Creating prefix script '/root/dev_ava/install/local_setup.zsh'
[43.126s] INFO:colcon.colcon_core.shell:Creating prefix chain script '/root/dev_ava/install/setup.zsh'
