running egg_info
creating ../../build/ava_kinematics/ava_kinematics.egg-info
writing ../../build/ava_kinematics/ava_kinematics.egg-info/PKG-INFO
writing dependency_links to ../../build/ava_kinematics/ava_kinematics.egg-info/dependency_links.txt
writing entry points to ../../build/ava_kinematics/ava_kinematics.egg-info/entry_points.txt
writing requirements to ../../build/ava_kinematics/ava_kinematics.egg-info/requires.txt
writing top-level names to ../../build/ava_kinematics/ava_kinematics.egg-info/top_level.txt
writing manifest file '../../build/ava_kinematics/ava_kinematics.egg-info/SOURCES.txt'
reading manifest file '../../build/ava_kinematics/ava_kinematics.egg-info/SOURCES.txt'
writing manifest file '../../build/ava_kinematics/ava_kinematics.egg-info/SOURCES.txt'
running build
running build_py
creating /root/dev_ava/build/ava_kinematics/build
creating /root/dev_ava/build/ava_kinematics/build/lib
creating /root/dev_ava/build/ava_kinematics/build/lib/ava_kinematics
copying ava_kinematics/__init__.py -> /root/dev_ava/build/ava_kinematics/build/lib/ava_kinematics
copying ava_kinematics/kinematics.py -> /root/dev_ava/build/ava_kinematics/build/lib/ava_kinematics
running install
running install_lib
creating /root/dev_ava/install/ava_kinematics/lib/python3.8/site-packages/ava_kinematics
copying /root/dev_ava/build/ava_kinematics/build/lib/ava_kinematics/__init__.py -> /root/dev_ava/install/ava_kinematics/lib/python3.8/site-packages/ava_kinematics
copying /root/dev_ava/build/ava_kinematics/build/lib/ava_kinematics/kinematics.py -> /root/dev_ava/install/ava_kinematics/lib/python3.8/site-packages/ava_kinematics
byte-compiling /root/dev_ava/install/ava_kinematics/lib/python3.8/site-packages/ava_kinematics/__init__.py to __init__.cpython-38.pyc
byte-compiling /root/dev_ava/install/ava_kinematics/lib/python3.8/site-packages/ava_kinematics/kinematics.py to kinematics.cpython-38.pyc
running install_data
creating /root/dev_ava/install/ava_kinematics/share
creating /root/dev_ava/install/ava_kinematics/share/ament_index
creating /root/dev_ava/install/ava_kinematics/share/ament_index/resource_index
creating /root/dev_ava/install/ava_kinematics/share/ament_index/resource_index/packages
copying resource/ava_kinematics -> /root/dev_ava/install/ava_kinematics/share/ament_index/resource_index/packages
creating /root/dev_ava/install/ava_kinematics/share/ava_kinematics
copying package.xml -> /root/dev_ava/install/ava_kinematics/share/ava_kinematics
running install_egg_info
Copying ../../build/ava_kinematics/ava_kinematics.egg-info to /root/dev_ava/install/ava_kinematics/lib/python3.8/site-packages/ava_kinematics-0.0.0-py3.8.egg-info
running install_scripts
writing list of installed files to '/root/dev_ava/build/ava_kinematics/install.log'
