[3.843s] Invoking command in '/root/dev_ava/src/ava_kinematics': PYTHONPATH=/root/dev_ava/install/ava_kinematics/lib/python3.8/site-packages:${PYTHONPATH} /usr/bin/python3 setup.py egg_info --egg-base ../../build/ava_kinematics build --build-base /root/dev_ava/build/ava_kinematics/build install --prefix /root/dev_ava/install/ava_kinematics --record /root/dev_ava/build/ava_kinematics/install.log --single-version-externally-managed
[4.695s] running egg_info
[4.698s] creating ../../build/ava_kinematics/ava_kinematics.egg-info
[4.699s] writing ../../build/ava_kinematics/ava_kinematics.egg-info/PKG-INFO
[4.699s] writing dependency_links to ../../build/ava_kinematics/ava_kinematics.egg-info/dependency_links.txt
[4.700s] writing entry points to ../../build/ava_kinematics/ava_kinematics.egg-info/entry_points.txt
[4.701s] writing requirements to ../../build/ava_kinematics/ava_kinematics.egg-info/requires.txt
[4.701s] writing top-level names to ../../build/ava_kinematics/ava_kinematics.egg-info/top_level.txt
[4.706s] writing manifest file '../../build/ava_kinematics/ava_kinematics.egg-info/SOURCES.txt'
[4.898s] reading manifest file '../../build/ava_kinematics/ava_kinematics.egg-info/SOURCES.txt'
[4.901s] writing manifest file '../../build/ava_kinematics/ava_kinematics.egg-info/SOURCES.txt'
[4.902s] running build
[4.903s] running build_py
[4.903s] creating /root/dev_ava/build/ava_kinematics/build
[4.904s] creating /root/dev_ava/build/ava_kinematics/build/lib
[4.904s] creating /root/dev_ava/build/ava_kinematics/build/lib/ava_kinematics
[4.905s] copying ava_kinematics/__init__.py -> /root/dev_ava/build/ava_kinematics/build/lib/ava_kinematics
[4.905s] copying ava_kinematics/kinematics.py -> /root/dev_ava/build/ava_kinematics/build/lib/ava_kinematics
[4.906s] running install
[4.908s] running install_lib
[4.912s] creating /root/dev_ava/install/ava_kinematics/lib/python3.8/site-packages/ava_kinematics
[4.913s] copying /root/dev_ava/build/ava_kinematics/build/lib/ava_kinematics/__init__.py -> /root/dev_ava/install/ava_kinematics/lib/python3.8/site-packages/ava_kinematics
[4.913s] copying /root/dev_ava/build/ava_kinematics/build/lib/ava_kinematics/kinematics.py -> /root/dev_ava/install/ava_kinematics/lib/python3.8/site-packages/ava_kinematics
[4.915s] byte-compiling /root/dev_ava/install/ava_kinematics/lib/python3.8/site-packages/ava_kinematics/__init__.py to __init__.cpython-38.pyc
[4.920s] byte-compiling /root/dev_ava/install/ava_kinematics/lib/python3.8/site-packages/ava_kinematics/kinematics.py to kinematics.cpython-38.pyc
[4.925s] running install_data
[4.929s] creating /root/dev_ava/install/ava_kinematics/share
[4.929s] creating /root/dev_ava/install/ava_kinematics/share/ament_index
[4.930s] creating /root/dev_ava/install/ava_kinematics/share/ament_index/resource_index
[4.930s] creating /root/dev_ava/install/ava_kinematics/share/ament_index/resource_index/packages
[4.931s] copying resource/ava_kinematics -> /root/dev_ava/install/ava_kinematics/share/ament_index/resource_index/packages
[4.931s] creating /root/dev_ava/install/ava_kinematics/share/ava_kinematics
[4.932s] copying package.xml -> /root/dev_ava/install/ava_kinematics/share/ava_kinematics
[4.933s] running install_egg_info
[4.936s] Copying ../../build/ava_kinematics/ava_kinematics.egg-info to /root/dev_ava/install/ava_kinematics/lib/python3.8/site-packages/ava_kinematics-0.0.0-py3.8.egg-info
[4.948s] running install_scripts
[5.031s] writing list of installed files to '/root/dev_ava/build/ava_kinematics/install.log'
[5.239s] Invoked command in '/root/dev_ava/src/ava_kinematics' returned '0': PYTHONPATH=/root/dev_ava/install/ava_kinematics/lib/python3.8/site-packages:${PYTHONPATH} /usr/bin/python3 setup.py egg_info --egg-base ../../build/ava_kinematics build --build-base /root/dev_ava/build/ava_kinematics/build install --prefix /root/dev_ava/install/ava_kinematics --record /root/dev_ava/build/ava_kinematics/install.log --single-version-externally-managed
