[3.475s] Invoking command in '/root/dev_ava/src/ava_control': AMENT_PREFIX_PATH=/root/dev_ava/install/tf_transformations:/root/dev_ava/install/ava_driver:/root/dev_ava/install/ava_control:/root/dev_ava/install/rplidar_ros2:/root/dev_ava/install/ava_msgs:/root/dev_ava/install/ava_bringup:/opt/ros/foxy PYTHONPATH=/root/dev_ava/install/ava_control/lib/python3.8/site-packages:/root/dev_ava/install/tf_transformations/lib/python3.8/site-packages:/root/dev_ava/install/ava_driver/lib/python3.8/site-packages:/root/dev_ava/install/ava_control/lib/python3.8/site-packages:/root/dev_ava/install/ava_msgs/lib/python3.8/site-packages:/root/dev_ava/install/ava_kinematics/lib/python3.8/site-packages:/root/dev_ava/install/ava_bringup/lib/python3.8/site-packages:/opt/ros/foxy/lib/python3.8/site-packages /usr/bin/python3 setup.py egg_info --egg-base ../../build/ava_control build --build-base /root/dev_ava/build/ava_control/build install --prefix /root/dev_ava/install/ava_control --record /root/dev_ava/build/ava_control/install.log --single-version-externally-managed
[4.378s] running egg_info
[4.381s] writing ../../build/ava_control/ava_control.egg-info/PKG-INFO
[4.385s] writing dependency_links to ../../build/ava_control/ava_control.egg-info/dependency_links.txt
[4.386s] writing entry points to ../../build/ava_control/ava_control.egg-info/entry_points.txt
[4.388s] writing requirements to ../../build/ava_control/ava_control.egg-info/requires.txt
[4.389s] writing top-level names to ../../build/ava_control/ava_control.egg-info/top_level.txt
[4.571s] reading manifest file '../../build/ava_control/ava_control.egg-info/SOURCES.txt'
[4.576s] writing manifest file '../../build/ava_control/ava_control.egg-info/SOURCES.txt'
[4.577s] running build
[4.577s] running build_py
[4.578s] copying ava_control/ava_control.py -> /root/dev_ava/build/ava_control/build/lib/ava_control
[4.579s] running install
[4.582s] running install_lib
[4.586s] copying /root/dev_ava/build/ava_control/build/lib/ava_control/ava_control.py -> /root/dev_ava/install/ava_control/lib/python3.8/site-packages/ava_control
[4.591s] byte-compiling /root/dev_ava/install/ava_control/lib/python3.8/site-packages/ava_control/ava_control.py to ava_control.cpython-38.pyc
[4.604s] running install_data
[4.607s] running install_egg_info
[4.613s] removing '/root/dev_ava/install/ava_control/lib/python3.8/site-packages/ava_control-0.0.0-py3.8.egg-info' (and everything under it)
[4.618s] Copying ../../build/ava_control/ava_control.egg-info to /root/dev_ava/install/ava_control/lib/python3.8/site-packages/ava_control-0.0.0-py3.8.egg-info
[4.620s] running install_scripts
[4.701s] Installing ava_control script to /root/dev_ava/install/ava_control/lib/ava_control
[4.707s] Installing ava_gait script to /root/dev_ava/install/ava_control/lib/ava_control
[4.709s] Installing ava_motion script to /root/dev_ava/install/ava_control/lib/ava_control
[4.711s] writing list of installed files to '/root/dev_ava/build/ava_control/install.log'
[4.894s] Invoked command in '/root/dev_ava/src/ava_control' returned '0': AMENT_PREFIX_PATH=/root/dev_ava/install/tf_transformations:/root/dev_ava/install/ava_driver:/root/dev_ava/install/ava_control:/root/dev_ava/install/rplidar_ros2:/root/dev_ava/install/ava_msgs:/root/dev_ava/install/ava_bringup:/opt/ros/foxy PYTHONPATH=/root/dev_ava/install/ava_control/lib/python3.8/site-packages:/root/dev_ava/install/tf_transformations/lib/python3.8/site-packages:/root/dev_ava/install/ava_driver/lib/python3.8/site-packages:/root/dev_ava/install/ava_control/lib/python3.8/site-packages:/root/dev_ava/install/ava_msgs/lib/python3.8/site-packages:/root/dev_ava/install/ava_kinematics/lib/python3.8/site-packages:/root/dev_ava/install/ava_bringup/lib/python3.8/site-packages:/opt/ros/foxy/lib/python3.8/site-packages /usr/bin/python3 setup.py egg_info --egg-base ../../build/ava_control build --build-base /root/dev_ava/build/ava_control/build install --prefix /root/dev_ava/install/ava_control --record /root/dev_ava/build/ava_control/install.log --single-version-externally-managed
