[5.082s] Invoking command in '/root/dev_ava/src/ava_bringup': PYTHONPATH=/root/dev_ava/install/ava_bringup/lib/python3.8/site-packages:${PYTHONPATH} /usr/bin/python3 setup.py egg_info --egg-base ../../build/ava_bringup build --build-base /root/dev_ava/build/ava_bringup/build install --prefix /root/dev_ava/install/ava_bringup --record /root/dev_ava/build/ava_bringup/install.log --single-version-externally-managed
[6.041s] running egg_info
[6.045s] writing ../../build/ava_bringup/ava_bringup.egg-info/PKG-INFO
[6.046s] writing dependency_links to ../../build/ava_bringup/ava_bringup.egg-info/dependency_links.txt
[6.047s] writing entry points to ../../build/ava_bringup/ava_bringup.egg-info/entry_points.txt
[6.048s] writing requirements to ../../build/ava_bringup/ava_bringup.egg-info/requires.txt
[6.049s] writing top-level names to ../../build/ava_bringup/ava_bringup.egg-info/top_level.txt
[6.246s] reading manifest file '../../build/ava_bringup/ava_bringup.egg-info/SOURCES.txt'
[6.251s] writing manifest file '../../build/ava_bringup/ava_bringup.egg-info/SOURCES.txt'
[6.252s] running build
[6.253s] running build_py
[6.255s] running install
[6.259s] running install_lib
[6.266s] running install_data
[6.269s] running install_egg_info
[6.277s] removing '/root/dev_ava/install/ava_bringup/lib/python3.8/site-packages/ava_bringup-0.0.0-py3.8.egg-info' (and everything under it)
[6.281s] Copying ../../build/ava_bringup/ava_bringup.egg-info to /root/dev_ava/install/ava_bringup/lib/python3.8/site-packages/ava_bringup-0.0.0-py3.8.egg-info
[6.288s] running install_scripts
[6.390s] writing list of installed files to '/root/dev_ava/build/ava_bringup/install.log'
[6.536s] Invoked command in '/root/dev_ava/src/ava_bringup' returned '0': PYTHONPATH=/root/dev_ava/install/ava_bringup/lib/python3.8/site-packages:${PYTHONPATH} /usr/bin/python3 setup.py egg_info --egg-base ../../build/ava_bringup build --build-base /root/dev_ava/build/ava_bringup/build install --prefix /root/dev_ava/install/ava_bringup --record /root/dev_ava/build/ava_bringup/install.log --single-version-externally-managed
