[0.471s] Invoking command in '/root/dev_ava/build/ava_msgs': CMAKE_PREFIX_PATH=/opt/ros/foxy /usr/bin/cmake /root/dev_ava/src/ava_msgs -DCMAKE_INSTALL_PREFIX=/root/dev_ava/install/ava_msgs
[1.230s] -- The C compiler identification is GNU 9.4.0
[1.232s] -- The CXX compiler identification is GNU 9.4.0
[1.233s] -- Check for working C compiler: /usr/bin/cc
[1.234s] -- Check for working C compiler: /usr/bin/cc -- works
[1.236s] -- Detecting C compiler ABI info
[1.239s] -- Detecting C compiler ABI info - done
[1.241s] -- Detecting C compile features
[1.241s] -- Detecting C compile features - done
[1.244s] -- Check for working CXX compiler: /usr/bin/c++
[1.246s] -- Check for working CXX compiler: /usr/bin/c++ -- works
[1.248s] -- Detecting CXX compiler ABI info
[1.297s] -- Detecting CXX compiler ABI info - done
[1.335s] -- Detecting CXX compile features
[1.336s] -- Detecting CXX compile features - done
[1.341s] -- Found ament_cmake: 0.9.9 (/opt/ros/foxy/share/ament_cmake/cmake)
[1.373s] -- Found PythonInterp: /usr/bin/python3 (found suitable version "3.8.10", minimum required is "3") 
[1.373s] -- Using PYTHON_EXECUTABLE: /usr/bin/python3
[1.765s] -- Found rosidl_default_generators: 1.0.1 (/opt/ros/foxy/share/rosidl_default_generators/cmake)
[1.777s] -- Using all available rosidl_typesupport_c: rosidl_typesupport_fastrtps_c;rosidl_typesupport_introspection_c
[1.797s] -- Found rosidl_adapter: 1.2.1 (/opt/ros/foxy/share/rosidl_adapter/cmake)
[1.968s] -- Found OpenSSL: /usr/lib/x86_64-linux-gnu/libcrypto.so (found version "1.1.1f")  
[2.007s] -- Found FastRTPS: /opt/ros/foxy/include  
[2.188s] -- Using all available rosidl_typesupport_cpp: rosidl_typesupport_fastrtps_cpp;rosidl_typesupport_introspection_cpp
[2.323s] -- Found PythonInterp: /usr/bin/python3 (found version "3.8.10") 
[2.700s] -- Found ament_cmake_ros: 0.9.2 (/opt/ros/foxy/share/ament_cmake_ros/cmake)
[2.874s] -- Using all available rosidl_typesupport_c: rosidl_typesupport_fastrtps_c;rosidl_typesupport_introspection_c
[2.903s] -- Using all available rosidl_typesupport_cpp: rosidl_typesupport_fastrtps_cpp;rosidl_typesupport_introspection_cpp
[2.940s] -- Found PythonInterp: /usr/bin/python3 (found suitable version "3.8.10", minimum required is "3.5") 
[2.942s] -- Found python_cmake_module: 0.8.1 (/opt/ros/foxy/share/python_cmake_module/cmake)
[2.977s] -- Found PythonLibs: /usr/lib/x86_64-linux-gnu/libpython3.8.so (found suitable version "3.8.10", minimum required is "3.5") 
[2.977s] -- Using PYTHON_EXECUTABLE: /usr/bin/python3
[2.978s] -- Using PYTHON_INCLUDE_DIRS: /usr/include/python3.8
[2.978s] -- Using PYTHON_LIBRARIES: /usr/lib/x86_64-linux-gnu/libpython3.8.so
[3.006s] -- Found PythonExtra: .so  
[3.087s] -- Found ament_lint_auto: 0.9.6 (/opt/ros/foxy/share/ament_lint_auto/cmake)
[3.134s] -- Added test 'copyright' to check source files copyright and LICENSE
[3.140s] -- Added test 'lint_cmake' to check CMake code style
[3.143s] -- Added test 'xmllint' to check XML markup files
[3.153s] -- Configuring done
[3.315s] -- Generating done
[3.327s] -- Build files have been written to: /root/dev_ava/build/ava_msgs
[3.347s] Invoked command in '/root/dev_ava/build/ava_msgs' returned '0': CMAKE_PREFIX_PATH=/opt/ros/foxy /usr/bin/cmake /root/dev_ava/src/ava_msgs -DCMAKE_INSTALL_PREFIX=/root/dev_ava/install/ava_msgs
[3.355s] Invoking command in '/root/dev_ava/build/ava_msgs': CMAKE_PREFIX_PATH=/opt/ros/foxy /usr/bin/cmake --build /root/dev_ava/build/ava_msgs -- -j12 -l12
[3.432s] [35m[1mScanning dependencies of target ava_msgs__cpp[0m
[3.433s] [  1%] [34m[1mGenerating C code for ROS interfaces[0m
[3.451s] [  3%] [34m[1mGenerating C++ code for ROS interfaces[0m
[4.668s] [  3%] Built target ava_msgs__cpp
[4.694s] [  4%] [34m[1mGenerating C++ type support dispatch for ROS interfaces[0m
[4.698s] [  6%] [34m[1mGenerating C++ type support for eProsima Fast-RTPS[0m
[4.708s] [  7%] [34m[1mGenerating C++ introspection for ROS interfaces[0m
[4.727s] [35m[1mScanning dependencies of target ava_msgs__rosidl_generator_c[0m
[4.757s] [  9%] [32mBuilding C object CMakeFiles/ava_msgs__rosidl_generator_c.dir/rosidl_generator_c/ava_msgs/msg/detail/ava_pose__functions.c.o[0m
[4.760s] [ 14%] [32mBuilding C object CMakeFiles/ava_msgs__rosidl_generator_c.dir/rosidl_generator_c/ava_msgs/msg/detail/leg_position__functions.c.o[0m
[4.761s] [ 14%] [32mBuilding C object CMakeFiles/ava_msgs__rosidl_generator_c.dir/rosidl_generator_c/ava_msgs/msg/detail/ava_info__functions.c.o[0m
[4.761s] [ 14%] [32mBuilding C object CMakeFiles/ava_msgs__rosidl_generator_c.dir/rosidl_generator_c/ava_msgs/msg/detail/ava_command__functions.c.o[0m
[4.762s] [ 15%] [32mBuilding C object CMakeFiles/ava_msgs__rosidl_generator_c.dir/rosidl_generator_c/ava_msgs/msg/detail/velocity__functions.c.o[0m
[4.857s] [ 17%] [32m[1mLinking C shared library libava_msgs__rosidl_generator_c.so[0m
[4.927s] [ 17%] Built target ava_msgs__rosidl_generator_c
[4.947s] [ 19%] [34m[1mGenerating C type support dispatch for ROS interfaces[0m
[4.951s] [ 20%] [34m[1mGenerating C introspection for ROS interfaces[0m
[5.577s] [35m[1mScanning dependencies of target ava_msgs__rosidl_typesupport_cpp[0m
[5.609s] [ 22%] [32mBuilding CXX object CMakeFiles/ava_msgs__rosidl_typesupport_cpp.dir/rosidl_typesupport_cpp/ava_msgs/msg/leg_position__type_support.cpp.o[0m
[5.610s] [ 23%] [32mBuilding CXX object CMakeFiles/ava_msgs__rosidl_typesupport_cpp.dir/rosidl_typesupport_cpp/ava_msgs/msg/ava_pose__type_support.cpp.o[0m
[5.612s] [ 26%] [32mBuilding CXX object CMakeFiles/ava_msgs__rosidl_typesupport_cpp.dir/rosidl_typesupport_cpp/ava_msgs/msg/ava_command__type_support.cpp.o[0m
[5.613s] [ 26%] [32mBuilding CXX object CMakeFiles/ava_msgs__rosidl_typesupport_cpp.dir/rosidl_typesupport_cpp/ava_msgs/msg/velocity__type_support.cpp.o[0m
[5.613s] [ 28%] [32mBuilding CXX object CMakeFiles/ava_msgs__rosidl_typesupport_cpp.dir/rosidl_typesupport_cpp/ava_msgs/msg/ava_info__type_support.cpp.o[0m
[5.835s] [35m[1mScanning dependencies of target ava_msgs__rosidl_typesupport_introspection_cpp[0m
[5.874s] [35m[1mScanning dependencies of target ava_msgs__rosidl_typesupport_c[0m
[5.879s] [ 30%] [32mBuilding CXX object CMakeFiles/ava_msgs__rosidl_typesupport_introspection_cpp.dir/rosidl_typesupport_introspection_cpp/ava_msgs/msg/detail/ava_pose__type_support.cpp.o[0m
[5.880s] [ 31%] [32mBuilding CXX object CMakeFiles/ava_msgs__rosidl_typesupport_introspection_cpp.dir/rosidl_typesupport_introspection_cpp/ava_msgs/msg/detail/leg_position__type_support.cpp.o[0m
[5.880s] [ 33%] [32mBuilding CXX object CMakeFiles/ava_msgs__rosidl_typesupport_introspection_cpp.dir/rosidl_typesupport_introspection_cpp/ava_msgs/msg/detail/ava_command__type_support.cpp.o[0m
[5.883s] [ 34%] [32mBuilding CXX object CMakeFiles/ava_msgs__rosidl_typesupport_introspection_cpp.dir/rosidl_typesupport_introspection_cpp/ava_msgs/msg/detail/velocity__type_support.cpp.o[0m
[5.919s] [ 36%] [32mBuilding CXX object CMakeFiles/ava_msgs__rosidl_typesupport_c.dir/rosidl_typesupport_c/ava_msgs/msg/leg_position__type_support.cpp.o[0m
[6.029s] [ 38%] [32mBuilding CXX object CMakeFiles/ava_msgs__rosidl_typesupport_c.dir/rosidl_typesupport_c/ava_msgs/msg/ava_pose__type_support.cpp.o[0m
[6.158s] [ 39%] [32mBuilding CXX object CMakeFiles/ava_msgs__rosidl_typesupport_c.dir/rosidl_typesupport_c/ava_msgs/msg/ava_command__type_support.cpp.o[0m
[6.193s] [35m[1mScanning dependencies of target ava_msgs__rosidl_typesupport_fastrtps_cpp[0m
[6.265s] [ 41%] [32mBuilding CXX object CMakeFiles/ava_msgs__rosidl_typesupport_c.dir/rosidl_typesupport_c/ava_msgs/msg/velocity__type_support.cpp.o[0m
[6.271s] [ 42%] [32mBuilding CXX object CMakeFiles/ava_msgs__rosidl_typesupport_fastrtps_cpp.dir/rosidl_typesupport_fastrtps_cpp/ava_msgs/msg/detail/dds_fastrtps/leg_position__type_support.cpp.o[0m
[6.374s] [ 44%] [32mBuilding CXX object CMakeFiles/ava_msgs__rosidl_typesupport_c.dir/rosidl_typesupport_c/ava_msgs/msg/ava_info__type_support.cpp.o[0m
[6.425s] [35m[1mScanning dependencies of target ava_msgs__rosidl_typesupport_introspection_c[0m
[6.504s] [ 46%] [32m[1mLinking CXX shared library libava_msgs__rosidl_typesupport_c.so[0m
[6.522s] [ 47%] [32mBuilding C object CMakeFiles/ava_msgs__rosidl_typesupport_introspection_c.dir/rosidl_typesupport_introspection_c/ava_msgs/msg/detail/leg_position__type_support.c.o[0m
[6.638s] [ 49%] [32mBuilding CXX object CMakeFiles/ava_msgs__rosidl_typesupport_introspection_cpp.dir/rosidl_typesupport_introspection_cpp/ava_msgs/msg/detail/ava_info__type_support.cpp.o[0m
[6.670s] [ 50%] [32mBuilding C object CMakeFiles/ava_msgs__rosidl_typesupport_introspection_c.dir/rosidl_typesupport_introspection_c/ava_msgs/msg/detail/ava_pose__type_support.c.o[0m
[6.677s] [ 52%] [32mBuilding C object CMakeFiles/ava_msgs__rosidl_typesupport_introspection_c.dir/rosidl_typesupport_introspection_c/ava_msgs/msg/detail/ava_command__type_support.c.o[0m
[6.703s] [ 52%] Built target ava_msgs__rosidl_typesupport_c
[6.720s] [ 53%] [32mBuilding C object CMakeFiles/ava_msgs__rosidl_typesupport_introspection_c.dir/rosidl_typesupport_introspection_c/ava_msgs/msg/detail/velocity__type_support.c.o[0m
[6.729s] [ 55%] [32mBuilding C object CMakeFiles/ava_msgs__rosidl_typesupport_introspection_c.dir/rosidl_typesupport_introspection_c/ava_msgs/msg/detail/ava_info__type_support.c.o[0m
[6.748s] [ 57%] [32mBuilding CXX object CMakeFiles/ava_msgs__rosidl_typesupport_fastrtps_cpp.dir/rosidl_typesupport_fastrtps_cpp/ava_msgs/msg/detail/dds_fastrtps/ava_pose__type_support.cpp.o[0m
[6.762s] [ 58%] [32mBuilding CXX object CMakeFiles/ava_msgs__rosidl_typesupport_fastrtps_cpp.dir/rosidl_typesupport_fastrtps_cpp/ava_msgs/msg/detail/dds_fastrtps/ava_command__type_support.cpp.o[0m
[6.773s] [ 60%] [32m[1mLinking CXX shared library libava_msgs__rosidl_typesupport_cpp.so[0m
[6.780s] [ 61%] [32mBuilding CXX object CMakeFiles/ava_msgs__rosidl_typesupport_fastrtps_cpp.dir/rosidl_typesupport_fastrtps_cpp/ava_msgs/msg/detail/dds_fastrtps/velocity__type_support.cpp.o[0m
[6.826s] [ 63%] [32mBuilding CXX object CMakeFiles/ava_msgs__rosidl_typesupport_fastrtps_cpp.dir/rosidl_typesupport_fastrtps_cpp/ava_msgs/msg/detail/dds_fastrtps/ava_info__type_support.cpp.o[0m
[6.828s] [ 65%] [32m[1mLinking C shared library libava_msgs__rosidl_typesupport_introspection_c.so[0m
[6.900s] [ 65%] Built target ava_msgs__rosidl_typesupport_cpp
[6.925s] [ 65%] Built target ava_msgs__rosidl_typesupport_introspection_c
[7.455s] [ 66%] [32m[1mLinking CXX shared library libava_msgs__rosidl_typesupport_introspection_cpp.so[0m
[7.637s] [ 66%] Built target ava_msgs__rosidl_typesupport_introspection_cpp
[7.944s] [ 68%] [32m[1mLinking CXX shared library libava_msgs__rosidl_typesupport_fastrtps_cpp.so[0m
[8.105s] [ 68%] Built target ava_msgs__rosidl_typesupport_fastrtps_cpp
[8.122s] [ 69%] [34m[1mGenerating C type support for eProsima Fast-RTPS[0m
[9.152s] [35m[1mScanning dependencies of target ava_msgs__rosidl_typesupport_fastrtps_c[0m
[9.187s] [ 71%] [32mBuilding CXX object CMakeFiles/ava_msgs__rosidl_typesupport_fastrtps_c.dir/rosidl_typesupport_fastrtps_c/ava_msgs/msg/detail/ava_pose__type_support_c.cpp.o[0m
[9.188s] [ 73%] [32mBuilding CXX object CMakeFiles/ava_msgs__rosidl_typesupport_fastrtps_c.dir/rosidl_typesupport_fastrtps_c/ava_msgs/msg/detail/leg_position__type_support_c.cpp.o[0m
[9.189s] [ 74%] [32mBuilding CXX object CMakeFiles/ava_msgs__rosidl_typesupport_fastrtps_c.dir/rosidl_typesupport_fastrtps_c/ava_msgs/msg/detail/ava_command__type_support_c.cpp.o[0m
[9.190s] [ 76%] [32mBuilding CXX object CMakeFiles/ava_msgs__rosidl_typesupport_fastrtps_c.dir/rosidl_typesupport_fastrtps_c/ava_msgs/msg/detail/ava_info__type_support_c.cpp.o[0m
[9.191s] [ 77%] [32mBuilding CXX object CMakeFiles/ava_msgs__rosidl_typesupport_fastrtps_c.dir/rosidl_typesupport_fastrtps_c/ava_msgs/msg/detail/velocity__type_support_c.cpp.o[0m
[10.084s] [ 79%] [32m[1mLinking CXX shared library libava_msgs__rosidl_typesupport_fastrtps_c.so[0m
[10.241s] [ 79%] Built target ava_msgs__rosidl_typesupport_fastrtps_c
[10.260s] [35m[1mScanning dependencies of target ava_msgs[0m
[10.277s] [ 79%] Built target ava_msgs
[10.294s] [35m[1mScanning dependencies of target ava_msgs__py[0m
[10.316s] [ 80%] [34m[1mGenerating Python code for ROS interfaces[0m
[12.476s] [ 80%] Built target ava_msgs__py
[12.493s] [35m[1mScanning dependencies of target ava_msgs__python[0m
[12.548s] [ 84%] [32mBuilding C object CMakeFiles/ava_msgs__python.dir/rosidl_generator_py/ava_msgs/msg/_ava_pose_s.c.o[0m
[12.549s] [ 84%] [32mBuilding C object CMakeFiles/ava_msgs__python.dir/rosidl_generator_py/ava_msgs/msg/_leg_position_s.c.o[0m
[12.550s] [ 85%] [32mBuilding C object CMakeFiles/ava_msgs__python.dir/rosidl_generator_py/ava_msgs/msg/_ava_command_s.c.o[0m
[12.551s] [ 87%] [32mBuilding C object CMakeFiles/ava_msgs__python.dir/rosidl_generator_py/ava_msgs/msg/_velocity_s.c.o[0m
[12.552s] [ 88%] [32mBuilding C object CMakeFiles/ava_msgs__python.dir/rosidl_generator_py/ava_msgs/msg/_ava_info_s.c.o[0m
[12.811s] [ 90%] [32m[1mLinking C shared library rosidl_generator_py/ava_msgs/libava_msgs__python.so[0m
[12.878s] [ 90%] Built target ava_msgs__python
[12.895s] [35m[1mScanning dependencies of target ava_msgs__rosidl_typesupport_c__pyext[0m
[12.895s] [35m[1mScanning dependencies of target ava_msgs__rosidl_typesupport_introspection_c__pyext[0m
[12.896s] [35m[1mScanning dependencies of target ava_msgs__rosidl_typesupport_fastrtps_c__pyext[0m
[12.934s] [ 92%] [32mBuilding C object CMakeFiles/ava_msgs__rosidl_typesupport_introspection_c__pyext.dir/rosidl_generator_py/ava_msgs/_ava_msgs_s.ep.rosidl_typesupport_introspection_c.c.o[0m
[12.934s] [ 93%] [32mBuilding C object CMakeFiles/ava_msgs__rosidl_typesupport_fastrtps_c__pyext.dir/rosidl_generator_py/ava_msgs/_ava_msgs_s.ep.rosidl_typesupport_fastrtps_c.c.o[0m
[12.937s] [ 95%] [32mBuilding C object CMakeFiles/ava_msgs__rosidl_typesupport_c__pyext.dir/rosidl_generator_py/ava_msgs/_ava_msgs_s.ep.rosidl_typesupport_c.c.o[0m
[13.140s] [ 96%] [32m[1mLinking C shared library rosidl_generator_py/ava_msgs/ava_msgs_s__rosidl_typesupport_introspection_c.cpython-38-x86_64-linux-gnu.so[0m
[13.142s] [ 98%] [32m[1mLinking CXX shared library rosidl_generator_py/ava_msgs/ava_msgs_s__rosidl_typesupport_fastrtps_c.cpython-38-x86_64-linux-gnu.so[0m
[13.159s] [100%] [32m[1mLinking C shared library rosidl_generator_py/ava_msgs/ava_msgs_s__rosidl_typesupport_c.cpython-38-x86_64-linux-gnu.so[0m
[13.205s] [100%] Built target ava_msgs__rosidl_typesupport_introspection_c__pyext
[13.226s] [100%] Built target ava_msgs__rosidl_typesupport_c__pyext
[13.274s] [100%] Built target ava_msgs__rosidl_typesupport_fastrtps_c__pyext
[13.300s] Invoked command in '/root/dev_ava/build/ava_msgs' returned '0': CMAKE_PREFIX_PATH=/opt/ros/foxy /usr/bin/cmake --build /root/dev_ava/build/ava_msgs -- -j12 -l12
[13.543s] Invoking command in '/root/dev_ava/build/ava_msgs': CMAKE_PREFIX_PATH=/opt/ros/foxy /usr/bin/cmake --install /root/dev_ava/build/ava_msgs
[13.559s] -- Install configuration: ""
[13.560s] -- Installing: /root/dev_ava/install/ava_msgs/share/ament_index/resource_index/rosidl_interfaces/ava_msgs
[13.561s] -- Installing: /root/dev_ava/install/ava_msgs/include/ava_msgs
[13.562s] -- Installing: /root/dev_ava/install/ava_msgs/include/ava_msgs/msg
[13.562s] -- Installing: /root/dev_ava/install/ava_msgs/include/ava_msgs/msg/ava_info.h
[13.562s] -- Installing: /root/dev_ava/install/ava_msgs/include/ava_msgs/msg/ava_command.h
[13.563s] -- Installing: /root/dev_ava/install/ava_msgs/include/ava_msgs/msg/velocity.h
[13.564s] -- Installing: /root/dev_ava/install/ava_msgs/include/ava_msgs/msg/ava_pose.h
[13.564s] -- Installing: /root/dev_ava/install/ava_msgs/include/ava_msgs/msg/rosidl_generator_c__visibility_control.h
[13.565s] -- Installing: /root/dev_ava/install/ava_msgs/include/ava_msgs/msg/detail
[13.565s] -- Installing: /root/dev_ava/install/ava_msgs/include/ava_msgs/msg/detail/velocity__functions.c
[13.566s] -- Installing: /root/dev_ava/install/ava_msgs/include/ava_msgs/msg/detail/ava_pose__functions.c
[13.567s] -- Installing: /root/dev_ava/install/ava_msgs/include/ava_msgs/msg/detail/leg_position__functions.c
[13.567s] -- Installing: /root/dev_ava/install/ava_msgs/include/ava_msgs/msg/detail/ava_pose__struct.h
[13.568s] -- Installing: /root/dev_ava/install/ava_msgs/include/ava_msgs/msg/detail/ava_info__functions.c
[13.568s] -- Installing: /root/dev_ava/install/ava_msgs/include/ava_msgs/msg/detail/ava_pose__type_support.h
[13.569s] -- Installing: /root/dev_ava/install/ava_msgs/include/ava_msgs/msg/detail/ava_info__type_support.h
[13.569s] -- Installing: /root/dev_ava/install/ava_msgs/include/ava_msgs/msg/detail/ava_command__type_support.h
[13.570s] -- Installing: /root/dev_ava/install/ava_msgs/include/ava_msgs/msg/detail/ava_info__struct.h
[13.571s] -- Installing: /root/dev_ava/install/ava_msgs/include/ava_msgs/msg/detail/ava_pose__functions.h
[13.571s] -- Installing: /root/dev_ava/install/ava_msgs/include/ava_msgs/msg/detail/velocity__functions.h
[13.572s] -- Installing: /root/dev_ava/install/ava_msgs/include/ava_msgs/msg/detail/leg_position__type_support.h
[13.572s] -- Installing: /root/dev_ava/install/ava_msgs/include/ava_msgs/msg/detail/ava_command__struct.h
[13.573s] -- Installing: /root/dev_ava/install/ava_msgs/include/ava_msgs/msg/detail/ava_info__functions.h
[13.574s] -- Installing: /root/dev_ava/install/ava_msgs/include/ava_msgs/msg/detail/leg_position__struct.h
[13.574s] -- Installing: /root/dev_ava/install/ava_msgs/include/ava_msgs/msg/detail/ava_command__functions.c
[13.574s] -- Installing: /root/dev_ava/install/ava_msgs/include/ava_msgs/msg/detail/velocity__type_support.h
[13.575s] -- Installing: /root/dev_ava/install/ava_msgs/include/ava_msgs/msg/detail/leg_position__functions.h
[13.575s] -- Installing: /root/dev_ava/install/ava_msgs/include/ava_msgs/msg/detail/velocity__struct.h
[13.576s] -- Installing: /root/dev_ava/install/ava_msgs/include/ava_msgs/msg/detail/ava_command__functions.h
[13.576s] -- Installing: /root/dev_ava/install/ava_msgs/include/ava_msgs/msg/leg_position.h
[13.578s] -- Installing: /root/dev_ava/install/ava_msgs/share/ava_msgs/environment/library_path.sh
[13.578s] -- Installing: /root/dev_ava/install/ava_msgs/share/ava_msgs/environment/library_path.dsv
[13.579s] -- Installing: /root/dev_ava/install/ava_msgs/lib/libava_msgs__rosidl_generator_c.so
[13.581s] -- Set runtime path of "/root/dev_ava/install/ava_msgs/lib/libava_msgs__rosidl_generator_c.so" to ""
[13.581s] -- Up-to-date: /root/dev_ava/install/ava_msgs/include/ava_msgs
[13.582s] -- Up-to-date: /root/dev_ava/install/ava_msgs/include/ava_msgs/msg
[13.583s] -- Installing: /root/dev_ava/install/ava_msgs/include/ava_msgs/msg/rosidl_typesupport_fastrtps_c__visibility_control.h
[13.583s] -- Up-to-date: /root/dev_ava/install/ava_msgs/include/ava_msgs/msg/detail
[13.583s] -- Installing: /root/dev_ava/install/ava_msgs/include/ava_msgs/msg/detail/ava_command__rosidl_typesupport_fastrtps_c.h
[13.584s] -- Installing: /root/dev_ava/install/ava_msgs/include/ava_msgs/msg/detail/ava_info__rosidl_typesupport_fastrtps_c.h
[13.584s] -- Installing: /root/dev_ava/install/ava_msgs/include/ava_msgs/msg/detail/leg_position__rosidl_typesupport_fastrtps_c.h
[13.584s] -- Installing: /root/dev_ava/install/ava_msgs/include/ava_msgs/msg/detail/ava_pose__rosidl_typesupport_fastrtps_c.h
[13.585s] -- Installing: /root/dev_ava/install/ava_msgs/include/ava_msgs/msg/detail/velocity__rosidl_typesupport_fastrtps_c.h
[13.585s] -- Installing: /root/dev_ava/install/ava_msgs/lib/libava_msgs__rosidl_typesupport_fastrtps_c.so
[13.586s] -- Set runtime path of "/root/dev_ava/install/ava_msgs/lib/libava_msgs__rosidl_typesupport_fastrtps_c.so" to ""
[13.586s] -- Up-to-date: /root/dev_ava/install/ava_msgs/include/ava_msgs
[13.587s] -- Up-to-date: /root/dev_ava/install/ava_msgs/include/ava_msgs/msg
[13.587s] -- Installing: /root/dev_ava/install/ava_msgs/include/ava_msgs/msg/rosidl_typesupport_fastrtps_cpp__visibility_control.h
[13.588s] -- Up-to-date: /root/dev_ava/install/ava_msgs/include/ava_msgs/msg/detail
[13.589s] -- Installing: /root/dev_ava/install/ava_msgs/include/ava_msgs/msg/detail/ava_command__rosidl_typesupport_fastrtps_cpp.hpp
[13.589s] -- Installing: /root/dev_ava/install/ava_msgs/include/ava_msgs/msg/detail/ava_pose__rosidl_typesupport_fastrtps_cpp.hpp
[13.589s] -- Installing: /root/dev_ava/install/ava_msgs/include/ava_msgs/msg/detail/velocity__rosidl_typesupport_fastrtps_cpp.hpp
[13.590s] -- Installing: /root/dev_ava/install/ava_msgs/include/ava_msgs/msg/detail/dds_fastrtps
[13.590s] -- Installing: /root/dev_ava/install/ava_msgs/include/ava_msgs/msg/detail/leg_position__rosidl_typesupport_fastrtps_cpp.hpp
[13.590s] -- Installing: /root/dev_ava/install/ava_msgs/include/ava_msgs/msg/detail/ava_info__rosidl_typesupport_fastrtps_cpp.hpp
[13.591s] -- Installing: /root/dev_ava/install/ava_msgs/lib/libava_msgs__rosidl_typesupport_fastrtps_cpp.so
[13.592s] -- Set runtime path of "/root/dev_ava/install/ava_msgs/lib/libava_msgs__rosidl_typesupport_fastrtps_cpp.so" to ""
[13.592s] -- Up-to-date: /root/dev_ava/install/ava_msgs/include/ava_msgs
[13.593s] -- Up-to-date: /root/dev_ava/install/ava_msgs/include/ava_msgs/msg
[13.593s] -- Installing: /root/dev_ava/install/ava_msgs/include/ava_msgs/msg/rosidl_typesupport_introspection_c__visibility_control.h
[13.593s] -- Up-to-date: /root/dev_ava/install/ava_msgs/include/ava_msgs/msg/detail
[13.593s] -- Installing: /root/dev_ava/install/ava_msgs/include/ava_msgs/msg/detail/ava_info__rosidl_typesupport_introspection_c.h
[13.594s] -- Installing: /root/dev_ava/install/ava_msgs/include/ava_msgs/msg/detail/ava_pose__rosidl_typesupport_introspection_c.h
[13.594s] -- Installing: /root/dev_ava/install/ava_msgs/include/ava_msgs/msg/detail/ava_command__type_support.c
[13.595s] -- Installing: /root/dev_ava/install/ava_msgs/include/ava_msgs/msg/detail/leg_position__type_support.c
[13.595s] -- Installing: /root/dev_ava/install/ava_msgs/include/ava_msgs/msg/detail/ava_info__type_support.c
[13.595s] -- Installing: /root/dev_ava/install/ava_msgs/include/ava_msgs/msg/detail/velocity__rosidl_typesupport_introspection_c.h
[13.596s] -- Installing: /root/dev_ava/install/ava_msgs/include/ava_msgs/msg/detail/velocity__type_support.c
[13.596s] -- Installing: /root/dev_ava/install/ava_msgs/include/ava_msgs/msg/detail/ava_pose__type_support.c
[13.597s] -- Installing: /root/dev_ava/install/ava_msgs/include/ava_msgs/msg/detail/leg_position__rosidl_typesupport_introspection_c.h
[13.597s] -- Installing: /root/dev_ava/install/ava_msgs/include/ava_msgs/msg/detail/ava_command__rosidl_typesupport_introspection_c.h
[13.598s] -- Installing: /root/dev_ava/install/ava_msgs/lib/libava_msgs__rosidl_typesupport_introspection_c.so
[13.598s] -- Set runtime path of "/root/dev_ava/install/ava_msgs/lib/libava_msgs__rosidl_typesupport_introspection_c.so" to ""
[13.598s] -- Installing: /root/dev_ava/install/ava_msgs/lib/libava_msgs__rosidl_typesupport_c.so
[13.599s] -- Set runtime path of "/root/dev_ava/install/ava_msgs/lib/libava_msgs__rosidl_typesupport_c.so" to ""
[13.599s] -- Up-to-date: /root/dev_ava/install/ava_msgs/include/ava_msgs
[13.600s] -- Up-to-date: /root/dev_ava/install/ava_msgs/include/ava_msgs/msg
[13.600s] -- Installing: /root/dev_ava/install/ava_msgs/include/ava_msgs/msg/leg_position.hpp
[13.600s] -- Installing: /root/dev_ava/install/ava_msgs/include/ava_msgs/msg/velocity.hpp
[13.601s] -- Installing: /root/dev_ava/install/ava_msgs/include/ava_msgs/msg/ava_info.hpp
[13.601s] -- Installing: /root/dev_ava/install/ava_msgs/include/ava_msgs/msg/ava_pose.hpp
[13.601s] -- Installing: /root/dev_ava/install/ava_msgs/include/ava_msgs/msg/ava_command.hpp
[13.602s] -- Up-to-date: /root/dev_ava/install/ava_msgs/include/ava_msgs/msg/detail
[13.602s] -- Installing: /root/dev_ava/install/ava_msgs/include/ava_msgs/msg/detail/ava_info__builder.hpp
[13.602s] -- Installing: /root/dev_ava/install/ava_msgs/include/ava_msgs/msg/detail/ava_pose__traits.hpp
[13.603s] -- Installing: /root/dev_ava/install/ava_msgs/include/ava_msgs/msg/detail/ava_command__struct.hpp
[13.603s] -- Installing: /root/dev_ava/install/ava_msgs/include/ava_msgs/msg/detail/ava_pose__struct.hpp
[13.604s] -- Installing: /root/dev_ava/install/ava_msgs/include/ava_msgs/msg/detail/velocity__traits.hpp
[13.604s] -- Installing: /root/dev_ava/install/ava_msgs/include/ava_msgs/msg/detail/ava_info__struct.hpp
[13.604s] -- Installing: /root/dev_ava/install/ava_msgs/include/ava_msgs/msg/detail/velocity__builder.hpp
[13.605s] -- Installing: /root/dev_ava/install/ava_msgs/include/ava_msgs/msg/detail/ava_command__traits.hpp
[13.606s] -- Installing: /root/dev_ava/install/ava_msgs/include/ava_msgs/msg/detail/velocity__struct.hpp
[13.606s] -- Installing: /root/dev_ava/install/ava_msgs/include/ava_msgs/msg/detail/ava_pose__builder.hpp
[13.606s] -- Installing: /root/dev_ava/install/ava_msgs/include/ava_msgs/msg/detail/ava_info__traits.hpp
[13.607s] -- Installing: /root/dev_ava/install/ava_msgs/include/ava_msgs/msg/detail/leg_position__builder.hpp
[13.607s] -- Installing: /root/dev_ava/install/ava_msgs/include/ava_msgs/msg/detail/ava_command__builder.hpp
[13.607s] -- Installing: /root/dev_ava/install/ava_msgs/include/ava_msgs/msg/detail/leg_position__struct.hpp
[13.608s] -- Installing: /root/dev_ava/install/ava_msgs/include/ava_msgs/msg/detail/leg_position__traits.hpp
[13.608s] -- Up-to-date: /root/dev_ava/install/ava_msgs/include/ava_msgs
[13.608s] -- Up-to-date: /root/dev_ava/install/ava_msgs/include/ava_msgs/msg
[13.608s] -- Up-to-date: /root/dev_ava/install/ava_msgs/include/ava_msgs/msg/detail
[13.609s] -- Installing: /root/dev_ava/install/ava_msgs/include/ava_msgs/msg/detail/leg_position__type_support.cpp
[13.609s] -- Installing: /root/dev_ava/install/ava_msgs/include/ava_msgs/msg/detail/velocity__type_support.cpp
[13.609s] -- Installing: /root/dev_ava/install/ava_msgs/include/ava_msgs/msg/detail/ava_info__rosidl_typesupport_introspection_cpp.hpp
[13.609s] -- Installing: /root/dev_ava/install/ava_msgs/include/ava_msgs/msg/detail/ava_pose__rosidl_typesupport_introspection_cpp.hpp
[13.610s] -- Installing: /root/dev_ava/install/ava_msgs/include/ava_msgs/msg/detail/leg_position__rosidl_typesupport_introspection_cpp.hpp
[13.610s] -- Installing: /root/dev_ava/install/ava_msgs/include/ava_msgs/msg/detail/ava_command__rosidl_typesupport_introspection_cpp.hpp
[13.610s] -- Installing: /root/dev_ava/install/ava_msgs/include/ava_msgs/msg/detail/ava_pose__type_support.cpp
[13.611s] -- Installing: /root/dev_ava/install/ava_msgs/include/ava_msgs/msg/detail/ava_info__type_support.cpp
[13.611s] -- Installing: /root/dev_ava/install/ava_msgs/include/ava_msgs/msg/detail/ava_command__type_support.cpp
[13.611s] -- Installing: /root/dev_ava/install/ava_msgs/include/ava_msgs/msg/detail/velocity__rosidl_typesupport_introspection_cpp.hpp
[13.611s] -- Installing: /root/dev_ava/install/ava_msgs/lib/libava_msgs__rosidl_typesupport_introspection_cpp.so
[13.612s] -- Set runtime path of "/root/dev_ava/install/ava_msgs/lib/libava_msgs__rosidl_typesupport_introspection_cpp.so" to ""
[13.613s] -- Installing: /root/dev_ava/install/ava_msgs/lib/libava_msgs__rosidl_typesupport_cpp.so
[13.613s] -- Set runtime path of "/root/dev_ava/install/ava_msgs/lib/libava_msgs__rosidl_typesupport_cpp.so" to ""
[13.613s] -- Installing: /root/dev_ava/install/ava_msgs/share/ava_msgs/environment/pythonpath.sh
[13.614s] -- Installing: /root/dev_ava/install/ava_msgs/share/ava_msgs/environment/pythonpath.dsv
[13.614s] -- Installing: /root/dev_ava/install/ava_msgs/lib/python3.8/site-packages/ava_msgs/__init__.py
[13.684s] Compiling '/root/dev_ava/install/ava_msgs/lib/python3.8/site-packages/ava_msgs/__init__.py'...
[13.692s] -- Installing: /root/dev_ava/install/ava_msgs/lib/python3.8/site-packages/ava_msgs/msg
[13.693s] -- Installing: /root/dev_ava/install/ava_msgs/lib/python3.8/site-packages/ava_msgs/msg/_velocity.py
[13.693s] -- Installing: /root/dev_ava/install/ava_msgs/lib/python3.8/site-packages/ava_msgs/msg/_leg_position.py
[13.693s] -- Installing: /root/dev_ava/install/ava_msgs/lib/python3.8/site-packages/ava_msgs/msg/_velocity_s.c
[13.694s] -- Installing: /root/dev_ava/install/ava_msgs/lib/python3.8/site-packages/ava_msgs/msg/_ava_info.py
[13.694s] -- Installing: /root/dev_ava/install/ava_msgs/lib/python3.8/site-packages/ava_msgs/msg/_ava_pose_s.c
[13.695s] -- Installing: /root/dev_ava/install/ava_msgs/lib/python3.8/site-packages/ava_msgs/msg/_ava_info_s.c
[13.695s] -- Installing: /root/dev_ava/install/ava_msgs/lib/python3.8/site-packages/ava_msgs/msg/_ava_command.py
[13.695s] -- Installing: /root/dev_ava/install/ava_msgs/lib/python3.8/site-packages/ava_msgs/msg/_ava_pose.py
[13.696s] -- Installing: /root/dev_ava/install/ava_msgs/lib/python3.8/site-packages/ava_msgs/msg/_ava_command_s.c
[13.696s] -- Installing: /root/dev_ava/install/ava_msgs/lib/python3.8/site-packages/ava_msgs/msg/_leg_position_s.c
[13.696s] -- Installing: /root/dev_ava/install/ava_msgs/lib/python3.8/site-packages/ava_msgs/msg/__init__.py
[13.697s] -- Installing: /root/dev_ava/install/ava_msgs/lib/python3.8/site-packages/ava_msgs/ava_msgs_s__rosidl_typesupport_fastrtps_c.cpython-38-x86_64-linux-gnu.so
[13.697s] -- Set runtime path of "/root/dev_ava/install/ava_msgs/lib/python3.8/site-packages/ava_msgs/ava_msgs_s__rosidl_typesupport_fastrtps_c.cpython-38-x86_64-linux-gnu.so" to ""
[13.698s] -- Installing: /root/dev_ava/install/ava_msgs/lib/python3.8/site-packages/ava_msgs/ava_msgs_s__rosidl_typesupport_introspection_c.cpython-38-x86_64-linux-gnu.so
[13.699s] -- Set runtime path of "/root/dev_ava/install/ava_msgs/lib/python3.8/site-packages/ava_msgs/ava_msgs_s__rosidl_typesupport_introspection_c.cpython-38-x86_64-linux-gnu.so" to ""
[13.700s] -- Installing: /root/dev_ava/install/ava_msgs/lib/python3.8/site-packages/ava_msgs/ava_msgs_s__rosidl_typesupport_c.cpython-38-x86_64-linux-gnu.so
[13.701s] -- Set runtime path of "/root/dev_ava/install/ava_msgs/lib/python3.8/site-packages/ava_msgs/ava_msgs_s__rosidl_typesupport_c.cpython-38-x86_64-linux-gnu.so" to ""
[13.702s] -- Installing: /root/dev_ava/install/ava_msgs/lib/libava_msgs__python.so
[13.703s] -- Set runtime path of "/root/dev_ava/install/ava_msgs/lib/libava_msgs__python.so" to ""
[13.704s] -- Installing: /root/dev_ava/install/ava_msgs/share/ava_msgs/msg/LegPosition.idl
[13.705s] -- Installing: /root/dev_ava/install/ava_msgs/share/ava_msgs/msg/AvaPose.idl
[13.705s] -- Installing: /root/dev_ava/install/ava_msgs/share/ava_msgs/msg/AvaCommand.idl
[13.705s] -- Installing: /root/dev_ava/install/ava_msgs/share/ava_msgs/msg/Velocity.idl
[13.706s] -- Installing: /root/dev_ava/install/ava_msgs/share/ava_msgs/msg/AvaInfo.idl
[13.706s] -- Installing: /root/dev_ava/install/ava_msgs/share/ava_msgs/msg/LegPosition.msg
[13.707s] -- Installing: /root/dev_ava/install/ava_msgs/share/ava_msgs/msg/AvaPose.msg
[13.707s] -- Installing: /root/dev_ava/install/ava_msgs/share/ava_msgs/msg/AvaCommand.msg
[13.707s] -- Installing: /root/dev_ava/install/ava_msgs/share/ava_msgs/msg/Velocity.msg
[13.708s] -- Installing: /root/dev_ava/install/ava_msgs/share/ava_msgs/msg/AvaInfo.msg
[13.708s] -- Installing: /root/dev_ava/install/ava_msgs/share/ament_index/resource_index/package_run_dependencies/ava_msgs
[13.709s] -- Installing: /root/dev_ava/install/ava_msgs/share/ament_index/resource_index/parent_prefix_path/ava_msgs
[13.709s] -- Installing: /root/dev_ava/install/ava_msgs/share/ava_msgs/environment/ament_prefix_path.sh
[13.710s] -- Installing: /root/dev_ava/install/ava_msgs/share/ava_msgs/environment/ament_prefix_path.dsv
[13.710s] -- Installing: /root/dev_ava/install/ava_msgs/share/ava_msgs/environment/path.sh
[13.710s] -- Installing: /root/dev_ava/install/ava_msgs/share/ava_msgs/environment/path.dsv
[13.711s] -- Installing: /root/dev_ava/install/ava_msgs/share/ava_msgs/local_setup.bash
[13.711s] -- Installing: /root/dev_ava/install/ava_msgs/share/ava_msgs/local_setup.sh
[13.711s] -- Installing: /root/dev_ava/install/ava_msgs/share/ava_msgs/local_setup.zsh
[13.712s] -- Installing: /root/dev_ava/install/ava_msgs/share/ava_msgs/local_setup.dsv
[13.712s] -- Installing: /root/dev_ava/install/ava_msgs/share/ava_msgs/package.dsv
[13.713s] -- Installing: /root/dev_ava/install/ava_msgs/share/ament_index/resource_index/packages/ava_msgs
[13.714s] -- Installing: /root/dev_ava/install/ava_msgs/share/ava_msgs/cmake/ava_msgs__rosidl_generator_cExport.cmake
[13.715s] -- Installing: /root/dev_ava/install/ava_msgs/share/ava_msgs/cmake/ava_msgs__rosidl_generator_cExport-noconfig.cmake
[13.716s] -- Installing: /root/dev_ava/install/ava_msgs/share/ava_msgs/cmake/ava_msgs__rosidl_typesupport_introspection_cExport.cmake
[13.717s] -- Installing: /root/dev_ava/install/ava_msgs/share/ava_msgs/cmake/ava_msgs__rosidl_typesupport_introspection_cExport-noconfig.cmake
[13.717s] -- Installing: /root/dev_ava/install/ava_msgs/share/ava_msgs/cmake/ava_msgs__rosidl_typesupport_cExport.cmake
[13.718s] -- Installing: /root/dev_ava/install/ava_msgs/share/ava_msgs/cmake/ava_msgs__rosidl_typesupport_cExport-noconfig.cmake
[13.719s] -- Installing: /root/dev_ava/install/ava_msgs/share/ava_msgs/cmake/ava_msgs__rosidl_generator_cppExport.cmake
[13.719s] -- Installing: /root/dev_ava/install/ava_msgs/share/ava_msgs/cmake/ava_msgs__rosidl_typesupport_introspection_cppExport.cmake
[13.720s] -- Installing: /root/dev_ava/install/ava_msgs/share/ava_msgs/cmake/ava_msgs__rosidl_typesupport_introspection_cppExport-noconfig.cmake
[13.721s] -- Installing: /root/dev_ava/install/ava_msgs/share/ava_msgs/cmake/ava_msgs__rosidl_typesupport_cppExport.cmake
[13.721s] -- Installing: /root/dev_ava/install/ava_msgs/share/ava_msgs/cmake/ava_msgs__rosidl_typesupport_cppExport-noconfig.cmake
[13.722s] -- Installing: /root/dev_ava/install/ava_msgs/share/ava_msgs/cmake/rosidl_cmake-extras.cmake
[13.723s] -- Installing: /root/dev_ava/install/ava_msgs/share/ava_msgs/cmake/ament_cmake_export_dependencies-extras.cmake
[13.723s] -- Installing: /root/dev_ava/install/ava_msgs/share/ava_msgs/cmake/ament_cmake_export_libraries-extras.cmake
[13.723s] -- Installing: /root/dev_ava/install/ava_msgs/share/ava_msgs/cmake/ament_cmake_export_targets-extras.cmake
[13.724s] -- Installing: /root/dev_ava/install/ava_msgs/share/ava_msgs/cmake/ament_cmake_export_include_directories-extras.cmake
[13.724s] -- Installing: /root/dev_ava/install/ava_msgs/share/ava_msgs/cmake/rosidl_cmake_export_typesupport_libraries-extras.cmake
[13.725s] -- Installing: /root/dev_ava/install/ava_msgs/share/ava_msgs/cmake/rosidl_cmake_export_typesupport_targets-extras.cmake
[13.725s] -- Installing: /root/dev_ava/install/ava_msgs/share/ava_msgs/cmake/ava_msgsConfig.cmake
[13.726s] -- Installing: /root/dev_ava/install/ava_msgs/share/ava_msgs/cmake/ava_msgsConfig-version.cmake
[13.726s] -- Installing: /root/dev_ava/install/ava_msgs/share/ava_msgs/package.xml
[13.734s] Invoked command in '/root/dev_ava/build/ava_msgs' returned '0': CMAKE_PREFIX_PATH=/opt/ros/foxy /usr/bin/cmake --install /root/dev_ava/build/ava_msgs
