[3.312s] Invoking command in '/root/dev_ava/src/ava_driver': AMENT_PREFIX_PATH=/root/dev_ava/install/tf_transformations:${AMENT_PREFIX_PATH} PYTHONPATH=/root/dev_ava/install/ava_driver/lib/python3.8/site-packages:/root/dev_ava/install/tf_transformations/lib/python3.8/site-packages:${PYTHONPATH} /usr/bin/python3 setup.py egg_info --egg-base ../../build/ava_driver build --build-base /root/dev_ava/build/ava_driver/build install --prefix /root/dev_ava/install/ava_driver --record /root/dev_ava/build/ava_driver/install.log --single-version-externally-managed
[4.123s] running egg_info
[4.127s] creating ../../build/ava_driver/ava_driver.egg-info
[4.128s] writing ../../build/ava_driver/ava_driver.egg-info/PKG-INFO
[4.130s] writing dependency_links to ../../build/ava_driver/ava_driver.egg-info/dependency_links.txt
[4.132s] writing entry points to ../../build/ava_driver/ava_driver.egg-info/entry_points.txt
[4.134s] writing requirements to ../../build/ava_driver/ava_driver.egg-info/requires.txt
[4.135s] writing top-level names to ../../build/ava_driver/ava_driver.egg-info/top_level.txt
[4.141s] writing manifest file '../../build/ava_driver/ava_driver.egg-info/SOURCES.txt'
[4.326s] reading manifest file '../../build/ava_driver/ava_driver.egg-info/SOURCES.txt'
[4.331s] writing manifest file '../../build/ava_driver/ava_driver.egg-info/SOURCES.txt'
[4.332s] running build
[4.332s] running build_py
[4.333s] creating /root/dev_ava/build/ava_driver/build
[4.333s] creating /root/dev_ava/build/ava_driver/build/lib
[4.334s] creating /root/dev_ava/build/ava_driver/build/lib/ava_driver
[4.334s] copying ava_driver/__init__.py -> /root/dev_ava/build/ava_driver/build/lib/ava_driver
[4.335s] copying ava_driver/ava_driver.py -> /root/dev_ava/build/ava_driver/build/lib/ava_driver
[4.335s] copying ava_driver/ava_servo.py -> /root/dev_ava/build/ava_driver/build/lib/ava_driver
[4.336s] running install
[4.338s] running install_lib
[4.341s] creating /root/dev_ava/install/ava_driver/lib/python3.8/site-packages/ava_driver
[4.342s] copying /root/dev_ava/build/ava_driver/build/lib/ava_driver/__init__.py -> /root/dev_ava/install/ava_driver/lib/python3.8/site-packages/ava_driver
[4.342s] copying /root/dev_ava/build/ava_driver/build/lib/ava_driver/ava_driver.py -> /root/dev_ava/install/ava_driver/lib/python3.8/site-packages/ava_driver
[4.344s] copying /root/dev_ava/build/ava_driver/build/lib/ava_driver/ava_servo.py -> /root/dev_ava/install/ava_driver/lib/python3.8/site-packages/ava_driver
[4.346s] byte-compiling /root/dev_ava/install/ava_driver/lib/python3.8/site-packages/ava_driver/__init__.py to __init__.cpython-38.pyc
[4.353s] byte-compiling /root/dev_ava/install/ava_driver/lib/python3.8/site-packages/ava_driver/ava_driver.py to ava_driver.cpython-38.pyc
[4.358s] byte-compiling /root/dev_ava/install/ava_driver/lib/python3.8/site-packages/ava_driver/ava_servo.py to ava_servo.cpython-38.pyc
[4.363s] running install_data
[4.366s] creating /root/dev_ava/install/ava_driver/share/ament_index
[4.367s] creating /root/dev_ava/install/ava_driver/share/ament_index/resource_index
[4.367s] creating /root/dev_ava/install/ava_driver/share/ament_index/resource_index/packages
[4.368s] copying resource/ava_driver -> /root/dev_ava/install/ava_driver/share/ament_index/resource_index/packages
[4.369s] copying package.xml -> /root/dev_ava/install/ava_driver/share/ava_driver
[4.369s] running install_egg_info
[4.374s] Copying ../../build/ava_driver/ava_driver.egg-info to /root/dev_ava/install/ava_driver/lib/python3.8/site-packages/ava_driver-0.0.0-py3.8.egg-info
[4.382s] running install_scripts
[4.462s] Installing ava_driver script to /root/dev_ava/install/ava_driver/lib/ava_driver
[4.464s] writing list of installed files to '/root/dev_ava/build/ava_driver/install.log'
[4.585s] Invoked command in '/root/dev_ava/src/ava_driver' returned '0': AMENT_PREFIX_PATH=/root/dev_ava/install/tf_transformations:${AMENT_PREFIX_PATH} PYTHONPATH=/root/dev_ava/install/ava_driver/lib/python3.8/site-packages:/root/dev_ava/install/tf_transformations/lib/python3.8/site-packages:${PYTHONPATH} /usr/bin/python3 setup.py egg_info --egg-base ../../build/ava_driver build --build-base /root/dev_ava/build/ava_driver/build install --prefix /root/dev_ava/install/ava_driver --record /root/dev_ava/build/ava_driver/install.log --single-version-externally-managed
