running egg_info
creating C:\dev_ava\build\ava_teleop\ava_teleop.egg-info
writing C:\dev_ava\build\ava_teleop\ava_teleop.egg-info\PKG-INFO
writing dependency_links to C:\dev_ava\build\ava_teleop\ava_teleop.egg-info\dependency_links.txt
writing entry points to C:\dev_ava\build\ava_teleop\ava_teleop.egg-info\entry_points.txt
writing requirements to C:\dev_ava\build\ava_teleop\ava_teleop.egg-info\requires.txt
writing top-level names to C:\dev_ava\build\ava_teleop\ava_teleop.egg-info\top_level.txt
writing manifest file 'C:\dev_ava\build\ava_teleop\ava_teleop.egg-info\SOURCES.txt'
reading manifest file 'C:\dev_ava\build\ava_teleop\ava_teleop.egg-info\SOURCES.txt'
writing manifest file 'C:\dev_ava\build\ava_teleop\ava_teleop.egg-info\SOURCES.txt'
running build
running build_py
creating C:\dev_ava\build\ava_teleop\build
creating C:\dev_ava\build\ava_teleop\build\lib
creating C:\dev_ava\build\ava_teleop\build\lib\ava_teleop
copying ava_teleop\ava_teleop_key.py -> C:\dev_ava\build\ava_teleop\build\lib\ava_teleop
copying ava_teleop\__init__.py -> C:\dev_ava\build\ava_teleop\build\lib\ava_teleop
running install
running install_lib
creating C:\dev_ava\install\Lib\site-packages\ava_teleop
copying C:\dev_ava\build\ava_teleop\build\lib\ava_teleop\ava_teleop_key.py -> C:\dev_ava\install\Lib\site-packages\ava_teleop
copying C:\dev_ava\build\ava_teleop\build\lib\ava_teleop\__init__.py -> C:\dev_ava\install\Lib\site-packages\ava_teleop
writing byte-compilation script 'C:\Users\matth\AppData\Local\Temp\tmpsxqb7udn.py'
c:\opt\ros\foxy\x64\python.exe C:\Users\matth\AppData\Local\Temp\tmpsxqb7udn.py
removing C:\Users\matth\AppData\Local\Temp\tmpsxqb7udn.py
running install_data
copying resource\ava_teleop -> C:\dev_ava\install\share\ament_index\resource_index\packages
copying package.xml -> C:\dev_ava\install\share\ava_teleop
running install_egg_info
Copying C:\dev_ava\build\ava_teleop\ava_teleop.egg-info to C:\dev_ava\install\Lib\site-packages\ava_teleop-0.0.0-py3.8.egg-info
running install_scripts
Installing ava_teleop_key-script.py script to C:\dev_ava\install\lib\ava_teleop
Installing ava_teleop_key.exe script to C:\dev_ava\install\lib\ava_teleop
writing list of installed files to 'C:\dev_ava\build\ava_teleop\install.log'
