[3.109s] Invoking command in 'C:\dev_ava\src\ava_teleop': PUBLIC=%PUBLIC%
PyCharm Community Edition=C:\Program Files\JetBrains\PyCharm Community Edition 2020.1.3\bin; PYTHONPATH=C:\dev_ava\install\Lib\site-packages;%PYTHONPATH% c:\opt\ros\foxy\x64\python.exe setup.py egg_info --egg-base C:\dev_ava\build\ava_teleop build --build-base C:\dev_ava\build\ava_teleop\build install --prefix C:\dev_ava\install --record C:\dev_ava\build\ava_teleop\install.log --single-version-externally-managed
[4.218s] running egg_info
[4.234s] creating C:\dev_ava\build\ava_teleop\ava_teleop.egg-info
[4.234s] writing C:\dev_ava\build\ava_teleop\ava_teleop.egg-info\PKG-INFO
[4.234s] writing dependency_links to C:\dev_ava\build\ava_teleop\ava_teleop.egg-info\dependency_links.txt
[4.234s] writing entry points to C:\dev_ava\build\ava_teleop\ava_teleop.egg-info\entry_points.txt
[4.234s] writing requirements to C:\dev_ava\build\ava_teleop\ava_teleop.egg-info\requires.txt
[4.234s] writing top-level names to C:\dev_ava\build\ava_teleop\ava_teleop.egg-info\top_level.txt
[4.234s] writing manifest file 'C:\dev_ava\build\ava_teleop\ava_teleop.egg-info\SOURCES.txt'
[4.297s] reading manifest file 'C:\dev_ava\build\ava_teleop\ava_teleop.egg-info\SOURCES.txt'
[4.297s] writing manifest file 'C:\dev_ava\build\ava_teleop\ava_teleop.egg-info\SOURCES.txt'
[4.297s] running build
[4.297s] running build_py
[4.297s] creating C:\dev_ava\build\ava_teleop\build
[4.297s] creating C:\dev_ava\build\ava_teleop\build\lib
[4.297s] creating C:\dev_ava\build\ava_teleop\build\lib\ava_teleop
[4.312s] copying ava_teleop\ava_teleop_key.py -> C:\dev_ava\build\ava_teleop\build\lib\ava_teleop
[4.312s] copying ava_teleop\__init__.py -> C:\dev_ava\build\ava_teleop\build\lib\ava_teleop
[4.312s] running install
[4.312s] running install_lib
[4.312s] creating C:\dev_ava\install\Lib\site-packages\ava_teleop
[4.312s] copying C:\dev_ava\build\ava_teleop\build\lib\ava_teleop\ava_teleop_key.py -> C:\dev_ava\install\Lib\site-packages\ava_teleop
[4.343s] copying C:\dev_ava\build\ava_teleop\build\lib\ava_teleop\__init__.py -> C:\dev_ava\install\Lib\site-packages\ava_teleop
[4.343s] writing byte-compilation script 'C:\Users\matth\AppData\Local\Temp\tmpsxqb7udn.py'
[4.343s] c:\opt\ros\foxy\x64\python.exe C:\Users\matth\AppData\Local\Temp\tmpsxqb7udn.py
[4.515s] removing C:\Users\matth\AppData\Local\Temp\tmpsxqb7udn.py
[4.515s] running install_data
[4.515s] copying resource\ava_teleop -> C:\dev_ava\install\share\ament_index\resource_index\packages
[4.515s] copying package.xml -> C:\dev_ava\install\share\ava_teleop
[4.515s] running install_egg_info
[4.531s] Copying C:\dev_ava\build\ava_teleop\ava_teleop.egg-info to C:\dev_ava\install\Lib\site-packages\ava_teleop-0.0.0-py3.8.egg-info
[4.562s] running install_scripts
[4.703s] Installing ava_teleop_key-script.py script to C:\dev_ava\install\lib\ava_teleop
[4.703s] Installing ava_teleop_key.exe script to C:\dev_ava\install\lib\ava_teleop
[4.703s] writing list of installed files to 'C:\dev_ava\build\ava_teleop\install.log'
[4.765s] Invoked command in 'C:\dev_ava\src\ava_teleop' returned '0': PUBLIC=%PUBLIC%
PyCharm Community Edition=C:\Program Files\JetBrains\PyCharm Community Edition 2020.1.3\bin; PYTHONPATH=C:\dev_ava\install\Lib\site-packages;%PYTHONPATH% c:\opt\ros\foxy\x64\python.exe setup.py egg_info --egg-base C:\dev_ava\build\ava_teleop build --build-base C:\dev_ava\build\ava_teleop\build install --prefix C:\dev_ava\install --record C:\dev_ava\build\ava_teleop\install.log --single-version-externally-managed
