/root/dev_ava/install/ava_control/lib/python3.8/site-packages/ava_control/ava_control.py
/root/dev_ava/install/ava_control/lib/python3.8/site-packages/ava_control/__init__.py
/root/dev_ava/install/ava_control/lib/python3.8/site-packages/ava_control/ava_motion.py
/root/dev_ava/install/ava_control/lib/python3.8/site-packages/ava_control/__pycache__/ava_control.cpython-38.pyc
/root/dev_ava/install/ava_control/lib/python3.8/site-packages/ava_control/__pycache__/__init__.cpython-38.pyc
/root/dev_ava/install/ava_control/lib/python3.8/site-packages/ava_control/__pycache__/ava_motion.cpython-38.pyc
/root/dev_ava/install/ava_control/share/ament_index/resource_index/packages/ava_control
/root/dev_ava/install/ava_control/share/ava_control/package.xml
/root/dev_ava/install/ava_control/share/ava_control/test.launch.py
/root/dev_ava/install/ava_control/share/ava_description
/root/dev_ava/install/ava_control/lib/python3.8/site-packages/ava_control-0.0.0-py3.8.egg-info/top_level.txt
/root/dev_ava/install/ava_control/lib/python3.8/site-packages/ava_control-0.0.0-py3.8.egg-info/PKG-INFO
/root/dev_ava/install/ava_control/lib/python3.8/site-packages/ava_control-0.0.0-py3.8.egg-info/zip-safe
/root/dev_ava/install/ava_control/lib/python3.8/site-packages/ava_control-0.0.0-py3.8.egg-info/SOURCES.txt
/root/dev_ava/install/ava_control/lib/python3.8/site-packages/ava_control-0.0.0-py3.8.egg-info/dependency_links.txt
/root/dev_ava/install/ava_control/lib/python3.8/site-packages/ava_control-0.0.0-py3.8.egg-info/requires.txt
/root/dev_ava/install/ava_control/lib/python3.8/site-packages/ava_control-0.0.0-py3.8.egg-info/entry_points.txt
/root/dev_ava/install/ava_control/lib/ava_control/ava_control
/root/dev_ava/install/ava_control/lib/ava_control/ava_gait
/root/dev_ava/install/ava_control/lib/ava_control/ava_motion
