[3.521s] Invoking command in '/root/dev_ava/src/ava_control': AMENT_PREFIX_PATH=/root/dev_ava/install/tf_transformations:/root/dev_ava/install/ava_driver:/root/dev_ava/install/ava_control:/root/dev_ava/install/rplidar_ros2:/root/dev_ava/install/ava_msgs:/root/dev_ava/install/ava_bringup:/opt/ros/foxy PYTHONPATH=/root/dev_ava/install/ava_control/lib/python3.8/site-packages:/root/dev_ava/install/tf_transformations/lib/python3.8/site-packages:/root/dev_ava/install/ava_driver/lib/python3.8/site-packages:/root/dev_ava/install/ava_control/lib/python3.8/site-packages:/root/dev_ava/install/ava_msgs/lib/python3.8/site-packages:/root/dev_ava/install/ava_kinematics/lib/python3.8/site-packages:/root/dev_ava/install/ava_bringup/lib/python3.8/site-packages:/opt/ros/foxy/lib/python3.8/site-packages /usr/bin/python3 setup.py egg_info --egg-base ../../build/ava_control build --build-base /root/dev_ava/build/ava_control/build install --prefix /root/dev_ava/install/ava_control --record /root/dev_ava/build/ava_control/install.log --single-version-externally-managed
[4.619s] running egg_info
[4.623s] writing ../../build/ava_control/ava_control.egg-info/PKG-INFO
[4.626s] writing dependency_links to ../../build/ava_control/ava_control.egg-info/dependency_links.txt
[4.627s] writing entry points to ../../build/ava_control/ava_control.egg-info/entry_points.txt
[4.628s] writing requirements to ../../build/ava_control/ava_control.egg-info/requires.txt
[4.630s] writing top-level names to ../../build/ava_control/ava_control.egg-info/top_level.txt
[4.849s] reading manifest file '../../build/ava_control/ava_control.egg-info/SOURCES.txt'
[4.855s] writing manifest file '../../build/ava_control/ava_control.egg-info/SOURCES.txt'
[4.856s] running build
[4.858s] running build_py
[4.861s] running install
[4.866s] running install_lib
[4.875s] running install_data
[4.880s] running install_egg_info
[4.906s] removing '/root/dev_ava/install/ava_control/lib/python3.8/site-packages/ava_control-0.0.0-py3.8.egg-info' (and everything under it)
[4.906s] Copying ../../build/ava_control/ava_control.egg-info to /root/dev_ava/install/ava_control/lib/python3.8/site-packages/ava_control-0.0.0-py3.8.egg-info
[4.929s] running install_scripts
[5.012s] Installing ava_control script to /root/dev_ava/install/ava_control/lib/ava_control
[5.013s] Installing ava_gait script to /root/dev_ava/install/ava_control/lib/ava_control
[5.014s] Installing ava_motion script to /root/dev_ava/install/ava_control/lib/ava_control
[5.015s] writing list of installed files to '/root/dev_ava/build/ava_control/install.log'
[5.127s] Invoked command in '/root/dev_ava/src/ava_control' returned '0': AMENT_PREFIX_PATH=/root/dev_ava/install/tf_transformations:/root/dev_ava/install/ava_driver:/root/dev_ava/install/ava_control:/root/dev_ava/install/rplidar_ros2:/root/dev_ava/install/ava_msgs:/root/dev_ava/install/ava_bringup:/opt/ros/foxy PYTHONPATH=/root/dev_ava/install/ava_control/lib/python3.8/site-packages:/root/dev_ava/install/tf_transformations/lib/python3.8/site-packages:/root/dev_ava/install/ava_driver/lib/python3.8/site-packages:/root/dev_ava/install/ava_control/lib/python3.8/site-packages:/root/dev_ava/install/ava_msgs/lib/python3.8/site-packages:/root/dev_ava/install/ava_kinematics/lib/python3.8/site-packages:/root/dev_ava/install/ava_bringup/lib/python3.8/site-packages:/opt/ros/foxy/lib/python3.8/site-packages /usr/bin/python3 setup.py egg_info --egg-base ../../build/ava_control build --build-base /root/dev_ava/build/ava_control/build install --prefix /root/dev_ava/install/ava_control --record /root/dev_ava/build/ava_control/install.log --single-version-externally-managed
