running egg_info
writing C:\dev_ava\build\tf_transformations\tf_transformations.egg-info\PKG-INFO
writing dependency_links to C:\dev_ava\build\tf_transformations\tf_transformations.egg-info\dependency_links.txt
writing requirements to C:\dev_ava\build\tf_transformations\tf_transformations.egg-info\requires.txt
writing top-level names to C:\dev_ava\build\tf_transformations\tf_transformations.egg-info\top_level.txt
reading manifest file 'C:\dev_ava\build\tf_transformations\tf_transformations.egg-info\SOURCES.txt'
writing manifest file 'C:\dev_ava\build\tf_transformations\tf_transformations.egg-info\SOURCES.txt'
running build
running build_py
running install
running install_lib
writing byte-compilation script 'C:\Users\matth\AppData\Local\Temp\tmpji44bskn.py'
c:\opt\ros\foxy\x64\python.exe C:\Users\matth\AppData\Local\Temp\tmpji44bskn.py
removing C:\Users\matth\AppData\Local\Temp\tmpji44bskn.py
running install_data
running install_egg_info
removing 'C:\dev_ava\install\Lib\site-packages\tf_transformations-1.0.0-py3.8.egg-info' (and everything under it)
Copying C:\dev_ava\build\tf_transformations\tf_transformations.egg-info to C:\dev_ava\install\Lib\site-packages\tf_transformations-1.0.0-py3.8.egg-info
running install_scripts
writing list of installed files to 'C:\dev_ava\build\tf_transformations\install.log'
