[4.477s] Invoking command in '/root/dev_ava/src/ava_driver': AMENT_PREFIX_PATH=/root/dev_ava/install/tf_transformations:/root/dev_ava/install/ava_driver:/root/dev_ava/install/ava_control:/root/dev_ava/install/rplidar_ros2:/root/dev_ava/install/ava_msgs:/root/dev_ava/install/ava_bringup:/opt/ros/foxy PYTHONPATH=/root/dev_ava/install/ava_driver/lib/python3.8/site-packages:/root/dev_ava/install/tf_transformations/lib/python3.8/site-packages:/root/dev_ava/install/ava_driver/lib/python3.8/site-packages:/root/dev_ava/install/ava_control/lib/python3.8/site-packages:/root/dev_ava/install/ava_msgs/lib/python3.8/site-packages:/root/dev_ava/install/ava_kinematics/lib/python3.8/site-packages:/root/dev_ava/install/ava_bringup/lib/python3.8/site-packages:/opt/ros/foxy/lib/python3.8/site-packages /usr/bin/python3 setup.py egg_info --egg-base ../../build/ava_driver build --build-base /root/dev_ava/build/ava_driver/build install --prefix /root/dev_ava/install/ava_driver --record /root/dev_ava/build/ava_driver/install.log --single-version-externally-managed
[6.215s] running egg_info
[6.232s] writing ../../build/ava_driver/ava_driver.egg-info/PKG-INFO
[6.235s] writing dependency_links to ../../build/ava_driver/ava_driver.egg-info/dependency_links.txt
[6.236s] writing entry points to ../../build/ava_driver/ava_driver.egg-info/entry_points.txt
[6.236s] writing requirements to ../../build/ava_driver/ava_driver.egg-info/requires.txt
[6.237s] writing top-level names to ../../build/ava_driver/ava_driver.egg-info/top_level.txt
[6.706s] reading manifest file '../../build/ava_driver/ava_driver.egg-info/SOURCES.txt'
[6.712s] writing manifest file '../../build/ava_driver/ava_driver.egg-info/SOURCES.txt'
[6.713s] running build
[6.714s] running build_py
[6.715s] running install
[6.718s] running install_lib
[6.729s] running install_data
[6.731s] running install_egg_info
[6.739s] removing '/root/dev_ava/install/ava_driver/lib/python3.8/site-packages/ava_driver-0.0.0-py3.8.egg-info' (and everything under it)
[6.741s] Copying ../../build/ava_driver/ava_driver.egg-info to /root/dev_ava/install/ava_driver/lib/python3.8/site-packages/ava_driver-0.0.0-py3.8.egg-info
[6.765s] running install_scripts
[6.872s] Installing ava_driver script to /root/dev_ava/install/ava_driver/lib/ava_driver
[6.873s] writing list of installed files to '/root/dev_ava/build/ava_driver/install.log'
[7.044s] Invoked command in '/root/dev_ava/src/ava_driver' returned '0': AMENT_PREFIX_PATH=/root/dev_ava/install/tf_transformations:/root/dev_ava/install/ava_driver:/root/dev_ava/install/ava_control:/root/dev_ava/install/rplidar_ros2:/root/dev_ava/install/ava_msgs:/root/dev_ava/install/ava_bringup:/opt/ros/foxy PYTHONPATH=/root/dev_ava/install/ava_driver/lib/python3.8/site-packages:/root/dev_ava/install/tf_transformations/lib/python3.8/site-packages:/root/dev_ava/install/ava_driver/lib/python3.8/site-packages:/root/dev_ava/install/ava_control/lib/python3.8/site-packages:/root/dev_ava/install/ava_msgs/lib/python3.8/site-packages:/root/dev_ava/install/ava_kinematics/lib/python3.8/site-packages:/root/dev_ava/install/ava_bringup/lib/python3.8/site-packages:/opt/ros/foxy/lib/python3.8/site-packages /usr/bin/python3 setup.py egg_info --egg-base ../../build/ava_driver build --build-base /root/dev_ava/build/ava_driver/build install --prefix /root/dev_ava/install/ava_driver --record /root/dev_ava/build/ava_driver/install.log --single-version-externally-managed
