running egg_info
writing C:\dev_ava\build\ava_description\ava_description.egg-info\PKG-INFO
writing dependency_links to C:\dev_ava\build\ava_description\ava_description.egg-info\dependency_links.txt
writing entry points to C:\dev_ava\build\ava_description\ava_description.egg-info\entry_points.txt
writing requirements to C:\dev_ava\build\ava_description\ava_description.egg-info\requires.txt
writing top-level names to C:\dev_ava\build\ava_description\ava_description.egg-info\top_level.txt
reading manifest file 'C:\dev_ava\build\ava_description\ava_description.egg-info\SOURCES.txt'
writing manifest file 'C:\dev_ava\build\ava_description\ava_description.egg-info\SOURCES.txt'
running build
running build_py
running install
running install_lib
writing byte-compilation script 'C:\Users\matth\AppData\Local\Temp\tmp1bmr5f8c.py'
c:\opt\ros\foxy\x64\python.exe C:\Users\matth\AppData\Local\Temp\tmp1bmr5f8c.py
removing C:\Users\matth\AppData\Local\Temp\tmp1bmr5f8c.py
running install_data
running install_egg_info
removing 'C:\dev_ava\install\Lib\site-packages\ava_description-0.0.0-py3.8.egg-info' (and everything under it)
Copying C:\dev_ava\build\ava_description\ava_description.egg-info to C:\dev_ava\install\Lib\site-packages\ava_description-0.0.0-py3.8.egg-info
running install_scripts
writing list of installed files to 'C:\dev_ava\build\ava_description\install.log'
