[1.640s] Invoking command in 'C:\dev_ava\src\ava_description': PUBLIC=%PUBLIC%
PyCharm Community Edition=C:\Program Files\JetBrains\PyCharm Community Edition 2020.1.3\bin; PYTHONPATH=C:\dev_ava\install\Lib\site-packages;%PYTHONPATH% c:\opt\ros\foxy\x64\python.exe setup.py egg_info --egg-base C:\dev_ava\build\ava_description build --build-base C:\dev_ava\build\ava_description\build install --prefix C:\dev_ava\install --record C:\dev_ava\build\ava_description\install.log --single-version-externally-managed
[2.609s] running egg_info
[2.609s] writing C:\dev_ava\build\ava_description\ava_description.egg-info\PKG-INFO
[2.609s] writing dependency_links to C:\dev_ava\build\ava_description\ava_description.egg-info\dependency_links.txt
[2.625s] writing entry points to C:\dev_ava\build\ava_description\ava_description.egg-info\entry_points.txt
[2.625s] writing requirements to C:\dev_ava\build\ava_description\ava_description.egg-info\requires.txt
[2.625s] writing top-level names to C:\dev_ava\build\ava_description\ava_description.egg-info\top_level.txt
[2.656s] reading manifest file 'C:\dev_ava\build\ava_description\ava_description.egg-info\SOURCES.txt'
[2.656s] writing manifest file 'C:\dev_ava\build\ava_description\ava_description.egg-info\SOURCES.txt'
[2.656s] running build
[2.672s] running build_py
[2.672s] running install
[2.672s] running install_lib
[2.672s] writing byte-compilation script 'C:\Users\matth\AppData\Local\Temp\tmp1bmr5f8c.py'
[2.672s] c:\opt\ros\foxy\x64\python.exe C:\Users\matth\AppData\Local\Temp\tmp1bmr5f8c.py
[2.797s] removing C:\Users\matth\AppData\Local\Temp\tmp1bmr5f8c.py
[2.797s] running install_data
[2.812s] running install_egg_info
[2.828s] removing 'C:\dev_ava\install\Lib\site-packages\ava_description-0.0.0-py3.8.egg-info' (and everything under it)
[2.828s] Copying C:\dev_ava\build\ava_description\ava_description.egg-info to C:\dev_ava\install\Lib\site-packages\ava_description-0.0.0-py3.8.egg-info
[2.875s] running install_scripts
[2.922s] writing list of installed files to 'C:\dev_ava\build\ava_description\install.log'
[2.984s] Invoked command in 'C:\dev_ava\src\ava_description' returned '0': PUBLIC=%PUBLIC%
PyCharm Community Edition=C:\Program Files\JetBrains\PyCharm Community Edition 2020.1.3\bin; PYTHONPATH=C:\dev_ava\install\Lib\site-packages;%PYTHONPATH% c:\opt\ros\foxy\x64\python.exe setup.py egg_info --egg-base C:\dev_ava\build\ava_description build --build-base C:\dev_ava\build\ava_description\build install --prefix C:\dev_ava\install --record C:\dev_ava\build\ava_description\install.log --single-version-externally-managed
