[2.547s] Invoking command in 'C:\dev_ava\build\ava_msgs': PUBLIC=%PUBLIC%
PyCharm Community Edition=C:\Program Files\JetBrains\PyCharm Community Edition 2020.1.3\bin; C:\opt\ros\foxy\x64\Scripts\cmake.EXE C:\dev_ava\src\ava_msgs -DCMAKE_INSTALL_PREFIX=C:\dev_ava\install
[3.672s] -- Selecting Windows SDK version 10.0.16299.0 to target Windows 10.0.22000.
[3.672s] -- Found ament_cmake: 0.9.8 (C:/opt/ros/foxy/x64/share/ament_cmake/cmake)
[3.672s] -- Found PythonInterp: C:/opt/ros/foxy/x64/python.exe (found suitable version "3.8.3", minimum required is "3") 
[3.672s] -- Using PYTHON_EXECUTABLE: C:/opt/ros/foxy/x64/python.exe
[3.875s] -- Found rosidl_default_generators: 1.0.1 (C:/opt/ros/foxy/x64/share/rosidl_default_generators/cmake)
[3.906s] -- Using all available rosidl_typesupport_c: rosidl_typesupport_fastrtps_c;rosidl_typesupport_introspection_c
[3.922s] -- Found rosidl_adapter: 1.2.1 (C:/opt/ros/foxy/x64/share/rosidl_adapter/cmake)
[5.781s] -- Using all available rosidl_typesupport_cpp: rosidl_typesupport_fastrtps_cpp;rosidl_typesupport_introspection_cpp
[7.063s] -- Found PythonInterp: C:/opt/ros/foxy/x64/python.exe (found version "3.8.3") 
[7.063s] -- Found ament_cmake_ros: 0.9.2 (C:/opt/ros/foxy/x64/share/ament_cmake_ros/cmake)
[7.578s] -- Using all available rosidl_typesupport_c: rosidl_typesupport_fastrtps_c;rosidl_typesupport_introspection_c
[7.703s] -- Using all available rosidl_typesupport_cpp: rosidl_typesupport_fastrtps_cpp;rosidl_typesupport_introspection_cpp
[7.797s] -- Found PythonInterp: C:/opt/ros/foxy/x64/python.exe (found suitable version "3.8.3", minimum required is "3.5") 
[7.797s] -- Found python_cmake_module: 0.8.1 (C:/opt/ros/foxy/x64/share/python_cmake_module/cmake)
[7.922s] -- Using PYTHON_EXECUTABLE: C:/opt/ros/foxy/x64/python.exe
[7.922s] -- Using PYTHON_INCLUDE_DIRS: C:/opt/ros/foxy/x64/include/python3.8
[7.922s] -- Using PYTHON_LIBRARIES: C:/opt/ros/foxy/x64/Lib/python38.lib
[8.422s] -- Using numpy include directory: C:\opt\ros\foxy\x64\lib\site-packages\numpy\core\include
[8.453s] -- Found ament_lint_auto: 0.9.6 (C:/opt/ros/foxy/x64/share/ament_lint_auto/cmake)
[8.563s] -- Added test 'copyright' to check source files copyright and LICENSE
[8.594s] -- Added test 'lint_cmake' to check CMake code style
[8.610s] -- Added test 'xmllint' to check XML markup files
[8.750s] -- Configuring done
[10.375s] -- Generating done
[10.406s] -- Build files have been written to: C:/dev_ava/build/ava_msgs
[10.438s] Invoked command in 'C:\dev_ava\build\ava_msgs' returned '0': PUBLIC=%PUBLIC%
PyCharm Community Edition=C:\Program Files\JetBrains\PyCharm Community Edition 2020.1.3\bin; C:\opt\ros\foxy\x64\Scripts\cmake.EXE C:\dev_ava\src\ava_msgs -DCMAKE_INSTALL_PREFIX=C:\dev_ava\install
[10.438s] Invoking command in 'C:\dev_ava\build\ava_msgs': CL=/MP PUBLIC=%PUBLIC%
PyCharm Community Edition=C:\Program Files\JetBrains\PyCharm Community Edition 2020.1.3\bin; C:\opt\ros\foxy\x64\Scripts\cmake.EXE --build C:\dev_ava\build\ava_msgs --config Release
[10.860s] Microsoft (R) Build Engine version 16.11.0+0538acc04 for .NET Framework
[10.860s] Copyright (C) Microsoft Corporation. All rights reserved.
[10.860s] 
[12.047s]   ava_msgs__rosidl_generator_c.vcxproj -> C:\dev_ava\build\ava_msgs\Release\ava_msgs__rosidl_generator_c.dll
[12.203s]   ava_msgs__rosidl_typesupport_c.vcxproj -> C:\dev_ava\build\ava_msgs\Release\ava_msgs__rosidl_typesupport_c.dll
[12.328s]   ava_msgs__rosidl_typesupport_cpp.vcxproj -> C:\dev_ava\build\ava_msgs\Release\ava_msgs__rosidl_typesupport_cpp.dll
[12.500s]   ava_msgs__rosidl_typesupport_fastrtps_cpp.vcxproj -> C:\dev_ava\build\ava_msgs\Release\ava_msgs__rosidl_typesupport_fastrtps_cpp.dll
[12.594s]   ava_msgs__rosidl_typesupport_fastrtps_c.vcxproj -> C:\dev_ava\build\ava_msgs\Release\ava_msgs__rosidl_typesupport_fastrtps_c.dll
[12.719s]   ava_msgs__rosidl_typesupport_introspection_c.vcxproj -> C:\dev_ava\build\ava_msgs\Release\ava_msgs__rosidl_typesupport_introspection_c.dll
[12.844s]   ava_msgs__rosidl_typesupport_introspection_cpp.vcxproj -> C:\dev_ava\build\ava_msgs\Release\ava_msgs__rosidl_typesupport_introspection_cpp.dll
[13.297s]   ava_msgs__python.vcxproj -> C:\dev_ava\build\ava_msgs\rosidl_generator_py\ava_msgs\ava_msgs__python.dll
[13.438s]   ava_msgs__rosidl_typesupport_c__pyext.vcxproj -> C:\dev_ava\build\ava_msgs\rosidl_generator_py\ava_msgs\ava_msgs_s__rosidl_typesupport_c.pyd
[13.578s]   ava_msgs__rosidl_typesupport_fastrtps_c__pyext.vcxproj -> C:\dev_ava\build\ava_msgs\rosidl_generator_py\ava_msgs\ava_msgs_s__rosidl_typesupport_fastrtps_c.pyd
[13.688s]   ava_msgs__rosidl_typesupport_introspection_c__pyext.vcxproj -> C:\dev_ava\build\ava_msgs\rosidl_generator_py\ava_msgs\ava_msgs_s__rosidl_typesupport_introspection_c.pyd
[13.813s] Invoked command in 'C:\dev_ava\build\ava_msgs' returned '0': CL=/MP PUBLIC=%PUBLIC%
PyCharm Community Edition=C:\Program Files\JetBrains\PyCharm Community Edition 2020.1.3\bin; C:\opt\ros\foxy\x64\Scripts\cmake.EXE --build C:\dev_ava\build\ava_msgs --config Release
[14.016s] Invoking command in 'C:\dev_ava\build\ava_msgs': PUBLIC=%PUBLIC%
PyCharm Community Edition=C:\Program Files\JetBrains\PyCharm Community Edition 2020.1.3\bin; C:\opt\ros\foxy\x64\Scripts\cmake.EXE --install C:\dev_ava\build\ava_msgs --config Release
[14.203s] -- Installing: C:/dev_ava/install/share/ament_index/resource_index/rosidl_interfaces/ava_msgs
[14.203s] -- Installing: C:/dev_ava/install/include/ava_msgs
[14.219s] -- Installing: C:/dev_ava/install/include/ava_msgs/msg
[14.219s] -- Installing: C:/dev_ava/install/include/ava_msgs/msg/ava_command.h
[14.219s] -- Installing: C:/dev_ava/install/include/ava_msgs/msg/ava_info.h
[14.219s] -- Installing: C:/dev_ava/install/include/ava_msgs/msg/ava_pose.h
[14.219s] -- Installing: C:/dev_ava/install/include/ava_msgs/msg/detail
[14.219s] -- Installing: C:/dev_ava/install/include/ava_msgs/msg/detail/ava_command__functions.c
[14.219s] -- Installing: C:/dev_ava/install/include/ava_msgs/msg/detail/ava_command__functions.h
[14.235s] -- Installing: C:/dev_ava/install/include/ava_msgs/msg/detail/ava_command__struct.h
[14.235s] -- Installing: C:/dev_ava/install/include/ava_msgs/msg/detail/ava_command__type_support.h
[14.235s] -- Installing: C:/dev_ava/install/include/ava_msgs/msg/detail/ava_info__functions.c
[14.235s] -- Installing: C:/dev_ava/install/include/ava_msgs/msg/detail/ava_info__functions.h
[14.235s] -- Installing: C:/dev_ava/install/include/ava_msgs/msg/detail/ava_info__struct.h
[14.235s] -- Installing: C:/dev_ava/install/include/ava_msgs/msg/detail/ava_info__type_support.h
[14.250s] -- Installing: C:/dev_ava/install/include/ava_msgs/msg/detail/ava_pose__functions.c
[14.250s] -- Installing: C:/dev_ava/install/include/ava_msgs/msg/detail/ava_pose__functions.h
[14.250s] -- Installing: C:/dev_ava/install/include/ava_msgs/msg/detail/ava_pose__struct.h
[14.250s] -- Installing: C:/dev_ava/install/include/ava_msgs/msg/detail/ava_pose__type_support.h
[14.250s] -- Installing: C:/dev_ava/install/include/ava_msgs/msg/detail/leg_position__functions.c
[14.250s] -- Installing: C:/dev_ava/install/include/ava_msgs/msg/detail/leg_position__functions.h
[14.266s] -- Installing: C:/dev_ava/install/include/ava_msgs/msg/detail/leg_position__struct.h
[14.266s] -- Installing: C:/dev_ava/install/include/ava_msgs/msg/detail/leg_position__type_support.h
[14.266s] -- Installing: C:/dev_ava/install/include/ava_msgs/msg/detail/velocity__functions.c
[14.266s] -- Installing: C:/dev_ava/install/include/ava_msgs/msg/detail/velocity__functions.h
[14.266s] -- Installing: C:/dev_ava/install/include/ava_msgs/msg/detail/velocity__struct.h
[14.266s] -- Installing: C:/dev_ava/install/include/ava_msgs/msg/detail/velocity__type_support.h
[14.266s] -- Installing: C:/dev_ava/install/include/ava_msgs/msg/leg_position.h
[14.281s] -- Installing: C:/dev_ava/install/include/ava_msgs/msg/rosidl_generator_c__visibility_control.h
[14.281s] -- Installing: C:/dev_ava/install/include/ava_msgs/msg/velocity.h
[14.281s] -- Installing: C:/dev_ava/install/lib/ava_msgs__rosidl_generator_c.lib
[14.281s] -- Installing: C:/dev_ava/install/bin/ava_msgs__rosidl_generator_c.dll
[14.281s] -- Up-to-date: C:/dev_ava/install/include/ava_msgs
[14.281s] -- Up-to-date: C:/dev_ava/install/include/ava_msgs/msg
[14.281s] -- Up-to-date: C:/dev_ava/install/include/ava_msgs/msg/detail
[14.281s] -- Installing: C:/dev_ava/install/include/ava_msgs/msg/detail/ava_command__rosidl_typesupport_fastrtps_c.h
[14.297s] -- Installing: C:/dev_ava/install/include/ava_msgs/msg/detail/ava_info__rosidl_typesupport_fastrtps_c.h
[14.297s] -- Installing: C:/dev_ava/install/include/ava_msgs/msg/detail/ava_pose__rosidl_typesupport_fastrtps_c.h
[14.297s] -- Installing: C:/dev_ava/install/include/ava_msgs/msg/detail/leg_position__rosidl_typesupport_fastrtps_c.h
[14.297s] -- Installing: C:/dev_ava/install/include/ava_msgs/msg/detail/velocity__rosidl_typesupport_fastrtps_c.h
[14.297s] -- Installing: C:/dev_ava/install/include/ava_msgs/msg/rosidl_typesupport_fastrtps_c__visibility_control.h
[14.297s] -- Installing: C:/dev_ava/install/lib/ava_msgs__rosidl_typesupport_fastrtps_c.lib
[14.313s] -- Installing: C:/dev_ava/install/bin/ava_msgs__rosidl_typesupport_fastrtps_c.dll
[14.313s] -- Up-to-date: C:/dev_ava/install/include/ava_msgs
[14.313s] -- Up-to-date: C:/dev_ava/install/include/ava_msgs/msg
[14.313s] -- Up-to-date: C:/dev_ava/install/include/ava_msgs/msg/detail
[14.313s] -- Installing: C:/dev_ava/install/include/ava_msgs/msg/detail/ava_command__rosidl_typesupport_fastrtps_cpp.hpp
[14.313s] -- Installing: C:/dev_ava/install/include/ava_msgs/msg/detail/ava_info__rosidl_typesupport_fastrtps_cpp.hpp
[14.313s] -- Installing: C:/dev_ava/install/include/ava_msgs/msg/detail/ava_pose__rosidl_typesupport_fastrtps_cpp.hpp
[14.313s] -- Installing: C:/dev_ava/install/include/ava_msgs/msg/detail/dds_fastrtps
[14.313s] -- Installing: C:/dev_ava/install/include/ava_msgs/msg/detail/leg_position__rosidl_typesupport_fastrtps_cpp.hpp
[14.328s] -- Installing: C:/dev_ava/install/include/ava_msgs/msg/detail/velocity__rosidl_typesupport_fastrtps_cpp.hpp
[14.328s] -- Installing: C:/dev_ava/install/include/ava_msgs/msg/rosidl_typesupport_fastrtps_cpp__visibility_control.h
[14.328s] -- Installing: C:/dev_ava/install/lib/ava_msgs__rosidl_typesupport_fastrtps_cpp.lib
[14.328s] -- Installing: C:/dev_ava/install/bin/ava_msgs__rosidl_typesupport_fastrtps_cpp.dll
[14.328s] -- Up-to-date: C:/dev_ava/install/include/ava_msgs
[14.328s] -- Up-to-date: C:/dev_ava/install/include/ava_msgs/msg
[14.328s] -- Up-to-date: C:/dev_ava/install/include/ava_msgs/msg/detail
[14.328s] -- Installing: C:/dev_ava/install/include/ava_msgs/msg/detail/ava_command__rosidl_typesupport_introspection_c.h
[14.344s] -- Installing: C:/dev_ava/install/include/ava_msgs/msg/detail/ava_command__type_support.c
[14.344s] -- Installing: C:/dev_ava/install/include/ava_msgs/msg/detail/ava_info__rosidl_typesupport_introspection_c.h
[14.344s] -- Installing: C:/dev_ava/install/include/ava_msgs/msg/detail/ava_info__type_support.c
[14.344s] -- Installing: C:/dev_ava/install/include/ava_msgs/msg/detail/ava_pose__rosidl_typesupport_introspection_c.h
[14.344s] -- Installing: C:/dev_ava/install/include/ava_msgs/msg/detail/ava_pose__type_support.c
[14.344s] -- Installing: C:/dev_ava/install/include/ava_msgs/msg/detail/leg_position__rosidl_typesupport_introspection_c.h
[14.360s] -- Installing: C:/dev_ava/install/include/ava_msgs/msg/detail/leg_position__type_support.c
[14.360s] -- Installing: C:/dev_ava/install/include/ava_msgs/msg/detail/velocity__rosidl_typesupport_introspection_c.h
[14.360s] -- Installing: C:/dev_ava/install/include/ava_msgs/msg/detail/velocity__type_support.c
[14.360s] -- Installing: C:/dev_ava/install/include/ava_msgs/msg/rosidl_typesupport_introspection_c__visibility_control.h
[14.360s] -- Installing: C:/dev_ava/install/lib/ava_msgs__rosidl_typesupport_introspection_c.lib
[14.360s] -- Installing: C:/dev_ava/install/bin/ava_msgs__rosidl_typesupport_introspection_c.dll
[14.375s] -- Installing: C:/dev_ava/install/lib/ava_msgs__rosidl_typesupport_c.lib
[14.375s] -- Installing: C:/dev_ava/install/bin/ava_msgs__rosidl_typesupport_c.dll
[14.375s] -- Up-to-date: C:/dev_ava/install/include/ava_msgs
[14.375s] -- Up-to-date: C:/dev_ava/install/include/ava_msgs/msg
[14.375s] -- Installing: C:/dev_ava/install/include/ava_msgs/msg/ava_command.hpp
[14.375s] -- Installing: C:/dev_ava/install/include/ava_msgs/msg/ava_info.hpp
[14.375s] -- Installing: C:/dev_ava/install/include/ava_msgs/msg/ava_pose.hpp
[14.375s] -- Up-to-date: C:/dev_ava/install/include/ava_msgs/msg/detail
[14.375s] -- Installing: C:/dev_ava/install/include/ava_msgs/msg/detail/ava_command__builder.hpp
[14.391s] -- Installing: C:/dev_ava/install/include/ava_msgs/msg/detail/ava_command__struct.hpp
[14.391s] -- Installing: C:/dev_ava/install/include/ava_msgs/msg/detail/ava_command__traits.hpp
[14.391s] -- Installing: C:/dev_ava/install/include/ava_msgs/msg/detail/ava_info__builder.hpp
[14.391s] -- Installing: C:/dev_ava/install/include/ava_msgs/msg/detail/ava_info__struct.hpp
[14.391s] -- Installing: C:/dev_ava/install/include/ava_msgs/msg/detail/ava_info__traits.hpp
[14.406s] -- Installing: C:/dev_ava/install/include/ava_msgs/msg/detail/ava_pose__builder.hpp
[14.406s] -- Installing: C:/dev_ava/install/include/ava_msgs/msg/detail/ava_pose__struct.hpp
[14.406s] -- Installing: C:/dev_ava/install/include/ava_msgs/msg/detail/ava_pose__traits.hpp
[14.406s] -- Installing: C:/dev_ava/install/include/ava_msgs/msg/detail/leg_position__builder.hpp
[14.406s] -- Installing: C:/dev_ava/install/include/ava_msgs/msg/detail/leg_position__struct.hpp
[14.406s] -- Installing: C:/dev_ava/install/include/ava_msgs/msg/detail/leg_position__traits.hpp
[14.406s] -- Installing: C:/dev_ava/install/include/ava_msgs/msg/detail/velocity__builder.hpp
[14.422s] -- Installing: C:/dev_ava/install/include/ava_msgs/msg/detail/velocity__struct.hpp
[14.422s] -- Installing: C:/dev_ava/install/include/ava_msgs/msg/detail/velocity__traits.hpp
[14.422s] -- Installing: C:/dev_ava/install/include/ava_msgs/msg/leg_position.hpp
[14.422s] -- Installing: C:/dev_ava/install/include/ava_msgs/msg/velocity.hpp
[14.422s] -- Up-to-date: C:/dev_ava/install/include/ava_msgs
[14.422s] -- Up-to-date: C:/dev_ava/install/include/ava_msgs/msg
[14.422s] -- Up-to-date: C:/dev_ava/install/include/ava_msgs/msg/detail
[14.422s] -- Installing: C:/dev_ava/install/include/ava_msgs/msg/detail/ava_command__rosidl_typesupport_introspection_cpp.hpp
[14.438s] -- Installing: C:/dev_ava/install/include/ava_msgs/msg/detail/ava_command__type_support.cpp
[14.438s] -- Installing: C:/dev_ava/install/include/ava_msgs/msg/detail/ava_info__rosidl_typesupport_introspection_cpp.hpp
[14.438s] -- Installing: C:/dev_ava/install/include/ava_msgs/msg/detail/ava_info__type_support.cpp
[14.438s] -- Installing: C:/dev_ava/install/include/ava_msgs/msg/detail/ava_pose__rosidl_typesupport_introspection_cpp.hpp
[14.438s] -- Installing: C:/dev_ava/install/include/ava_msgs/msg/detail/ava_pose__type_support.cpp
[14.438s] -- Installing: C:/dev_ava/install/include/ava_msgs/msg/detail/leg_position__rosidl_typesupport_introspection_cpp.hpp
[14.438s] -- Installing: C:/dev_ava/install/include/ava_msgs/msg/detail/leg_position__type_support.cpp
[14.453s] -- Installing: C:/dev_ava/install/include/ava_msgs/msg/detail/velocity__rosidl_typesupport_introspection_cpp.hpp
[14.453s] -- Installing: C:/dev_ava/install/include/ava_msgs/msg/detail/velocity__type_support.cpp
[14.453s] -- Installing: C:/dev_ava/install/lib/ava_msgs__rosidl_typesupport_introspection_cpp.lib
[14.453s] -- Installing: C:/dev_ava/install/bin/ava_msgs__rosidl_typesupport_introspection_cpp.dll
[14.453s] -- Installing: C:/dev_ava/install/lib/ava_msgs__rosidl_typesupport_cpp.lib
[14.453s] -- Installing: C:/dev_ava/install/bin/ava_msgs__rosidl_typesupport_cpp.dll
[14.469s] -- Installing: C:/dev_ava/install/share/ava_msgs/environment/pythonpath.bat
[14.469s] -- Installing: C:/dev_ava/install/share/ava_msgs/environment/pythonpath.dsv
[14.469s] -- Installing: C:/dev_ava/install/Lib/site-packages/ava_msgs/__init__.py
[14.594s] Compiling 'C:/dev_ava/install/Lib/site-packages/ava_msgs/__init__.py'...
[14.610s] -- Installing: C:/dev_ava/install/Lib/site-packages/ava_msgs/msg
[14.610s] -- Installing: C:/dev_ava/install/Lib/site-packages/ava_msgs/msg/_ava_command.py
[14.610s] -- Installing: C:/dev_ava/install/Lib/site-packages/ava_msgs/msg/_ava_command_s.c
[14.610s] -- Installing: C:/dev_ava/install/Lib/site-packages/ava_msgs/msg/_ava_info.py
[14.625s] -- Installing: C:/dev_ava/install/Lib/site-packages/ava_msgs/msg/_ava_info_s.c
[14.625s] -- Installing: C:/dev_ava/install/Lib/site-packages/ava_msgs/msg/_ava_pose.py
[14.625s] -- Installing: C:/dev_ava/install/Lib/site-packages/ava_msgs/msg/_ava_pose_s.c
[14.625s] -- Installing: C:/dev_ava/install/Lib/site-packages/ava_msgs/msg/_leg_position.py
[14.641s] -- Installing: C:/dev_ava/install/Lib/site-packages/ava_msgs/msg/_leg_position_s.c
[14.641s] -- Installing: C:/dev_ava/install/Lib/site-packages/ava_msgs/msg/_velocity.py
[14.641s] -- Installing: C:/dev_ava/install/Lib/site-packages/ava_msgs/msg/_velocity_s.c
[14.641s] -- Installing: C:/dev_ava/install/Lib/site-packages/ava_msgs/msg/__init__.py
[14.641s] -- Installing: C:/dev_ava/install/Lib/site-packages/ava_msgs/ava_msgs_s__rosidl_typesupport_fastrtps_c.lib
[14.656s] -- Installing: C:/dev_ava/install/Lib/site-packages/ava_msgs/ava_msgs_s__rosidl_typesupport_fastrtps_c.pyd
[14.656s] -- Installing: C:/dev_ava/install/Lib/site-packages/ava_msgs/ava_msgs_s__rosidl_typesupport_introspection_c.lib
[14.656s] -- Installing: C:/dev_ava/install/Lib/site-packages/ava_msgs/ava_msgs_s__rosidl_typesupport_introspection_c.pyd
[14.656s] -- Installing: C:/dev_ava/install/Lib/site-packages/ava_msgs/ava_msgs_s__rosidl_typesupport_c.lib
[14.656s] -- Installing: C:/dev_ava/install/Lib/site-packages/ava_msgs/ava_msgs_s__rosidl_typesupport_c.pyd
[14.672s] -- Installing: C:/dev_ava/install/lib/ava_msgs__python.lib
[14.672s] -- Installing: C:/dev_ava/install/bin/ava_msgs__python.dll
[14.672s] -- Installing: C:/dev_ava/install/share/ava_msgs/msg/LegPosition.idl
[14.672s] -- Installing: C:/dev_ava/install/share/ava_msgs/msg/AvaPose.idl
[14.672s] -- Installing: C:/dev_ava/install/share/ava_msgs/msg/AvaCommand.idl
[14.688s] -- Installing: C:/dev_ava/install/share/ava_msgs/msg/Velocity.idl
[14.688s] -- Installing: C:/dev_ava/install/share/ava_msgs/msg/LegPosition.msg
[14.688s] -- Installing: C:/dev_ava/install/share/ava_msgs/msg/AvaPose.msg
[14.688s] -- Installing: C:/dev_ava/install/share/ava_msgs/msg/AvaCommand.msg
[14.688s] -- Installing: C:/dev_ava/install/share/ava_msgs/msg/Velocity.msg
[14.703s] -- Installing: C:/dev_ava/install/share/ament_index/resource_index/package_run_dependencies/ava_msgs
[14.703s] -- Installing: C:/dev_ava/install/share/ament_index/resource_index/parent_prefix_path/ava_msgs
[14.703s] -- Installing: C:/dev_ava/install/share/ava_msgs/environment/ament_prefix_path.bat
[14.703s] -- Installing: C:/dev_ava/install/share/ava_msgs/environment/ament_prefix_path.dsv
[14.719s] -- Installing: C:/dev_ava/install/share/ava_msgs/environment/path.bat
[14.719s] -- Installing: C:/dev_ava/install/share/ava_msgs/environment/path.dsv
[14.719s] -- Installing: C:/dev_ava/install/share/ava_msgs/local_setup.bat
[14.719s] -- Installing: C:/dev_ava/install/share/ava_msgs/local_setup.dsv
[14.735s] -- Installing: C:/dev_ava/install/share/ava_msgs/package.dsv
[14.735s] -- Installing: C:/dev_ava/install/share/ament_index/resource_index/packages/ava_msgs
[14.735s] -- Installing: C:/dev_ava/install/share/ava_msgs/cmake/ava_msgs__rosidl_generator_cExport.cmake
[14.735s] -- Installing: C:/dev_ava/install/share/ava_msgs/cmake/ava_msgs__rosidl_generator_cExport-release.cmake
[14.735s] -- Installing: C:/dev_ava/install/share/ava_msgs/cmake/ava_msgs__rosidl_typesupport_introspection_cExport.cmake
[14.750s] -- Installing: C:/dev_ava/install/share/ava_msgs/cmake/ava_msgs__rosidl_typesupport_introspection_cExport-release.cmake
[14.750s] -- Installing: C:/dev_ava/install/share/ava_msgs/cmake/ava_msgs__rosidl_typesupport_cExport.cmake
[14.750s] -- Installing: C:/dev_ava/install/share/ava_msgs/cmake/ava_msgs__rosidl_typesupport_cExport-release.cmake
[14.750s] -- Installing: C:/dev_ava/install/share/ava_msgs/cmake/ava_msgs__rosidl_generator_cppExport.cmake
[14.750s] -- Installing: C:/dev_ava/install/share/ava_msgs/cmake/ava_msgs__rosidl_typesupport_introspection_cppExport.cmake
[14.766s] -- Installing: C:/dev_ava/install/share/ava_msgs/cmake/ava_msgs__rosidl_typesupport_introspection_cppExport-release.cmake
[14.766s] -- Installing: C:/dev_ava/install/share/ava_msgs/cmake/ava_msgs__rosidl_typesupport_cppExport.cmake
[14.766s] -- Installing: C:/dev_ava/install/share/ava_msgs/cmake/ava_msgs__rosidl_typesupport_cppExport-release.cmake
[14.766s] -- Installing: C:/dev_ava/install/share/ava_msgs/cmake/rosidl_cmake-extras.cmake
[14.781s] -- Installing: C:/dev_ava/install/share/ava_msgs/cmake/ament_cmake_export_dependencies-extras.cmake
[14.781s] -- Installing: C:/dev_ava/install/share/ava_msgs/cmake/ament_cmake_export_libraries-extras.cmake
[14.781s] -- Installing: C:/dev_ava/install/share/ava_msgs/cmake/ament_cmake_export_targets-extras.cmake
[14.781s] -- Installing: C:/dev_ava/install/share/ava_msgs/cmake/ament_cmake_export_include_directories-extras.cmake
[14.797s] -- Installing: C:/dev_ava/install/share/ava_msgs/cmake/rosidl_cmake_export_typesupport_libraries-extras.cmake
[14.797s] -- Installing: C:/dev_ava/install/share/ava_msgs/cmake/rosidl_cmake_export_typesupport_targets-extras.cmake
[14.797s] -- Installing: C:/dev_ava/install/share/ava_msgs/cmake/ava_msgsConfig.cmake
[14.797s] -- Installing: C:/dev_ava/install/share/ava_msgs/cmake/ava_msgsConfig-version.cmake
[14.797s] -- Installing: C:/dev_ava/install/share/ava_msgs/package.xml
[14.844s] Invoked command in 'C:\dev_ava\build\ava_msgs' returned '0': PUBLIC=%PUBLIC%
PyCharm Community Edition=C:\Program Files\JetBrains\PyCharm Community Edition 2020.1.3\bin; C:\opt\ros\foxy\x64\Scripts\cmake.EXE --install C:\dev_ava\build\ava_msgs --config Release
