[0.590s] DEBUG:colcon:Command line arguments: ['/usr/bin/colcon', 'build', '--packages-select', 'ava_control', 'ava_driver']
[0.590s] DEBUG:colcon:Parsed command line arguments: Namespace(ament_cmake_args=None, base_paths=['.'], build_base='build', catkin_cmake_args=None, catkin_skip_building_tests=False, cmake_args=None, cmake_clean_cache=False, cmake_clean_first=False, cmake_force_configure=False, cmake_target=None, cmake_target_skip_unavailable=False, continue_on_error=False, event_handlers=None, executor='parallel', ignore_user_meta=False, install_base='install', log_base=None, log_level=None, main=<bound method BuildVerb.main of <colcon_core.verb.build.BuildVerb object at 0x7f93c70d30>>, merge_install=False, metas=['./colcon.meta'], mixin=None, mixin_files=None, mixin_verb=('build',), packages_above=None, packages_above_and_dependencies=None, packages_above_depth=None, packages_end=None, packages_ignore=None, packages_ignore_regex=None, packages_select=['ava_control', 'ava_driver'], packages_select_build_failed=False, packages_select_by_dep=None, packages_select_regex=None, packages_select_test_failures=False, packages_skip=None, packages_skip_build_finished=False, packages_skip_by_dep=None, packages_skip_regex=None, packages_skip_test_passed=False, packages_skip_up_to=None, packages_start=None, packages_up_to=None, packages_up_to_regex=None, parallel_workers=4, paths=None, symlink_install=False, test_result_base=None, verb_extension=<colcon_core.verb.build.BuildVerb object at 0x7f93c70d30>, verb_name='build', verb_parser=<colcon_mixin.mixin.mixin_argument.MixinArgumentDecorator object at 0x7f93bfb340>)
[0.682s] Level 1:colcon.colcon_core.package_discovery:discover_packages(colcon_meta) check parameters
[0.685s] INFO:colcon.colcon_metadata.package_discovery.colcon_meta:Using configuration from '/root/.colcon/metadata/default/Gazebo.meta'
[0.687s] INFO:colcon.colcon_metadata.package_discovery.colcon_meta:Using configuration from '/root/.colcon/metadata/default/fastrtps.meta'
[0.688s] Level 1:colcon.colcon_core.package_discovery:discover_packages(recursive) check parameters
[0.688s] Level 1:colcon.colcon_core.package_discovery:discover_packages(ignore) check parameters
[0.688s] Level 1:colcon.colcon_core.package_discovery:discover_packages(path) check parameters
[0.688s] Level 1:colcon.colcon_core.package_discovery:discover_packages(colcon_meta) discover
[0.688s] Level 1:colcon.colcon_core.package_discovery:discover_packages(recursive) discover
[0.689s] INFO:colcon.colcon_core.package_discovery:Crawling recursively for packages in '/root/dev_ava'
[0.689s] Level 1:colcon.colcon_core.package_identification:_identify(.) by extensions ['ignore', 'ignore_ament_install']
[0.689s] Level 1:colcon.colcon_core.package_identification:_identify(.) by extension 'ignore'
[0.690s] Level 1:colcon.colcon_core.package_identification:_identify(.) by extension 'ignore_ament_install'
[0.690s] Level 1:colcon.colcon_core.package_identification:_identify(.) by extensions ['colcon_pkg']
[0.690s] Level 1:colcon.colcon_core.package_identification:_identify(.) by extension 'colcon_pkg'
[0.690s] Level 1:colcon.colcon_core.package_identification:_identify(.) by extensions ['colcon_meta']
[0.690s] Level 1:colcon.colcon_core.package_identification:_identify(.) by extension 'colcon_meta'
[0.691s] Level 1:colcon.colcon_core.package_identification:_identify(.) by extensions ['ros']
[0.691s] Level 1:colcon.colcon_core.package_identification:_identify(.) by extension 'ros'
[0.741s] Level 1:colcon.colcon_core.package_identification:_identify(.) by extensions ['cmake', 'python']
[0.741s] Level 1:colcon.colcon_core.package_identification:_identify(.) by extension 'cmake'
[0.741s] Level 1:colcon.colcon_core.package_identification:_identify(.) by extension 'python'
[0.742s] Level 1:colcon.colcon_core.package_identification:_identify(.) by extensions ['python_setup_py']
[0.742s] Level 1:colcon.colcon_core.package_identification:_identify(.) by extension 'python_setup_py'
[0.742s] Level 1:colcon.colcon_core.package_identification:_identify(assets) by extensions ['ignore', 'ignore_ament_install']
[0.743s] Level 1:colcon.colcon_core.package_identification:_identify(assets) by extension 'ignore'
[0.743s] Level 1:colcon.colcon_core.package_identification:_identify(assets) by extension 'ignore_ament_install'
[0.743s] Level 1:colcon.colcon_core.package_identification:_identify(assets) by extensions ['colcon_pkg']
[0.744s] Level 1:colcon.colcon_core.package_identification:_identify(assets) by extension 'colcon_pkg'
[0.744s] Level 1:colcon.colcon_core.package_identification:_identify(assets) by extensions ['colcon_meta']
[0.744s] Level 1:colcon.colcon_core.package_identification:_identify(assets) by extension 'colcon_meta'
[0.745s] Level 1:colcon.colcon_core.package_identification:_identify(assets) by extensions ['ros']
[0.745s] Level 1:colcon.colcon_core.package_identification:_identify(assets) by extension 'ros'
[0.745s] Level 1:colcon.colcon_core.package_identification:_identify(assets) by extensions ['cmake', 'python']
[0.745s] Level 1:colcon.colcon_core.package_identification:_identify(assets) by extension 'cmake'
[0.745s] Level 1:colcon.colcon_core.package_identification:_identify(assets) by extension 'python'
[0.746s] Level 1:colcon.colcon_core.package_identification:_identify(assets) by extensions ['python_setup_py']
[0.746s] Level 1:colcon.colcon_core.package_identification:_identify(assets) by extension 'python_setup_py'
[0.746s] Level 1:colcon.colcon_core.package_identification:_identify(build) by extensions ['ignore', 'ignore_ament_install']
[0.747s] Level 1:colcon.colcon_core.package_identification:_identify(build) by extension 'ignore'
[0.747s] Level 1:colcon.colcon_core.package_identification:_identify(build) ignored
[0.747s] Level 1:colcon.colcon_core.package_identification:_identify(install) by extensions ['ignore', 'ignore_ament_install']
[0.748s] Level 1:colcon.colcon_core.package_identification:_identify(install) by extension 'ignore'
[0.748s] Level 1:colcon.colcon_core.package_identification:_identify(install) ignored
[0.749s] Level 1:colcon.colcon_core.package_identification:_identify(log) by extensions ['ignore', 'ignore_ament_install']
[0.749s] Level 1:colcon.colcon_core.package_identification:_identify(log) by extension 'ignore'
[0.749s] Level 1:colcon.colcon_core.package_identification:_identify(log) ignored
[0.750s] Level 1:colcon.colcon_core.package_identification:_identify(src) by extensions ['ignore', 'ignore_ament_install']
[0.750s] Level 1:colcon.colcon_core.package_identification:_identify(src) by extension 'ignore'
[0.750s] Level 1:colcon.colcon_core.package_identification:_identify(src) by extension 'ignore_ament_install'
[0.751s] Level 1:colcon.colcon_core.package_identification:_identify(src) by extensions ['colcon_pkg']
[0.751s] Level 1:colcon.colcon_core.package_identification:_identify(src) by extension 'colcon_pkg'
[0.751s] Level 1:colcon.colcon_core.package_identification:_identify(src) by extensions ['colcon_meta']
[0.751s] Level 1:colcon.colcon_core.package_identification:_identify(src) by extension 'colcon_meta'
[0.751s] Level 1:colcon.colcon_core.package_identification:_identify(src) by extensions ['ros']
[0.751s] Level 1:colcon.colcon_core.package_identification:_identify(src) by extension 'ros'
[0.752s] Level 1:colcon.colcon_core.package_identification:_identify(src) by extensions ['cmake', 'python']
[0.752s] Level 1:colcon.colcon_core.package_identification:_identify(src) by extension 'cmake'
[0.752s] Level 1:colcon.colcon_core.package_identification:_identify(src) by extension 'python'
[0.752s] Level 1:colcon.colcon_core.package_identification:_identify(src) by extensions ['python_setup_py']
[0.752s] Level 1:colcon.colcon_core.package_identification:_identify(src) by extension 'python_setup_py'
[0.753s] Level 1:colcon.colcon_core.package_identification:_identify(src/ava_bringup) by extensions ['ignore', 'ignore_ament_install']
[0.753s] Level 1:colcon.colcon_core.package_identification:_identify(src/ava_bringup) by extension 'ignore'
[0.753s] Level 1:colcon.colcon_core.package_identification:_identify(src/ava_bringup) by extension 'ignore_ament_install'
[0.754s] Level 1:colcon.colcon_core.package_identification:_identify(src/ava_bringup) by extensions ['colcon_pkg']
[0.754s] Level 1:colcon.colcon_core.package_identification:_identify(src/ava_bringup) by extension 'colcon_pkg'
[0.754s] Level 1:colcon.colcon_core.package_identification:_identify(src/ava_bringup) by extensions ['colcon_meta']
[0.754s] Level 1:colcon.colcon_core.package_identification:_identify(src/ava_bringup) by extension 'colcon_meta'
[0.754s] Level 1:colcon.colcon_core.package_identification:_identify(src/ava_bringup) by extensions ['ros']
[0.755s] Level 1:colcon.colcon_core.package_identification:_identify(src/ava_bringup) by extension 'ros'
[0.763s] DEBUG:colcon.colcon_core.package_identification:Package 'src/ava_bringup' with type 'ros.ament_python' and name 'ava_bringup'
[0.763s] Level 1:colcon.colcon_core.package_identification:_identify(src/ava_control) by extensions ['ignore', 'ignore_ament_install']
[0.764s] Level 1:colcon.colcon_core.package_identification:_identify(src/ava_control) by extension 'ignore'
[0.764s] Level 1:colcon.colcon_core.package_identification:_identify(src/ava_control) by extension 'ignore_ament_install'
[0.765s] Level 1:colcon.colcon_core.package_identification:_identify(src/ava_control) by extensions ['colcon_pkg']
[0.765s] Level 1:colcon.colcon_core.package_identification:_identify(src/ava_control) by extension 'colcon_pkg'
[0.765s] Level 1:colcon.colcon_core.package_identification:_identify(src/ava_control) by extensions ['colcon_meta']
[0.765s] Level 1:colcon.colcon_core.package_identification:_identify(src/ava_control) by extension 'colcon_meta'
[0.765s] Level 1:colcon.colcon_core.package_identification:_identify(src/ava_control) by extensions ['ros']
[0.766s] Level 1:colcon.colcon_core.package_identification:_identify(src/ava_control) by extension 'ros'
[0.768s] DEBUG:colcon.colcon_core.package_identification:Package 'src/ava_control' with type 'ros.ament_python' and name 'ava_control'
[0.769s] Level 1:colcon.colcon_core.package_identification:_identify(src/ava_driver) by extensions ['ignore', 'ignore_ament_install']
[0.769s] Level 1:colcon.colcon_core.package_identification:_identify(src/ava_driver) by extension 'ignore'
[0.769s] Level 1:colcon.colcon_core.package_identification:_identify(src/ava_driver) by extension 'ignore_ament_install'
[0.770s] Level 1:colcon.colcon_core.package_identification:_identify(src/ava_driver) by extensions ['colcon_pkg']
[0.770s] Level 1:colcon.colcon_core.package_identification:_identify(src/ava_driver) by extension 'colcon_pkg'
[0.770s] Level 1:colcon.colcon_core.package_identification:_identify(src/ava_driver) by extensions ['colcon_meta']
[0.770s] Level 1:colcon.colcon_core.package_identification:_identify(src/ava_driver) by extension 'colcon_meta'
[0.770s] Level 1:colcon.colcon_core.package_identification:_identify(src/ava_driver) by extensions ['ros']
[0.770s] Level 1:colcon.colcon_core.package_identification:_identify(src/ava_driver) by extension 'ros'
[0.773s] DEBUG:colcon.colcon_core.package_identification:Package 'src/ava_driver' with type 'ros.ament_python' and name 'ava_driver'
[0.773s] Level 1:colcon.colcon_core.package_identification:_identify(src/ava_kinematics) by extensions ['ignore', 'ignore_ament_install']
[0.774s] Level 1:colcon.colcon_core.package_identification:_identify(src/ava_kinematics) by extension 'ignore'
[0.774s] Level 1:colcon.colcon_core.package_identification:_identify(src/ava_kinematics) by extension 'ignore_ament_install'
[0.774s] Level 1:colcon.colcon_core.package_identification:_identify(src/ava_kinematics) by extensions ['colcon_pkg']
[0.774s] Level 1:colcon.colcon_core.package_identification:_identify(src/ava_kinematics) by extension 'colcon_pkg'
[0.774s] Level 1:colcon.colcon_core.package_identification:_identify(src/ava_kinematics) by extensions ['colcon_meta']
[0.775s] Level 1:colcon.colcon_core.package_identification:_identify(src/ava_kinematics) by extension 'colcon_meta'
[0.775s] Level 1:colcon.colcon_core.package_identification:_identify(src/ava_kinematics) by extensions ['ros']
[0.775s] Level 1:colcon.colcon_core.package_identification:_identify(src/ava_kinematics) by extension 'ros'
[0.776s] DEBUG:colcon.colcon_core.package_identification:Failed to parse potential ROS package manifest in'src/ava_kinematics': Error(s) in package 'src/ava_kinematics/package.xml':
The manifest contains invalid XML:
mismatched tag: line 10, column 22
[0.777s] Level 1:colcon.colcon_core.package_identification:_identify(src/ava_kinematics) by extensions ['cmake', 'python']
[0.777s] Level 1:colcon.colcon_core.package_identification:_identify(src/ava_kinematics) by extension 'cmake'
[0.777s] Level 1:colcon.colcon_core.package_identification:_identify(src/ava_kinematics) by extension 'python'
[0.777s] DEBUG:colcon.colcon_core.package_identification:Python package in 'src/ava_kinematics' passes arguments to the setup() function which requires a different identification extension than 'python'
[0.778s] Level 1:colcon.colcon_core.package_identification:_identify(src/ava_kinematics) by extensions ['python_setup_py']
[0.778s] Level 1:colcon.colcon_core.package_identification:_identify(src/ava_kinematics) by extension 'python_setup_py'
[1.566s] DEBUG:colcon.colcon_core.package_identification:Package 'src/ava_kinematics' with type 'python' and name 'ava_kinematics'
[1.567s] Level 1:colcon.colcon_core.package_identification:_identify(src/ava_msgs) by extensions ['ignore', 'ignore_ament_install']
[1.568s] Level 1:colcon.colcon_core.package_identification:_identify(src/ava_msgs) by extension 'ignore'
[1.568s] Level 1:colcon.colcon_core.package_identification:_identify(src/ava_msgs) by extension 'ignore_ament_install'
[1.568s] Level 1:colcon.colcon_core.package_identification:_identify(src/ava_msgs) by extensions ['colcon_pkg']
[1.569s] Level 1:colcon.colcon_core.package_identification:_identify(src/ava_msgs) by extension 'colcon_pkg'
[1.569s] Level 1:colcon.colcon_core.package_identification:_identify(src/ava_msgs) by extensions ['colcon_meta']
[1.569s] Level 1:colcon.colcon_core.package_identification:_identify(src/ava_msgs) by extension 'colcon_meta'
[1.569s] Level 1:colcon.colcon_core.package_identification:_identify(src/ava_msgs) by extensions ['ros']
[1.570s] Level 1:colcon.colcon_core.package_identification:_identify(src/ava_msgs) by extension 'ros'
[1.572s] DEBUG:colcon.colcon_core.package_identification:Package 'src/ava_msgs' with type 'ros.ament_cmake' and name 'ava_msgs'
[1.573s] Level 1:colcon.colcon_core.package_identification:_identify(src/rplidar_ros) by extensions ['ignore', 'ignore_ament_install']
[1.574s] Level 1:colcon.colcon_core.package_identification:_identify(src/rplidar_ros) by extension 'ignore'
[1.574s] Level 1:colcon.colcon_core.package_identification:_identify(src/rplidar_ros) by extension 'ignore_ament_install'
[1.574s] Level 1:colcon.colcon_core.package_identification:_identify(src/rplidar_ros) by extensions ['colcon_pkg']
[1.575s] Level 1:colcon.colcon_core.package_identification:_identify(src/rplidar_ros) by extension 'colcon_pkg'
[1.575s] Level 1:colcon.colcon_core.package_identification:_identify(src/rplidar_ros) by extensions ['colcon_meta']
[1.575s] Level 1:colcon.colcon_core.package_identification:_identify(src/rplidar_ros) by extension 'colcon_meta'
[1.575s] Level 1:colcon.colcon_core.package_identification:_identify(src/rplidar_ros) by extensions ['ros']
[1.576s] Level 1:colcon.colcon_core.package_identification:_identify(src/rplidar_ros) by extension 'ros'
[1.579s] DEBUG:colcon.colcon_core.package_identification:Package 'src/rplidar_ros' with type 'ros.ament_cmake' and name 'rplidar_ros2'
[1.580s] Level 1:colcon.colcon_core.package_identification:_identify(src/tf_transformations-main) by extensions ['ignore', 'ignore_ament_install']
[1.580s] Level 1:colcon.colcon_core.package_identification:_identify(src/tf_transformations-main) by extension 'ignore'
[1.581s] Level 1:colcon.colcon_core.package_identification:_identify(src/tf_transformations-main) by extension 'ignore_ament_install'
[1.581s] Level 1:colcon.colcon_core.package_identification:_identify(src/tf_transformations-main) by extensions ['colcon_pkg']
[1.581s] Level 1:colcon.colcon_core.package_identification:_identify(src/tf_transformations-main) by extension 'colcon_pkg'
[1.581s] Level 1:colcon.colcon_core.package_identification:_identify(src/tf_transformations-main) by extensions ['colcon_meta']
[1.582s] Level 1:colcon.colcon_core.package_identification:_identify(src/tf_transformations-main) by extension 'colcon_meta'
[1.582s] Level 1:colcon.colcon_core.package_identification:_identify(src/tf_transformations-main) by extensions ['ros']
[1.582s] Level 1:colcon.colcon_core.package_identification:_identify(src/tf_transformations-main) by extension 'ros'
[1.586s] DEBUG:colcon.colcon_core.package_identification:Package 'src/tf_transformations-main' with type 'ros.ament_python' and name 'tf_transformations'
[1.586s] Level 1:colcon.colcon_core.package_discovery:discover_packages(recursive) using defaults
[1.586s] Level 1:colcon.colcon_core.package_discovery:discover_packages(ignore) discover
[1.587s] Level 1:colcon.colcon_core.package_discovery:discover_packages(ignore) using defaults
[1.587s] Level 1:colcon.colcon_core.package_discovery:discover_packages(path) discover
[1.587s] Level 1:colcon.colcon_core.package_discovery:discover_packages(path) using defaults
[1.678s] INFO:colcon.colcon_core.package_selection:Skipping not selected package 'ava_bringup' in 'src/ava_bringup'
[1.678s] INFO:colcon.colcon_core.package_selection:Skipping not selected package 'ava_kinematics' in 'src/ava_kinematics'
[1.678s] INFO:colcon.colcon_core.package_selection:Skipping not selected package 'ava_msgs' in 'src/ava_msgs'
[1.678s] INFO:colcon.colcon_core.package_selection:Skipping not selected package 'rplidar_ros2' in 'src/rplidar_ros'
[1.679s] INFO:colcon.colcon_core.package_selection:Skipping not selected package 'tf_transformations' in 'src/tf_transformations-main'
[1.682s] Level 5:colcon.colcon_core.verb:set package 'ava_control' build argument 'cmake_args' from command line to 'None'
[1.683s] Level 5:colcon.colcon_core.verb:set package 'ava_control' build argument 'cmake_target' from command line to 'None'
[1.683s] Level 5:colcon.colcon_core.verb:set package 'ava_control' build argument 'cmake_target_skip_unavailable' from command line to 'False'
[1.683s] Level 5:colcon.colcon_core.verb:set package 'ava_control' build argument 'cmake_clean_cache' from command line to 'False'
[1.683s] Level 5:colcon.colcon_core.verb:set package 'ava_control' build argument 'cmake_clean_first' from command line to 'False'
[1.684s] Level 5:colcon.colcon_core.verb:set package 'ava_control' build argument 'cmake_force_configure' from command line to 'False'
[1.684s] Level 5:colcon.colcon_core.verb:set package 'ava_control' build argument 'ament_cmake_args' from command line to 'None'
[1.684s] Level 5:colcon.colcon_core.verb:set package 'ava_control' build argument 'catkin_cmake_args' from command line to 'None'
[1.684s] Level 5:colcon.colcon_core.verb:set package 'ava_control' build argument 'catkin_skip_building_tests' from command line to 'False'
[1.684s] DEBUG:colcon.colcon_core.verb:Building package 'ava_control' with the following arguments: {'ament_cmake_args': None, 'build_base': '/root/dev_ava/build/ava_control', 'catkin_cmake_args': None, 'catkin_skip_building_tests': False, 'cmake_args': None, 'cmake_clean_cache': False, 'cmake_clean_first': False, 'cmake_force_configure': False, 'cmake_target': None, 'cmake_target_skip_unavailable': False, 'install_base': '/root/dev_ava/install/ava_control', 'merge_install': False, 'path': '/root/dev_ava/src/ava_control', 'symlink_install': False, 'test_result_base': None}
[1.688s] Level 5:colcon.colcon_core.verb:set package 'ava_driver' build argument 'cmake_args' from command line to 'None'
[1.689s] Level 5:colcon.colcon_core.verb:set package 'ava_driver' build argument 'cmake_target' from command line to 'None'
[1.689s] Level 5:colcon.colcon_core.verb:set package 'ava_driver' build argument 'cmake_target_skip_unavailable' from command line to 'False'
[1.689s] Level 5:colcon.colcon_core.verb:set package 'ava_driver' build argument 'cmake_clean_cache' from command line to 'False'
[1.689s] Level 5:colcon.colcon_core.verb:set package 'ava_driver' build argument 'cmake_clean_first' from command line to 'False'
[1.689s] Level 5:colcon.colcon_core.verb:set package 'ava_driver' build argument 'cmake_force_configure' from command line to 'False'
[1.690s] Level 5:colcon.colcon_core.verb:set package 'ava_driver' build argument 'ament_cmake_args' from command line to 'None'
[1.690s] Level 5:colcon.colcon_core.verb:set package 'ava_driver' build argument 'catkin_cmake_args' from command line to 'None'
[1.690s] Level 5:colcon.colcon_core.verb:set package 'ava_driver' build argument 'catkin_skip_building_tests' from command line to 'False'
[1.690s] DEBUG:colcon.colcon_core.verb:Building package 'ava_driver' with the following arguments: {'ament_cmake_args': None, 'build_base': '/root/dev_ava/build/ava_driver', 'catkin_cmake_args': None, 'catkin_skip_building_tests': False, 'cmake_args': None, 'cmake_clean_cache': False, 'cmake_clean_first': False, 'cmake_force_configure': False, 'cmake_target': None, 'cmake_target_skip_unavailable': False, 'install_base': '/root/dev_ava/install/ava_driver', 'merge_install': False, 'path': '/root/dev_ava/src/ava_driver', 'symlink_install': False, 'test_result_base': None}
[1.692s] INFO:colcon.colcon_core.executor:Executing jobs using 'parallel' executor
[1.702s] DEBUG:colcon.colcon_parallel_executor.executor.parallel:run_until_complete
[1.704s] INFO:colcon.colcon_ros.task.ament_python.build:Building ROS package in '/root/dev_ava/src/ava_control' with build type 'ament_python'
[1.705s] Level 1:colcon.colcon_core.shell:create_environment_hook('ava_control', 'ament_prefix_path')
[1.726s] INFO:colcon.colcon_core.plugin_system:Skipping extension 'colcon_core.shell.bat': Not used on non-Windows systems
[1.727s] INFO:colcon.colcon_core.shell:Creating environment hook '/root/dev_ava/install/ava_control/share/ava_control/hook/ament_prefix_path.ps1'
[1.730s] INFO:colcon.colcon_core.shell:Creating environment descriptor '/root/dev_ava/install/ava_control/share/ava_control/hook/ament_prefix_path.dsv'
[1.732s] INFO:colcon.colcon_core.shell:Creating environment hook '/root/dev_ava/install/ava_control/share/ava_control/hook/ament_prefix_path.sh'
[1.737s] INFO:colcon.colcon_core.shell:Skip shell extension 'powershell' for command environment: Not usable outside of PowerShell
[1.738s] DEBUG:colcon.colcon_core.shell:Skip shell extension 'dsv' for command environment
[1.766s] INFO:colcon.colcon_ros.task.ament_python.build:Building ROS package in '/root/dev_ava/src/ava_driver' with build type 'ament_python'
[1.767s] Level 1:colcon.colcon_core.shell:create_environment_hook('ava_driver', 'ament_prefix_path')
[1.770s] INFO:colcon.colcon_core.shell:Creating environment hook '/root/dev_ava/install/ava_driver/share/ava_driver/hook/ament_prefix_path.ps1'
[1.773s] INFO:colcon.colcon_core.shell:Creating environment descriptor '/root/dev_ava/install/ava_driver/share/ava_driver/hook/ament_prefix_path.dsv'
[1.775s] INFO:colcon.colcon_core.shell:Creating environment hook '/root/dev_ava/install/ava_driver/share/ava_driver/hook/ament_prefix_path.sh'
[1.778s] INFO:colcon.colcon_core.shell:Skip shell extension 'powershell' for command environment: Not usable outside of PowerShell
[1.779s] DEBUG:colcon.colcon_core.shell:Skip shell extension 'dsv' for command environment
[2.659s] INFO:colcon.colcon_core.task.python.build:Building Python package in '/root/dev_ava/src/ava_control'
[2.662s] INFO:colcon.colcon_core.shell:Skip shell extension 'powershell' for command environment: Not usable outside of PowerShell
[2.662s] DEBUG:colcon.colcon_core.shell:Skip shell extension 'dsv' for command environment
[3.602s] INFO:colcon.colcon_core.task.python.build:Building Python package in '/root/dev_ava/src/ava_driver'
[3.604s] INFO:colcon.colcon_core.shell:Skip shell extension 'powershell' for command environment: Not usable outside of PowerShell
[3.605s] DEBUG:colcon.colcon_core.shell:Skip shell extension 'dsv' for command environment
[5.232s] DEBUG:colcon.colcon_core.event_handler.log_command:Invoking command in '/root/dev_ava/src/ava_driver': AMENT_PREFIX_PATH=/root/dev_ava/install/tf_transformations:/root/dev_ava/install/ava_driver:/root/dev_ava/install/ava_control:/root/dev_ava/install/rplidar_ros2:/root/dev_ava/install/ava_msgs:/root/dev_ava/install/ava_bringup:/opt/ros/foxy PYTHONPATH=/root/dev_ava/install/ava_driver/lib/python3.8/site-packages:/root/dev_ava/install/tf_transformations/lib/python3.8/site-packages:/root/dev_ava/install/ava_driver/lib/python3.8/site-packages:/root/dev_ava/install/ava_control/lib/python3.8/site-packages:/root/dev_ava/install/ava_msgs/lib/python3.8/site-packages:/root/dev_ava/install/ava_kinematics/lib/python3.8/site-packages:/root/dev_ava/install/ava_bringup/lib/python3.8/site-packages:/opt/ros/foxy/lib/python3.8/site-packages /usr/bin/python3 setup.py egg_info --egg-base ../../build/ava_driver build --build-base /root/dev_ava/build/ava_driver/build install --prefix /root/dev_ava/install/ava_driver --record /root/dev_ava/build/ava_driver/install.log --single-version-externally-managed
[5.265s] DEBUG:colcon.colcon_core.event_handler.log_command:Invoking command in '/root/dev_ava/src/ava_control': AMENT_PREFIX_PATH=/root/dev_ava/install/tf_transformations:/root/dev_ava/install/ava_driver:/root/dev_ava/install/ava_control:/root/dev_ava/install/rplidar_ros2:/root/dev_ava/install/ava_msgs:/root/dev_ava/install/ava_bringup:/opt/ros/foxy PYTHONPATH=/root/dev_ava/install/ava_control/lib/python3.8/site-packages:/root/dev_ava/install/tf_transformations/lib/python3.8/site-packages:/root/dev_ava/install/ava_driver/lib/python3.8/site-packages:/root/dev_ava/install/ava_control/lib/python3.8/site-packages:/root/dev_ava/install/ava_msgs/lib/python3.8/site-packages:/root/dev_ava/install/ava_kinematics/lib/python3.8/site-packages:/root/dev_ava/install/ava_bringup/lib/python3.8/site-packages:/opt/ros/foxy/lib/python3.8/site-packages /usr/bin/python3 setup.py egg_info --egg-base ../../build/ava_control build --build-base /root/dev_ava/build/ava_control/build install --prefix /root/dev_ava/install/ava_control --record /root/dev_ava/build/ava_control/install.log --single-version-externally-managed
[6.630s] DEBUG:colcon.colcon_core.event_handler.log_command:Invoked command in '/root/dev_ava/src/ava_driver' returned '0': AMENT_PREFIX_PATH=/root/dev_ava/install/tf_transformations:/root/dev_ava/install/ava_driver:/root/dev_ava/install/ava_control:/root/dev_ava/install/rplidar_ros2:/root/dev_ava/install/ava_msgs:/root/dev_ava/install/ava_bringup:/opt/ros/foxy PYTHONPATH=/root/dev_ava/install/ava_driver/lib/python3.8/site-packages:/root/dev_ava/install/tf_transformations/lib/python3.8/site-packages:/root/dev_ava/install/ava_driver/lib/python3.8/site-packages:/root/dev_ava/install/ava_control/lib/python3.8/site-packages:/root/dev_ava/install/ava_msgs/lib/python3.8/site-packages:/root/dev_ava/install/ava_kinematics/lib/python3.8/site-packages:/root/dev_ava/install/ava_bringup/lib/python3.8/site-packages:/opt/ros/foxy/lib/python3.8/site-packages /usr/bin/python3 setup.py egg_info --egg-base ../../build/ava_driver build --build-base /root/dev_ava/build/ava_driver/build install --prefix /root/dev_ava/install/ava_driver --record /root/dev_ava/build/ava_driver/install.log --single-version-externally-managed
[6.647s] Level 1:colcon.colcon_core.environment:checking '/root/dev_ava/install/ava_driver' for CMake module files
[6.650s] Level 1:colcon.colcon_core.environment:checking '/root/dev_ava/install/ava_driver' for CMake config files
[6.654s] Level 1:colcon.colcon_core.environment:checking '/root/dev_ava/install/ava_driver/lib'
[6.655s] Level 1:colcon.colcon_core.environment:checking '/root/dev_ava/install/ava_driver/bin'
[6.656s] Level 1:colcon.colcon_core.environment:checking '/root/dev_ava/install/ava_driver/lib/pkgconfig/ava_driver.pc'
[6.657s] Level 1:colcon.colcon_core.environment:checking '/root/dev_ava/install/ava_driver/lib/python3.8/site-packages'
[6.658s] Level 1:colcon.colcon_core.shell:create_environment_hook('ava_driver', 'pythonpath')
[6.660s] INFO:colcon.colcon_core.shell:Creating environment hook '/root/dev_ava/install/ava_driver/share/ava_driver/hook/pythonpath.ps1'
[6.664s] INFO:colcon.colcon_core.shell:Creating environment descriptor '/root/dev_ava/install/ava_driver/share/ava_driver/hook/pythonpath.dsv'
[6.667s] INFO:colcon.colcon_core.shell:Creating environment hook '/root/dev_ava/install/ava_driver/share/ava_driver/hook/pythonpath.sh'
[6.670s] Level 1:colcon.colcon_core.environment:checking '/root/dev_ava/install/ava_driver/bin'
[6.671s] Level 1:colcon.colcon_core.environment:create_environment_scripts_only(ava_driver)
[6.674s] INFO:colcon.colcon_core.shell:Creating package script '/root/dev_ava/install/ava_driver/share/ava_driver/package.ps1'
[6.679s] INFO:colcon.colcon_core.shell:Creating package descriptor '/root/dev_ava/install/ava_driver/share/ava_driver/package.dsv'
[6.682s] INFO:colcon.colcon_core.shell:Creating package script '/root/dev_ava/install/ava_driver/share/ava_driver/package.sh'
[6.688s] INFO:colcon.colcon_core.shell:Creating package script '/root/dev_ava/install/ava_driver/share/ava_driver/package.bash'
[6.693s] INFO:colcon.colcon_core.shell:Creating package script '/root/dev_ava/install/ava_driver/share/ava_driver/package.zsh'
[6.703s] Level 1:colcon.colcon_core.environment:create_file_with_runtime_dependencies(/root/dev_ava/install/ava_driver/share/colcon-core/packages/ava_driver)
[6.710s] Level 1:colcon.colcon_core.environment:checking '/root/dev_ava/install/ava_control' for CMake module files
[6.713s] Level 1:colcon.colcon_core.environment:checking '/root/dev_ava/install/ava_control' for CMake config files
[6.721s] DEBUG:colcon.colcon_core.event_handler.log_command:Invoked command in '/root/dev_ava/src/ava_control' returned '0': AMENT_PREFIX_PATH=/root/dev_ava/install/tf_transformations:/root/dev_ava/install/ava_driver:/root/dev_ava/install/ava_control:/root/dev_ava/install/rplidar_ros2:/root/dev_ava/install/ava_msgs:/root/dev_ava/install/ava_bringup:/opt/ros/foxy PYTHONPATH=/root/dev_ava/install/ava_control/lib/python3.8/site-packages:/root/dev_ava/install/tf_transformations/lib/python3.8/site-packages:/root/dev_ava/install/ava_driver/lib/python3.8/site-packages:/root/dev_ava/install/ava_control/lib/python3.8/site-packages:/root/dev_ava/install/ava_msgs/lib/python3.8/site-packages:/root/dev_ava/install/ava_kinematics/lib/python3.8/site-packages:/root/dev_ava/install/ava_bringup/lib/python3.8/site-packages:/opt/ros/foxy/lib/python3.8/site-packages /usr/bin/python3 setup.py egg_info --egg-base ../../build/ava_control build --build-base /root/dev_ava/build/ava_control/build install --prefix /root/dev_ava/install/ava_control --record /root/dev_ava/build/ava_control/install.log --single-version-externally-managed
[6.722s] Level 1:colcon.colcon_core.environment:checking '/root/dev_ava/install/ava_control/lib'
[6.723s] Level 1:colcon.colcon_core.environment:checking '/root/dev_ava/install/ava_control/bin'
[6.724s] Level 1:colcon.colcon_core.environment:checking '/root/dev_ava/install/ava_control/lib/pkgconfig/ava_control.pc'
[6.725s] Level 1:colcon.colcon_core.environment:checking '/root/dev_ava/install/ava_control/lib/python3.8/site-packages'
[6.725s] Level 1:colcon.colcon_core.shell:create_environment_hook('ava_control', 'pythonpath')
[6.728s] INFO:colcon.colcon_core.shell:Creating environment hook '/root/dev_ava/install/ava_control/share/ava_control/hook/pythonpath.ps1'
[6.730s] INFO:colcon.colcon_core.shell:Creating environment descriptor '/root/dev_ava/install/ava_control/share/ava_control/hook/pythonpath.dsv'
[6.732s] INFO:colcon.colcon_core.shell:Creating environment hook '/root/dev_ava/install/ava_control/share/ava_control/hook/pythonpath.sh'
[6.735s] Level 1:colcon.colcon_core.environment:checking '/root/dev_ava/install/ava_control/bin'
[6.736s] Level 1:colcon.colcon_core.environment:create_environment_scripts_only(ava_control)
[6.739s] INFO:colcon.colcon_core.shell:Creating package script '/root/dev_ava/install/ava_control/share/ava_control/package.ps1'
[6.742s] INFO:colcon.colcon_core.shell:Creating package descriptor '/root/dev_ava/install/ava_control/share/ava_control/package.dsv'
[6.745s] INFO:colcon.colcon_core.shell:Creating package script '/root/dev_ava/install/ava_control/share/ava_control/package.sh'
[6.749s] INFO:colcon.colcon_core.shell:Creating package script '/root/dev_ava/install/ava_control/share/ava_control/package.bash'
[6.752s] INFO:colcon.colcon_core.shell:Creating package script '/root/dev_ava/install/ava_control/share/ava_control/package.zsh'
[6.754s] Level 1:colcon.colcon_core.environment:create_file_with_runtime_dependencies(/root/dev_ava/install/ava_control/share/colcon-core/packages/ava_control)
[6.757s] DEBUG:colcon.colcon_parallel_executor.executor.parallel:closing loop
[6.758s] DEBUG:colcon.colcon_parallel_executor.executor.parallel:loop closed
[6.759s] DEBUG:colcon.colcon_parallel_executor.executor.parallel:run_until_complete finished with '0'
[6.759s] DEBUG:colcon.colcon_core.event_reactor:joining thread
[6.842s] INFO:colcon.colcon_core.plugin_system:Skipping extension 'colcon_notification.desktop_notification.notify_send': Could not find 'notify-send'
[6.843s] INFO:colcon.colcon_core.plugin_system:Skipping extension 'colcon_notification.desktop_notification.terminal_notifier': Not used on non-Darwin systems
[6.843s] INFO:colcon.colcon_core.plugin_system:Skipping extension 'colcon_notification.desktop_notification.win32': Not used on non-Windows systems
[6.843s] INFO:colcon.colcon_notification.desktop_notification:Sending desktop notification using 'notify2'
[6.844s] DEBUG:colcon.colcon_notification.desktop_notification.notify2:Failed to initialize notify2: org.freedesktop.DBus.Error.NotSupported: Unable to autolaunch a dbus-daemon without a $DISPLAY for X11
[6.844s] DEBUG:colcon.colcon_core.event_reactor:joined thread
[6.846s] INFO:colcon.colcon_core.shell:Creating prefix script '/root/dev_ava/install/local_setup.ps1'
[6.853s] INFO:colcon.colcon_core.shell:Creating prefix util module '/root/dev_ava/install/_local_setup_util_ps1.py'
[6.861s] INFO:colcon.colcon_core.shell:Creating prefix chain script '/root/dev_ava/install/setup.ps1'
[6.868s] INFO:colcon.colcon_core.shell:Creating prefix script '/root/dev_ava/install/local_setup.sh'
[6.872s] INFO:colcon.colcon_core.shell:Creating prefix util module '/root/dev_ava/install/_local_setup_util_sh.py'
[6.875s] INFO:colcon.colcon_core.shell:Creating prefix chain script '/root/dev_ava/install/setup.sh'
[6.882s] INFO:colcon.colcon_core.shell:Creating prefix script '/root/dev_ava/install/local_setup.bash'
[6.886s] INFO:colcon.colcon_core.shell:Creating prefix chain script '/root/dev_ava/install/setup.bash'
[6.893s] INFO:colcon.colcon_core.shell:Creating prefix script '/root/dev_ava/install/local_setup.zsh'
[6.897s] INFO:colcon.colcon_core.shell:Creating prefix chain script '/root/dev_ava/install/setup.zsh'
