[0.330s] DEBUG:colcon:Command line arguments: ['/usr/bin/colcon', 'build']
[0.330s] DEBUG:colcon:Parsed command line arguments: Namespace(ament_cmake_args=None, base_paths=['.'], build_base='build', catkin_cmake_args=None, catkin_skip_building_tests=False, cmake_args=None, cmake_clean_cache=False, cmake_clean_first=False, cmake_force_configure=False, cmake_target=None, cmake_target_skip_unavailable=False, continue_on_error=False, event_handlers=None, executor='parallel', ignore_user_meta=False, install_base='install', log_base=None, log_level=None, main=<bound method BuildVerb.main of <colcon_core.verb.build.BuildVerb object at 0x7f0c85cf4c70>>, merge_install=False, metas=['./colcon.meta'], mixin=None, mixin_files=None, mixin_verb=('build',), packages_above=None, packages_above_and_dependencies=None, packages_above_depth=None, packages_end=None, packages_ignore=None, packages_ignore_regex=None, packages_select=None, packages_select_build_failed=False, packages_select_by_dep=None, packages_select_regex=None, packages_select_test_failures=False, packages_skip=None, packages_skip_build_finished=False, packages_skip_by_dep=None, packages_skip_regex=None, packages_skip_test_passed=False, packages_skip_up_to=None, packages_start=None, packages_up_to=None, packages_up_to_regex=None, parallel_workers=12, paths=None, symlink_install=False, test_result_base=None, verb_extension=<colcon_core.verb.build.BuildVerb object at 0x7f0c85cf4c70>, verb_name='build', verb_parser=<colcon_mixin.mixin.mixin_argument.MixinArgumentDecorator object at 0x7f0c85cfc280>)
[0.385s] Level 1:colcon.colcon_core.package_discovery:discover_packages(colcon_meta) check parameters
[0.387s] INFO:colcon.colcon_metadata.package_discovery.colcon_meta:Using configuration from '/root/.colcon/metadata/default/Gazebo.meta'
[0.389s] INFO:colcon.colcon_metadata.package_discovery.colcon_meta:Using configuration from '/root/.colcon/metadata/default/fastrtps.meta'
[0.389s] Level 1:colcon.colcon_core.package_discovery:discover_packages(recursive) check parameters
[0.389s] Level 1:colcon.colcon_core.package_discovery:discover_packages(ignore) check parameters
[0.389s] Level 1:colcon.colcon_core.package_discovery:discover_packages(path) check parameters
[0.389s] Level 1:colcon.colcon_core.package_discovery:discover_packages(colcon_meta) discover
[0.390s] Level 1:colcon.colcon_core.package_discovery:discover_packages(recursive) discover
[0.390s] INFO:colcon.colcon_core.package_discovery:Crawling recursively for packages in '/root/dev_ava'
[0.390s] Level 1:colcon.colcon_core.package_identification:_identify(.) by extensions ['ignore', 'ignore_ament_install']
[0.391s] Level 1:colcon.colcon_core.package_identification:_identify(.) by extension 'ignore'
[0.391s] Level 1:colcon.colcon_core.package_identification:_identify(.) by extension 'ignore_ament_install'
[0.391s] Level 1:colcon.colcon_core.package_identification:_identify(.) by extensions ['colcon_pkg']
[0.391s] Level 1:colcon.colcon_core.package_identification:_identify(.) by extension 'colcon_pkg'
[0.391s] Level 1:colcon.colcon_core.package_identification:_identify(.) by extensions ['colcon_meta']
[0.391s] Level 1:colcon.colcon_core.package_identification:_identify(.) by extension 'colcon_meta'
[0.392s] Level 1:colcon.colcon_core.package_identification:_identify(.) by extensions ['ros']
[0.392s] Level 1:colcon.colcon_core.package_identification:_identify(.) by extension 'ros'
[0.418s] Level 1:colcon.colcon_core.package_identification:_identify(.) by extensions ['cmake', 'python']
[0.418s] Level 1:colcon.colcon_core.package_identification:_identify(.) by extension 'cmake'
[0.418s] Level 1:colcon.colcon_core.package_identification:_identify(.) by extension 'python'
[0.418s] Level 1:colcon.colcon_core.package_identification:_identify(.) by extensions ['python_setup_py']
[0.418s] Level 1:colcon.colcon_core.package_identification:_identify(.) by extension 'python_setup_py'
[0.419s] Level 1:colcon.colcon_core.package_identification:_identify(assets) by extensions ['ignore', 'ignore_ament_install']
[0.419s] Level 1:colcon.colcon_core.package_identification:_identify(assets) by extension 'ignore'
[0.420s] Level 1:colcon.colcon_core.package_identification:_identify(assets) by extension 'ignore_ament_install'
[0.420s] Level 1:colcon.colcon_core.package_identification:_identify(assets) by extensions ['colcon_pkg']
[0.420s] Level 1:colcon.colcon_core.package_identification:_identify(assets) by extension 'colcon_pkg'
[0.420s] Level 1:colcon.colcon_core.package_identification:_identify(assets) by extensions ['colcon_meta']
[0.420s] Level 1:colcon.colcon_core.package_identification:_identify(assets) by extension 'colcon_meta'
[0.420s] Level 1:colcon.colcon_core.package_identification:_identify(assets) by extensions ['ros']
[0.420s] Level 1:colcon.colcon_core.package_identification:_identify(assets) by extension 'ros'
[0.421s] Level 1:colcon.colcon_core.package_identification:_identify(assets) by extensions ['cmake', 'python']
[0.421s] Level 1:colcon.colcon_core.package_identification:_identify(assets) by extension 'cmake'
[0.421s] Level 1:colcon.colcon_core.package_identification:_identify(assets) by extension 'python'
[0.422s] Level 1:colcon.colcon_core.package_identification:_identify(assets) by extensions ['python_setup_py']
[0.422s] Level 1:colcon.colcon_core.package_identification:_identify(assets) by extension 'python_setup_py'
[0.422s] Level 1:colcon.colcon_core.package_identification:_identify(build) by extensions ['ignore', 'ignore_ament_install']
[0.423s] Level 1:colcon.colcon_core.package_identification:_identify(build) by extension 'ignore'
[0.423s] Level 1:colcon.colcon_core.package_identification:_identify(build) ignored
[0.423s] Level 1:colcon.colcon_core.package_identification:_identify(install) by extensions ['ignore', 'ignore_ament_install']
[0.424s] Level 1:colcon.colcon_core.package_identification:_identify(install) by extension 'ignore'
[0.424s] Level 1:colcon.colcon_core.package_identification:_identify(install) ignored
[0.424s] Level 1:colcon.colcon_core.package_identification:_identify(log) by extensions ['ignore', 'ignore_ament_install']
[0.424s] Level 1:colcon.colcon_core.package_identification:_identify(log) by extension 'ignore'
[0.424s] Level 1:colcon.colcon_core.package_identification:_identify(log) ignored
[0.425s] Level 1:colcon.colcon_core.package_identification:_identify(src) by extensions ['ignore', 'ignore_ament_install']
[0.425s] Level 1:colcon.colcon_core.package_identification:_identify(src) by extension 'ignore'
[0.425s] Level 1:colcon.colcon_core.package_identification:_identify(src) by extension 'ignore_ament_install'
[0.425s] Level 1:colcon.colcon_core.package_identification:_identify(src) by extensions ['colcon_pkg']
[0.425s] Level 1:colcon.colcon_core.package_identification:_identify(src) by extension 'colcon_pkg'
[0.426s] Level 1:colcon.colcon_core.package_identification:_identify(src) by extensions ['colcon_meta']
[0.426s] Level 1:colcon.colcon_core.package_identification:_identify(src) by extension 'colcon_meta'
[0.426s] Level 1:colcon.colcon_core.package_identification:_identify(src) by extensions ['ros']
[0.426s] Level 1:colcon.colcon_core.package_identification:_identify(src) by extension 'ros'
[0.426s] Level 1:colcon.colcon_core.package_identification:_identify(src) by extensions ['cmake', 'python']
[0.426s] Level 1:colcon.colcon_core.package_identification:_identify(src) by extension 'cmake'
[0.427s] Level 1:colcon.colcon_core.package_identification:_identify(src) by extension 'python'
[0.427s] Level 1:colcon.colcon_core.package_identification:_identify(src) by extensions ['python_setup_py']
[0.427s] Level 1:colcon.colcon_core.package_identification:_identify(src) by extension 'python_setup_py'
[0.428s] Level 1:colcon.colcon_core.package_identification:_identify(src/ava_description) by extensions ['ignore', 'ignore_ament_install']
[0.428s] Level 1:colcon.colcon_core.package_identification:_identify(src/ava_description) by extension 'ignore'
[0.428s] Level 1:colcon.colcon_core.package_identification:_identify(src/ava_description) by extension 'ignore_ament_install'
[0.428s] Level 1:colcon.colcon_core.package_identification:_identify(src/ava_description) by extensions ['colcon_pkg']
[0.428s] Level 1:colcon.colcon_core.package_identification:_identify(src/ava_description) by extension 'colcon_pkg'
[0.429s] Level 1:colcon.colcon_core.package_identification:_identify(src/ava_description) by extensions ['colcon_meta']
[0.429s] Level 1:colcon.colcon_core.package_identification:_identify(src/ava_description) by extension 'colcon_meta'
[0.429s] Level 1:colcon.colcon_core.package_identification:_identify(src/ava_description) by extensions ['ros']
[0.429s] Level 1:colcon.colcon_core.package_identification:_identify(src/ava_description) by extension 'ros'
[0.434s] DEBUG:colcon.colcon_core.package_identification:Package 'src/ava_description' with type 'ros.ament_python' and name 'ava_description'
[0.435s] Level 1:colcon.colcon_core.package_identification:_identify(src/ava_msgs) by extensions ['ignore', 'ignore_ament_install']
[0.435s] Level 1:colcon.colcon_core.package_identification:_identify(src/ava_msgs) by extension 'ignore'
[0.435s] Level 1:colcon.colcon_core.package_identification:_identify(src/ava_msgs) by extension 'ignore_ament_install'
[0.436s] Level 1:colcon.colcon_core.package_identification:_identify(src/ava_msgs) by extensions ['colcon_pkg']
[0.436s] Level 1:colcon.colcon_core.package_identification:_identify(src/ava_msgs) by extension 'colcon_pkg'
[0.436s] Level 1:colcon.colcon_core.package_identification:_identify(src/ava_msgs) by extensions ['colcon_meta']
[0.436s] Level 1:colcon.colcon_core.package_identification:_identify(src/ava_msgs) by extension 'colcon_meta'
[0.436s] Level 1:colcon.colcon_core.package_identification:_identify(src/ava_msgs) by extensions ['ros']
[0.436s] Level 1:colcon.colcon_core.package_identification:_identify(src/ava_msgs) by extension 'ros'
[0.438s] DEBUG:colcon.colcon_core.package_identification:Package 'src/ava_msgs' with type 'ros.ament_cmake' and name 'ava_msgs'
[0.438s] Level 1:colcon.colcon_core.package_identification:_identify(src/ava_teleop) by extensions ['ignore', 'ignore_ament_install']
[0.439s] Level 1:colcon.colcon_core.package_identification:_identify(src/ava_teleop) by extension 'ignore'
[0.439s] Level 1:colcon.colcon_core.package_identification:_identify(src/ava_teleop) by extension 'ignore_ament_install'
[0.439s] Level 1:colcon.colcon_core.package_identification:_identify(src/ava_teleop) by extensions ['colcon_pkg']
[0.439s] Level 1:colcon.colcon_core.package_identification:_identify(src/ava_teleop) by extension 'colcon_pkg'
[0.439s] Level 1:colcon.colcon_core.package_identification:_identify(src/ava_teleop) by extensions ['colcon_meta']
[0.439s] Level 1:colcon.colcon_core.package_identification:_identify(src/ava_teleop) by extension 'colcon_meta'
[0.440s] Level 1:colcon.colcon_core.package_identification:_identify(src/ava_teleop) by extensions ['ros']
[0.440s] Level 1:colcon.colcon_core.package_identification:_identify(src/ava_teleop) by extension 'ros'
[0.441s] DEBUG:colcon.colcon_core.package_identification:Package 'src/ava_teleop' with type 'ros.ament_python' and name 'ava_teleop'
[0.442s] Level 1:colcon.colcon_core.package_identification:_identify(src/hq_bringup) by extensions ['ignore', 'ignore_ament_install']
[0.442s] Level 1:colcon.colcon_core.package_identification:_identify(src/hq_bringup) by extension 'ignore'
[0.442s] Level 1:colcon.colcon_core.package_identification:_identify(src/hq_bringup) by extension 'ignore_ament_install'
[0.442s] Level 1:colcon.colcon_core.package_identification:_identify(src/hq_bringup) by extensions ['colcon_pkg']
[0.443s] Level 1:colcon.colcon_core.package_identification:_identify(src/hq_bringup) by extension 'colcon_pkg'
[0.443s] Level 1:colcon.colcon_core.package_identification:_identify(src/hq_bringup) by extensions ['colcon_meta']
[0.443s] Level 1:colcon.colcon_core.package_identification:_identify(src/hq_bringup) by extension 'colcon_meta'
[0.443s] Level 1:colcon.colcon_core.package_identification:_identify(src/hq_bringup) by extensions ['ros']
[0.443s] Level 1:colcon.colcon_core.package_identification:_identify(src/hq_bringup) by extension 'ros'
[0.445s] DEBUG:colcon.colcon_core.package_identification:Package 'src/hq_bringup' with type 'ros.ament_python' and name 'hq_bringup'
[0.445s] Level 1:colcon.colcon_core.package_identification:_identify(src/tf_transformations-main) by extensions ['ignore', 'ignore_ament_install']
[0.445s] Level 1:colcon.colcon_core.package_identification:_identify(src/tf_transformations-main) by extension 'ignore'
[0.446s] Level 1:colcon.colcon_core.package_identification:_identify(src/tf_transformations-main) by extension 'ignore_ament_install'
[0.446s] Level 1:colcon.colcon_core.package_identification:_identify(src/tf_transformations-main) by extensions ['colcon_pkg']
[0.446s] Level 1:colcon.colcon_core.package_identification:_identify(src/tf_transformations-main) by extension 'colcon_pkg'
[0.447s] Level 1:colcon.colcon_core.package_identification:_identify(src/tf_transformations-main) by extensions ['colcon_meta']
[0.447s] Level 1:colcon.colcon_core.package_identification:_identify(src/tf_transformations-main) by extension 'colcon_meta'
[0.447s] Level 1:colcon.colcon_core.package_identification:_identify(src/tf_transformations-main) by extensions ['ros']
[0.447s] Level 1:colcon.colcon_core.package_identification:_identify(src/tf_transformations-main) by extension 'ros'
[0.450s] DEBUG:colcon.colcon_core.package_identification:Package 'src/tf_transformations-main' with type 'ros.ament_python' and name 'tf_transformations'
[0.450s] Level 1:colcon.colcon_core.package_discovery:discover_packages(recursive) using defaults
[0.450s] Level 1:colcon.colcon_core.package_discovery:discover_packages(ignore) discover
[0.450s] Level 1:colcon.colcon_core.package_discovery:discover_packages(ignore) using defaults
[0.450s] Level 1:colcon.colcon_core.package_discovery:discover_packages(path) discover
[0.451s] Level 1:colcon.colcon_core.package_discovery:discover_packages(path) using defaults
[0.491s] Level 5:colcon.colcon_core.verb:set package 'ava_msgs' build argument 'cmake_args' from command line to 'None'
[0.491s] Level 5:colcon.colcon_core.verb:set package 'ava_msgs' build argument 'cmake_target' from command line to 'None'
[0.491s] Level 5:colcon.colcon_core.verb:set package 'ava_msgs' build argument 'cmake_target_skip_unavailable' from command line to 'False'
[0.491s] Level 5:colcon.colcon_core.verb:set package 'ava_msgs' build argument 'cmake_clean_cache' from command line to 'False'
[0.491s] Level 5:colcon.colcon_core.verb:set package 'ava_msgs' build argument 'cmake_clean_first' from command line to 'False'
[0.492s] Level 5:colcon.colcon_core.verb:set package 'ava_msgs' build argument 'cmake_force_configure' from command line to 'False'
[0.492s] Level 5:colcon.colcon_core.verb:set package 'ava_msgs' build argument 'ament_cmake_args' from command line to 'None'
[0.492s] Level 5:colcon.colcon_core.verb:set package 'ava_msgs' build argument 'catkin_cmake_args' from command line to 'None'
[0.492s] Level 5:colcon.colcon_core.verb:set package 'ava_msgs' build argument 'catkin_skip_building_tests' from command line to 'False'
[0.492s] DEBUG:colcon.colcon_core.verb:Building package 'ava_msgs' with the following arguments: {'ament_cmake_args': None, 'build_base': '/root/dev_ava/build/ava_msgs', 'catkin_cmake_args': None, 'catkin_skip_building_tests': False, 'cmake_args': None, 'cmake_clean_cache': False, 'cmake_clean_first': False, 'cmake_force_configure': False, 'cmake_target': None, 'cmake_target_skip_unavailable': False, 'install_base': '/root/dev_ava/install/ava_msgs', 'merge_install': False, 'path': '/root/dev_ava/src/ava_msgs', 'symlink_install': False, 'test_result_base': None}
[0.494s] Level 5:colcon.colcon_core.verb:set package 'ava_teleop' build argument 'cmake_args' from command line to 'None'
[0.494s] Level 5:colcon.colcon_core.verb:set package 'ava_teleop' build argument 'cmake_target' from command line to 'None'
[0.494s] Level 5:colcon.colcon_core.verb:set package 'ava_teleop' build argument 'cmake_target_skip_unavailable' from command line to 'False'
[0.494s] Level 5:colcon.colcon_core.verb:set package 'ava_teleop' build argument 'cmake_clean_cache' from command line to 'False'
[0.494s] Level 5:colcon.colcon_core.verb:set package 'ava_teleop' build argument 'cmake_clean_first' from command line to 'False'
[0.494s] Level 5:colcon.colcon_core.verb:set package 'ava_teleop' build argument 'cmake_force_configure' from command line to 'False'
[0.494s] Level 5:colcon.colcon_core.verb:set package 'ava_teleop' build argument 'ament_cmake_args' from command line to 'None'
[0.495s] Level 5:colcon.colcon_core.verb:set package 'ava_teleop' build argument 'catkin_cmake_args' from command line to 'None'
[0.495s] Level 5:colcon.colcon_core.verb:set package 'ava_teleop' build argument 'catkin_skip_building_tests' from command line to 'False'
[0.495s] DEBUG:colcon.colcon_core.verb:Building package 'ava_teleop' with the following arguments: {'ament_cmake_args': None, 'build_base': '/root/dev_ava/build/ava_teleop', 'catkin_cmake_args': None, 'catkin_skip_building_tests': False, 'cmake_args': None, 'cmake_clean_cache': False, 'cmake_clean_first': False, 'cmake_force_configure': False, 'cmake_target': None, 'cmake_target_skip_unavailable': False, 'install_base': '/root/dev_ava/install/ava_teleop', 'merge_install': False, 'path': '/root/dev_ava/src/ava_teleop', 'symlink_install': False, 'test_result_base': None}
[0.497s] Level 5:colcon.colcon_core.verb:set package 'hq_bringup' build argument 'cmake_args' from command line to 'None'
[0.497s] Level 5:colcon.colcon_core.verb:set package 'hq_bringup' build argument 'cmake_target' from command line to 'None'
[0.497s] Level 5:colcon.colcon_core.verb:set package 'hq_bringup' build argument 'cmake_target_skip_unavailable' from command line to 'False'
[0.497s] Level 5:colcon.colcon_core.verb:set package 'hq_bringup' build argument 'cmake_clean_cache' from command line to 'False'
[0.497s] Level 5:colcon.colcon_core.verb:set package 'hq_bringup' build argument 'cmake_clean_first' from command line to 'False'
[0.497s] Level 5:colcon.colcon_core.verb:set package 'hq_bringup' build argument 'cmake_force_configure' from command line to 'False'
[0.497s] Level 5:colcon.colcon_core.verb:set package 'hq_bringup' build argument 'ament_cmake_args' from command line to 'None'
[0.497s] Level 5:colcon.colcon_core.verb:set package 'hq_bringup' build argument 'catkin_cmake_args' from command line to 'None'
[0.498s] Level 5:colcon.colcon_core.verb:set package 'hq_bringup' build argument 'catkin_skip_building_tests' from command line to 'False'
[0.498s] DEBUG:colcon.colcon_core.verb:Building package 'hq_bringup' with the following arguments: {'ament_cmake_args': None, 'build_base': '/root/dev_ava/build/hq_bringup', 'catkin_cmake_args': None, 'catkin_skip_building_tests': False, 'cmake_args': None, 'cmake_clean_cache': False, 'cmake_clean_first': False, 'cmake_force_configure': False, 'cmake_target': None, 'cmake_target_skip_unavailable': False, 'install_base': '/root/dev_ava/install/hq_bringup', 'merge_install': False, 'path': '/root/dev_ava/src/hq_bringup', 'symlink_install': False, 'test_result_base': None}
[0.501s] Level 5:colcon.colcon_core.verb:set package 'tf_transformations' build argument 'cmake_args' from command line to 'None'
[0.501s] Level 5:colcon.colcon_core.verb:set package 'tf_transformations' build argument 'cmake_target' from command line to 'None'
[0.501s] Level 5:colcon.colcon_core.verb:set package 'tf_transformations' build argument 'cmake_target_skip_unavailable' from command line to 'False'
[0.502s] Level 5:colcon.colcon_core.verb:set package 'tf_transformations' build argument 'cmake_clean_cache' from command line to 'False'
[0.502s] Level 5:colcon.colcon_core.verb:set package 'tf_transformations' build argument 'cmake_clean_first' from command line to 'False'
[0.502s] Level 5:colcon.colcon_core.verb:set package 'tf_transformations' build argument 'cmake_force_configure' from command line to 'False'
[0.502s] Level 5:colcon.colcon_core.verb:set package 'tf_transformations' build argument 'ament_cmake_args' from command line to 'None'
[0.502s] Level 5:colcon.colcon_core.verb:set package 'tf_transformations' build argument 'catkin_cmake_args' from command line to 'None'
[0.503s] Level 5:colcon.colcon_core.verb:set package 'tf_transformations' build argument 'catkin_skip_building_tests' from command line to 'False'
[0.503s] DEBUG:colcon.colcon_core.verb:Building package 'tf_transformations' with the following arguments: {'ament_cmake_args': None, 'build_base': '/root/dev_ava/build/tf_transformations', 'catkin_cmake_args': None, 'catkin_skip_building_tests': False, 'cmake_args': None, 'cmake_clean_cache': False, 'cmake_clean_first': False, 'cmake_force_configure': False, 'cmake_target': None, 'cmake_target_skip_unavailable': False, 'install_base': '/root/dev_ava/install/tf_transformations', 'merge_install': False, 'path': '/root/dev_ava/src/tf_transformations-main', 'symlink_install': False, 'test_result_base': None}
[0.506s] Level 5:colcon.colcon_core.verb:set package 'ava_description' build argument 'cmake_args' from command line to 'None'
[0.506s] Level 5:colcon.colcon_core.verb:set package 'ava_description' build argument 'cmake_target' from command line to 'None'
[0.506s] Level 5:colcon.colcon_core.verb:set package 'ava_description' build argument 'cmake_target_skip_unavailable' from command line to 'False'
[0.506s] Level 5:colcon.colcon_core.verb:set package 'ava_description' build argument 'cmake_clean_cache' from command line to 'False'
[0.506s] Level 5:colcon.colcon_core.verb:set package 'ava_description' build argument 'cmake_clean_first' from command line to 'False'
[0.506s] Level 5:colcon.colcon_core.verb:set package 'ava_description' build argument 'cmake_force_configure' from command line to 'False'
[0.507s] Level 5:colcon.colcon_core.verb:set package 'ava_description' build argument 'ament_cmake_args' from command line to 'None'
[0.507s] Level 5:colcon.colcon_core.verb:set package 'ava_description' build argument 'catkin_cmake_args' from command line to 'None'
[0.507s] Level 5:colcon.colcon_core.verb:set package 'ava_description' build argument 'catkin_skip_building_tests' from command line to 'False'
[0.507s] DEBUG:colcon.colcon_core.verb:Building package 'ava_description' with the following arguments: {'ament_cmake_args': None, 'build_base': '/root/dev_ava/build/ava_description', 'catkin_cmake_args': None, 'catkin_skip_building_tests': False, 'cmake_args': None, 'cmake_clean_cache': False, 'cmake_clean_first': False, 'cmake_force_configure': False, 'cmake_target': None, 'cmake_target_skip_unavailable': False, 'install_base': '/root/dev_ava/install/ava_description', 'merge_install': False, 'path': '/root/dev_ava/src/ava_description', 'symlink_install': False, 'test_result_base': None}
[0.507s] INFO:colcon.colcon_core.executor:Executing jobs using 'parallel' executor
[0.511s] DEBUG:colcon.colcon_parallel_executor.executor.parallel:run_until_complete
[0.512s] INFO:colcon.colcon_ros.task.ament_python.build:Building ROS package in '/root/dev_ava/src/tf_transformations-main' with build type 'ament_python'
[0.513s] Level 1:colcon.colcon_core.shell:create_environment_hook('tf_transformations', 'ament_prefix_path')
[0.523s] INFO:colcon.colcon_core.plugin_system:Skipping extension 'colcon_core.shell.bat': Not used on non-Windows systems
[0.524s] INFO:colcon.colcon_core.shell:Creating environment hook '/root/dev_ava/install/tf_transformations/share/tf_transformations/hook/ament_prefix_path.ps1'
[0.526s] INFO:colcon.colcon_core.shell:Creating environment descriptor '/root/dev_ava/install/tf_transformations/share/tf_transformations/hook/ament_prefix_path.dsv'
[0.527s] INFO:colcon.colcon_core.shell:Creating environment hook '/root/dev_ava/install/tf_transformations/share/tf_transformations/hook/ament_prefix_path.sh'
[0.529s] INFO:colcon.colcon_core.shell:Skip shell extension 'powershell' for command environment: Not usable outside of PowerShell
[0.529s] DEBUG:colcon.colcon_core.shell:Skip shell extension 'dsv' for command environment
[0.541s] INFO:colcon.colcon_ros.task.ament_cmake.build:Building ROS package in '/root/dev_ava/src/ava_msgs' with build type 'ament_cmake'
[0.542s] INFO:colcon.colcon_cmake.task.cmake.build:Building CMake package in '/root/dev_ava/src/ava_msgs'
[0.544s] INFO:colcon.colcon_core.shell:Skip shell extension 'powershell' for command environment: Not usable outside of PowerShell
[0.544s] DEBUG:colcon.colcon_core.shell:Skip shell extension 'dsv' for command environment
[0.554s] INFO:colcon.colcon_ros.task.ament_python.build:Building ROS package in '/root/dev_ava/src/ava_teleop' with build type 'ament_python'
[0.555s] Level 1:colcon.colcon_core.shell:create_environment_hook('ava_teleop', 'ament_prefix_path')
[0.557s] INFO:colcon.colcon_core.shell:Creating environment hook '/root/dev_ava/install/ava_teleop/share/ava_teleop/hook/ament_prefix_path.ps1'
[0.560s] INFO:colcon.colcon_core.shell:Creating environment descriptor '/root/dev_ava/install/ava_teleop/share/ava_teleop/hook/ament_prefix_path.dsv'
[0.562s] INFO:colcon.colcon_core.shell:Creating environment hook '/root/dev_ava/install/ava_teleop/share/ava_teleop/hook/ament_prefix_path.sh'
[0.564s] INFO:colcon.colcon_core.shell:Skip shell extension 'powershell' for command environment: Not usable outside of PowerShell
[0.564s] DEBUG:colcon.colcon_core.shell:Skip shell extension 'dsv' for command environment
[0.572s] INFO:colcon.colcon_ros.task.ament_python.build:Building ROS package in '/root/dev_ava/src/hq_bringup' with build type 'ament_python'
[0.573s] Level 1:colcon.colcon_core.shell:create_environment_hook('hq_bringup', 'ament_prefix_path')
[0.574s] INFO:colcon.colcon_core.shell:Creating environment hook '/root/dev_ava/install/hq_bringup/share/hq_bringup/hook/ament_prefix_path.ps1'
[0.577s] INFO:colcon.colcon_core.shell:Creating environment descriptor '/root/dev_ava/install/hq_bringup/share/hq_bringup/hook/ament_prefix_path.dsv'
[0.579s] INFO:colcon.colcon_core.shell:Creating environment hook '/root/dev_ava/install/hq_bringup/share/hq_bringup/hook/ament_prefix_path.sh'
[0.581s] INFO:colcon.colcon_core.shell:Skip shell extension 'powershell' for command environment: Not usable outside of PowerShell
[0.582s] DEBUG:colcon.colcon_core.shell:Skip shell extension 'dsv' for command environment
[0.992s] INFO:colcon.colcon_core.task.python.build:Building Python package in '/root/dev_ava/src/tf_transformations-main'
[0.993s] INFO:colcon.colcon_core.shell:Skip shell extension 'powershell' for command environment: Not usable outside of PowerShell
[0.994s] DEBUG:colcon.colcon_core.shell:Skip shell extension 'dsv' for command environment
[1.012s] DEBUG:colcon.colcon_core.event_handler.log_command:Invoking command in '/root/dev_ava/build/ava_msgs': CMAKE_PREFIX_PATH=/opt/ros/foxy /usr/bin/cmake /root/dev_ava/src/ava_msgs -DCMAKE_INSTALL_PREFIX=/root/dev_ava/install/ava_msgs
[1.380s] INFO:colcon.colcon_core.task.python.build:Building Python package in '/root/dev_ava/src/ava_teleop'
[1.382s] INFO:colcon.colcon_core.shell:Skip shell extension 'powershell' for command environment: Not usable outside of PowerShell
[1.382s] DEBUG:colcon.colcon_core.shell:Skip shell extension 'dsv' for command environment
[1.755s] INFO:colcon.colcon_core.task.python.build:Building Python package in '/root/dev_ava/src/hq_bringup'
[1.756s] INFO:colcon.colcon_core.shell:Skip shell extension 'powershell' for command environment: Not usable outside of PowerShell
[1.756s] DEBUG:colcon.colcon_core.shell:Skip shell extension 'dsv' for command environment
[2.532s] DEBUG:colcon.colcon_core.event_handler.log_command:Invoking command in '/root/dev_ava/src/tf_transformations-main': PYTHONPATH=/root/dev_ava/install/tf_transformations/lib/python3.8/site-packages:${PYTHONPATH} /usr/bin/python3 setup.py egg_info --egg-base ../../build/tf_transformations build --build-base /root/dev_ava/build/tf_transformations/build install --prefix /root/dev_ava/install/tf_transformations --record /root/dev_ava/build/tf_transformations/install.log --single-version-externally-managed
[2.542s] DEBUG:colcon.colcon_core.event_handler.log_command:Invoking command in '/root/dev_ava/src/ava_teleop': PYTHONPATH=/root/dev_ava/install/ava_teleop/lib/python3.8/site-packages:${PYTHONPATH} /usr/bin/python3 setup.py egg_info --egg-base ../../build/ava_teleop build --build-base /root/dev_ava/build/ava_teleop/build install --prefix /root/dev_ava/install/ava_teleop --record /root/dev_ava/build/ava_teleop/install.log --single-version-externally-managed
[2.586s] DEBUG:colcon.colcon_core.event_handler.log_command:Invoking command in '/root/dev_ava/src/hq_bringup': PYTHONPATH=/root/dev_ava/install/hq_bringup/lib/python3.8/site-packages:${PYTHONPATH} /usr/bin/python3 setup.py egg_info --egg-base ../../build/hq_bringup build --build-base /root/dev_ava/build/hq_bringup/build install --prefix /root/dev_ava/install/hq_bringup --record /root/dev_ava/build/hq_bringup/install.log --single-version-externally-managed
[3.184s] DEBUG:colcon.colcon_core.event_handler.log_command:Invoked command in '/root/dev_ava/src/tf_transformations-main' returned '0': PYTHONPATH=/root/dev_ava/install/tf_transformations/lib/python3.8/site-packages:${PYTHONPATH} /usr/bin/python3 setup.py egg_info --egg-base ../../build/tf_transformations build --build-base /root/dev_ava/build/tf_transformations/build install --prefix /root/dev_ava/install/tf_transformations --record /root/dev_ava/build/tf_transformations/install.log --single-version-externally-managed
[3.191s] Level 1:colcon.colcon_core.environment:checking '/root/dev_ava/install/tf_transformations' for CMake module files
[3.192s] Level 1:colcon.colcon_core.environment:checking '/root/dev_ava/install/tf_transformations' for CMake config files
[3.194s] Level 1:colcon.colcon_core.environment:checking '/root/dev_ava/install/tf_transformations/lib'
[3.194s] Level 1:colcon.colcon_core.environment:checking '/root/dev_ava/install/tf_transformations/bin'
[3.194s] Level 1:colcon.colcon_core.environment:checking '/root/dev_ava/install/tf_transformations/lib/pkgconfig/tf_transformations.pc'
[3.195s] Level 1:colcon.colcon_core.environment:checking '/root/dev_ava/install/tf_transformations/lib/python3.8/site-packages'
[3.195s] Level 1:colcon.colcon_core.shell:create_environment_hook('tf_transformations', 'pythonpath')
[3.196s] INFO:colcon.colcon_core.shell:Creating environment hook '/root/dev_ava/install/tf_transformations/share/tf_transformations/hook/pythonpath.ps1'
[3.197s] INFO:colcon.colcon_core.shell:Creating environment descriptor '/root/dev_ava/install/tf_transformations/share/tf_transformations/hook/pythonpath.dsv'
[3.198s] INFO:colcon.colcon_core.shell:Creating environment hook '/root/dev_ava/install/tf_transformations/share/tf_transformations/hook/pythonpath.sh'
[3.199s] Level 1:colcon.colcon_core.environment:checking '/root/dev_ava/install/tf_transformations/bin'
[3.199s] Level 1:colcon.colcon_core.environment:create_environment_scripts_only(tf_transformations)
[3.201s] INFO:colcon.colcon_core.shell:Creating package script '/root/dev_ava/install/tf_transformations/share/tf_transformations/package.ps1'
[3.203s] INFO:colcon.colcon_core.shell:Creating package descriptor '/root/dev_ava/install/tf_transformations/share/tf_transformations/package.dsv'
[3.204s] INFO:colcon.colcon_core.shell:Creating package script '/root/dev_ava/install/tf_transformations/share/tf_transformations/package.sh'
[3.206s] INFO:colcon.colcon_core.shell:Creating package script '/root/dev_ava/install/tf_transformations/share/tf_transformations/package.bash'
[3.208s] INFO:colcon.colcon_core.shell:Creating package script '/root/dev_ava/install/tf_transformations/share/tf_transformations/package.zsh'
[3.210s] Level 1:colcon.colcon_core.environment:create_file_with_runtime_dependencies(/root/dev_ava/install/tf_transformations/share/colcon-core/packages/tf_transformations)
[3.213s] INFO:colcon.colcon_ros.task.ament_python.build:Building ROS package in '/root/dev_ava/src/ava_description' with build type 'ament_python'
[3.214s] Level 1:colcon.colcon_core.shell:create_environment_hook('ava_description', 'ament_prefix_path')
[3.215s] INFO:colcon.colcon_core.shell:Creating environment hook '/root/dev_ava/install/ava_description/share/ava_description/hook/ament_prefix_path.ps1'
[3.219s] INFO:colcon.colcon_core.shell:Creating environment descriptor '/root/dev_ava/install/ava_description/share/ava_description/hook/ament_prefix_path.dsv'
[3.220s] INFO:colcon.colcon_core.shell:Creating environment hook '/root/dev_ava/install/ava_description/share/ava_description/hook/ament_prefix_path.sh'
[3.222s] INFO:colcon.colcon_core.shell:Skip shell extension 'powershell' for command environment: Not usable outside of PowerShell
[3.223s] DEBUG:colcon.colcon_core.shell:Skip shell extension 'dsv' for command environment
[3.236s] Level 1:colcon.colcon_core.environment:checking '/root/dev_ava/install/ava_teleop' for CMake module files
[3.239s] DEBUG:colcon.colcon_core.event_handler.log_command:Invoked command in '/root/dev_ava/src/ava_teleop' returned '0': PYTHONPATH=/root/dev_ava/install/ava_teleop/lib/python3.8/site-packages:${PYTHONPATH} /usr/bin/python3 setup.py egg_info --egg-base ../../build/ava_teleop build --build-base /root/dev_ava/build/ava_teleop/build install --prefix /root/dev_ava/install/ava_teleop --record /root/dev_ava/build/ava_teleop/install.log --single-version-externally-managed
[3.240s] Level 1:colcon.colcon_core.environment:checking '/root/dev_ava/install/ava_teleop' for CMake config files
[3.243s] Level 1:colcon.colcon_core.environment:checking '/root/dev_ava/install/ava_teleop/lib'
[3.244s] Level 1:colcon.colcon_core.environment:checking '/root/dev_ava/install/ava_teleop/bin'
[3.244s] Level 1:colcon.colcon_core.environment:checking '/root/dev_ava/install/ava_teleop/lib/pkgconfig/ava_teleop.pc'
[3.245s] Level 1:colcon.colcon_core.environment:checking '/root/dev_ava/install/ava_teleop/lib/python3.8/site-packages'
[3.245s] Level 1:colcon.colcon_core.shell:create_environment_hook('ava_teleop', 'pythonpath')
[3.248s] INFO:colcon.colcon_core.shell:Creating environment hook '/root/dev_ava/install/ava_teleop/share/ava_teleop/hook/pythonpath.ps1'
[3.249s] INFO:colcon.colcon_core.shell:Creating environment descriptor '/root/dev_ava/install/ava_teleop/share/ava_teleop/hook/pythonpath.dsv'
[3.250s] INFO:colcon.colcon_core.shell:Creating environment hook '/root/dev_ava/install/ava_teleop/share/ava_teleop/hook/pythonpath.sh'
[3.252s] Level 1:colcon.colcon_core.environment:checking '/root/dev_ava/install/ava_teleop/bin'
[3.252s] Level 1:colcon.colcon_core.environment:create_environment_scripts_only(ava_teleop)
[3.253s] INFO:colcon.colcon_core.shell:Creating package script '/root/dev_ava/install/ava_teleop/share/ava_teleop/package.ps1'
[3.255s] INFO:colcon.colcon_core.shell:Creating package descriptor '/root/dev_ava/install/ava_teleop/share/ava_teleop/package.dsv'
[3.256s] INFO:colcon.colcon_core.shell:Creating package script '/root/dev_ava/install/ava_teleop/share/ava_teleop/package.sh'
[3.257s] INFO:colcon.colcon_core.shell:Creating package script '/root/dev_ava/install/ava_teleop/share/ava_teleop/package.bash'
[3.258s] INFO:colcon.colcon_core.shell:Creating package script '/root/dev_ava/install/ava_teleop/share/ava_teleop/package.zsh'
[3.259s] Level 1:colcon.colcon_core.environment:create_file_with_runtime_dependencies(/root/dev_ava/install/ava_teleop/share/colcon-core/packages/ava_teleop)
[3.666s] INFO:colcon.colcon_core.task.python.build:Building Python package in '/root/dev_ava/src/ava_description'
[3.667s] INFO:colcon.colcon_core.shell:Skip shell extension 'powershell' for command environment: Not usable outside of PowerShell
[3.668s] DEBUG:colcon.colcon_core.shell:Skip shell extension 'dsv' for command environment
[3.681s] Level 1:colcon.colcon_core.environment:checking '/root/dev_ava/install/hq_bringup' for CMake module files
[3.684s] DEBUG:colcon.colcon_core.event_handler.log_command:Invoked command in '/root/dev_ava/src/hq_bringup' returned '0': PYTHONPATH=/root/dev_ava/install/hq_bringup/lib/python3.8/site-packages:${PYTHONPATH} /usr/bin/python3 setup.py egg_info --egg-base ../../build/hq_bringup build --build-base /root/dev_ava/build/hq_bringup/build install --prefix /root/dev_ava/install/hq_bringup --record /root/dev_ava/build/hq_bringup/install.log --single-version-externally-managed
[3.685s] Level 1:colcon.colcon_core.environment:checking '/root/dev_ava/install/hq_bringup' for CMake config files
[3.686s] Level 1:colcon.colcon_core.environment:checking '/root/dev_ava/install/hq_bringup/lib'
[3.687s] Level 1:colcon.colcon_core.environment:checking '/root/dev_ava/install/hq_bringup/bin'
[3.687s] Level 1:colcon.colcon_core.environment:checking '/root/dev_ava/install/hq_bringup/lib/pkgconfig/hq_bringup.pc'
[3.687s] Level 1:colcon.colcon_core.environment:checking '/root/dev_ava/install/hq_bringup/lib/python3.8/site-packages'
[3.687s] Level 1:colcon.colcon_core.shell:create_environment_hook('hq_bringup', 'pythonpath')
[3.688s] INFO:colcon.colcon_core.shell:Creating environment hook '/root/dev_ava/install/hq_bringup/share/hq_bringup/hook/pythonpath.ps1'
[3.689s] INFO:colcon.colcon_core.shell:Creating environment descriptor '/root/dev_ava/install/hq_bringup/share/hq_bringup/hook/pythonpath.dsv'
[3.690s] INFO:colcon.colcon_core.shell:Creating environment hook '/root/dev_ava/install/hq_bringup/share/hq_bringup/hook/pythonpath.sh'
[3.691s] Level 1:colcon.colcon_core.environment:checking '/root/dev_ava/install/hq_bringup/bin'
[3.692s] Level 1:colcon.colcon_core.environment:create_environment_scripts_only(hq_bringup)
[3.693s] INFO:colcon.colcon_core.shell:Creating package script '/root/dev_ava/install/hq_bringup/share/hq_bringup/package.ps1'
[3.695s] INFO:colcon.colcon_core.shell:Creating package descriptor '/root/dev_ava/install/hq_bringup/share/hq_bringup/package.dsv'
[3.697s] INFO:colcon.colcon_core.shell:Creating package script '/root/dev_ava/install/hq_bringup/share/hq_bringup/package.sh'
[3.699s] INFO:colcon.colcon_core.shell:Creating package script '/root/dev_ava/install/hq_bringup/share/hq_bringup/package.bash'
[3.700s] INFO:colcon.colcon_core.shell:Creating package script '/root/dev_ava/install/hq_bringup/share/hq_bringup/package.zsh'
[3.702s] Level 1:colcon.colcon_core.environment:create_file_with_runtime_dependencies(/root/dev_ava/install/hq_bringup/share/colcon-core/packages/hq_bringup)
[3.888s] DEBUG:colcon.colcon_core.event_handler.log_command:Invoked command in '/root/dev_ava/build/ava_msgs' returned '0': CMAKE_PREFIX_PATH=/opt/ros/foxy /usr/bin/cmake /root/dev_ava/src/ava_msgs -DCMAKE_INSTALL_PREFIX=/root/dev_ava/install/ava_msgs
[3.897s] DEBUG:colcon.colcon_core.event_handler.log_command:Invoking command in '/root/dev_ava/build/ava_msgs': CMAKE_PREFIX_PATH=/opt/ros/foxy /usr/bin/cmake --build /root/dev_ava/build/ava_msgs -- -j12 -l12
[4.489s] DEBUG:colcon.colcon_core.event_handler.log_command:Invoking command in '/root/dev_ava/src/ava_description': AMENT_PREFIX_PATH=/root/dev_ava/install/tf_transformations:${AMENT_PREFIX_PATH} PYTHONPATH=/root/dev_ava/install/ava_description/lib/python3.8/site-packages:/root/dev_ava/install/tf_transformations/lib/python3.8/site-packages:${PYTHONPATH} /usr/bin/python3 setup.py egg_info --egg-base ../../build/ava_description build --build-base /root/dev_ava/build/ava_description/build install --prefix /root/dev_ava/install/ava_description --record /root/dev_ava/build/ava_description/install.log --single-version-externally-managed
[5.110s] Level 1:colcon.colcon_core.environment:checking '/root/dev_ava/install/ava_description' for CMake module files
[5.112s] DEBUG:colcon.colcon_core.event_handler.log_command:Invoked command in '/root/dev_ava/src/ava_description' returned '0': AMENT_PREFIX_PATH=/root/dev_ava/install/tf_transformations:${AMENT_PREFIX_PATH} PYTHONPATH=/root/dev_ava/install/ava_description/lib/python3.8/site-packages:/root/dev_ava/install/tf_transformations/lib/python3.8/site-packages:${PYTHONPATH} /usr/bin/python3 setup.py egg_info --egg-base ../../build/ava_description build --build-base /root/dev_ava/build/ava_description/build install --prefix /root/dev_ava/install/ava_description --record /root/dev_ava/build/ava_description/install.log --single-version-externally-managed
[5.113s] Level 1:colcon.colcon_core.environment:checking '/root/dev_ava/install/ava_description' for CMake config files
[5.114s] Level 1:colcon.colcon_core.environment:checking '/root/dev_ava/install/ava_description/lib'
[5.115s] Level 1:colcon.colcon_core.environment:checking '/root/dev_ava/install/ava_description/bin'
[5.115s] Level 1:colcon.colcon_core.environment:checking '/root/dev_ava/install/ava_description/lib/pkgconfig/ava_description.pc'
[5.116s] Level 1:colcon.colcon_core.environment:checking '/root/dev_ava/install/ava_description/lib/python3.8/site-packages'
[5.116s] Level 1:colcon.colcon_core.shell:create_environment_hook('ava_description', 'pythonpath')
[5.117s] INFO:colcon.colcon_core.shell:Creating environment hook '/root/dev_ava/install/ava_description/share/ava_description/hook/pythonpath.ps1'
[5.118s] INFO:colcon.colcon_core.shell:Creating environment descriptor '/root/dev_ava/install/ava_description/share/ava_description/hook/pythonpath.dsv'
[5.118s] INFO:colcon.colcon_core.shell:Creating environment hook '/root/dev_ava/install/ava_description/share/ava_description/hook/pythonpath.sh'
[5.120s] Level 1:colcon.colcon_core.environment:checking '/root/dev_ava/install/ava_description/bin'
[5.120s] Level 1:colcon.colcon_core.environment:create_environment_scripts_only(ava_description)
[5.121s] INFO:colcon.colcon_core.shell:Creating package script '/root/dev_ava/install/ava_description/share/ava_description/package.ps1'
[5.122s] INFO:colcon.colcon_core.shell:Creating package descriptor '/root/dev_ava/install/ava_description/share/ava_description/package.dsv'
[5.123s] INFO:colcon.colcon_core.shell:Creating package script '/root/dev_ava/install/ava_description/share/ava_description/package.sh'
[5.124s] INFO:colcon.colcon_core.shell:Creating package script '/root/dev_ava/install/ava_description/share/ava_description/package.bash'
[5.125s] INFO:colcon.colcon_core.shell:Creating package script '/root/dev_ava/install/ava_description/share/ava_description/package.zsh'
[5.125s] Level 1:colcon.colcon_core.environment:create_file_with_runtime_dependencies(/root/dev_ava/install/ava_description/share/colcon-core/packages/ava_description)
[13.844s] DEBUG:colcon.colcon_core.event_handler.log_command:Invoked command in '/root/dev_ava/build/ava_msgs' returned '0': CMAKE_PREFIX_PATH=/opt/ros/foxy /usr/bin/cmake --build /root/dev_ava/build/ava_msgs -- -j12 -l12
[14.085s] DEBUG:colcon.colcon_core.event_handler.log_command:Invoking command in '/root/dev_ava/build/ava_msgs': CMAKE_PREFIX_PATH=/opt/ros/foxy /usr/bin/cmake --install /root/dev_ava/build/ava_msgs
[14.271s] Level 1:colcon.colcon_core.environment:create_environment_scripts_only(ava_msgs)
[14.274s] Level 1:colcon.colcon_core.environment:checking '/root/dev_ava/install/ava_msgs' for CMake module files
[14.275s] DEBUG:colcon.colcon_core.event_handler.log_command:Invoked command in '/root/dev_ava/build/ava_msgs' returned '0': CMAKE_PREFIX_PATH=/opt/ros/foxy /usr/bin/cmake --install /root/dev_ava/build/ava_msgs
[14.276s] Level 1:colcon.colcon_core.environment:checking '/root/dev_ava/install/ava_msgs' for CMake config files
[14.278s] Level 1:colcon.colcon_core.shell:create_environment_hook('ava_msgs', 'cmake_prefix_path')
[14.279s] INFO:colcon.colcon_core.shell:Creating environment hook '/root/dev_ava/install/ava_msgs/share/ava_msgs/hook/cmake_prefix_path.ps1'
[14.280s] INFO:colcon.colcon_core.shell:Creating environment descriptor '/root/dev_ava/install/ava_msgs/share/ava_msgs/hook/cmake_prefix_path.dsv'
[14.281s] INFO:colcon.colcon_core.shell:Creating environment hook '/root/dev_ava/install/ava_msgs/share/ava_msgs/hook/cmake_prefix_path.sh'
[14.282s] Level 1:colcon.colcon_core.environment:checking '/root/dev_ava/install/ava_msgs/lib'
[14.282s] Level 1:colcon.colcon_core.shell:create_environment_hook('ava_msgs', 'ld_library_path_lib')
[14.283s] INFO:colcon.colcon_core.shell:Creating environment hook '/root/dev_ava/install/ava_msgs/share/ava_msgs/hook/ld_library_path_lib.ps1'
[14.284s] INFO:colcon.colcon_core.shell:Creating environment descriptor '/root/dev_ava/install/ava_msgs/share/ava_msgs/hook/ld_library_path_lib.dsv'
[14.285s] INFO:colcon.colcon_core.shell:Creating environment hook '/root/dev_ava/install/ava_msgs/share/ava_msgs/hook/ld_library_path_lib.sh'
[14.286s] Level 1:colcon.colcon_core.environment:checking '/root/dev_ava/install/ava_msgs/bin'
[14.286s] Level 1:colcon.colcon_core.environment:checking '/root/dev_ava/install/ava_msgs/lib/pkgconfig/ava_msgs.pc'
[14.287s] Level 1:colcon.colcon_core.environment:checking '/root/dev_ava/install/ava_msgs/lib/python3.8/site-packages'
[14.287s] Level 1:colcon.colcon_core.shell:create_environment_hook('ava_msgs', 'pythonpath')
[14.288s] INFO:colcon.colcon_core.shell:Creating environment hook '/root/dev_ava/install/ava_msgs/share/ava_msgs/hook/pythonpath.ps1'
[14.289s] INFO:colcon.colcon_core.shell:Creating environment descriptor '/root/dev_ava/install/ava_msgs/share/ava_msgs/hook/pythonpath.dsv'
[14.290s] INFO:colcon.colcon_core.shell:Creating environment hook '/root/dev_ava/install/ava_msgs/share/ava_msgs/hook/pythonpath.sh'
[14.291s] Level 1:colcon.colcon_core.environment:checking '/root/dev_ava/install/ava_msgs/bin'
[14.293s] INFO:colcon.colcon_core.shell:Creating package script '/root/dev_ava/install/ava_msgs/share/ava_msgs/package.ps1'
[14.294s] INFO:colcon.colcon_core.shell:Creating package descriptor '/root/dev_ava/install/ava_msgs/share/ava_msgs/package.dsv'
[14.296s] INFO:colcon.colcon_core.shell:Creating package script '/root/dev_ava/install/ava_msgs/share/ava_msgs/package.sh'
[14.297s] INFO:colcon.colcon_core.shell:Creating package script '/root/dev_ava/install/ava_msgs/share/ava_msgs/package.bash'
[14.298s] INFO:colcon.colcon_core.shell:Creating package script '/root/dev_ava/install/ava_msgs/share/ava_msgs/package.zsh'
[14.299s] Level 1:colcon.colcon_core.environment:create_file_with_runtime_dependencies(/root/dev_ava/install/ava_msgs/share/colcon-core/packages/ava_msgs)
[14.507s] Level 1:colcon.colcon_core.environment:create_environment_scripts_only(ava_msgs)
[14.509s] Level 1:colcon.colcon_core.environment:checking '/root/dev_ava/install/ava_msgs' for CMake module files
[14.511s] Level 1:colcon.colcon_core.environment:checking '/root/dev_ava/install/ava_msgs' for CMake config files
[14.513s] Level 1:colcon.colcon_core.shell:create_environment_hook('ava_msgs', 'cmake_prefix_path')
[14.514s] INFO:colcon.colcon_core.shell:Creating environment hook '/root/dev_ava/install/ava_msgs/share/ava_msgs/hook/cmake_prefix_path.ps1'
[14.516s] INFO:colcon.colcon_core.shell:Creating environment descriptor '/root/dev_ava/install/ava_msgs/share/ava_msgs/hook/cmake_prefix_path.dsv'
[14.516s] INFO:colcon.colcon_core.shell:Creating environment hook '/root/dev_ava/install/ava_msgs/share/ava_msgs/hook/cmake_prefix_path.sh'
[14.517s] Level 1:colcon.colcon_core.environment:checking '/root/dev_ava/install/ava_msgs/lib'
[14.518s] Level 1:colcon.colcon_core.shell:create_environment_hook('ava_msgs', 'ld_library_path_lib')
[14.519s] INFO:colcon.colcon_core.shell:Creating environment hook '/root/dev_ava/install/ava_msgs/share/ava_msgs/hook/ld_library_path_lib.ps1'
[14.520s] INFO:colcon.colcon_core.shell:Creating environment descriptor '/root/dev_ava/install/ava_msgs/share/ava_msgs/hook/ld_library_path_lib.dsv'
[14.521s] INFO:colcon.colcon_core.shell:Creating environment hook '/root/dev_ava/install/ava_msgs/share/ava_msgs/hook/ld_library_path_lib.sh'
[14.522s] Level 1:colcon.colcon_core.environment:checking '/root/dev_ava/install/ava_msgs/bin'
[14.522s] Level 1:colcon.colcon_core.environment:checking '/root/dev_ava/install/ava_msgs/lib/pkgconfig/ava_msgs.pc'
[14.523s] Level 1:colcon.colcon_core.environment:checking '/root/dev_ava/install/ava_msgs/lib/python3.8/site-packages'
[14.523s] Level 1:colcon.colcon_core.shell:create_environment_hook('ava_msgs', 'pythonpath')
[14.524s] INFO:colcon.colcon_core.shell:Creating environment hook '/root/dev_ava/install/ava_msgs/share/ava_msgs/hook/pythonpath.ps1'
[14.525s] INFO:colcon.colcon_core.shell:Creating environment descriptor '/root/dev_ava/install/ava_msgs/share/ava_msgs/hook/pythonpath.dsv'
[14.526s] INFO:colcon.colcon_core.shell:Creating environment hook '/root/dev_ava/install/ava_msgs/share/ava_msgs/hook/pythonpath.sh'
[14.527s] Level 1:colcon.colcon_core.environment:checking '/root/dev_ava/install/ava_msgs/bin'
[14.529s] INFO:colcon.colcon_core.shell:Creating package script '/root/dev_ava/install/ava_msgs/share/ava_msgs/package.ps1'
[14.532s] INFO:colcon.colcon_core.shell:Creating package descriptor '/root/dev_ava/install/ava_msgs/share/ava_msgs/package.dsv'
[14.536s] INFO:colcon.colcon_core.shell:Creating package script '/root/dev_ava/install/ava_msgs/share/ava_msgs/package.sh'
[14.538s] INFO:colcon.colcon_core.shell:Creating package script '/root/dev_ava/install/ava_msgs/share/ava_msgs/package.bash'
[14.542s] INFO:colcon.colcon_core.shell:Creating package script '/root/dev_ava/install/ava_msgs/share/ava_msgs/package.zsh'
[14.544s] Level 1:colcon.colcon_core.environment:create_file_with_runtime_dependencies(/root/dev_ava/install/ava_msgs/share/colcon-core/packages/ava_msgs)
[14.545s] DEBUG:colcon.colcon_parallel_executor.executor.parallel:closing loop
[14.547s] DEBUG:colcon.colcon_parallel_executor.executor.parallel:loop closed
[14.548s] DEBUG:colcon.colcon_parallel_executor.executor.parallel:run_until_complete finished with '0'
[14.549s] DEBUG:colcon.colcon_core.event_reactor:joining thread
[14.570s] INFO:colcon.colcon_core.plugin_system:Skipping extension 'colcon_notification.desktop_notification.notify_send': Could not find 'notify-send'
[14.570s] INFO:colcon.colcon_core.plugin_system:Skipping extension 'colcon_notification.desktop_notification.terminal_notifier': Not used on non-Darwin systems
[14.570s] INFO:colcon.colcon_core.plugin_system:Skipping extension 'colcon_notification.desktop_notification.win32': Not used on non-Windows systems
[14.571s] INFO:colcon.colcon_notification.desktop_notification:Sending desktop notification using 'notify2'
[14.571s] DEBUG:colcon.colcon_notification.desktop_notification.notify2:Failed to initialize notify2: org.freedesktop.DBus.Error.NotSupported: Unable to autolaunch a dbus-daemon without a $DISPLAY for X11
[14.571s] DEBUG:colcon.colcon_core.event_reactor:joined thread
[14.573s] INFO:colcon.colcon_core.shell:Creating prefix script '/root/dev_ava/install/local_setup.ps1'
[14.576s] INFO:colcon.colcon_core.shell:Creating prefix util module '/root/dev_ava/install/_local_setup_util_ps1.py'
[14.582s] INFO:colcon.colcon_core.shell:Creating prefix chain script '/root/dev_ava/install/setup.ps1'
[14.585s] INFO:colcon.colcon_core.shell:Creating prefix script '/root/dev_ava/install/local_setup.sh'
[14.586s] INFO:colcon.colcon_core.shell:Creating prefix util module '/root/dev_ava/install/_local_setup_util_sh.py'
[14.587s] INFO:colcon.colcon_core.shell:Creating prefix chain script '/root/dev_ava/install/setup.sh'
[14.590s] INFO:colcon.colcon_core.shell:Creating prefix script '/root/dev_ava/install/local_setup.bash'
[14.591s] INFO:colcon.colcon_core.shell:Creating prefix chain script '/root/dev_ava/install/setup.bash'
[14.593s] INFO:colcon.colcon_core.shell:Creating prefix script '/root/dev_ava/install/local_setup.zsh'
[14.595s] INFO:colcon.colcon_core.shell:Creating prefix chain script '/root/dev_ava/install/setup.zsh'
