[1.969s] Invoking command in 'C:\dev_ava\src\ava_description': PUBLIC=%PUBLIC%
PyCharm Community Edition=C:\Program Files\JetBrains\PyCharm Community Edition 2020.1.3\bin; PYTHONPATH=C:\dev_ava\install\Lib\site-packages;%PYTHONPATH% c:\opt\ros\foxy\x64\python.exe setup.py egg_info --egg-base C:\dev_ava\build\ava_description build --build-base C:\dev_ava\build\ava_description\build install --prefix C:\dev_ava\install --record C:\dev_ava\build\ava_description\install.log --single-version-externally-managed
[3.031s] running egg_info
[3.031s] writing C:\dev_ava\build\ava_description\ava_description.egg-info\PKG-INFO
[3.031s] writing dependency_links to C:\dev_ava\build\ava_description\ava_description.egg-info\dependency_links.txt
[3.047s] writing entry points to C:\dev_ava\build\ava_description\ava_description.egg-info\entry_points.txt
[3.047s] writing requirements to C:\dev_ava\build\ava_description\ava_description.egg-info\requires.txt
[3.047s] writing top-level names to C:\dev_ava\build\ava_description\ava_description.egg-info\top_level.txt
[3.094s] reading manifest file 'C:\dev_ava\build\ava_description\ava_description.egg-info\SOURCES.txt'
[3.094s] writing manifest file 'C:\dev_ava\build\ava_description\ava_description.egg-info\SOURCES.txt'
[3.094s] running build
[3.094s] running build_py
[3.094s] running install
[3.094s] running install_lib
[3.094s] writing byte-compilation script 'C:\Users\matth\AppData\Local\Temp\tmpxjaqtjcs.py'
[3.094s] c:\opt\ros\foxy\x64\python.exe C:\Users\matth\AppData\Local\Temp\tmpxjaqtjcs.py
[3.234s] removing C:\Users\matth\AppData\Local\Temp\tmpxjaqtjcs.py
[3.234s] running install_data
[3.250s] running install_egg_info
[3.250s] removing 'C:\dev_ava\install\Lib\site-packages\ava_description-0.0.0-py3.8.egg-info' (and everything under it)
[3.250s] Copying C:\dev_ava\build\ava_description\ava_description.egg-info to C:\dev_ava\install\Lib\site-packages\ava_description-0.0.0-py3.8.egg-info
[3.281s] running install_scripts
[3.344s] writing list of installed files to 'C:\dev_ava\build\ava_description\install.log'
[3.391s] Invoked command in 'C:\dev_ava\src\ava_description' returned '0': PUBLIC=%PUBLIC%
PyCharm Community Edition=C:\Program Files\JetBrains\PyCharm Community Edition 2020.1.3\bin; PYTHONPATH=C:\dev_ava\install\Lib\site-packages;%PYTHONPATH% c:\opt\ros\foxy\x64\python.exe setup.py egg_info --egg-base C:\dev_ava\build\ava_description build --build-base C:\dev_ava\build\ava_description\build install --prefix C:\dev_ava\install --record C:\dev_ava\build\ava_description\install.log --single-version-externally-managed
