[0.602s] DEBUG:colcon:Command line arguments: ['/usr/bin/colcon', 'build', '--packages-select', 'rplidar_ros2']
[0.602s] DEBUG:colcon:Parsed command line arguments: Namespace(ament_cmake_args=None, base_paths=['.'], build_base='build', catkin_cmake_args=None, catkin_skip_building_tests=False, cmake_args=None, cmake_clean_cache=False, cmake_clean_first=False, cmake_force_configure=False, cmake_target=None, cmake_target_skip_unavailable=False, continue_on_error=False, event_handlers=None, executor='parallel', ignore_user_meta=False, install_base='install', log_base=None, log_level=None, main=<bound method BuildVerb.main of <colcon_core.verb.build.BuildVerb object at 0x7f88a3efa0>>, merge_install=False, metas=['./colcon.meta'], mixin=None, mixin_files=None, mixin_verb=('build',), packages_above=None, packages_above_and_dependencies=None, packages_above_depth=None, packages_end=None, packages_ignore=None, packages_ignore_regex=None, packages_select=['rplidar_ros2'], packages_select_build_failed=False, packages_select_by_dep=None, packages_select_regex=None, packages_select_test_failures=False, packages_skip=None, packages_skip_build_finished=False, packages_skip_by_dep=None, packages_skip_regex=None, packages_skip_test_passed=False, packages_skip_up_to=None, packages_start=None, packages_up_to=None, packages_up_to_regex=None, parallel_workers=4, paths=None, symlink_install=False, test_result_base=None, verb_extension=<colcon_core.verb.build.BuildVerb object at 0x7f88a3efa0>, verb_name='build', verb_parser=<colcon_mixin.mixin.mixin_argument.MixinArgumentDecorator object at 0x7f889c85b0>)
[0.703s] Level 1:colcon.colcon_core.package_discovery:discover_packages(colcon_meta) check parameters
[0.706s] INFO:colcon.colcon_metadata.package_discovery.colcon_meta:Using configuration from '/root/.colcon/metadata/default/Gazebo.meta'
[0.708s] INFO:colcon.colcon_metadata.package_discovery.colcon_meta:Using configuration from '/root/.colcon/metadata/default/fastrtps.meta'
[0.708s] Level 1:colcon.colcon_core.package_discovery:discover_packages(recursive) check parameters
[0.709s] Level 1:colcon.colcon_core.package_discovery:discover_packages(ignore) check parameters
[0.709s] Level 1:colcon.colcon_core.package_discovery:discover_packages(path) check parameters
[0.709s] Level 1:colcon.colcon_core.package_discovery:discover_packages(colcon_meta) discover
[0.709s] Level 1:colcon.colcon_core.package_discovery:discover_packages(recursive) discover
[0.709s] INFO:colcon.colcon_core.package_discovery:Crawling recursively for packages in '/root/dev_ava'
[0.710s] Level 1:colcon.colcon_core.package_identification:_identify(.) by extensions ['ignore', 'ignore_ament_install']
[0.710s] Level 1:colcon.colcon_core.package_identification:_identify(.) by extension 'ignore'
[0.710s] Level 1:colcon.colcon_core.package_identification:_identify(.) by extension 'ignore_ament_install'
[0.711s] Level 1:colcon.colcon_core.package_identification:_identify(.) by extensions ['colcon_pkg']
[0.711s] Level 1:colcon.colcon_core.package_identification:_identify(.) by extension 'colcon_pkg'
[0.711s] Level 1:colcon.colcon_core.package_identification:_identify(.) by extensions ['colcon_meta']
[0.711s] Level 1:colcon.colcon_core.package_identification:_identify(.) by extension 'colcon_meta'
[0.711s] Level 1:colcon.colcon_core.package_identification:_identify(.) by extensions ['ros']
[0.711s] Level 1:colcon.colcon_core.package_identification:_identify(.) by extension 'ros'
[0.759s] Level 1:colcon.colcon_core.package_identification:_identify(.) by extensions ['cmake', 'python']
[0.759s] Level 1:colcon.colcon_core.package_identification:_identify(.) by extension 'cmake'
[0.759s] Level 1:colcon.colcon_core.package_identification:_identify(.) by extension 'python'
[0.760s] Level 1:colcon.colcon_core.package_identification:_identify(.) by extensions ['python_setup_py']
[0.760s] Level 1:colcon.colcon_core.package_identification:_identify(.) by extension 'python_setup_py'
[0.760s] Level 1:colcon.colcon_core.package_identification:_identify(build) by extensions ['ignore', 'ignore_ament_install']
[0.761s] Level 1:colcon.colcon_core.package_identification:_identify(build) by extension 'ignore'
[0.761s] Level 1:colcon.colcon_core.package_identification:_identify(build) ignored
[0.761s] Level 1:colcon.colcon_core.package_identification:_identify(install) by extensions ['ignore', 'ignore_ament_install']
[0.762s] Level 1:colcon.colcon_core.package_identification:_identify(install) by extension 'ignore'
[0.762s] Level 1:colcon.colcon_core.package_identification:_identify(install) ignored
[0.762s] Level 1:colcon.colcon_core.package_identification:_identify(log) by extensions ['ignore', 'ignore_ament_install']
[0.763s] Level 1:colcon.colcon_core.package_identification:_identify(log) by extension 'ignore'
[0.763s] Level 1:colcon.colcon_core.package_identification:_identify(log) ignored
[0.763s] Level 1:colcon.colcon_core.package_identification:_identify(src) by extensions ['ignore', 'ignore_ament_install']
[0.763s] Level 1:colcon.colcon_core.package_identification:_identify(src) by extension 'ignore'
[0.764s] Level 1:colcon.colcon_core.package_identification:_identify(src) by extension 'ignore_ament_install'
[0.764s] Level 1:colcon.colcon_core.package_identification:_identify(src) by extensions ['colcon_pkg']
[0.764s] Level 1:colcon.colcon_core.package_identification:_identify(src) by extension 'colcon_pkg'
[0.764s] Level 1:colcon.colcon_core.package_identification:_identify(src) by extensions ['colcon_meta']
[0.764s] Level 1:colcon.colcon_core.package_identification:_identify(src) by extension 'colcon_meta'
[0.765s] Level 1:colcon.colcon_core.package_identification:_identify(src) by extensions ['ros']
[0.765s] Level 1:colcon.colcon_core.package_identification:_identify(src) by extension 'ros'
[0.765s] Level 1:colcon.colcon_core.package_identification:_identify(src) by extensions ['cmake', 'python']
[0.765s] Level 1:colcon.colcon_core.package_identification:_identify(src) by extension 'cmake'
[0.766s] Level 1:colcon.colcon_core.package_identification:_identify(src) by extension 'python'
[0.766s] Level 1:colcon.colcon_core.package_identification:_identify(src) by extensions ['python_setup_py']
[0.766s] Level 1:colcon.colcon_core.package_identification:_identify(src) by extension 'python_setup_py'
[0.766s] Level 1:colcon.colcon_core.package_identification:_identify(src/ava_bringup) by extensions ['ignore', 'ignore_ament_install']
[0.767s] Level 1:colcon.colcon_core.package_identification:_identify(src/ava_bringup) by extension 'ignore'
[0.767s] Level 1:colcon.colcon_core.package_identification:_identify(src/ava_bringup) by extension 'ignore_ament_install'
[0.767s] Level 1:colcon.colcon_core.package_identification:_identify(src/ava_bringup) by extensions ['colcon_pkg']
[0.767s] Level 1:colcon.colcon_core.package_identification:_identify(src/ava_bringup) by extension 'colcon_pkg'
[0.767s] Level 1:colcon.colcon_core.package_identification:_identify(src/ava_bringup) by extensions ['colcon_meta']
[0.768s] Level 1:colcon.colcon_core.package_identification:_identify(src/ava_bringup) by extension 'colcon_meta'
[0.768s] Level 1:colcon.colcon_core.package_identification:_identify(src/ava_bringup) by extensions ['ros']
[0.768s] Level 1:colcon.colcon_core.package_identification:_identify(src/ava_bringup) by extension 'ros'
[0.776s] DEBUG:colcon.colcon_core.package_identification:Package 'src/ava_bringup' with type 'ros.ament_python' and name 'ava_bringup'
[0.776s] Level 1:colcon.colcon_core.package_identification:_identify(src/ava_control) by extensions ['ignore', 'ignore_ament_install']
[0.777s] Level 1:colcon.colcon_core.package_identification:_identify(src/ava_control) by extension 'ignore'
[0.778s] Level 1:colcon.colcon_core.package_identification:_identify(src/ava_control) by extension 'ignore_ament_install'
[0.778s] Level 1:colcon.colcon_core.package_identification:_identify(src/ava_control) by extensions ['colcon_pkg']
[0.778s] Level 1:colcon.colcon_core.package_identification:_identify(src/ava_control) by extension 'colcon_pkg'
[0.778s] Level 1:colcon.colcon_core.package_identification:_identify(src/ava_control) by extensions ['colcon_meta']
[0.778s] Level 1:colcon.colcon_core.package_identification:_identify(src/ava_control) by extension 'colcon_meta'
[0.779s] Level 1:colcon.colcon_core.package_identification:_identify(src/ava_control) by extensions ['ros']
[0.779s] Level 1:colcon.colcon_core.package_identification:_identify(src/ava_control) by extension 'ros'
[0.781s] DEBUG:colcon.colcon_core.package_identification:Package 'src/ava_control' with type 'ros.ament_python' and name 'ava_control'
[0.782s] Level 1:colcon.colcon_core.package_identification:_identify(src/ava_driver) by extensions ['ignore', 'ignore_ament_install']
[0.782s] Level 1:colcon.colcon_core.package_identification:_identify(src/ava_driver) by extension 'ignore'
[0.782s] Level 1:colcon.colcon_core.package_identification:_identify(src/ava_driver) by extension 'ignore_ament_install'
[0.783s] Level 1:colcon.colcon_core.package_identification:_identify(src/ava_driver) by extensions ['colcon_pkg']
[0.783s] Level 1:colcon.colcon_core.package_identification:_identify(src/ava_driver) by extension 'colcon_pkg'
[0.783s] Level 1:colcon.colcon_core.package_identification:_identify(src/ava_driver) by extensions ['colcon_meta']
[0.783s] Level 1:colcon.colcon_core.package_identification:_identify(src/ava_driver) by extension 'colcon_meta'
[0.783s] Level 1:colcon.colcon_core.package_identification:_identify(src/ava_driver) by extensions ['ros']
[0.783s] Level 1:colcon.colcon_core.package_identification:_identify(src/ava_driver) by extension 'ros'
[0.786s] DEBUG:colcon.colcon_core.package_identification:Package 'src/ava_driver' with type 'ros.ament_python' and name 'ava_driver'
[0.786s] Level 1:colcon.colcon_core.package_identification:_identify(src/ava_kinematics) by extensions ['ignore', 'ignore_ament_install']
[0.787s] Level 1:colcon.colcon_core.package_identification:_identify(src/ava_kinematics) by extension 'ignore'
[0.787s] Level 1:colcon.colcon_core.package_identification:_identify(src/ava_kinematics) by extension 'ignore_ament_install'
[0.787s] Level 1:colcon.colcon_core.package_identification:_identify(src/ava_kinematics) by extensions ['colcon_pkg']
[0.787s] Level 1:colcon.colcon_core.package_identification:_identify(src/ava_kinematics) by extension 'colcon_pkg'
[0.787s] Level 1:colcon.colcon_core.package_identification:_identify(src/ava_kinematics) by extensions ['colcon_meta']
[0.788s] Level 1:colcon.colcon_core.package_identification:_identify(src/ava_kinematics) by extension 'colcon_meta'
[0.788s] Level 1:colcon.colcon_core.package_identification:_identify(src/ava_kinematics) by extensions ['ros']
[0.788s] Level 1:colcon.colcon_core.package_identification:_identify(src/ava_kinematics) by extension 'ros'
[0.789s] DEBUG:colcon.colcon_core.package_identification:Failed to parse potential ROS package manifest in'src/ava_kinematics': Error(s) in package 'src/ava_kinematics/package.xml':
The manifest contains invalid XML:
mismatched tag: line 10, column 22
[0.790s] Level 1:colcon.colcon_core.package_identification:_identify(src/ava_kinematics) by extensions ['cmake', 'python']
[0.790s] Level 1:colcon.colcon_core.package_identification:_identify(src/ava_kinematics) by extension 'cmake'
[0.790s] Level 1:colcon.colcon_core.package_identification:_identify(src/ava_kinematics) by extension 'python'
[0.790s] DEBUG:colcon.colcon_core.package_identification:Python package in 'src/ava_kinematics' passes arguments to the setup() function which requires a different identification extension than 'python'
[0.790s] Level 1:colcon.colcon_core.package_identification:_identify(src/ava_kinematics) by extensions ['python_setup_py']
[0.791s] Level 1:colcon.colcon_core.package_identification:_identify(src/ava_kinematics) by extension 'python_setup_py'
[1.514s] DEBUG:colcon.colcon_core.package_identification:Package 'src/ava_kinematics' with type 'python' and name 'ava_kinematics'
[1.514s] Level 1:colcon.colcon_core.package_identification:_identify(src/ava_msgs) by extensions ['ignore', 'ignore_ament_install']
[1.515s] Level 1:colcon.colcon_core.package_identification:_identify(src/ava_msgs) by extension 'ignore'
[1.515s] Level 1:colcon.colcon_core.package_identification:_identify(src/ava_msgs) by extension 'ignore_ament_install'
[1.515s] Level 1:colcon.colcon_core.package_identification:_identify(src/ava_msgs) by extensions ['colcon_pkg']
[1.516s] Level 1:colcon.colcon_core.package_identification:_identify(src/ava_msgs) by extension 'colcon_pkg'
[1.516s] Level 1:colcon.colcon_core.package_identification:_identify(src/ava_msgs) by extensions ['colcon_meta']
[1.516s] Level 1:colcon.colcon_core.package_identification:_identify(src/ava_msgs) by extension 'colcon_meta'
[1.516s] Level 1:colcon.colcon_core.package_identification:_identify(src/ava_msgs) by extensions ['ros']
[1.516s] Level 1:colcon.colcon_core.package_identification:_identify(src/ava_msgs) by extension 'ros'
[1.519s] DEBUG:colcon.colcon_core.package_identification:Package 'src/ava_msgs' with type 'ros.ament_cmake' and name 'ava_msgs'
[1.519s] Level 1:colcon.colcon_core.package_identification:_identify(src/rplidar_ros) by extensions ['ignore', 'ignore_ament_install']
[1.520s] Level 1:colcon.colcon_core.package_identification:_identify(src/rplidar_ros) by extension 'ignore'
[1.520s] Level 1:colcon.colcon_core.package_identification:_identify(src/rplidar_ros) by extension 'ignore_ament_install'
[1.520s] Level 1:colcon.colcon_core.package_identification:_identify(src/rplidar_ros) by extensions ['colcon_pkg']
[1.520s] Level 1:colcon.colcon_core.package_identification:_identify(src/rplidar_ros) by extension 'colcon_pkg'
[1.520s] Level 1:colcon.colcon_core.package_identification:_identify(src/rplidar_ros) by extensions ['colcon_meta']
[1.521s] Level 1:colcon.colcon_core.package_identification:_identify(src/rplidar_ros) by extension 'colcon_meta'
[1.521s] Level 1:colcon.colcon_core.package_identification:_identify(src/rplidar_ros) by extensions ['ros']
[1.521s] Level 1:colcon.colcon_core.package_identification:_identify(src/rplidar_ros) by extension 'ros'
[1.524s] DEBUG:colcon.colcon_core.package_identification:Package 'src/rplidar_ros' with type 'ros.ament_cmake' and name 'rplidar_ros2'
[1.524s] Level 1:colcon.colcon_core.package_identification:_identify(src/tf_transformations-main) by extensions ['ignore', 'ignore_ament_install']
[1.524s] Level 1:colcon.colcon_core.package_identification:_identify(src/tf_transformations-main) by extension 'ignore'
[1.525s] Level 1:colcon.colcon_core.package_identification:_identify(src/tf_transformations-main) by extension 'ignore_ament_install'
[1.525s] Level 1:colcon.colcon_core.package_identification:_identify(src/tf_transformations-main) by extensions ['colcon_pkg']
[1.525s] Level 1:colcon.colcon_core.package_identification:_identify(src/tf_transformations-main) by extension 'colcon_pkg'
[1.525s] Level 1:colcon.colcon_core.package_identification:_identify(src/tf_transformations-main) by extensions ['colcon_meta']
[1.525s] Level 1:colcon.colcon_core.package_identification:_identify(src/tf_transformations-main) by extension 'colcon_meta'
[1.526s] Level 1:colcon.colcon_core.package_identification:_identify(src/tf_transformations-main) by extensions ['ros']
[1.526s] Level 1:colcon.colcon_core.package_identification:_identify(src/tf_transformations-main) by extension 'ros'
[1.528s] DEBUG:colcon.colcon_core.package_identification:Package 'src/tf_transformations-main' with type 'ros.ament_python' and name 'tf_transformations'
[1.528s] Level 1:colcon.colcon_core.package_discovery:discover_packages(recursive) using defaults
[1.529s] Level 1:colcon.colcon_core.package_discovery:discover_packages(ignore) discover
[1.529s] Level 1:colcon.colcon_core.package_discovery:discover_packages(ignore) using defaults
[1.529s] Level 1:colcon.colcon_core.package_discovery:discover_packages(path) discover
[1.529s] Level 1:colcon.colcon_core.package_discovery:discover_packages(path) using defaults
[1.606s] INFO:colcon.colcon_core.package_selection:Skipping not selected package 'ava_bringup' in 'src/ava_bringup'
[1.606s] INFO:colcon.colcon_core.package_selection:Skipping not selected package 'ava_kinematics' in 'src/ava_kinematics'
[1.607s] INFO:colcon.colcon_core.package_selection:Skipping not selected package 'ava_msgs' in 'src/ava_msgs'
[1.607s] INFO:colcon.colcon_core.package_selection:Skipping not selected package 'tf_transformations' in 'src/tf_transformations-main'
[1.607s] INFO:colcon.colcon_core.package_selection:Skipping not selected package 'ava_control' in 'src/ava_control'
[1.607s] INFO:colcon.colcon_core.package_selection:Skipping not selected package 'ava_driver' in 'src/ava_driver'
[1.610s] Level 5:colcon.colcon_core.verb:set package 'rplidar_ros2' build argument 'cmake_args' from command line to 'None'
[1.610s] Level 5:colcon.colcon_core.verb:set package 'rplidar_ros2' build argument 'cmake_target' from command line to 'None'
[1.611s] Level 5:colcon.colcon_core.verb:set package 'rplidar_ros2' build argument 'cmake_target_skip_unavailable' from command line to 'False'
[1.611s] Level 5:colcon.colcon_core.verb:set package 'rplidar_ros2' build argument 'cmake_clean_cache' from command line to 'False'
[1.611s] Level 5:colcon.colcon_core.verb:set package 'rplidar_ros2' build argument 'cmake_clean_first' from command line to 'False'
[1.611s] Level 5:colcon.colcon_core.verb:set package 'rplidar_ros2' build argument 'cmake_force_configure' from command line to 'False'
[1.611s] Level 5:colcon.colcon_core.verb:set package 'rplidar_ros2' build argument 'ament_cmake_args' from command line to 'None'
[1.611s] Level 5:colcon.colcon_core.verb:set package 'rplidar_ros2' build argument 'catkin_cmake_args' from command line to 'None'
[1.611s] Level 5:colcon.colcon_core.verb:set package 'rplidar_ros2' build argument 'catkin_skip_building_tests' from command line to 'False'
[1.612s] DEBUG:colcon.colcon_core.verb:Building package 'rplidar_ros2' with the following arguments: {'ament_cmake_args': None, 'build_base': '/root/dev_ava/build/rplidar_ros2', 'catkin_cmake_args': None, 'catkin_skip_building_tests': False, 'cmake_args': None, 'cmake_clean_cache': False, 'cmake_clean_first': False, 'cmake_force_configure': False, 'cmake_target': None, 'cmake_target_skip_unavailable': False, 'install_base': '/root/dev_ava/install/rplidar_ros2', 'merge_install': False, 'path': '/root/dev_ava/src/rplidar_ros', 'symlink_install': False, 'test_result_base': None}
[1.613s] INFO:colcon.colcon_core.executor:Executing jobs using 'parallel' executor
[1.621s] DEBUG:colcon.colcon_parallel_executor.executor.parallel:run_until_complete
[1.622s] INFO:colcon.colcon_ros.task.ament_cmake.build:Building ROS package in '/root/dev_ava/src/rplidar_ros' with build type 'ament_cmake'
[1.622s] INFO:colcon.colcon_cmake.task.cmake.build:Building CMake package in '/root/dev_ava/src/rplidar_ros'
[1.639s] INFO:colcon.colcon_core.plugin_system:Skipping extension 'colcon_core.shell.bat': Not used on non-Windows systems
[1.640s] INFO:colcon.colcon_core.shell:Skip shell extension 'powershell' for command environment: Not usable outside of PowerShell
[1.640s] DEBUG:colcon.colcon_core.shell:Skip shell extension 'dsv' for command environment
[1.678s] DEBUG:colcon.colcon_core.event_handler.log_command:Invoking command in '/root/dev_ava/build/rplidar_ros2': CMAKE_PREFIX_PATH=${CMAKE_PREFIX_PATH}:/root/dev_ava/install/ava_driver:/root/dev_ava/install/ava_control:/root/dev_ava/install/tf_transformations:/root/dev_ava/install/ava_bringup:/opt/ros/foxy /usr/bin/cmake --build /root/dev_ava/build/rplidar_ros2 -- -j4 -l4
[1.940s] DEBUG:colcon.colcon_core.event_handler.log_command:Invoked command in '/root/dev_ava/build/rplidar_ros2' returned '0': CMAKE_PREFIX_PATH=${CMAKE_PREFIX_PATH}:/root/dev_ava/install/ava_driver:/root/dev_ava/install/ava_control:/root/dev_ava/install/tf_transformations:/root/dev_ava/install/ava_bringup:/opt/ros/foxy /usr/bin/cmake --build /root/dev_ava/build/rplidar_ros2 -- -j4 -l4
[2.085s] DEBUG:colcon.colcon_core.event_handler.log_command:Invoking command in '/root/dev_ava/build/rplidar_ros2': CMAKE_PREFIX_PATH=${CMAKE_PREFIX_PATH}:/root/dev_ava/install/ava_driver:/root/dev_ava/install/ava_control:/root/dev_ava/install/tf_transformations:/root/dev_ava/install/ava_bringup:/opt/ros/foxy /usr/bin/cmake --install /root/dev_ava/build/rplidar_ros2
[2.127s] Level 1:colcon.colcon_core.environment:create_environment_scripts_only(rplidar_ros2)
[2.135s] DEBUG:colcon.colcon_core.event_handler.log_command:Invoked command in '/root/dev_ava/build/rplidar_ros2' returned '0': CMAKE_PREFIX_PATH=${CMAKE_PREFIX_PATH}:/root/dev_ava/install/ava_driver:/root/dev_ava/install/ava_control:/root/dev_ava/install/tf_transformations:/root/dev_ava/install/ava_bringup:/opt/ros/foxy /usr/bin/cmake --install /root/dev_ava/build/rplidar_ros2
[2.145s] Level 1:colcon.colcon_core.environment:checking '/root/dev_ava/install/rplidar_ros2' for CMake module files
[2.148s] Level 1:colcon.colcon_core.environment:checking '/root/dev_ava/install/rplidar_ros2' for CMake config files
[2.149s] Level 1:colcon.colcon_core.shell:create_environment_hook('rplidar_ros2', 'cmake_prefix_path')
[2.151s] INFO:colcon.colcon_core.shell:Creating environment hook '/root/dev_ava/install/rplidar_ros2/share/rplidar_ros2/hook/cmake_prefix_path.ps1'
[2.154s] INFO:colcon.colcon_core.shell:Creating environment descriptor '/root/dev_ava/install/rplidar_ros2/share/rplidar_ros2/hook/cmake_prefix_path.dsv'
[2.155s] INFO:colcon.colcon_core.shell:Creating environment hook '/root/dev_ava/install/rplidar_ros2/share/rplidar_ros2/hook/cmake_prefix_path.sh'
[2.159s] Level 1:colcon.colcon_core.environment:checking '/root/dev_ava/install/rplidar_ros2/lib'
[2.159s] Level 1:colcon.colcon_core.environment:checking '/root/dev_ava/install/rplidar_ros2/bin'
[2.160s] Level 1:colcon.colcon_core.environment:checking '/root/dev_ava/install/rplidar_ros2/lib/pkgconfig/rplidar_ros2.pc'
[2.163s] Level 1:colcon.colcon_core.environment:checking '/root/dev_ava/install/rplidar_ros2/lib/python3.8/site-packages'
[2.164s] Level 1:colcon.colcon_core.environment:checking '/root/dev_ava/install/rplidar_ros2/bin'
[2.166s] INFO:colcon.colcon_core.shell:Creating package script '/root/dev_ava/install/rplidar_ros2/share/rplidar_ros2/package.ps1'
[2.169s] INFO:colcon.colcon_core.shell:Creating package descriptor '/root/dev_ava/install/rplidar_ros2/share/rplidar_ros2/package.dsv'
[2.171s] INFO:colcon.colcon_core.shell:Creating package script '/root/dev_ava/install/rplidar_ros2/share/rplidar_ros2/package.sh'
[2.175s] INFO:colcon.colcon_core.shell:Creating package script '/root/dev_ava/install/rplidar_ros2/share/rplidar_ros2/package.bash'
[2.177s] INFO:colcon.colcon_core.shell:Creating package script '/root/dev_ava/install/rplidar_ros2/share/rplidar_ros2/package.zsh'
[2.180s] Level 1:colcon.colcon_core.environment:create_file_with_runtime_dependencies(/root/dev_ava/install/rplidar_ros2/share/colcon-core/packages/rplidar_ros2)
[2.286s] Level 1:colcon.colcon_core.environment:create_environment_scripts_only(rplidar_ros2)
[2.290s] Level 1:colcon.colcon_core.environment:checking '/root/dev_ava/install/rplidar_ros2' for CMake module files
[2.293s] Level 1:colcon.colcon_core.environment:checking '/root/dev_ava/install/rplidar_ros2' for CMake config files
[2.294s] Level 1:colcon.colcon_core.shell:create_environment_hook('rplidar_ros2', 'cmake_prefix_path')
[2.296s] INFO:colcon.colcon_core.shell:Creating environment hook '/root/dev_ava/install/rplidar_ros2/share/rplidar_ros2/hook/cmake_prefix_path.ps1'
[2.297s] INFO:colcon.colcon_core.shell:Creating environment descriptor '/root/dev_ava/install/rplidar_ros2/share/rplidar_ros2/hook/cmake_prefix_path.dsv'
[2.299s] INFO:colcon.colcon_core.shell:Creating environment hook '/root/dev_ava/install/rplidar_ros2/share/rplidar_ros2/hook/cmake_prefix_path.sh'
[2.301s] Level 1:colcon.colcon_core.environment:checking '/root/dev_ava/install/rplidar_ros2/lib'
[2.301s] Level 1:colcon.colcon_core.environment:checking '/root/dev_ava/install/rplidar_ros2/bin'
[2.301s] Level 1:colcon.colcon_core.environment:checking '/root/dev_ava/install/rplidar_ros2/lib/pkgconfig/rplidar_ros2.pc'
[2.302s] Level 1:colcon.colcon_core.environment:checking '/root/dev_ava/install/rplidar_ros2/lib/python3.8/site-packages'
[2.303s] Level 1:colcon.colcon_core.environment:checking '/root/dev_ava/install/rplidar_ros2/bin'
[2.305s] INFO:colcon.colcon_core.shell:Creating package script '/root/dev_ava/install/rplidar_ros2/share/rplidar_ros2/package.ps1'
[2.307s] INFO:colcon.colcon_core.shell:Creating package descriptor '/root/dev_ava/install/rplidar_ros2/share/rplidar_ros2/package.dsv'
[2.309s] INFO:colcon.colcon_core.shell:Creating package script '/root/dev_ava/install/rplidar_ros2/share/rplidar_ros2/package.sh'
[2.310s] INFO:colcon.colcon_core.shell:Creating package script '/root/dev_ava/install/rplidar_ros2/share/rplidar_ros2/package.bash'
[2.312s] INFO:colcon.colcon_core.shell:Creating package script '/root/dev_ava/install/rplidar_ros2/share/rplidar_ros2/package.zsh'
[2.313s] Level 1:colcon.colcon_core.environment:create_file_with_runtime_dependencies(/root/dev_ava/install/rplidar_ros2/share/colcon-core/packages/rplidar_ros2)
[2.314s] DEBUG:colcon.colcon_parallel_executor.executor.parallel:closing loop
[2.315s] DEBUG:colcon.colcon_parallel_executor.executor.parallel:loop closed
[2.316s] DEBUG:colcon.colcon_parallel_executor.executor.parallel:run_until_complete finished with '0'
[2.316s] DEBUG:colcon.colcon_core.event_reactor:joining thread
[2.339s] INFO:colcon.colcon_core.plugin_system:Skipping extension 'colcon_notification.desktop_notification.notify_send': Could not find 'notify-send'
[2.339s] INFO:colcon.colcon_core.plugin_system:Skipping extension 'colcon_notification.desktop_notification.terminal_notifier': Not used on non-Darwin systems
[2.339s] INFO:colcon.colcon_core.plugin_system:Skipping extension 'colcon_notification.desktop_notification.win32': Not used on non-Windows systems
[2.340s] INFO:colcon.colcon_notification.desktop_notification:Sending desktop notification using 'notify2'
[2.340s] DEBUG:colcon.colcon_notification.desktop_notification.notify2:Failed to initialize notify2: org.freedesktop.DBus.Error.NotSupported: Unable to autolaunch a dbus-daemon without a $DISPLAY for X11
[2.340s] DEBUG:colcon.colcon_core.event_reactor:joined thread
[2.342s] INFO:colcon.colcon_core.shell:Creating prefix script '/root/dev_ava/install/local_setup.ps1'
[2.346s] INFO:colcon.colcon_core.shell:Creating prefix util module '/root/dev_ava/install/_local_setup_util_ps1.py'
[2.352s] INFO:colcon.colcon_core.shell:Creating prefix chain script '/root/dev_ava/install/setup.ps1'
[2.358s] INFO:colcon.colcon_core.shell:Creating prefix script '/root/dev_ava/install/local_setup.sh'
[2.360s] INFO:colcon.colcon_core.shell:Creating prefix util module '/root/dev_ava/install/_local_setup_util_sh.py'
[2.362s] INFO:colcon.colcon_core.shell:Creating prefix chain script '/root/dev_ava/install/setup.sh'
[2.367s] INFO:colcon.colcon_core.shell:Creating prefix script '/root/dev_ava/install/local_setup.bash'
[2.369s] INFO:colcon.colcon_core.shell:Creating prefix chain script '/root/dev_ava/install/setup.bash'
[2.373s] INFO:colcon.colcon_core.shell:Creating prefix script '/root/dev_ava/install/local_setup.zsh'
[2.375s] INFO:colcon.colcon_core.shell:Creating prefix chain script '/root/dev_ava/install/setup.zsh'
