[2.728s] Invoking command in '/root/dev_ava/src/ava_control': AMENT_PREFIX_PATH=/root/dev_ava/install/tf_transformations:/root/dev_ava/install/ava_driver:/root/dev_ava/install/ava_control:/root/dev_ava/install/rplidar_ros2:/root/dev_ava/install/ava_msgs:/root/dev_ava/install/ava_bringup:/opt/ros/foxy PYTHONPATH=/root/dev_ava/install/ava_control/lib/python3.8/site-packages:/root/dev_ava/install/tf_transformations/lib/python3.8/site-packages:/root/dev_ava/install/ava_driver/lib/python3.8/site-packages:/root/dev_ava/install/ava_control/lib/python3.8/site-packages:/root/dev_ava/install/ava_msgs/lib/python3.8/site-packages:/root/dev_ava/install/ava_kinematics/lib/python3.8/site-packages:/root/dev_ava/install/ava_bringup/lib/python3.8/site-packages:/opt/ros/foxy/lib/python3.8/site-packages /usr/bin/python3 setup.py egg_info --egg-base ../../build/ava_control build --build-base /root/dev_ava/build/ava_control/build install --prefix /root/dev_ava/install/ava_control --record /root/dev_ava/build/ava_control/install.log --single-version-externally-managed
[3.540s] running egg_info
[3.543s] writing ../../build/ava_control/ava_control.egg-info/PKG-INFO
[3.545s] writing dependency_links to ../../build/ava_control/ava_control.egg-info/dependency_links.txt
[3.546s] writing entry points to ../../build/ava_control/ava_control.egg-info/entry_points.txt
[3.547s] writing requirements to ../../build/ava_control/ava_control.egg-info/requires.txt
[3.547s] writing top-level names to ../../build/ava_control/ava_control.egg-info/top_level.txt
[3.733s] reading manifest file '../../build/ava_control/ava_control.egg-info/SOURCES.txt'
[3.737s] writing manifest file '../../build/ava_control/ava_control.egg-info/SOURCES.txt'
[3.738s] running build
[3.739s] running build_py
[3.740s] copying ava_control/ava_control.py -> /root/dev_ava/build/ava_control/build/lib/ava_control
[3.740s] running install
[3.745s] running install_lib
[3.748s] copying /root/dev_ava/build/ava_control/build/lib/ava_control/ava_control.py -> /root/dev_ava/install/ava_control/lib/python3.8/site-packages/ava_control
[3.752s] byte-compiling /root/dev_ava/install/ava_control/lib/python3.8/site-packages/ava_control/ava_control.py to ava_control.cpython-38.pyc
[3.768s] running install_data
[3.770s] running install_egg_info
[3.778s] removing '/root/dev_ava/install/ava_control/lib/python3.8/site-packages/ava_control-0.0.0-py3.8.egg-info' (and everything under it)
[3.779s] Copying ../../build/ava_control/ava_control.egg-info to /root/dev_ava/install/ava_control/lib/python3.8/site-packages/ava_control-0.0.0-py3.8.egg-info
[3.787s] running install_scripts
[3.866s] Installing ava_control script to /root/dev_ava/install/ava_control/lib/ava_control
[3.867s] Installing ava_gait script to /root/dev_ava/install/ava_control/lib/ava_control
[3.868s] Installing ava_motion script to /root/dev_ava/install/ava_control/lib/ava_control
[3.869s] writing list of installed files to '/root/dev_ava/build/ava_control/install.log'
[3.972s] Invoked command in '/root/dev_ava/src/ava_control' returned '0': AMENT_PREFIX_PATH=/root/dev_ava/install/tf_transformations:/root/dev_ava/install/ava_driver:/root/dev_ava/install/ava_control:/root/dev_ava/install/rplidar_ros2:/root/dev_ava/install/ava_msgs:/root/dev_ava/install/ava_bringup:/opt/ros/foxy PYTHONPATH=/root/dev_ava/install/ava_control/lib/python3.8/site-packages:/root/dev_ava/install/tf_transformations/lib/python3.8/site-packages:/root/dev_ava/install/ava_driver/lib/python3.8/site-packages:/root/dev_ava/install/ava_control/lib/python3.8/site-packages:/root/dev_ava/install/ava_msgs/lib/python3.8/site-packages:/root/dev_ava/install/ava_kinematics/lib/python3.8/site-packages:/root/dev_ava/install/ava_bringup/lib/python3.8/site-packages:/opt/ros/foxy/lib/python3.8/site-packages /usr/bin/python3 setup.py egg_info --egg-base ../../build/ava_control build --build-base /root/dev_ava/build/ava_control/build install --prefix /root/dev_ava/install/ava_control --record /root/dev_ava/build/ava_control/install.log --single-version-externally-managed
