[1.378s] [34mcolcon[0m [1;30mDEBUG[0m [32mCommand line arguments: ['C:\\opt\\ros\\foxy\\x64\\Scripts\\colcon', 'build', '--merge-install'][0m
[1.378s] [34mcolcon[0m [1;30mDEBUG[0m [32mParsed command line arguments: Namespace(ament_cmake_args=None, base_paths=['.'], build_base='build', catkin_cmake_args=None, catkin_skip_building_tests=False, cmake_args=None, cmake_clean_cache=False, cmake_clean_first=False, cmake_force_configure=False, cmake_target=None, cmake_target_skip_unavailable=False, continue_on_error=False, event_handlers=None, executor='parallel', ignore_user_meta=False, install_base='install', log_base=None, log_level=None, main=<bound method BuildVerb.main of <colcon_core.verb.build.BuildVerb object at 0x00000229393E5D30>>, merge_install=True, metas=['./colcon.meta'], packages_above=None, packages_above_and_dependencies=None, packages_above_depth=None, packages_end=None, packages_ignore=None, packages_ignore_regex=None, packages_select=None, packages_select_build_failed=False, packages_select_by_dep=None, packages_select_regex=None, packages_select_test_failures=False, packages_skip=None, packages_skip_build_finished=False, packages_skip_by_dep=None, packages_skip_regex=None, packages_skip_test_passed=False, packages_skip_up_to=None, packages_start=None, packages_up_to=None, packages_up_to_regex=None, parallel_workers=12, paths=None, symlink_install=False, test_result_base=None, verb_extension=<colcon_core.verb.build.BuildVerb object at 0x00000229393E5D30>, verb_name='build', verb_parser=<colcon_defaults.argument_parser.defaults.DefaultArgumentsDecorator object at 0x00000229393F6250>)[0m
[1.471s] [34mcolcon.colcon_core.package_discovery[0m [1;30mLevel 1[0m discover_packages(colcon_meta) check parameters
[1.472s] [34mcolcon.colcon_core.package_discovery[0m [1;30mLevel 1[0m discover_packages(recursive) check parameters
[1.472s] [34mcolcon.colcon_core.package_discovery[0m [1;30mLevel 1[0m discover_packages(ignore) check parameters
[1.472s] [34mcolcon.colcon_core.package_discovery[0m [1;30mLevel 1[0m discover_packages(path) check parameters
[1.472s] [34mcolcon.colcon_core.package_discovery[0m [1;30mLevel 1[0m discover_packages(colcon_meta) discover
[1.472s] [34mcolcon.colcon_core.package_discovery[0m [1;30mLevel 1[0m discover_packages(recursive) discover
[1.473s] [34mcolcon.colcon_core.package_discovery[0m [1;30mINFO[0m Crawling recursively for packages in 'C:\dev_ava'
[1.473s] [34mcolcon.colcon_core.package_identification[0m [1;30mLevel 1[0m _identify(.) by extensions ['ignore', 'ignore_ament_install']
[1.473s] [34mcolcon.colcon_core.package_identification[0m [1;30mLevel 1[0m _identify(.) by extension 'ignore'
[1.474s] [34mcolcon.colcon_core.package_identification[0m [1;30mLevel 1[0m _identify(.) by extension 'ignore_ament_install'
[1.474s] [34mcolcon.colcon_core.package_identification[0m [1;30mLevel 1[0m _identify(.) by extensions ['colcon_pkg']
[1.474s] [34mcolcon.colcon_core.package_identification[0m [1;30mLevel 1[0m _identify(.) by extension 'colcon_pkg'
[1.474s] [34mcolcon.colcon_core.package_identification[0m [1;30mLevel 1[0m _identify(.) by extensions ['colcon_meta']
[1.474s] [34mcolcon.colcon_core.package_identification[0m [1;30mLevel 1[0m _identify(.) by extension 'colcon_meta'
[1.474s] [34mcolcon.colcon_core.package_identification[0m [1;30mLevel 1[0m _identify(.) by extensions ['ros']
[1.475s] [34mcolcon.colcon_core.package_identification[0m [1;30mLevel 1[0m _identify(.) by extension 'ros'
[1.503s] [34mcolcon.colcon_core.package_identification[0m [1;30mLevel 1[0m _identify(.) by extensions ['cmake', 'python']
[1.503s] [34mcolcon.colcon_core.package_identification[0m [1;30mLevel 1[0m _identify(.) by extension 'cmake'
[1.504s] [34mcolcon.colcon_core.package_identification[0m [1;30mLevel 1[0m _identify(.) by extension 'python'
[1.504s] [34mcolcon.colcon_core.package_identification[0m [1;30mLevel 1[0m _identify(.) by extensions ['python_setup_py']
[1.504s] [34mcolcon.colcon_core.package_identification[0m [1;30mLevel 1[0m _identify(.) by extension 'python_setup_py'
[1.506s] [34mcolcon.colcon_core.package_identification[0m [1;30mLevel 1[0m _identify(assets) by extensions ['ignore', 'ignore_ament_install']
[1.506s] [34mcolcon.colcon_core.package_identification[0m [1;30mLevel 1[0m _identify(assets) by extension 'ignore'
[1.506s] [34mcolcon.colcon_core.package_identification[0m [1;30mLevel 1[0m _identify(assets) by extension 'ignore_ament_install'
[1.506s] [34mcolcon.colcon_core.package_identification[0m [1;30mLevel 1[0m _identify(assets) by extensions ['colcon_pkg']
[1.506s] [34mcolcon.colcon_core.package_identification[0m [1;30mLevel 1[0m _identify(assets) by extension 'colcon_pkg'
[1.506s] [34mcolcon.colcon_core.package_identification[0m [1;30mLevel 1[0m _identify(assets) by extensions ['colcon_meta']
[1.506s] [34mcolcon.colcon_core.package_identification[0m [1;30mLevel 1[0m _identify(assets) by extension 'colcon_meta'
[1.507s] [34mcolcon.colcon_core.package_identification[0m [1;30mLevel 1[0m _identify(assets) by extensions ['ros']
[1.507s] [34mcolcon.colcon_core.package_identification[0m [1;30mLevel 1[0m _identify(assets) by extension 'ros'
[1.508s] [34mcolcon.colcon_core.package_identification[0m [1;30mLevel 1[0m _identify(assets) by extensions ['cmake', 'python']
[1.508s] [34mcolcon.colcon_core.package_identification[0m [1;30mLevel 1[0m _identify(assets) by extension 'cmake'
[1.508s] [34mcolcon.colcon_core.package_identification[0m [1;30mLevel 1[0m _identify(assets) by extension 'python'
[1.508s] [34mcolcon.colcon_core.package_identification[0m [1;30mLevel 1[0m _identify(assets) by extensions ['python_setup_py']
[1.508s] [34mcolcon.colcon_core.package_identification[0m [1;30mLevel 1[0m _identify(assets) by extension 'python_setup_py'
[1.508s] [34mcolcon.colcon_core.package_identification[0m [1;30mLevel 1[0m _identify(build) by extensions ['ignore', 'ignore_ament_install']
[1.509s] [34mcolcon.colcon_core.package_identification[0m [1;30mLevel 1[0m _identify(build) by extension 'ignore'
[1.509s] [34mcolcon.colcon_core.package_identification[0m [1;30mLevel 1[0m _identify(build) ignored
[1.510s] [34mcolcon.colcon_core.package_identification[0m [1;30mLevel 1[0m _identify(install) by extensions ['ignore', 'ignore_ament_install']
[1.510s] [34mcolcon.colcon_core.package_identification[0m [1;30mLevel 1[0m _identify(install) by extension 'ignore'
[1.510s] [34mcolcon.colcon_core.package_identification[0m [1;30mLevel 1[0m _identify(install) ignored
[1.511s] [34mcolcon.colcon_core.package_identification[0m [1;30mLevel 1[0m _identify(log) by extensions ['ignore', 'ignore_ament_install']
[1.511s] [34mcolcon.colcon_core.package_identification[0m [1;30mLevel 1[0m _identify(log) by extension 'ignore'
[1.511s] [34mcolcon.colcon_core.package_identification[0m [1;30mLevel 1[0m _identify(log) ignored
[1.512s] [34mcolcon.colcon_core.package_identification[0m [1;30mLevel 1[0m _identify(src) by extensions ['ignore', 'ignore_ament_install']
[1.512s] [34mcolcon.colcon_core.package_identification[0m [1;30mLevel 1[0m _identify(src) by extension 'ignore'
[1.512s] [34mcolcon.colcon_core.package_identification[0m [1;30mLevel 1[0m _identify(src) by extension 'ignore_ament_install'
[1.512s] [34mcolcon.colcon_core.package_identification[0m [1;30mLevel 1[0m _identify(src) by extensions ['colcon_pkg']
[1.512s] [34mcolcon.colcon_core.package_identification[0m [1;30mLevel 1[0m _identify(src) by extension 'colcon_pkg'
[1.512s] [34mcolcon.colcon_core.package_identification[0m [1;30mLevel 1[0m _identify(src) by extensions ['colcon_meta']
[1.513s] [34mcolcon.colcon_core.package_identification[0m [1;30mLevel 1[0m _identify(src) by extension 'colcon_meta'
[1.513s] [34mcolcon.colcon_core.package_identification[0m [1;30mLevel 1[0m _identify(src) by extensions ['ros']
[1.513s] [34mcolcon.colcon_core.package_identification[0m [1;30mLevel 1[0m _identify(src) by extension 'ros'
[1.513s] [34mcolcon.colcon_core.package_identification[0m [1;30mLevel 1[0m _identify(src) by extensions ['cmake', 'python']
[1.514s] [34mcolcon.colcon_core.package_identification[0m [1;30mLevel 1[0m _identify(src) by extension 'cmake'
[1.514s] [34mcolcon.colcon_core.package_identification[0m [1;30mLevel 1[0m _identify(src) by extension 'python'
[1.514s] [34mcolcon.colcon_core.package_identification[0m [1;30mLevel 1[0m _identify(src) by extensions ['python_setup_py']
[1.514s] [34mcolcon.colcon_core.package_identification[0m [1;30mLevel 1[0m _identify(src) by extension 'python_setup_py'
[1.515s] [34mcolcon.colcon_core.package_identification[0m [1;30mLevel 1[0m _identify(src\ava_description) by extensions ['ignore', 'ignore_ament_install']
[1.515s] [34mcolcon.colcon_core.package_identification[0m [1;30mLevel 1[0m _identify(src\ava_description) by extension 'ignore'
[1.515s] [34mcolcon.colcon_core.package_identification[0m [1;30mLevel 1[0m _identify(src\ava_description) by extension 'ignore_ament_install'
[1.515s] [34mcolcon.colcon_core.package_identification[0m [1;30mLevel 1[0m _identify(src\ava_description) by extensions ['colcon_pkg']
[1.515s] [34mcolcon.colcon_core.package_identification[0m [1;30mLevel 1[0m _identify(src\ava_description) by extension 'colcon_pkg'
[1.515s] [34mcolcon.colcon_core.package_identification[0m [1;30mLevel 1[0m _identify(src\ava_description) by extensions ['colcon_meta']
[1.516s] [34mcolcon.colcon_core.package_identification[0m [1;30mLevel 1[0m _identify(src\ava_description) by extension 'colcon_meta'
[1.516s] [34mcolcon.colcon_core.package_identification[0m [1;30mLevel 1[0m _identify(src\ava_description) by extensions ['ros']
[1.516s] [34mcolcon.colcon_core.package_identification[0m [1;30mLevel 1[0m _identify(src\ava_description) by extension 'ros'
[1.524s] [34mcolcon.colcon_core.package_identification[0m [1;30mDEBUG[0m [32mPackage 'src\ava_description' with type 'ros.ament_python' and name 'ava_description'[0m
[1.525s] [34mcolcon.colcon_core.package_identification[0m [1;30mLevel 1[0m _identify(src\ava_msgs) by extensions ['ignore', 'ignore_ament_install']
[1.525s] [34mcolcon.colcon_core.package_identification[0m [1;30mLevel 1[0m _identify(src\ava_msgs) by extension 'ignore'
[1.526s] [34mcolcon.colcon_core.package_identification[0m [1;30mLevel 1[0m _identify(src\ava_msgs) by extension 'ignore_ament_install'
[1.526s] [34mcolcon.colcon_core.package_identification[0m [1;30mLevel 1[0m _identify(src\ava_msgs) by extensions ['colcon_pkg']
[1.527s] [34mcolcon.colcon_core.package_identification[0m [1;30mLevel 1[0m _identify(src\ava_msgs) by extension 'colcon_pkg'
[1.527s] [34mcolcon.colcon_core.package_identification[0m [1;30mLevel 1[0m _identify(src\ava_msgs) by extensions ['colcon_meta']
[1.528s] [34mcolcon.colcon_core.package_identification[0m [1;30mLevel 1[0m _identify(src\ava_msgs) by extension 'colcon_meta'
[1.529s] [34mcolcon.colcon_core.package_identification[0m [1;30mLevel 1[0m _identify(src\ava_msgs) by extensions ['ros']
[1.529s] [34mcolcon.colcon_core.package_identification[0m [1;30mLevel 1[0m _identify(src\ava_msgs) by extension 'ros'
[1.531s] [34mcolcon.colcon_core.package_identification[0m [1;30mDEBUG[0m [32mPackage 'src\ava_msgs' with type 'ros.ament_cmake' and name 'ava_msgs'[0m
[1.532s] [34mcolcon.colcon_core.package_identification[0m [1;30mLevel 1[0m _identify(src\ava_teleop) by extensions ['ignore', 'ignore_ament_install']
[1.532s] [34mcolcon.colcon_core.package_identification[0m [1;30mLevel 1[0m _identify(src\ava_teleop) by extension 'ignore'
[1.532s] [34mcolcon.colcon_core.package_identification[0m [1;30mLevel 1[0m _identify(src\ava_teleop) by extension 'ignore_ament_install'
[1.533s] [34mcolcon.colcon_core.package_identification[0m [1;30mLevel 1[0m _identify(src\ava_teleop) by extensions ['colcon_pkg']
[1.533s] [34mcolcon.colcon_core.package_identification[0m [1;30mLevel 1[0m _identify(src\ava_teleop) by extension 'colcon_pkg'
[1.533s] [34mcolcon.colcon_core.package_identification[0m [1;30mLevel 1[0m _identify(src\ava_teleop) by extensions ['colcon_meta']
[1.533s] [34mcolcon.colcon_core.package_identification[0m [1;30mLevel 1[0m _identify(src\ava_teleop) by extension 'colcon_meta'
[1.533s] [34mcolcon.colcon_core.package_identification[0m [1;30mLevel 1[0m _identify(src\ava_teleop) by extensions ['ros']
[1.533s] [34mcolcon.colcon_core.package_identification[0m [1;30mLevel 1[0m _identify(src\ava_teleop) by extension 'ros'
[1.536s] [34mcolcon.colcon_core.package_identification[0m [1;30mDEBUG[0m [32mPackage 'src\ava_teleop' with type 'ros.ament_python' and name 'ava_teleop'[0m
[1.536s] [34mcolcon.colcon_core.package_identification[0m [1;30mLevel 1[0m _identify(src\hq_bringup) by extensions ['ignore', 'ignore_ament_install']
[1.536s] [34mcolcon.colcon_core.package_identification[0m [1;30mLevel 1[0m _identify(src\hq_bringup) by extension 'ignore'
[1.537s] [34mcolcon.colcon_core.package_identification[0m [1;30mLevel 1[0m _identify(src\hq_bringup) by extension 'ignore_ament_install'
[1.537s] [34mcolcon.colcon_core.package_identification[0m [1;30mLevel 1[0m _identify(src\hq_bringup) by extensions ['colcon_pkg']
[1.537s] [34mcolcon.colcon_core.package_identification[0m [1;30mLevel 1[0m _identify(src\hq_bringup) by extension 'colcon_pkg'
[1.537s] [34mcolcon.colcon_core.package_identification[0m [1;30mLevel 1[0m _identify(src\hq_bringup) by extensions ['colcon_meta']
[1.537s] [34mcolcon.colcon_core.package_identification[0m [1;30mLevel 1[0m _identify(src\hq_bringup) by extension 'colcon_meta'
[1.538s] [34mcolcon.colcon_core.package_identification[0m [1;30mLevel 1[0m _identify(src\hq_bringup) by extensions ['ros']
[1.538s] [34mcolcon.colcon_core.package_identification[0m [1;30mLevel 1[0m _identify(src\hq_bringup) by extension 'ros'
[1.541s] [34mcolcon.colcon_core.package_identification[0m [1;30mDEBUG[0m [32mPackage 'src\hq_bringup' with type 'ros.ament_python' and name 'hq_bringup'[0m
[1.541s] [34mcolcon.colcon_core.package_identification[0m [1;30mLevel 1[0m _identify(src\tf_transformations-main) by extensions ['ignore', 'ignore_ament_install']
[1.542s] [34mcolcon.colcon_core.package_identification[0m [1;30mLevel 1[0m _identify(src\tf_transformations-main) by extension 'ignore'
[1.542s] [34mcolcon.colcon_core.package_identification[0m [1;30mLevel 1[0m _identify(src\tf_transformations-main) by extension 'ignore_ament_install'
[1.543s] [34mcolcon.colcon_core.package_identification[0m [1;30mLevel 1[0m _identify(src\tf_transformations-main) by extensions ['colcon_pkg']
[1.543s] [34mcolcon.colcon_core.package_identification[0m [1;30mLevel 1[0m _identify(src\tf_transformations-main) by extension 'colcon_pkg'
[1.543s] [34mcolcon.colcon_core.package_identification[0m [1;30mLevel 1[0m _identify(src\tf_transformations-main) by extensions ['colcon_meta']
[1.543s] [34mcolcon.colcon_core.package_identification[0m [1;30mLevel 1[0m _identify(src\tf_transformations-main) by extension 'colcon_meta'
[1.544s] [34mcolcon.colcon_core.package_identification[0m [1;30mLevel 1[0m _identify(src\tf_transformations-main) by extensions ['ros']
[1.544s] [34mcolcon.colcon_core.package_identification[0m [1;30mLevel 1[0m _identify(src\tf_transformations-main) by extension 'ros'
[1.546s] [34mcolcon.colcon_core.package_identification[0m [1;30mDEBUG[0m [32mPackage 'src\tf_transformations-main' with type 'ros.ament_python' and name 'tf_transformations'[0m
[1.546s] [34mcolcon.colcon_core.package_discovery[0m [1;30mLevel 1[0m discover_packages(recursive) using defaults
[1.546s] [34mcolcon.colcon_core.package_discovery[0m [1;30mLevel 1[0m discover_packages(ignore) discover
[1.547s] [34mcolcon.colcon_core.package_discovery[0m [1;30mLevel 1[0m discover_packages(ignore) using defaults
[1.547s] [34mcolcon.colcon_core.package_discovery[0m [1;30mLevel 1[0m discover_packages(path) discover
[1.547s] [34mcolcon.colcon_core.package_discovery[0m [1;30mLevel 1[0m discover_packages(path) using defaults
[1.606s] [34mcolcon.colcon_core.verb[0m [1;30mLevel 5[0m set package 'ava_msgs' build argument 'cmake_args' from command line to 'None'
[1.607s] [34mcolcon.colcon_core.verb[0m [1;30mLevel 5[0m set package 'ava_msgs' build argument 'cmake_target' from command line to 'None'
[1.608s] [34mcolcon.colcon_core.verb[0m [1;30mLevel 5[0m set package 'ava_msgs' build argument 'cmake_target_skip_unavailable' from command line to 'False'
[1.608s] [34mcolcon.colcon_core.verb[0m [1;30mLevel 5[0m set package 'ava_msgs' build argument 'cmake_clean_cache' from command line to 'False'
[1.608s] [34mcolcon.colcon_core.verb[0m [1;30mLevel 5[0m set package 'ava_msgs' build argument 'cmake_clean_first' from command line to 'False'
[1.608s] [34mcolcon.colcon_core.verb[0m [1;30mLevel 5[0m set package 'ava_msgs' build argument 'cmake_force_configure' from command line to 'False'
[1.608s] [34mcolcon.colcon_core.verb[0m [1;30mLevel 5[0m set package 'ava_msgs' build argument 'ament_cmake_args' from command line to 'None'
[1.608s] [34mcolcon.colcon_core.verb[0m [1;30mLevel 5[0m set package 'ava_msgs' build argument 'catkin_cmake_args' from command line to 'None'
[1.608s] [34mcolcon.colcon_core.verb[0m [1;30mLevel 5[0m set package 'ava_msgs' build argument 'catkin_skip_building_tests' from command line to 'False'
[1.608s] [34mcolcon.colcon_core.verb[0m [1;30mDEBUG[0m [32mBuilding package 'ava_msgs' with the following arguments: {'ament_cmake_args': None, 'build_base': 'C:\\dev_ava\\build\\ava_msgs', 'catkin_cmake_args': None, 'catkin_skip_building_tests': False, 'cmake_args': None, 'cmake_clean_cache': False, 'cmake_clean_first': False, 'cmake_force_configure': False, 'cmake_target': None, 'cmake_target_skip_unavailable': False, 'install_base': 'C:\\dev_ava\\install', 'merge_install': True, 'path': 'C:\\dev_ava\\src\\ava_msgs', 'symlink_install': False, 'test_result_base': None}[0m
[1.629s] [34mcolcon.colcon_core.verb[0m [1;30mLevel 5[0m set package 'ava_teleop' build argument 'cmake_args' from command line to 'None'
[1.629s] [34mcolcon.colcon_core.verb[0m [1;30mLevel 5[0m set package 'ava_teleop' build argument 'cmake_target' from command line to 'None'
[1.629s] [34mcolcon.colcon_core.verb[0m [1;30mLevel 5[0m set package 'ava_teleop' build argument 'cmake_target_skip_unavailable' from command line to 'False'
[1.629s] [34mcolcon.colcon_core.verb[0m [1;30mLevel 5[0m set package 'ava_teleop' build argument 'cmake_clean_cache' from command line to 'False'
[1.629s] [34mcolcon.colcon_core.verb[0m [1;30mLevel 5[0m set package 'ava_teleop' build argument 'cmake_clean_first' from command line to 'False'
[1.629s] [34mcolcon.colcon_core.verb[0m [1;30mLevel 5[0m set package 'ava_teleop' build argument 'cmake_force_configure' from command line to 'False'
[1.629s] [34mcolcon.colcon_core.verb[0m [1;30mLevel 5[0m set package 'ava_teleop' build argument 'ament_cmake_args' from command line to 'None'
[1.629s] [34mcolcon.colcon_core.verb[0m [1;30mLevel 5[0m set package 'ava_teleop' build argument 'catkin_cmake_args' from command line to 'None'
[1.630s] [34mcolcon.colcon_core.verb[0m [1;30mLevel 5[0m set package 'ava_teleop' build argument 'catkin_skip_building_tests' from command line to 'False'
[1.630s] [34mcolcon.colcon_core.verb[0m [1;30mDEBUG[0m [32mBuilding package 'ava_teleop' with the following arguments: {'ament_cmake_args': None, 'build_base': 'C:\\dev_ava\\build\\ava_teleop', 'catkin_cmake_args': None, 'catkin_skip_building_tests': False, 'cmake_args': None, 'cmake_clean_cache': False, 'cmake_clean_first': False, 'cmake_force_configure': False, 'cmake_target': None, 'cmake_target_skip_unavailable': False, 'install_base': 'C:\\dev_ava\\install', 'merge_install': True, 'path': 'C:\\dev_ava\\src\\ava_teleop', 'symlink_install': False, 'test_result_base': None}[0m
[1.650s] [34mcolcon.colcon_core.verb[0m [1;30mLevel 5[0m set package 'hq_bringup' build argument 'cmake_args' from command line to 'None'
[1.650s] [34mcolcon.colcon_core.verb[0m [1;30mLevel 5[0m set package 'hq_bringup' build argument 'cmake_target' from command line to 'None'
[1.650s] [34mcolcon.colcon_core.verb[0m [1;30mLevel 5[0m set package 'hq_bringup' build argument 'cmake_target_skip_unavailable' from command line to 'False'
[1.650s] [34mcolcon.colcon_core.verb[0m [1;30mLevel 5[0m set package 'hq_bringup' build argument 'cmake_clean_cache' from command line to 'False'
[1.650s] [34mcolcon.colcon_core.verb[0m [1;30mLevel 5[0m set package 'hq_bringup' build argument 'cmake_clean_first' from command line to 'False'
[1.650s] [34mcolcon.colcon_core.verb[0m [1;30mLevel 5[0m set package 'hq_bringup' build argument 'cmake_force_configure' from command line to 'False'
[1.650s] [34mcolcon.colcon_core.verb[0m [1;30mLevel 5[0m set package 'hq_bringup' build argument 'ament_cmake_args' from command line to 'None'
[1.650s] [34mcolcon.colcon_core.verb[0m [1;30mLevel 5[0m set package 'hq_bringup' build argument 'catkin_cmake_args' from command line to 'None'
[1.651s] [34mcolcon.colcon_core.verb[0m [1;30mLevel 5[0m set package 'hq_bringup' build argument 'catkin_skip_building_tests' from command line to 'False'
[1.651s] [34mcolcon.colcon_core.verb[0m [1;30mDEBUG[0m [32mBuilding package 'hq_bringup' with the following arguments: {'ament_cmake_args': None, 'build_base': 'C:\\dev_ava\\build\\hq_bringup', 'catkin_cmake_args': None, 'catkin_skip_building_tests': False, 'cmake_args': None, 'cmake_clean_cache': False, 'cmake_clean_first': False, 'cmake_force_configure': False, 'cmake_target': None, 'cmake_target_skip_unavailable': False, 'install_base': 'C:\\dev_ava\\install', 'merge_install': True, 'path': 'C:\\dev_ava\\src\\hq_bringup', 'symlink_install': False, 'test_result_base': None}[0m
[1.672s] [34mcolcon.colcon_core.verb[0m [1;30mLevel 5[0m set package 'tf_transformations' build argument 'cmake_args' from command line to 'None'
[1.673s] [34mcolcon.colcon_core.verb[0m [1;30mLevel 5[0m set package 'tf_transformations' build argument 'cmake_target' from command line to 'None'
[1.673s] [34mcolcon.colcon_core.verb[0m [1;30mLevel 5[0m set package 'tf_transformations' build argument 'cmake_target_skip_unavailable' from command line to 'False'
[1.673s] [34mcolcon.colcon_core.verb[0m [1;30mLevel 5[0m set package 'tf_transformations' build argument 'cmake_clean_cache' from command line to 'False'
[1.673s] [34mcolcon.colcon_core.verb[0m [1;30mLevel 5[0m set package 'tf_transformations' build argument 'cmake_clean_first' from command line to 'False'
[1.673s] [34mcolcon.colcon_core.verb[0m [1;30mLevel 5[0m set package 'tf_transformations' build argument 'cmake_force_configure' from command line to 'False'
[1.673s] [34mcolcon.colcon_core.verb[0m [1;30mLevel 5[0m set package 'tf_transformations' build argument 'ament_cmake_args' from command line to 'None'
[1.673s] [34mcolcon.colcon_core.verb[0m [1;30mLevel 5[0m set package 'tf_transformations' build argument 'catkin_cmake_args' from command line to 'None'
[1.673s] [34mcolcon.colcon_core.verb[0m [1;30mLevel 5[0m set package 'tf_transformations' build argument 'catkin_skip_building_tests' from command line to 'False'
[1.673s] [34mcolcon.colcon_core.verb[0m [1;30mDEBUG[0m [32mBuilding package 'tf_transformations' with the following arguments: {'ament_cmake_args': None, 'build_base': 'C:\\dev_ava\\build\\tf_transformations', 'catkin_cmake_args': None, 'catkin_skip_building_tests': False, 'cmake_args': None, 'cmake_clean_cache': False, 'cmake_clean_first': False, 'cmake_force_configure': False, 'cmake_target': None, 'cmake_target_skip_unavailable': False, 'install_base': 'C:\\dev_ava\\install', 'merge_install': True, 'path': 'C:\\dev_ava\\src\\tf_transformations-main', 'symlink_install': False, 'test_result_base': None}[0m
[1.696s] [34mcolcon.colcon_core.verb[0m [1;30mLevel 5[0m set package 'ava_description' build argument 'cmake_args' from command line to 'None'
[1.696s] [34mcolcon.colcon_core.verb[0m [1;30mLevel 5[0m set package 'ava_description' build argument 'cmake_target' from command line to 'None'
[1.696s] [34mcolcon.colcon_core.verb[0m [1;30mLevel 5[0m set package 'ava_description' build argument 'cmake_target_skip_unavailable' from command line to 'False'
[1.696s] [34mcolcon.colcon_core.verb[0m [1;30mLevel 5[0m set package 'ava_description' build argument 'cmake_clean_cache' from command line to 'False'
[1.696s] [34mcolcon.colcon_core.verb[0m [1;30mLevel 5[0m set package 'ava_description' build argument 'cmake_clean_first' from command line to 'False'
[1.696s] [34mcolcon.colcon_core.verb[0m [1;30mLevel 5[0m set package 'ava_description' build argument 'cmake_force_configure' from command line to 'False'
[1.696s] [34mcolcon.colcon_core.verb[0m [1;30mLevel 5[0m set package 'ava_description' build argument 'ament_cmake_args' from command line to 'None'
[1.696s] [34mcolcon.colcon_core.verb[0m [1;30mLevel 5[0m set package 'ava_description' build argument 'catkin_cmake_args' from command line to 'None'
[1.696s] [34mcolcon.colcon_core.verb[0m [1;30mLevel 5[0m set package 'ava_description' build argument 'catkin_skip_building_tests' from command line to 'False'
[1.697s] [34mcolcon.colcon_core.verb[0m [1;30mDEBUG[0m [32mBuilding package 'ava_description' with the following arguments: {'ament_cmake_args': None, 'build_base': 'C:\\dev_ava\\build\\ava_description', 'catkin_cmake_args': None, 'catkin_skip_building_tests': False, 'cmake_args': None, 'cmake_clean_cache': False, 'cmake_clean_first': False, 'cmake_force_configure': False, 'cmake_target': None, 'cmake_target_skip_unavailable': False, 'install_base': 'C:\\dev_ava\\install', 'merge_install': True, 'path': 'C:\\dev_ava\\src\\ava_description', 'symlink_install': False, 'test_result_base': None}[0m
[1.702s] [34mcolcon.colcon_core.executor[0m [1;30mINFO[0m Executing jobs using 'parallel' executor
[1.742s] [34mcolcon.colcon_parallel_executor.executor.parallel[0m [1;30mDEBUG[0m [32mrun_until_complete[0m
[1.743s] [34mcolcon.colcon_ros.task.ament_python.build[0m [1;30mINFO[0m Building ROS package in 'C:\dev_ava\src\tf_transformations-main' with build type 'ament_python'
[1.743s] [34mcolcon.colcon_core.shell[0m [1;30mLevel 1[0m create_environment_hook('tf_transformations', 'ament_prefix_path')
[1.757s] [34mcolcon.colcon_core.plugin_system[0m [1;30mINFO[0m Skipping extension 'colcon_core.shell.sh': Not used on Windows systems
[1.758s] [34mcolcon.colcon_core.shell[0m [1;30mINFO[0m Creating environment hook 'C:\dev_ava\install\share\tf_transformations\hook\ament_prefix_path.ps1'
[1.760s] [34mcolcon.colcon_core.shell[0m [1;30mINFO[0m Creating environment hook 'C:\dev_ava\install\share\tf_transformations\hook\ament_prefix_path.bat'
[1.763s] [34mcolcon.colcon_core.shell[0m [1;30mINFO[0m Creating environment descriptor 'C:\dev_ava\install\share\tf_transformations\hook\ament_prefix_path.dsv'
[1.777s] [34mcolcon.colcon_core.shell[0m [1;30mINFO[0m Skip shell extension 'powershell' for command environment: Not usable outside of PowerShell
[1.876s] [34mcolcon.colcon_ros.task.ament_cmake.build[0m [1;30mINFO[0m Building ROS package in 'C:\dev_ava\src\ava_msgs' with build type 'ament_cmake'
[1.877s] [34mcolcon.colcon_cmake.task.cmake.build[0m [1;30mINFO[0m Building CMake package in 'C:\dev_ava\src\ava_msgs'
[1.891s] [34mcolcon.colcon_core.shell[0m [1;30mINFO[0m Skip shell extension 'powershell' for command environment: Not usable outside of PowerShell
[1.975s] [34mcolcon.colcon_ros.task.ament_python.build[0m [1;30mINFO[0m Building ROS package in 'C:\dev_ava\src\ava_teleop' with build type 'ament_python'
[1.976s] [34mcolcon.colcon_core.shell[0m [1;30mLevel 1[0m create_environment_hook('ava_teleop', 'ament_prefix_path')
[1.992s] [34mcolcon.colcon_core.shell[0m [1;30mINFO[0m Creating environment hook 'C:\dev_ava\install\share\ava_teleop\hook\ament_prefix_path.ps1'
[1.994s] [34mcolcon.colcon_core.shell[0m [1;30mINFO[0m Creating environment hook 'C:\dev_ava\install\share\ava_teleop\hook\ament_prefix_path.bat'
[1.996s] [34mcolcon.colcon_core.shell[0m [1;30mINFO[0m Creating environment descriptor 'C:\dev_ava\install\share\ava_teleop\hook\ament_prefix_path.dsv'
[2.008s] [34mcolcon.colcon_core.shell[0m [1;30mINFO[0m Skip shell extension 'powershell' for command environment: Not usable outside of PowerShell
[2.097s] [34mcolcon.colcon_ros.task.ament_python.build[0m [1;30mINFO[0m Building ROS package in 'C:\dev_ava\src\hq_bringup' with build type 'ament_python'
[2.097s] [34mcolcon.colcon_core.shell[0m [1;30mLevel 1[0m create_environment_hook('hq_bringup', 'ament_prefix_path')
[2.113s] [34mcolcon.colcon_core.shell[0m [1;30mINFO[0m Creating environment hook 'C:\dev_ava\install\share\hq_bringup\hook\ament_prefix_path.ps1'
[2.115s] [34mcolcon.colcon_core.shell[0m [1;30mINFO[0m Creating environment hook 'C:\dev_ava\install\share\hq_bringup\hook\ament_prefix_path.bat'
[2.117s] [34mcolcon.colcon_core.shell[0m [1;30mINFO[0m Creating environment descriptor 'C:\dev_ava\install\share\hq_bringup\hook\ament_prefix_path.dsv'
[2.128s] [34mcolcon.colcon_core.shell[0m [1;30mINFO[0m Skip shell extension 'powershell' for command environment: Not usable outside of PowerShell
[2.249s] [34mcolcon.colcon_core.event_handler.log_command[0m [1;30mDEBUG[0m [32mInvoking command in 'C:\dev_ava\build\ava_msgs': PUBLIC=%PUBLIC%
PyCharm Community Edition=C:\Program Files\JetBrains\PyCharm Community Edition 2020.1.3\bin; C:\opt\ros\foxy\x64\Scripts\cmake.EXE C:\dev_ava\src\ava_msgs -DCMAKE_INSTALL_PREFIX=C:\dev_ava\install[0m
[3.392s] [34mcolcon.colcon_core.task.python.build[0m [1;30mINFO[0m Building Python package in 'C:\dev_ava\src\tf_transformations-main'
[3.407s] [34mcolcon.colcon_core.shell[0m [1;30mINFO[0m Skip shell extension 'powershell' for command environment: Not usable outside of PowerShell
[4.519s] [34mcolcon.colcon_core.task.python.build[0m [1;30mINFO[0m Building Python package in 'C:\dev_ava\src\ava_teleop'
[4.532s] [34mcolcon.colcon_core.shell[0m [1;30mINFO[0m Skip shell extension 'powershell' for command environment: Not usable outside of PowerShell
[4.638s] [34mcolcon.colcon_core.event_handler.log_command[0m [1;30mDEBUG[0m [32mInvoking command in 'C:\dev_ava\src\tf_transformations-main': PUBLIC=%PUBLIC%
PyCharm Community Edition=C:\Program Files\JetBrains\PyCharm Community Edition 2020.1.3\bin; PYTHONPATH=C:\dev_ava\install\Lib\site-packages;%PYTHONPATH% c:\opt\ros\foxy\x64\python.exe setup.py egg_info --egg-base C:\dev_ava\build\tf_transformations build --build-base C:\dev_ava\build\tf_transformations\build install --prefix C:\dev_ava\install --record C:\dev_ava\build\tf_transformations\install.log --single-version-externally-managed[0m
[5.741s] [34mcolcon.colcon_core.task.python.build[0m [1;30mINFO[0m Building Python package in 'C:\dev_ava\src\hq_bringup'
[5.752s] [34mcolcon.colcon_core.shell[0m [1;30mINFO[0m Skip shell extension 'powershell' for command environment: Not usable outside of PowerShell
[5.888s] [34mcolcon.colcon_core.event_handler.log_command[0m [1;30mDEBUG[0m [32mInvoking command in 'C:\dev_ava\src\ava_teleop': PUBLIC=%PUBLIC%
PyCharm Community Edition=C:\Program Files\JetBrains\PyCharm Community Edition 2020.1.3\bin; PYTHONPATH=C:\dev_ava\install\Lib\site-packages;%PYTHONPATH% c:\opt\ros\foxy\x64\python.exe setup.py egg_info --egg-base C:\dev_ava\build\ava_teleop build --build-base C:\dev_ava\build\ava_teleop\build install --prefix C:\dev_ava\install --record C:\dev_ava\build\ava_teleop\install.log --single-version-externally-managed[0m
[5.903s] [34mcolcon.colcon_core.event_handler.log_command[0m [1;30mDEBUG[0m [32mInvoking command in 'C:\dev_ava\src\hq_bringup': PUBLIC=%PUBLIC%
PyCharm Community Edition=C:\Program Files\JetBrains\PyCharm Community Edition 2020.1.3\bin; PYTHONPATH=C:\dev_ava\install\Lib\site-packages;%PYTHONPATH% c:\opt\ros\foxy\x64\python.exe setup.py egg_info --egg-base C:\dev_ava\build\hq_bringup build --build-base C:\dev_ava\build\hq_bringup\build install --prefix C:\dev_ava\install --record C:\dev_ava\build\hq_bringup\install.log --single-version-externally-managed[0m
[6.100s] [34mcolcon.colcon_core.event_handler.log_command[0m [1;30mDEBUG[0m [32mInvoked command in 'C:\dev_ava\src\tf_transformations-main' returned '0': PUBLIC=%PUBLIC%
PyCharm Community Edition=C:\Program Files\JetBrains\PyCharm Community Edition 2020.1.3\bin; PYTHONPATH=C:\dev_ava\install\Lib\site-packages;%PYTHONPATH% c:\opt\ros\foxy\x64\python.exe setup.py egg_info --egg-base C:\dev_ava\build\tf_transformations build --build-base C:\dev_ava\build\tf_transformations\build install --prefix C:\dev_ava\install --record C:\dev_ava\build\tf_transformations\install.log --single-version-externally-managed[0m
[6.133s] [34mcolcon.colcon_core.environment[0m [1;30mLevel 1[0m checking 'C:\dev_ava\install' for CMake module files
[6.135s] [34mcolcon.colcon_core.environment[0m [1;30mLevel 1[0m checking 'C:\dev_ava\install' for CMake config files
[6.145s] [34mcolcon.colcon_core.shell[0m [1;30mLevel 1[0m create_environment_hook('tf_transformations', 'cmake_prefix_path')
[6.163s] [34mcolcon.colcon_core.shell[0m [1;30mINFO[0m Creating environment hook 'C:\dev_ava\install\share\tf_transformations\hook\cmake_prefix_path.ps1'
[6.165s] [34mcolcon.colcon_core.shell[0m [1;30mINFO[0m Creating environment hook 'C:\dev_ava\install\share\tf_transformations\hook\cmake_prefix_path.bat'
[6.168s] [34mcolcon.colcon_core.shell[0m [1;30mINFO[0m Creating environment descriptor 'C:\dev_ava\install\share\tf_transformations\hook\cmake_prefix_path.dsv'
[6.170s] [34mcolcon.colcon_core.environment[0m [1;30mLevel 1[0m checking 'C:\dev_ava\install\bin'
[6.171s] [34mcolcon.colcon_core.shell[0m [1;30mLevel 1[0m create_environment_hook('tf_transformations', 'path_dll')
[6.188s] [34mcolcon.colcon_core.shell[0m [1;30mINFO[0m Creating environment hook 'C:\dev_ava\install\share\tf_transformations\hook\path_dll.ps1'
[6.191s] [34mcolcon.colcon_core.shell[0m [1;30mINFO[0m Creating environment hook 'C:\dev_ava\install\share\tf_transformations\hook\path_dll.bat'
[6.193s] [34mcolcon.colcon_core.shell[0m [1;30mINFO[0m Creating environment descriptor 'C:\dev_ava\install\share\tf_transformations\hook\path_dll.dsv'
[6.196s] [34mcolcon.colcon_core.environment[0m [1;30mLevel 1[0m checking 'C:\dev_ava\install\bin'
[6.196s] [34mcolcon.colcon_core.shell[0m [1;30mLevel 1[0m create_environment_hook('tf_transformations', 'path')
[6.208s] [34mcolcon.colcon_core.shell[0m [1;30mINFO[0m Creating environment hook 'C:\dev_ava\install\share\tf_transformations\hook\path.ps1'
[6.210s] [34mcolcon.colcon_core.shell[0m [1;30mINFO[0m Creating environment hook 'C:\dev_ava\install\share\tf_transformations\hook\path.bat'
[6.212s] [34mcolcon.colcon_core.shell[0m [1;30mINFO[0m Creating environment descriptor 'C:\dev_ava\install\share\tf_transformations\hook\path.dsv'
[6.214s] [34mcolcon.colcon_core.environment[0m [1;30mLevel 1[0m checking 'C:\dev_ava\install\Scripts'
[6.214s] [34mcolcon.colcon_core.environment[0m [1;30mLevel 1[0m checking 'C:\dev_ava\install\lib\pkgconfig\tf_transformations.pc'
[6.215s] [34mcolcon.colcon_core.environment[0m [1;30mLevel 1[0m checking 'C:\dev_ava\install\Lib\site-packages'
[6.215s] [34mcolcon.colcon_core.shell[0m [1;30mLevel 1[0m create_environment_hook('tf_transformations', 'pythonpath')
[6.226s] [34mcolcon.colcon_core.shell[0m [1;30mINFO[0m Creating environment hook 'C:\dev_ava\install\share\tf_transformations\hook\pythonpath.ps1'
[6.227s] [34mcolcon.colcon_core.shell[0m [1;30mINFO[0m Creating environment hook 'C:\dev_ava\install\share\tf_transformations\hook\pythonpath.bat'
[6.229s] [34mcolcon.colcon_core.shell[0m [1;30mINFO[0m Creating environment descriptor 'C:\dev_ava\install\share\tf_transformations\hook\pythonpath.dsv'
[6.231s] [34mcolcon.colcon_core.environment[0m [1;30mLevel 1[0m create_environment_scripts_only(tf_transformations)
[6.243s] [34mcolcon.colcon_core.shell[0m [1;30mINFO[0m Creating package script 'C:\dev_ava\install\share\tf_transformations\package.ps1'
[6.246s] [34mcolcon.colcon_core.shell[0m [1;30mINFO[0m Creating package script 'C:\dev_ava\install\share\tf_transformations\package.bat'
[6.250s] [34mcolcon.colcon_core.shell[0m [1;30mINFO[0m Creating package descriptor 'C:\dev_ava\install\share\tf_transformations\package.dsv'
[6.254s] [34mcolcon.colcon_core.environment[0m [1;30mLevel 1[0m create_file_with_runtime_dependencies(C:\dev_ava\install\share\colcon-core\packages\tf_transformations)
[6.255s] [34mcolcon.colcon_ros.task.ament_python.build[0m [1;30mINFO[0m Building ROS package in 'C:\dev_ava\src\ava_description' with build type 'ament_python'
[6.256s] [34mcolcon.colcon_core.shell[0m [1;30mLevel 1[0m create_environment_hook('ava_description', 'ament_prefix_path')
[6.272s] [34mcolcon.colcon_core.shell[0m [1;30mINFO[0m Creating environment hook 'C:\dev_ava\install\share\ava_description\hook\ament_prefix_path.ps1'
[6.275s] [34mcolcon.colcon_core.shell[0m [1;30mINFO[0m Creating environment hook 'C:\dev_ava\install\share\ava_description\hook\ament_prefix_path.bat'
[6.278s] [34mcolcon.colcon_core.shell[0m [1;30mINFO[0m Creating environment descriptor 'C:\dev_ava\install\share\ava_description\hook\ament_prefix_path.dsv'
[6.293s] [34mcolcon.colcon_core.shell[0m [1;30mINFO[0m Skip shell extension 'powershell' for command environment: Not usable outside of PowerShell
[7.872s] [34mcolcon.colcon_core.task.python.build[0m [1;30mINFO[0m Building Python package in 'C:\dev_ava\src\ava_description'
[7.884s] [34mcolcon.colcon_core.shell[0m [1;30mINFO[0m Skip shell extension 'powershell' for command environment: Not usable outside of PowerShell
[7.995s] [34mcolcon.colcon_core.environment[0m [1;30mLevel 1[0m checking 'C:\dev_ava\install' for CMake module files
[7.999s] [34mcolcon.colcon_core.environment[0m [1;30mLevel 1[0m checking 'C:\dev_ava\install' for CMake config files
[8.010s] [34mcolcon.colcon_core.shell[0m [1;30mLevel 1[0m create_environment_hook('hq_bringup', 'cmake_prefix_path')
[8.027s] [34mcolcon.colcon_core.shell[0m [1;30mINFO[0m Creating environment hook 'C:\dev_ava\install\share\hq_bringup\hook\cmake_prefix_path.ps1'
[8.030s] [34mcolcon.colcon_core.shell[0m [1;30mINFO[0m Creating environment hook 'C:\dev_ava\install\share\hq_bringup\hook\cmake_prefix_path.bat'
[8.034s] [34mcolcon.colcon_core.shell[0m [1;30mINFO[0m Creating environment descriptor 'C:\dev_ava\install\share\hq_bringup\hook\cmake_prefix_path.dsv'
[8.038s] [34mcolcon.colcon_core.environment[0m [1;30mLevel 1[0m checking 'C:\dev_ava\install\bin'
[8.039s] [34mcolcon.colcon_core.shell[0m [1;30mLevel 1[0m create_environment_hook('hq_bringup', 'path_dll')
[8.049s] [34mcolcon.colcon_core.shell[0m [1;30mINFO[0m Creating environment hook 'C:\dev_ava\install\share\hq_bringup\hook\path_dll.ps1'
[8.054s] [34mcolcon.colcon_core.shell[0m [1;30mINFO[0m Creating environment hook 'C:\dev_ava\install\share\hq_bringup\hook\path_dll.bat'
[8.060s] [34mcolcon.colcon_core.event_handler.log_command[0m [1;30mDEBUG[0m [32mInvoked command in 'C:\dev_ava\src\hq_bringup' returned '0': PUBLIC=%PUBLIC%
PyCharm Community Edition=C:\Program Files\JetBrains\PyCharm Community Edition 2020.1.3\bin; PYTHONPATH=C:\dev_ava\install\Lib\site-packages;%PYTHONPATH% c:\opt\ros\foxy\x64\python.exe setup.py egg_info --egg-base C:\dev_ava\build\hq_bringup build --build-base C:\dev_ava\build\hq_bringup\build install --prefix C:\dev_ava\install --record C:\dev_ava\build\hq_bringup\install.log --single-version-externally-managed[0m
[8.060s] [34mcolcon.colcon_core.shell[0m [1;30mINFO[0m Creating environment descriptor 'C:\dev_ava\install\share\hq_bringup\hook\path_dll.dsv'
[8.063s] [34mcolcon.colcon_core.environment[0m [1;30mLevel 1[0m checking 'C:\dev_ava\install\bin'
[8.063s] [34mcolcon.colcon_core.shell[0m [1;30mLevel 1[0m create_environment_hook('hq_bringup', 'path')
[8.076s] [34mcolcon.colcon_core.shell[0m [1;30mINFO[0m Creating environment hook 'C:\dev_ava\install\share\hq_bringup\hook\path.ps1'
[8.078s] [34mcolcon.colcon_core.shell[0m [1;30mINFO[0m Creating environment hook 'C:\dev_ava\install\share\hq_bringup\hook\path.bat'
[8.080s] [34mcolcon.colcon_core.shell[0m [1;30mINFO[0m Creating environment descriptor 'C:\dev_ava\install\share\hq_bringup\hook\path.dsv'
[8.081s] [34mcolcon.colcon_core.environment[0m [1;30mLevel 1[0m checking 'C:\dev_ava\install\Scripts'
[8.082s] [34mcolcon.colcon_core.environment[0m [1;30mLevel 1[0m checking 'C:\dev_ava\install\lib\pkgconfig\hq_bringup.pc'
[8.082s] [34mcolcon.colcon_core.environment[0m [1;30mLevel 1[0m checking 'C:\dev_ava\install\Lib\site-packages'
[8.082s] [34mcolcon.colcon_core.shell[0m [1;30mLevel 1[0m create_environment_hook('hq_bringup', 'pythonpath')
[8.094s] [34mcolcon.colcon_core.shell[0m [1;30mINFO[0m Creating environment hook 'C:\dev_ava\install\share\hq_bringup\hook\pythonpath.ps1'
[8.096s] [34mcolcon.colcon_core.shell[0m [1;30mINFO[0m Creating environment hook 'C:\dev_ava\install\share\hq_bringup\hook\pythonpath.bat'
[8.097s] [34mcolcon.colcon_core.shell[0m [1;30mINFO[0m Creating environment descriptor 'C:\dev_ava\install\share\hq_bringup\hook\pythonpath.dsv'
[8.098s] [34mcolcon.colcon_core.environment[0m [1;30mLevel 1[0m create_environment_scripts_only(hq_bringup)
[8.111s] [34mcolcon.colcon_core.shell[0m [1;30mINFO[0m Creating package script 'C:\dev_ava\install\share\hq_bringup\package.ps1'
[8.114s] [34mcolcon.colcon_core.shell[0m [1;30mINFO[0m Creating package script 'C:\dev_ava\install\share\hq_bringup\package.bat'
[8.116s] [34mcolcon.colcon_core.shell[0m [1;30mINFO[0m Creating package descriptor 'C:\dev_ava\install\share\hq_bringup\package.dsv'
[8.119s] [34mcolcon.colcon_core.environment[0m [1;30mLevel 1[0m create_file_with_runtime_dependencies(C:\dev_ava\install\share\colcon-core\packages\hq_bringup)
[8.137s] [34mcolcon.colcon_core.environment[0m [1;30mLevel 1[0m checking 'C:\dev_ava\install' for CMake module files
[8.141s] [34mcolcon.colcon_core.environment[0m [1;30mLevel 1[0m checking 'C:\dev_ava\install' for CMake config files
[8.142s] [34mcolcon.colcon_core.event_handler.log_command[0m [1;30mDEBUG[0m [32mInvoked command in 'C:\dev_ava\src\ava_teleop' returned '0': PUBLIC=%PUBLIC%
PyCharm Community Edition=C:\Program Files\JetBrains\PyCharm Community Edition 2020.1.3\bin; PYTHONPATH=C:\dev_ava\install\Lib\site-packages;%PYTHONPATH% c:\opt\ros\foxy\x64\python.exe setup.py egg_info --egg-base C:\dev_ava\build\ava_teleop build --build-base C:\dev_ava\build\ava_teleop\build install --prefix C:\dev_ava\install --record C:\dev_ava\build\ava_teleop\install.log --single-version-externally-managed[0m
[8.151s] [34mcolcon.colcon_core.shell[0m [1;30mLevel 1[0m create_environment_hook('ava_teleop', 'cmake_prefix_path')
[8.162s] [34mcolcon.colcon_core.shell[0m [1;30mINFO[0m Creating environment hook 'C:\dev_ava\install\share\ava_teleop\hook\cmake_prefix_path.ps1'
[8.164s] [34mcolcon.colcon_core.shell[0m [1;30mINFO[0m Creating environment hook 'C:\dev_ava\install\share\ava_teleop\hook\cmake_prefix_path.bat'
[8.167s] [34mcolcon.colcon_core.shell[0m [1;30mINFO[0m Creating environment descriptor 'C:\dev_ava\install\share\ava_teleop\hook\cmake_prefix_path.dsv'
[8.169s] [34mcolcon.colcon_core.environment[0m [1;30mLevel 1[0m checking 'C:\dev_ava\install\bin'
[8.169s] [34mcolcon.colcon_core.shell[0m [1;30mLevel 1[0m create_environment_hook('ava_teleop', 'path_dll')
[8.181s] [34mcolcon.colcon_core.shell[0m [1;30mINFO[0m Creating environment hook 'C:\dev_ava\install\share\ava_teleop\hook\path_dll.ps1'
[8.184s] [34mcolcon.colcon_core.shell[0m [1;30mINFO[0m Creating environment hook 'C:\dev_ava\install\share\ava_teleop\hook\path_dll.bat'
[8.186s] [34mcolcon.colcon_core.shell[0m [1;30mINFO[0m Creating environment descriptor 'C:\dev_ava\install\share\ava_teleop\hook\path_dll.dsv'
[8.187s] [34mcolcon.colcon_core.environment[0m [1;30mLevel 1[0m checking 'C:\dev_ava\install\bin'
[8.188s] [34mcolcon.colcon_core.shell[0m [1;30mLevel 1[0m create_environment_hook('ava_teleop', 'path')
[8.200s] [34mcolcon.colcon_core.shell[0m [1;30mINFO[0m Creating environment hook 'C:\dev_ava\install\share\ava_teleop\hook\path.ps1'
[8.202s] [34mcolcon.colcon_core.shell[0m [1;30mINFO[0m Creating environment hook 'C:\dev_ava\install\share\ava_teleop\hook\path.bat'
[8.204s] [34mcolcon.colcon_core.shell[0m [1;30mINFO[0m Creating environment descriptor 'C:\dev_ava\install\share\ava_teleop\hook\path.dsv'
[8.207s] [34mcolcon.colcon_core.environment[0m [1;30mLevel 1[0m checking 'C:\dev_ava\install\Scripts'
[8.207s] [34mcolcon.colcon_core.environment[0m [1;30mLevel 1[0m checking 'C:\dev_ava\install\lib\pkgconfig\ava_teleop.pc'
[8.207s] [34mcolcon.colcon_core.environment[0m [1;30mLevel 1[0m checking 'C:\dev_ava\install\Lib\site-packages'
[8.208s] [34mcolcon.colcon_core.shell[0m [1;30mLevel 1[0m create_environment_hook('ava_teleop', 'pythonpath')
[8.219s] [34mcolcon.colcon_core.shell[0m [1;30mINFO[0m Creating environment hook 'C:\dev_ava\install\share\ava_teleop\hook\pythonpath.ps1'
[8.221s] [34mcolcon.colcon_core.shell[0m [1;30mINFO[0m Creating environment hook 'C:\dev_ava\install\share\ava_teleop\hook\pythonpath.bat'
[8.223s] [34mcolcon.colcon_core.shell[0m [1;30mINFO[0m Creating environment descriptor 'C:\dev_ava\install\share\ava_teleop\hook\pythonpath.dsv'
[8.224s] [34mcolcon.colcon_core.environment[0m [1;30mLevel 1[0m create_environment_scripts_only(ava_teleop)
[8.236s] [34mcolcon.colcon_core.shell[0m [1;30mINFO[0m Creating package script 'C:\dev_ava\install\share\ava_teleop\package.ps1'
[8.239s] [34mcolcon.colcon_core.shell[0m [1;30mINFO[0m Creating package script 'C:\dev_ava\install\share\ava_teleop\package.bat'
[8.241s] [34mcolcon.colcon_core.shell[0m [1;30mINFO[0m Creating package descriptor 'C:\dev_ava\install\share\ava_teleop\package.dsv'
[8.243s] [34mcolcon.colcon_core.environment[0m [1;30mLevel 1[0m create_file_with_runtime_dependencies(C:\dev_ava\install\share\colcon-core\packages\ava_teleop)
[8.260s] [34mcolcon.colcon_core.event_handler.log_command[0m [1;30mDEBUG[0m [32mInvoking command in 'C:\dev_ava\src\ava_description': CMAKE_PREFIX_PATH=C:\dev_ava\install;C:\opt\ros\foxy\x64\tools\vcpkg\installed\x64-windows;C:\opt\ros\foxy\x64 PUBLIC=%PUBLIC%
PyCharm Community Edition=C:\Program Files\JetBrains\PyCharm Community Edition 2020.1.3\bin; PYTHONPATH=C:\dev_ava\install\Lib\site-packages;%PYTHONPATH% Path=C:\dev_ava\install\bin;c:\opt\ros\foxy\x64\;C:\opt\ros\foxy\x64\tools\vcpkg\installed\x64-windows\bin;C:\opt\ros\foxy\x64\tools\vcpkg;C:\opt\ros\foxy\x64\Scripts;C:\opt\ros\foxy\x64\bin;C:\Program Files (x86)\Microsoft Visual Studio\2019\Community\VC\Tools\MSVC\14.29.30133\bin\HostX64\x64;C:\Program Files (x86)\Microsoft Visual Studio\2019\Community\Common7\IDE\VC\VCPackages;C:\Program Files (x86)\Microsoft Visual Studio\2019\Community\Common7\IDE\CommonExtensions\Microsoft\TestWindow;C:\Program Files (x86)\Microsoft Visual Studio\2019\Community\Common7\IDE\CommonExtensions\Microsoft\TeamFoundation\Team Explorer;C:\Program Files (x86)\Microsoft Visual Studio\2019\Community\MSBuild\Current\bin\Roslyn;C:\Program Files (x86)\Microsoft Visual Studio\2019\Community\Common7\Tools\devinit;C:\Program Files (x86)\Windows Kits\10\bin\10.0.16299.0\x64;C:\Program Files (x86)\Windows Kits\10\bin\x64;C:\Program Files (x86)\Microsoft Visual Studio\2019\Community\\MSBuild\Current\Bin;C:\Windows\Microsoft.NET\Framework64\v4.0.30319;C:\Program Files (x86)\Microsoft Visual Studio\2019\Community\Common7\IDE\;C:\Program Files (x86)\Microsoft Visual Studio\2019\Community\Common7\Tools\;C:\Program Files (x86)\Common Files\Oracle\Java\javapath;C:\Windows\system32;C:\Windows;C:\Windows\System32\Wbem;C:\Windows\System32\WindowsPowerShell\v1.0\;C:\Windows\System32\OpenSSH\;C:\Program Files\NVIDIA Corporation\NVIDIA NvDLISR;C:\Program Files\dotnet\;C:\WINDOWS\system32;C:\WINDOWS;C:\WINDOWS\System32\Wbem;C:\WINDOWS\System32\WindowsPowerShell\v1.0\;C:\WINDOWS\System32\OpenSSH\;C:\Program Files\MATLAB\R2022a\bin;C:\Program Files\MATLAB\R2019b\bin;C:\Program Files (x86)\NVIDIA Corporation\PhysX\Common;C:\AVRDUDE;C:\WINDOWS\system32;C:\WINDOWS;C:\WINDOWS\System32\Wbem;C:\WINDOWS\System32\WindowsPowerShell\v1.0\;C:\WINDOWS\System32\OpenSSH\;C:\Program Files\Docker\Docker\resources\bin;C:\ProgramData\DockerDesktop\version-bin;C:\ProgramData\chocolatey\bin;C:\Program Files\PuTTY\;C:\Program Files\nodejs\;C:\Program Files\Git\cmd;C:\Users\matth\AppData\Local\Programs\Python\Python310\Scripts\;C:\Users\matth\AppData\Local\Programs\Python\Python310\;C:\Users\matth\AppData\Local\Microsoft\WindowsApps;C:\Program Files\JetBrains\PyCharm Community Edition 2020.1.3\bin;C:\Users\matth\AppData\Local\GitHubDesktop\bin;C:\Users\matth\AppData\Local\Programs\Microsoft VS Code\bin;C:\Users\matth\AppData\Roaming\npm;C:\Program Files\Git\bin\;C:\Program Files\Git\cmd\ c:\opt\ros\foxy\x64\python.exe setup.py egg_info --egg-base C:\dev_ava\build\ava_description build --build-base C:\dev_ava\build\ava_description\build install --prefix C:\dev_ava\install --record C:\dev_ava\build\ava_description\install.log --single-version-externally-managed[0m
[9.729s] [34mcolcon.colcon_core.environment[0m [1;30mLevel 1[0m checking 'C:\dev_ava\install' for CMake module files
[9.730s] [34mcolcon.colcon_core.event_handler.log_command[0m [1;30mDEBUG[0m [32mInvoked command in 'C:\dev_ava\src\ava_description' returned '0': CMAKE_PREFIX_PATH=C:\dev_ava\install;C:\opt\ros\foxy\x64\tools\vcpkg\installed\x64-windows;C:\opt\ros\foxy\x64 PUBLIC=%PUBLIC%
PyCharm Community Edition=C:\Program Files\JetBrains\PyCharm Community Edition 2020.1.3\bin; PYTHONPATH=C:\dev_ava\install\Lib\site-packages;%PYTHONPATH% Path=C:\dev_ava\install\bin;c:\opt\ros\foxy\x64\;C:\opt\ros\foxy\x64\tools\vcpkg\installed\x64-windows\bin;C:\opt\ros\foxy\x64\tools\vcpkg;C:\opt\ros\foxy\x64\Scripts;C:\opt\ros\foxy\x64\bin;C:\Program Files (x86)\Microsoft Visual Studio\2019\Community\VC\Tools\MSVC\14.29.30133\bin\HostX64\x64;C:\Program Files (x86)\Microsoft Visual Studio\2019\Community\Common7\IDE\VC\VCPackages;C:\Program Files (x86)\Microsoft Visual Studio\2019\Community\Common7\IDE\CommonExtensions\Microsoft\TestWindow;C:\Program Files (x86)\Microsoft Visual Studio\2019\Community\Common7\IDE\CommonExtensions\Microsoft\TeamFoundation\Team Explorer;C:\Program Files (x86)\Microsoft Visual Studio\2019\Community\MSBuild\Current\bin\Roslyn;C:\Program Files (x86)\Microsoft Visual Studio\2019\Community\Common7\Tools\devinit;C:\Program Files (x86)\Windows Kits\10\bin\10.0.16299.0\x64;C:\Program Files (x86)\Windows Kits\10\bin\x64;C:\Program Files (x86)\Microsoft Visual Studio\2019\Community\\MSBuild\Current\Bin;C:\Windows\Microsoft.NET\Framework64\v4.0.30319;C:\Program Files (x86)\Microsoft Visual Studio\2019\Community\Common7\IDE\;C:\Program Files (x86)\Microsoft Visual Studio\2019\Community\Common7\Tools\;C:\Program Files (x86)\Common Files\Oracle\Java\javapath;C:\Windows\system32;C:\Windows;C:\Windows\System32\Wbem;C:\Windows\System32\WindowsPowerShell\v1.0\;C:\Windows\System32\OpenSSH\;C:\Program Files\NVIDIA Corporation\NVIDIA NvDLISR;C:\Program Files\dotnet\;C:\WINDOWS\system32;C:\WINDOWS;C:\WINDOWS\System32\Wbem;C:\WINDOWS\System32\WindowsPowerShell\v1.0\;C:\WINDOWS\System32\OpenSSH\;C:\Program Files\MATLAB\R2022a\bin;C:\Program Files\MATLAB\R2019b\bin;C:\Program Files (x86)\NVIDIA Corporation\PhysX\Common;C:\AVRDUDE;C:\WINDOWS\system32;C:\WINDOWS;C:\WINDOWS\System32\Wbem;C:\WINDOWS\System32\WindowsPowerShell\v1.0\;C:\WINDOWS\System32\OpenSSH\;C:\Program Files\Docker\Docker\resources\bin;C:\ProgramData\DockerDesktop\version-bin;C:\ProgramData\chocolatey\bin;C:\Program Files\PuTTY\;C:\Program Files\nodejs\;C:\Program Files\Git\cmd;C:\Users\matth\AppData\Local\Programs\Python\Python310\Scripts\;C:\Users\matth\AppData\Local\Programs\Python\Python310\;C:\Users\matth\AppData\Local\Microsoft\WindowsApps;C:\Program Files\JetBrains\PyCharm Community Edition 2020.1.3\bin;C:\Users\matth\AppData\Local\GitHubDesktop\bin;C:\Users\matth\AppData\Local\Programs\Microsoft VS Code\bin;C:\Users\matth\AppData\Roaming\npm;C:\Program Files\Git\bin\;C:\Program Files\Git\cmd\ c:\opt\ros\foxy\x64\python.exe setup.py egg_info --egg-base C:\dev_ava\build\ava_description build --build-base C:\dev_ava\build\ava_description\build install --prefix C:\dev_ava\install --record C:\dev_ava\build\ava_description\install.log --single-version-externally-managed[0m
[9.732s] [34mcolcon.colcon_core.environment[0m [1;30mLevel 1[0m checking 'C:\dev_ava\install' for CMake config files
[9.740s] [34mcolcon.colcon_core.shell[0m [1;30mLevel 1[0m create_environment_hook('ava_description', 'cmake_prefix_path')
[9.755s] [34mcolcon.colcon_core.shell[0m [1;30mINFO[0m Creating environment hook 'C:\dev_ava\install\share\ava_description\hook\cmake_prefix_path.ps1'
[9.757s] [34mcolcon.colcon_core.shell[0m [1;30mINFO[0m Creating environment hook 'C:\dev_ava\install\share\ava_description\hook\cmake_prefix_path.bat'
[9.759s] [34mcolcon.colcon_core.shell[0m [1;30mINFO[0m Creating environment descriptor 'C:\dev_ava\install\share\ava_description\hook\cmake_prefix_path.dsv'
[9.762s] [34mcolcon.colcon_core.environment[0m [1;30mLevel 1[0m checking 'C:\dev_ava\install\bin'
[9.762s] [34mcolcon.colcon_core.shell[0m [1;30mLevel 1[0m create_environment_hook('ava_description', 'path_dll')
[9.782s] [34mcolcon.colcon_core.shell[0m [1;30mINFO[0m Creating environment hook 'C:\dev_ava\install\share\ava_description\hook\path_dll.ps1'
[9.785s] [34mcolcon.colcon_core.shell[0m [1;30mINFO[0m Creating environment hook 'C:\dev_ava\install\share\ava_description\hook\path_dll.bat'
[9.788s] [34mcolcon.colcon_core.shell[0m [1;30mINFO[0m Creating environment descriptor 'C:\dev_ava\install\share\ava_description\hook\path_dll.dsv'
[9.790s] [34mcolcon.colcon_core.environment[0m [1;30mLevel 1[0m checking 'C:\dev_ava\install\bin'
[9.791s] [34mcolcon.colcon_core.shell[0m [1;30mLevel 1[0m create_environment_hook('ava_description', 'path')
[9.805s] [34mcolcon.colcon_core.shell[0m [1;30mINFO[0m Creating environment hook 'C:\dev_ava\install\share\ava_description\hook\path.ps1'
[9.807s] [34mcolcon.colcon_core.shell[0m [1;30mINFO[0m Creating environment hook 'C:\dev_ava\install\share\ava_description\hook\path.bat'
[9.810s] [34mcolcon.colcon_core.shell[0m [1;30mINFO[0m Creating environment descriptor 'C:\dev_ava\install\share\ava_description\hook\path.dsv'
[9.811s] [34mcolcon.colcon_core.environment[0m [1;30mLevel 1[0m checking 'C:\dev_ava\install\Scripts'
[9.811s] [34mcolcon.colcon_core.environment[0m [1;30mLevel 1[0m checking 'C:\dev_ava\install\lib\pkgconfig\ava_description.pc'
[9.812s] [34mcolcon.colcon_core.environment[0m [1;30mLevel 1[0m checking 'C:\dev_ava\install\Lib\site-packages'
[9.812s] [34mcolcon.colcon_core.shell[0m [1;30mLevel 1[0m create_environment_hook('ava_description', 'pythonpath')
[9.827s] [34mcolcon.colcon_core.shell[0m [1;30mINFO[0m Creating environment hook 'C:\dev_ava\install\share\ava_description\hook\pythonpath.ps1'
[9.829s] [34mcolcon.colcon_core.shell[0m [1;30mINFO[0m Creating environment hook 'C:\dev_ava\install\share\ava_description\hook\pythonpath.bat'
[9.831s] [34mcolcon.colcon_core.shell[0m [1;30mINFO[0m Creating environment descriptor 'C:\dev_ava\install\share\ava_description\hook\pythonpath.dsv'
[9.833s] [34mcolcon.colcon_core.environment[0m [1;30mLevel 1[0m create_environment_scripts_only(ava_description)
[9.846s] [34mcolcon.colcon_core.shell[0m [1;30mINFO[0m Creating package script 'C:\dev_ava\install\share\ava_description\package.ps1'
[9.849s] [34mcolcon.colcon_core.shell[0m [1;30mINFO[0m Creating package script 'C:\dev_ava\install\share\ava_description\package.bat'
[9.851s] [34mcolcon.colcon_core.shell[0m [1;30mINFO[0m Creating package descriptor 'C:\dev_ava\install\share\ava_description\package.dsv'
[9.853s] [34mcolcon.colcon_core.environment[0m [1;30mLevel 1[0m create_file_with_runtime_dependencies(C:\dev_ava\install\share\colcon-core\packages\ava_description)
[9.962s] [34mcolcon.colcon_core.event_handler.log_command[0m [1;30mDEBUG[0m [32mInvoked command in 'C:\dev_ava\build\ava_msgs' returned '0': PUBLIC=%PUBLIC%
PyCharm Community Edition=C:\Program Files\JetBrains\PyCharm Community Edition 2020.1.3\bin; C:\opt\ros\foxy\x64\Scripts\cmake.EXE C:\dev_ava\src\ava_msgs -DCMAKE_INSTALL_PREFIX=C:\dev_ava\install[0m
[9.967s] [34mcolcon.colcon_core.event_handler.log_command[0m [1;30mDEBUG[0m [32mInvoking command in 'C:\dev_ava\build\ava_msgs': CL=/MP PUBLIC=%PUBLIC%
PyCharm Community Edition=C:\Program Files\JetBrains\PyCharm Community Edition 2020.1.3\bin; C:\opt\ros\foxy\x64\Scripts\cmake.EXE --build C:\dev_ava\build\ava_msgs --config Release[0m
[13.396s] [34mcolcon.colcon_core.event_handler.log_command[0m [1;30mDEBUG[0m [32mInvoked command in 'C:\dev_ava\build\ava_msgs' returned '0': CL=/MP PUBLIC=%PUBLIC%
PyCharm Community Edition=C:\Program Files\JetBrains\PyCharm Community Edition 2020.1.3\bin; C:\opt\ros\foxy\x64\Scripts\cmake.EXE --build C:\dev_ava\build\ava_msgs --config Release[0m
[13.609s] [34mcolcon.colcon_core.event_handler.log_command[0m [1;30mDEBUG[0m [32mInvoking command in 'C:\dev_ava\build\ava_msgs': PUBLIC=%PUBLIC%
PyCharm Community Edition=C:\Program Files\JetBrains\PyCharm Community Edition 2020.1.3\bin; C:\opt\ros\foxy\x64\Scripts\cmake.EXE --install C:\dev_ava\build\ava_msgs --config Release[0m
[14.715s] [34mcolcon.colcon_core.environment[0m [1;30mLevel 1[0m create_environment_scripts_only(ava_msgs)
[14.731s] [34mcolcon.colcon_core.environment[0m [1;30mLevel 1[0m checking 'C:\dev_ava\install' for CMake module files
[14.733s] [34mcolcon.colcon_core.event_handler.log_command[0m [1;30mDEBUG[0m [32mInvoked command in 'C:\dev_ava\build\ava_msgs' returned '0': PUBLIC=%PUBLIC%
PyCharm Community Edition=C:\Program Files\JetBrains\PyCharm Community Edition 2020.1.3\bin; C:\opt\ros\foxy\x64\Scripts\cmake.EXE --install C:\dev_ava\build\ava_msgs --config Release[0m
[14.738s] [34mcolcon.colcon_core.environment[0m [1;30mLevel 1[0m checking 'C:\dev_ava\install' for CMake config files
[14.745s] [34mcolcon.colcon_core.shell[0m [1;30mLevel 1[0m create_environment_hook('ava_msgs', 'cmake_prefix_path')
[14.755s] [34mcolcon.colcon_core.shell[0m [1;30mINFO[0m Creating environment hook 'C:\dev_ava\install\share\ava_msgs\hook\cmake_prefix_path.ps1'
[14.756s] [34mcolcon.colcon_core.shell[0m [1;30mINFO[0m Creating environment hook 'C:\dev_ava\install\share\ava_msgs\hook\cmake_prefix_path.bat'
[14.758s] [34mcolcon.colcon_core.shell[0m [1;30mINFO[0m Creating environment descriptor 'C:\dev_ava\install\share\ava_msgs\hook\cmake_prefix_path.dsv'
[14.759s] [34mcolcon.colcon_core.environment[0m [1;30mLevel 1[0m checking 'C:\dev_ava\install\bin'
[14.760s] [34mcolcon.colcon_core.shell[0m [1;30mLevel 1[0m create_environment_hook('ava_msgs', 'path_dll')
[14.770s] [34mcolcon.colcon_core.shell[0m [1;30mINFO[0m Creating environment hook 'C:\dev_ava\install\share\ava_msgs\hook\path_dll.ps1'
[14.772s] [34mcolcon.colcon_core.shell[0m [1;30mINFO[0m Creating environment hook 'C:\dev_ava\install\share\ava_msgs\hook\path_dll.bat'
[14.774s] [34mcolcon.colcon_core.shell[0m [1;30mINFO[0m Creating environment descriptor 'C:\dev_ava\install\share\ava_msgs\hook\path_dll.dsv'
[14.776s] [34mcolcon.colcon_core.environment[0m [1;30mLevel 1[0m checking 'C:\dev_ava\install\bin'
[14.776s] [34mcolcon.colcon_core.shell[0m [1;30mLevel 1[0m create_environment_hook('ava_msgs', 'path')
[14.787s] [34mcolcon.colcon_core.shell[0m [1;30mINFO[0m Creating environment hook 'C:\dev_ava\install\share\ava_msgs\hook\path.ps1'
[14.789s] [34mcolcon.colcon_core.shell[0m [1;30mINFO[0m Creating environment hook 'C:\dev_ava\install\share\ava_msgs\hook\path.bat'
[14.791s] [34mcolcon.colcon_core.shell[0m [1;30mINFO[0m Creating environment descriptor 'C:\dev_ava\install\share\ava_msgs\hook\path.dsv'
[14.792s] [34mcolcon.colcon_core.environment[0m [1;30mLevel 1[0m checking 'C:\dev_ava\install\Scripts'
[14.793s] [34mcolcon.colcon_core.environment[0m [1;30mLevel 1[0m checking 'C:\dev_ava\install\lib\pkgconfig\ava_msgs.pc'
[14.793s] [34mcolcon.colcon_core.environment[0m [1;30mLevel 1[0m checking 'C:\dev_ava\install\Lib\site-packages'
[14.793s] [34mcolcon.colcon_core.shell[0m [1;30mLevel 1[0m create_environment_hook('ava_msgs', 'pythonpath')
[14.803s] [34mcolcon.colcon_core.shell[0m [1;30mINFO[0m Creating environment hook 'C:\dev_ava\install\share\ava_msgs\hook\pythonpath.ps1'
[14.805s] [34mcolcon.colcon_core.shell[0m [1;30mINFO[0m Creating environment hook 'C:\dev_ava\install\share\ava_msgs\hook\pythonpath.bat'
[14.807s] [34mcolcon.colcon_core.shell[0m [1;30mINFO[0m Creating environment descriptor 'C:\dev_ava\install\share\ava_msgs\hook\pythonpath.dsv'
[14.820s] [34mcolcon.colcon_core.shell[0m [1;30mINFO[0m Creating package script 'C:\dev_ava\install\share\ava_msgs\package.ps1'
[14.822s] [34mcolcon.colcon_core.shell[0m [1;30mINFO[0m Creating package script 'C:\dev_ava\install\share\ava_msgs\package.bat'
[14.825s] [34mcolcon.colcon_core.shell[0m [1;30mINFO[0m Creating package descriptor 'C:\dev_ava\install\share\ava_msgs\package.dsv'
[14.826s] [34mcolcon.colcon_core.environment[0m [1;30mLevel 1[0m create_file_with_runtime_dependencies(C:\dev_ava\install\share\colcon-core\packages\ava_msgs)
[14.838s] [34mcolcon.colcon_core.environment[0m [1;30mLevel 1[0m create_environment_scripts_only(ava_msgs)
[14.853s] [34mcolcon.colcon_core.environment[0m [1;30mLevel 1[0m checking 'C:\dev_ava\install' for CMake module files
[14.859s] [34mcolcon.colcon_core.environment[0m [1;30mLevel 1[0m checking 'C:\dev_ava\install' for CMake config files
[14.866s] [34mcolcon.colcon_core.shell[0m [1;30mLevel 1[0m create_environment_hook('ava_msgs', 'cmake_prefix_path')
[14.877s] [34mcolcon.colcon_core.shell[0m [1;30mINFO[0m Creating environment hook 'C:\dev_ava\install\share\ava_msgs\hook\cmake_prefix_path.ps1'
[14.879s] [34mcolcon.colcon_core.shell[0m [1;30mINFO[0m Creating environment hook 'C:\dev_ava\install\share\ava_msgs\hook\cmake_prefix_path.bat'
[14.881s] [34mcolcon.colcon_core.shell[0m [1;30mINFO[0m Creating environment descriptor 'C:\dev_ava\install\share\ava_msgs\hook\cmake_prefix_path.dsv'
[14.882s] [34mcolcon.colcon_core.environment[0m [1;30mLevel 1[0m checking 'C:\dev_ava\install\bin'
[14.883s] [34mcolcon.colcon_core.shell[0m [1;30mLevel 1[0m create_environment_hook('ava_msgs', 'path_dll')
[14.893s] [34mcolcon.colcon_core.shell[0m [1;30mINFO[0m Creating environment hook 'C:\dev_ava\install\share\ava_msgs\hook\path_dll.ps1'
[14.895s] [34mcolcon.colcon_core.shell[0m [1;30mINFO[0m Creating environment hook 'C:\dev_ava\install\share\ava_msgs\hook\path_dll.bat'
[14.896s] [34mcolcon.colcon_core.shell[0m [1;30mINFO[0m Creating environment descriptor 'C:\dev_ava\install\share\ava_msgs\hook\path_dll.dsv'
[14.898s] [34mcolcon.colcon_core.environment[0m [1;30mLevel 1[0m checking 'C:\dev_ava\install\bin'
[14.898s] [34mcolcon.colcon_core.shell[0m [1;30mLevel 1[0m create_environment_hook('ava_msgs', 'path')
[14.908s] [34mcolcon.colcon_core.shell[0m [1;30mINFO[0m Creating environment hook 'C:\dev_ava\install\share\ava_msgs\hook\path.ps1'
[14.910s] [34mcolcon.colcon_core.shell[0m [1;30mINFO[0m Creating environment hook 'C:\dev_ava\install\share\ava_msgs\hook\path.bat'
[14.911s] [34mcolcon.colcon_core.shell[0m [1;30mINFO[0m Creating environment descriptor 'C:\dev_ava\install\share\ava_msgs\hook\path.dsv'
[14.913s] [34mcolcon.colcon_core.environment[0m [1;30mLevel 1[0m checking 'C:\dev_ava\install\Scripts'
[14.913s] [34mcolcon.colcon_core.environment[0m [1;30mLevel 1[0m checking 'C:\dev_ava\install\lib\pkgconfig\ava_msgs.pc'
[14.913s] [34mcolcon.colcon_core.environment[0m [1;30mLevel 1[0m checking 'C:\dev_ava\install\Lib\site-packages'
[14.913s] [34mcolcon.colcon_core.shell[0m [1;30mLevel 1[0m create_environment_hook('ava_msgs', 'pythonpath')
[14.923s] [34mcolcon.colcon_core.shell[0m [1;30mINFO[0m Creating environment hook 'C:\dev_ava\install\share\ava_msgs\hook\pythonpath.ps1'
[14.925s] [34mcolcon.colcon_core.shell[0m [1;30mINFO[0m Creating environment hook 'C:\dev_ava\install\share\ava_msgs\hook\pythonpath.bat'
[14.928s] [34mcolcon.colcon_core.shell[0m [1;30mINFO[0m Creating environment descriptor 'C:\dev_ava\install\share\ava_msgs\hook\pythonpath.dsv'
[14.940s] [34mcolcon.colcon_core.shell[0m [1;30mINFO[0m Creating package script 'C:\dev_ava\install\share\ava_msgs\package.ps1'
[14.943s] [34mcolcon.colcon_core.shell[0m [1;30mINFO[0m Creating package script 'C:\dev_ava\install\share\ava_msgs\package.bat'
[14.946s] [34mcolcon.colcon_core.shell[0m [1;30mINFO[0m Creating package descriptor 'C:\dev_ava\install\share\ava_msgs\package.dsv'
[14.948s] [34mcolcon.colcon_core.environment[0m [1;30mLevel 1[0m create_file_with_runtime_dependencies(C:\dev_ava\install\share\colcon-core\packages\ava_msgs)
[14.949s] [34mcolcon.colcon_parallel_executor.executor.parallel[0m [1;30mDEBUG[0m [32mrun_until_complete finished with '0'[0m
[14.949s] [34mcolcon.colcon_core.event_reactor[0m [1;30mDEBUG[0m [32mjoining thread[0m
[14.970s] [34mcolcon.colcon_core.plugin_system[0m [1;30mINFO[0m Skipping extension 'colcon_notification.desktop_notification.notify2': 'notify2' not found
[14.971s] [34mcolcon.colcon_core.plugin_system[0m [1;30mINFO[0m Skipping extension 'colcon_notification.desktop_notification.notify_send': Not used on non-Linux systems
[14.971s] [34mcolcon.colcon_core.plugin_system[0m [1;30mINFO[0m Skipping extension 'colcon_notification.desktop_notification.terminal_notifier': Not used on non-Darwin systems
[14.971s] [34mcolcon.colcon_notification.desktop_notification[0m [1;30mINFO[0m Sending desktop notification using 'win32'
[20.114s] [34mcolcon.colcon_core.event_reactor[0m [1;30mDEBUG[0m [32mjoined thread[0m
[20.125s] [34mcolcon.colcon_core.shell[0m [1;30mINFO[0m Creating prefix script 'C:\dev_ava\install\local_setup.ps1'
[20.129s] [34mcolcon.colcon_core.shell[0m [1;30mINFO[0m Creating prefix util module 'C:\dev_ava\install\_local_setup_util_ps1.py'
[20.132s] [34mcolcon.colcon_core.shell[0m [1;30mINFO[0m Creating prefix chain script 'C:\dev_ava\install\setup.ps1'
[20.147s] [34mcolcon.colcon_core.shell[0m [1;30mINFO[0m Creating prefix script 'C:\dev_ava\install\local_setup.bat'
[20.149s] [34mcolcon.colcon_core.shell[0m [1;30mINFO[0m Creating prefix util module 'C:\dev_ava\install\_local_setup_util_bat.py'
[20.152s] [34mcolcon.colcon_core.shell[0m [1;30mINFO[0m Creating prefix chain script 'C:\dev_ava\install\setup.bat'
