[1.375s] Invoking command in 'C:\dev_ava\build\ava_msgs': PUBLIC=%PUBLIC%
PyCharm Community Edition=C:\Program Files\JetBrains\PyCharm Community Edition 2020.1.3\bin; C:\opt\ros\foxy\x64\Scripts\cmake.EXE C:\dev_ava\src\ava_msgs -DCMAKE_INSTALL_PREFIX=C:\dev_ava\install
[2.500s] -- Selecting Windows SDK version 10.0.16299.0 to target Windows 10.0.22000.
[2.500s] -- Found ament_cmake: 0.9.8 (C:/opt/ros/foxy/x64/share/ament_cmake/cmake)
[2.500s] -- Found PythonInterp: C:/opt/ros/foxy/x64/python.exe (found suitable version "3.8.3", minimum required is "3") 
[2.500s] -- Using PYTHON_EXECUTABLE: C:/opt/ros/foxy/x64/python.exe
[3.609s] -- Found rosidl_default_generators: 1.0.1 (C:/opt/ros/foxy/x64/share/rosidl_default_generators/cmake)
[3.609s] -- Using all available rosidl_typesupport_c: rosidl_typesupport_fastrtps_c;rosidl_typesupport_introspection_c
[3.609s] -- Found rosidl_adapter: 1.2.1 (C:/opt/ros/foxy/x64/share/rosidl_adapter/cmake)
[6.687s] -- Using all available rosidl_typesupport_cpp: rosidl_typesupport_fastrtps_cpp;rosidl_typesupport_introspection_cpp
[6.687s] -- Found PythonInterp: C:/opt/ros/foxy/x64/python.exe (found version "3.8.3") 
[6.828s] -- Found ament_cmake_ros: 0.9.2 (C:/opt/ros/foxy/x64/share/ament_cmake_ros/cmake)
[8.172s] -- Using all available rosidl_typesupport_c: rosidl_typesupport_fastrtps_c;rosidl_typesupport_introspection_c
[8.297s] -- Using all available rosidl_typesupport_cpp: rosidl_typesupport_fastrtps_cpp;rosidl_typesupport_introspection_cpp
[8.391s] -- Found PythonInterp: C:/opt/ros/foxy/x64/python.exe (found suitable version "3.8.3", minimum required is "3.5") 
[8.422s] -- Found python_cmake_module: 0.8.1 (C:/opt/ros/foxy/x64/share/python_cmake_module/cmake)
[8.547s] -- Using PYTHON_EXECUTABLE: C:/opt/ros/foxy/x64/python.exe
[8.547s] -- Using PYTHON_INCLUDE_DIRS: C:/opt/ros/foxy/x64/include/python3.8
[8.547s] -- Using PYTHON_LIBRARIES: C:/opt/ros/foxy/x64/Lib/python38.lib
[9.531s] -- Using numpy include directory: C:\opt\ros\foxy\x64\lib\site-packages\numpy\core\include
[9.562s] -- Found ament_lint_auto: 0.9.6 (C:/opt/ros/foxy/x64/share/ament_lint_auto/cmake)
[10.016s] -- Added test 'copyright' to check source files copyright and LICENSE
[10.062s] -- Added test 'lint_cmake' to check CMake code style
[10.094s] -- Added test 'xmllint' to check XML markup files
[10.234s] -- Configuring done
[11.375s] -- Generating done
[11.406s] -- Build files have been written to: C:/dev_ava/build/ava_msgs
[11.437s] Invoked command in 'C:\dev_ava\build\ava_msgs' returned '0': PUBLIC=%PUBLIC%
PyCharm Community Edition=C:\Program Files\JetBrains\PyCharm Community Edition 2020.1.3\bin; C:\opt\ros\foxy\x64\Scripts\cmake.EXE C:\dev_ava\src\ava_msgs -DCMAKE_INSTALL_PREFIX=C:\dev_ava\install
[11.453s] Invoking command in 'C:\dev_ava\build\ava_msgs': CL=/MP PUBLIC=%PUBLIC%
PyCharm Community Edition=C:\Program Files\JetBrains\PyCharm Community Edition 2020.1.3\bin; C:\opt\ros\foxy\x64\Scripts\cmake.EXE --build C:\dev_ava\build\ava_msgs --config Release
[11.828s] Microsoft (R) Build Engine version 16.11.0+0538acc04 for .NET Framework
[11.828s] Copyright (C) Microsoft Corporation. All rights reserved.
[11.828s] 
[12.547s]   Checking Build System
[12.922s]   Generating C++ code for ROS interfaces
[13.875s]   Building Custom Rule C:/dev_ava/src/ava_msgs/CMakeLists.txt
[14.141s]   Generating C code for ROS interfaces
[15.172s]   Building Custom Rule C:/dev_ava/src/ava_msgs/CMakeLists.txt
[15.547s]   ava_command__functions.c
[15.547s]   ava_info__functions.c
[15.547s]   ava_pose__functions.c
[15.547s]   leg_position__functions.c
[15.547s]   velocity__functions.c
[16.234s]      Creating library C:/dev_ava/build/ava_msgs/Release/ava_msgs__rosidl_generator_c.lib and object C:/dev_ava/build/ava_msgs/Release/ava_msgs__rosidl_generator_c.exp
[16.406s]   ava_msgs__rosidl_generator_c.vcxproj -> C:\dev_ava\build\ava_msgs\Release\ava_msgs__rosidl_generator_c.dll
[16.609s]   Generating C type support dispatch for ROS interfaces
[17.328s]   Building Custom Rule C:/dev_ava/src/ava_msgs/CMakeLists.txt
[17.594s]   ava_command__type_support.cpp
[17.594s]   ava_info__type_support.cpp
[17.594s]   ava_pose__type_support.cpp
[17.594s]   leg_position__type_support.cpp
[17.594s]   velocity__type_support.cpp
[17.922s]      Creating library C:/dev_ava/build/ava_msgs/Release/ava_msgs__rosidl_typesupport_c.lib and object C:/dev_ava/build/ava_msgs/Release/ava_msgs__rosidl_typesupport_c.exp
[18.094s]   ava_msgs__rosidl_typesupport_c.vcxproj -> C:\dev_ava\build\ava_msgs\Release\ava_msgs__rosidl_typesupport_c.dll
[18.266s]   Generating C++ type support dispatch for ROS interfaces
[18.969s]   Building Custom Rule C:/dev_ava/src/ava_msgs/CMakeLists.txt
[19.219s]   ava_command__type_support.cpp
[19.219s]   ava_info__type_support.cpp
[19.219s]   ava_pose__type_support.cpp
[19.219s]   leg_position__type_support.cpp
[19.219s]   velocity__type_support.cpp
[20.031s]      Creating library C:/dev_ava/build/ava_msgs/Release/ava_msgs__rosidl_typesupport_cpp.lib and object C:/dev_ava/build/ava_msgs/Release/ava_msgs__rosidl_typesupport_cpp.exp
[20.203s]   ava_msgs__rosidl_typesupport_cpp.vcxproj -> C:\dev_ava\build\ava_msgs\Release\ava_msgs__rosidl_typesupport_cpp.dll
[20.469s]   Generating C++ type support for eProsima Fast-RTPS
[21.344s]   Building Custom Rule C:/dev_ava/src/ava_msgs/CMakeLists.txt
[21.609s]   ava_command__type_support.cpp
[21.609s]   ava_info__type_support.cpp
[21.609s]   ava_pose__type_support.cpp
[21.609s]   leg_position__type_support.cpp
[21.609s]   velocity__type_support.cpp
[22.953s]      Creating library C:/dev_ava/build/ava_msgs/Release/ava_msgs__rosidl_typesupport_fastrtps_cpp.lib and object C:/dev_ava/build/ava_msgs/Release/ava_msgs__rosidl_typesupport_fastrtps_cpp.exp
[23.078s]   ava_msgs__rosidl_typesupport_fastrtps_cpp.vcxproj -> C:\dev_ava\build\ava_msgs\Release\ava_msgs__rosidl_typesupport_fastrtps_cpp.dll
[23.187s]   Generating C type support for eProsima Fast-RTPS
[24.094s]   Building Custom Rule C:/dev_ava/src/ava_msgs/CMakeLists.txt
[24.375s]   ava_command__type_support_c.cpp
[24.375s]   ava_info__type_support_c.cpp
[24.375s]   ava_pose__type_support_c.cpp
[24.375s]   leg_position__type_support_c.cpp
[24.375s]   velocity__type_support_c.cpp
[25.484s]      Creating library C:/dev_ava/build/ava_msgs/Release/ava_msgs__rosidl_typesupport_fastrtps_c.lib and object C:/dev_ava/build/ava_msgs/Release/ava_msgs__rosidl_typesupport_fastrtps_c.exp
[25.609s]   ava_msgs__rosidl_typesupport_fastrtps_c.vcxproj -> C:\dev_ava\build\ava_msgs\Release\ava_msgs__rosidl_typesupport_fastrtps_c.dll
[25.797s]   Generating C introspection for ROS interfaces
[26.625s]   Building Custom Rule C:/dev_ava/src/ava_msgs/CMakeLists.txt
[26.875s]   ava_command__type_support.c
[26.875s]   ava_info__type_support.c
[26.875s]   ava_pose__type_support.c
[26.891s]   leg_position__type_support.c
[26.891s]   velocity__type_support.c
[27.141s]      Creating library C:/dev_ava/build/ava_msgs/Release/ava_msgs__rosidl_typesupport_introspection_c.lib and object C:/dev_ava/build/ava_msgs/Release/ava_msgs__rosidl_typesupport_introspection_c.exp
[27.266s]   ava_msgs__rosidl_typesupport_introspection_c.vcxproj -> C:\dev_ava\build\ava_msgs\Release\ava_msgs__rosidl_typesupport_introspection_c.dll
[27.453s]   Generating C++ introspection for ROS interfaces
[28.266s]   Building Custom Rule C:/dev_ava/src/ava_msgs/CMakeLists.txt
[28.531s]   ava_command__type_support.cpp
[28.547s]   ava_info__type_support.cpp
[28.547s]   ava_pose__type_support.cpp
[28.547s]   leg_position__type_support.cpp
[28.547s]   velocity__type_support.cpp
[29.406s]      Creating library C:/dev_ava/build/ava_msgs/Release/ava_msgs__rosidl_typesupport_introspection_cpp.lib and object C:/dev_ava/build/ava_msgs/Release/ava_msgs__rosidl_typesupport_introspection_cpp.exp
[29.516s]   ava_msgs__rosidl_typesupport_introspection_cpp.vcxproj -> C:\dev_ava\build\ava_msgs\Release\ava_msgs__rosidl_typesupport_introspection_cpp.dll
[29.703s]   Building Custom Rule C:/dev_ava/src/ava_msgs/CMakeLists.txt
[29.984s]   Generating Python code for ROS interfaces
[31.719s]   Building Custom Rule C:/dev_ava/src/ava_msgs/CMakeLists.txt
[31.984s]   _ava_command_s.c
[31.984s]   _ava_info_s.c
[31.984s]   _ava_pose_s.c
[31.984s]   _leg_position_s.c
[31.984s]   _velocity_s.c
[32.500s]      Creating library C:/dev_ava/build/ava_msgs/Release/ava_msgs__python.lib and object C:/dev_ava/build/ava_msgs/Release/ava_msgs__python.exp
[32.625s]   ava_msgs__python.vcxproj -> C:\dev_ava\build\ava_msgs\rosidl_generator_py\ava_msgs\ava_msgs__python.dll
[32.781s]   Building Custom Rule C:/dev_ava/src/ava_msgs/CMakeLists.txt
[32.969s]   _ava_msgs_s.ep.rosidl_typesupport_c.c
[33.312s]      Creating library C:/dev_ava/build/ava_msgs/Release/ava_msgs_s__rosidl_typesupport_c.lib and object C:/dev_ava/build/ava_msgs/Release/ava_msgs_s__rosidl_typesupport_c.exp
[33.437s]   ava_msgs__rosidl_typesupport_c__pyext.vcxproj -> C:\dev_ava\build\ava_msgs\rosidl_generator_py\ava_msgs\ava_msgs_s__rosidl_typesupport_c.pyd
[33.578s]   Building Custom Rule C:/dev_ava/src/ava_msgs/CMakeLists.txt
[33.812s]   _ava_msgs_s.ep.rosidl_typesupport_fastrtps_c.c
[34.141s]      Creating library C:/dev_ava/build/ava_msgs/Release/ava_msgs_s__rosidl_typesupport_fastrtps_c.lib and object C:/dev_ava/build/ava_msgs/Release/ava_msgs_s__rosidl_typesupport_fastrtps_c.exp
[34.281s]   ava_msgs__rosidl_typesupport_fastrtps_c__pyext.vcxproj -> C:\dev_ava\build\ava_msgs\rosidl_generator_py\ava_msgs\ava_msgs_s__rosidl_typesupport_fastrtps_c.pyd
[34.453s]   Building Custom Rule C:/dev_ava/src/ava_msgs/CMakeLists.txt
[34.641s]   _ava_msgs_s.ep.rosidl_typesupport_introspection_c.c
[34.984s]      Creating library C:/dev_ava/build/ava_msgs/Release/ava_msgs_s__rosidl_typesupport_introspection_c.lib and object C:/dev_ava/build/ava_msgs/Release/ava_msgs_s__rosidl_typesupport_introspection_c.exp
[35.109s]   ava_msgs__rosidl_typesupport_introspection_c__pyext.vcxproj -> C:\dev_ava\build\ava_msgs\rosidl_generator_py\ava_msgs\ava_msgs_s__rosidl_typesupport_introspection_c.pyd
[35.219s]   Building Custom Rule C:/dev_ava/src/ava_msgs/CMakeLists.txt
[35.359s] Invoked command in 'C:\dev_ava\build\ava_msgs' returned '0': CL=/MP PUBLIC=%PUBLIC%
PyCharm Community Edition=C:\Program Files\JetBrains\PyCharm Community Edition 2020.1.3\bin; C:\opt\ros\foxy\x64\Scripts\cmake.EXE --build C:\dev_ava\build\ava_msgs --config Release
[35.562s] Invoking command in 'C:\dev_ava\build\ava_msgs': PUBLIC=%PUBLIC%
PyCharm Community Edition=C:\Program Files\JetBrains\PyCharm Community Edition 2020.1.3\bin; C:\opt\ros\foxy\x64\Scripts\cmake.EXE --install C:\dev_ava\build\ava_msgs --config Release
[35.750s] -- Installing: C:/dev_ava/install/share/ament_index/resource_index/rosidl_interfaces/ava_msgs
[35.750s] -- Up-to-date: C:/dev_ava/install/include/ava_msgs
[35.750s] -- Up-to-date: C:/dev_ava/install/include/ava_msgs/msg
[35.750s] -- Installing: C:/dev_ava/install/include/ava_msgs/msg/ava_command.h
[35.766s] -- Installing: C:/dev_ava/install/include/ava_msgs/msg/ava_info.h
[35.766s] -- Installing: C:/dev_ava/install/include/ava_msgs/msg/ava_pose.h
[35.766s] -- Up-to-date: C:/dev_ava/install/include/ava_msgs/msg/detail
[35.766s] -- Installing: C:/dev_ava/install/include/ava_msgs/msg/detail/ava_command__functions.c
[35.766s] -- Installing: C:/dev_ava/install/include/ava_msgs/msg/detail/ava_command__functions.h
[35.781s] -- Installing: C:/dev_ava/install/include/ava_msgs/msg/detail/ava_command__struct.h
[35.781s] -- Installing: C:/dev_ava/install/include/ava_msgs/msg/detail/ava_command__type_support.h
[35.797s] -- Installing: C:/dev_ava/install/include/ava_msgs/msg/detail/ava_info__functions.c
[35.797s] -- Installing: C:/dev_ava/install/include/ava_msgs/msg/detail/ava_info__functions.h
[35.797s] -- Installing: C:/dev_ava/install/include/ava_msgs/msg/detail/ava_info__struct.h
[35.812s] -- Installing: C:/dev_ava/install/include/ava_msgs/msg/detail/ava_info__type_support.h
[35.812s] -- Installing: C:/dev_ava/install/include/ava_msgs/msg/detail/ava_pose__functions.c
[35.812s] -- Installing: C:/dev_ava/install/include/ava_msgs/msg/detail/ava_pose__functions.h
[35.828s] -- Installing: C:/dev_ava/install/include/ava_msgs/msg/detail/ava_pose__struct.h
[35.828s] -- Installing: C:/dev_ava/install/include/ava_msgs/msg/detail/ava_pose__type_support.h
[35.828s] -- Installing: C:/dev_ava/install/include/ava_msgs/msg/detail/leg_position__functions.c
[35.828s] -- Installing: C:/dev_ava/install/include/ava_msgs/msg/detail/leg_position__functions.h
[35.828s] -- Installing: C:/dev_ava/install/include/ava_msgs/msg/detail/leg_position__struct.h
[35.828s] -- Installing: C:/dev_ava/install/include/ava_msgs/msg/detail/leg_position__type_support.h
[35.844s] -- Installing: C:/dev_ava/install/include/ava_msgs/msg/detail/velocity__functions.c
[35.844s] -- Installing: C:/dev_ava/install/include/ava_msgs/msg/detail/velocity__functions.h
[35.844s] -- Installing: C:/dev_ava/install/include/ava_msgs/msg/detail/velocity__struct.h
[35.859s] -- Installing: C:/dev_ava/install/include/ava_msgs/msg/detail/velocity__type_support.h
[35.859s] -- Installing: C:/dev_ava/install/include/ava_msgs/msg/leg_position.h
[35.859s] -- Up-to-date: C:/dev_ava/install/include/ava_msgs/msg/rosidl_generator_c__visibility_control.h
[35.859s] -- Installing: C:/dev_ava/install/include/ava_msgs/msg/velocity.h
[35.891s] -- Installing: C:/dev_ava/install/lib/ava_msgs__rosidl_generator_c.lib
[35.922s] -- Installing: C:/dev_ava/install/bin/ava_msgs__rosidl_generator_c.dll
[35.937s] -- Up-to-date: C:/dev_ava/install/include/ava_msgs
[35.937s] -- Up-to-date: C:/dev_ava/install/include/ava_msgs/msg
[35.937s] -- Up-to-date: C:/dev_ava/install/include/ava_msgs/msg/detail
[35.937s] -- Installing: C:/dev_ava/install/include/ava_msgs/msg/detail/ava_command__rosidl_typesupport_fastrtps_c.h
[35.937s] -- Installing: C:/dev_ava/install/include/ava_msgs/msg/detail/ava_info__rosidl_typesupport_fastrtps_c.h
[35.937s] -- Installing: C:/dev_ava/install/include/ava_msgs/msg/detail/ava_pose__rosidl_typesupport_fastrtps_c.h
[35.953s] -- Installing: C:/dev_ava/install/include/ava_msgs/msg/detail/leg_position__rosidl_typesupport_fastrtps_c.h
[35.953s] -- Installing: C:/dev_ava/install/include/ava_msgs/msg/detail/velocity__rosidl_typesupport_fastrtps_c.h
[35.953s] -- Up-to-date: C:/dev_ava/install/include/ava_msgs/msg/rosidl_typesupport_fastrtps_c__visibility_control.h
[35.969s] -- Installing: C:/dev_ava/install/lib/ava_msgs__rosidl_typesupport_fastrtps_c.lib
[35.984s] -- Installing: C:/dev_ava/install/bin/ava_msgs__rosidl_typesupport_fastrtps_c.dll
[35.984s] -- Up-to-date: C:/dev_ava/install/include/ava_msgs
[36.000s] -- Up-to-date: C:/dev_ava/install/include/ava_msgs/msg
[36.000s] -- Up-to-date: C:/dev_ava/install/include/ava_msgs/msg/detail
[36.000s] -- Installing: C:/dev_ava/install/include/ava_msgs/msg/detail/ava_command__rosidl_typesupport_fastrtps_cpp.hpp
[36.000s] -- Installing: C:/dev_ava/install/include/ava_msgs/msg/detail/ava_info__rosidl_typesupport_fastrtps_cpp.hpp
[36.000s] -- Installing: C:/dev_ava/install/include/ava_msgs/msg/detail/ava_pose__rosidl_typesupport_fastrtps_cpp.hpp
[36.016s] -- Up-to-date: C:/dev_ava/install/include/ava_msgs/msg/detail/dds_fastrtps
[36.016s] -- Installing: C:/dev_ava/install/include/ava_msgs/msg/detail/leg_position__rosidl_typesupport_fastrtps_cpp.hpp
[36.016s] -- Installing: C:/dev_ava/install/include/ava_msgs/msg/detail/velocity__rosidl_typesupport_fastrtps_cpp.hpp
[36.031s] -- Up-to-date: C:/dev_ava/install/include/ava_msgs/msg/rosidl_typesupport_fastrtps_cpp__visibility_control.h
[36.031s] -- Installing: C:/dev_ava/install/lib/ava_msgs__rosidl_typesupport_fastrtps_cpp.lib
[36.062s] -- Installing: C:/dev_ava/install/bin/ava_msgs__rosidl_typesupport_fastrtps_cpp.dll
[36.078s] -- Up-to-date: C:/dev_ava/install/include/ava_msgs
[36.078s] -- Up-to-date: C:/dev_ava/install/include/ava_msgs/msg
[36.078s] -- Up-to-date: C:/dev_ava/install/include/ava_msgs/msg/detail
[36.078s] -- Installing: C:/dev_ava/install/include/ava_msgs/msg/detail/ava_command__rosidl_typesupport_introspection_c.h
[36.078s] -- Installing: C:/dev_ava/install/include/ava_msgs/msg/detail/ava_command__type_support.c
[36.078s] -- Installing: C:/dev_ava/install/include/ava_msgs/msg/detail/ava_info__rosidl_typesupport_introspection_c.h
[36.094s] -- Installing: C:/dev_ava/install/include/ava_msgs/msg/detail/ava_info__type_support.c
[36.094s] -- Installing: C:/dev_ava/install/include/ava_msgs/msg/detail/ava_pose__rosidl_typesupport_introspection_c.h
[36.109s] -- Installing: C:/dev_ava/install/include/ava_msgs/msg/detail/ava_pose__type_support.c
[36.109s] -- Installing: C:/dev_ava/install/include/ava_msgs/msg/detail/leg_position__rosidl_typesupport_introspection_c.h
[36.109s] -- Installing: C:/dev_ava/install/include/ava_msgs/msg/detail/leg_position__type_support.c
[36.109s] -- Installing: C:/dev_ava/install/include/ava_msgs/msg/detail/velocity__rosidl_typesupport_introspection_c.h
[36.125s] -- Installing: C:/dev_ava/install/include/ava_msgs/msg/detail/velocity__type_support.c
[36.125s] -- Up-to-date: C:/dev_ava/install/include/ava_msgs/msg/rosidl_typesupport_introspection_c__visibility_control.h
[36.141s] -- Installing: C:/dev_ava/install/lib/ava_msgs__rosidl_typesupport_introspection_c.lib
[36.172s] -- Installing: C:/dev_ava/install/bin/ava_msgs__rosidl_typesupport_introspection_c.dll
[36.172s] -- Installing: C:/dev_ava/install/lib/ava_msgs__rosidl_typesupport_c.lib
[36.203s] -- Installing: C:/dev_ava/install/bin/ava_msgs__rosidl_typesupport_c.dll
[36.219s] -- Up-to-date: C:/dev_ava/install/include/ava_msgs
[36.219s] -- Up-to-date: C:/dev_ava/install/include/ava_msgs/msg
[36.219s] -- Installing: C:/dev_ava/install/include/ava_msgs/msg/ava_command.hpp
[36.219s] -- Installing: C:/dev_ava/install/include/ava_msgs/msg/ava_info.hpp
[36.219s] -- Installing: C:/dev_ava/install/include/ava_msgs/msg/ava_pose.hpp
[36.219s] -- Up-to-date: C:/dev_ava/install/include/ava_msgs/msg/detail
[36.219s] -- Installing: C:/dev_ava/install/include/ava_msgs/msg/detail/ava_command__builder.hpp
[36.234s] -- Installing: C:/dev_ava/install/include/ava_msgs/msg/detail/ava_command__struct.hpp
[36.234s] -- Installing: C:/dev_ava/install/include/ava_msgs/msg/detail/ava_command__traits.hpp
[36.234s] -- Installing: C:/dev_ava/install/include/ava_msgs/msg/detail/ava_info__builder.hpp
[36.250s] -- Installing: C:/dev_ava/install/include/ava_msgs/msg/detail/ava_info__struct.hpp
[36.250s] -- Installing: C:/dev_ava/install/include/ava_msgs/msg/detail/ava_info__traits.hpp
[36.266s] -- Installing: C:/dev_ava/install/include/ava_msgs/msg/detail/ava_pose__builder.hpp
[36.266s] -- Installing: C:/dev_ava/install/include/ava_msgs/msg/detail/ava_pose__struct.hpp
[36.266s] -- Installing: C:/dev_ava/install/include/ava_msgs/msg/detail/ava_pose__traits.hpp
[36.266s] -- Installing: C:/dev_ava/install/include/ava_msgs/msg/detail/leg_position__builder.hpp
[36.281s] -- Installing: C:/dev_ava/install/include/ava_msgs/msg/detail/leg_position__struct.hpp
[36.281s] -- Installing: C:/dev_ava/install/include/ava_msgs/msg/detail/leg_position__traits.hpp
[36.281s] -- Installing: C:/dev_ava/install/include/ava_msgs/msg/detail/velocity__builder.hpp
[36.281s] -- Installing: C:/dev_ava/install/include/ava_msgs/msg/detail/velocity__struct.hpp
[36.281s] -- Installing: C:/dev_ava/install/include/ava_msgs/msg/detail/velocity__traits.hpp
[36.297s] -- Installing: C:/dev_ava/install/include/ava_msgs/msg/leg_position.hpp
[36.297s] -- Installing: C:/dev_ava/install/include/ava_msgs/msg/velocity.hpp
[36.297s] -- Up-to-date: C:/dev_ava/install/include/ava_msgs
[36.297s] -- Up-to-date: C:/dev_ava/install/include/ava_msgs/msg
[36.297s] -- Up-to-date: C:/dev_ava/install/include/ava_msgs/msg/detail
[36.297s] -- Installing: C:/dev_ava/install/include/ava_msgs/msg/detail/ava_command__rosidl_typesupport_introspection_cpp.hpp
[36.297s] -- Installing: C:/dev_ava/install/include/ava_msgs/msg/detail/ava_command__type_support.cpp
[36.312s] -- Installing: C:/dev_ava/install/include/ava_msgs/msg/detail/ava_info__rosidl_typesupport_introspection_cpp.hpp
[36.312s] -- Installing: C:/dev_ava/install/include/ava_msgs/msg/detail/ava_info__type_support.cpp
[36.328s] -- Installing: C:/dev_ava/install/include/ava_msgs/msg/detail/ava_pose__rosidl_typesupport_introspection_cpp.hpp
[36.328s] -- Installing: C:/dev_ava/install/include/ava_msgs/msg/detail/ava_pose__type_support.cpp
[36.328s] -- Installing: C:/dev_ava/install/include/ava_msgs/msg/detail/leg_position__rosidl_typesupport_introspection_cpp.hpp
[36.328s] -- Installing: C:/dev_ava/install/include/ava_msgs/msg/detail/leg_position__type_support.cpp
[36.344s] -- Installing: C:/dev_ava/install/include/ava_msgs/msg/detail/velocity__rosidl_typesupport_introspection_cpp.hpp
[36.344s] -- Installing: C:/dev_ava/install/include/ava_msgs/msg/detail/velocity__type_support.cpp
[36.359s] -- Installing: C:/dev_ava/install/lib/ava_msgs__rosidl_typesupport_introspection_cpp.lib
[36.406s] -- Installing: C:/dev_ava/install/bin/ava_msgs__rosidl_typesupport_introspection_cpp.dll
[36.422s] -- Installing: C:/dev_ava/install/lib/ava_msgs__rosidl_typesupport_cpp.lib
[36.453s] -- Installing: C:/dev_ava/install/bin/ava_msgs__rosidl_typesupport_cpp.dll
[36.453s] -- Up-to-date: C:/dev_ava/install/share/ava_msgs/environment/pythonpath.bat
[36.453s] -- Installing: C:/dev_ava/install/share/ava_msgs/environment/pythonpath.dsv
[36.453s] -- Installing: C:/dev_ava/install/Lib/site-packages/ava_msgs/__init__.py
[36.594s] Compiling 'C:/dev_ava/install/Lib/site-packages/ava_msgs/__init__.py'...
[36.594s] -- Up-to-date: C:/dev_ava/install/Lib/site-packages/ava_msgs/msg
[36.594s] -- Installing: C:/dev_ava/install/Lib/site-packages/ava_msgs/msg/_ava_command.py
[36.609s] -- Installing: C:/dev_ava/install/Lib/site-packages/ava_msgs/msg/_ava_command_s.c
[36.609s] -- Installing: C:/dev_ava/install/Lib/site-packages/ava_msgs/msg/_ava_info.py
[36.609s] -- Installing: C:/dev_ava/install/Lib/site-packages/ava_msgs/msg/_ava_info_s.c
[36.625s] -- Installing: C:/dev_ava/install/Lib/site-packages/ava_msgs/msg/_ava_pose.py
[36.625s] -- Installing: C:/dev_ava/install/Lib/site-packages/ava_msgs/msg/_ava_pose_s.c
[36.625s] -- Installing: C:/dev_ava/install/Lib/site-packages/ava_msgs/msg/_leg_position.py
[36.656s] -- Installing: C:/dev_ava/install/Lib/site-packages/ava_msgs/msg/_leg_position_s.c
[36.656s] -- Installing: C:/dev_ava/install/Lib/site-packages/ava_msgs/msg/_velocity.py
[36.656s] -- Installing: C:/dev_ava/install/Lib/site-packages/ava_msgs/msg/_velocity_s.c
[36.656s] -- Installing: C:/dev_ava/install/Lib/site-packages/ava_msgs/msg/__init__.py
[36.656s] -- Up-to-date: C:/dev_ava/install/Lib/site-packages/ava_msgs/ava_msgs_s__rosidl_typesupport_fastrtps_c.lib
[36.703s] -- Installing: C:/dev_ava/install/Lib/site-packages/ava_msgs/ava_msgs_s__rosidl_typesupport_fastrtps_c.pyd
[36.719s] -- Up-to-date: C:/dev_ava/install/Lib/site-packages/ava_msgs/ava_msgs_s__rosidl_typesupport_introspection_c.lib
[36.750s] -- Installing: C:/dev_ava/install/Lib/site-packages/ava_msgs/ava_msgs_s__rosidl_typesupport_introspection_c.pyd
[36.766s] -- Up-to-date: C:/dev_ava/install/Lib/site-packages/ava_msgs/ava_msgs_s__rosidl_typesupport_c.lib
[36.828s] -- Installing: C:/dev_ava/install/Lib/site-packages/ava_msgs/ava_msgs_s__rosidl_typesupport_c.pyd
[36.844s] -- Installing: C:/dev_ava/install/lib/ava_msgs__python.lib
[36.875s] -- Installing: C:/dev_ava/install/bin/ava_msgs__python.dll
[36.875s] -- Up-to-date: C:/dev_ava/install/share/ava_msgs/msg/LegPosition.idl
[36.906s] -- Up-to-date: C:/dev_ava/install/share/ava_msgs/msg/AvaPose.idl
[36.906s] -- Up-to-date: C:/dev_ava/install/share/ava_msgs/msg/AvaCommand.idl
[36.906s] -- Installing: C:/dev_ava/install/share/ava_msgs/msg/AvaInfo.idl
[36.906s] -- Up-to-date: C:/dev_ava/install/share/ava_msgs/msg/Velocity.idl
[36.906s] -- Up-to-date: C:/dev_ava/install/share/ava_msgs/msg/LegPosition.msg
[36.906s] -- Up-to-date: C:/dev_ava/install/share/ava_msgs/msg/AvaPose.msg
[36.922s] -- Up-to-date: C:/dev_ava/install/share/ava_msgs/msg/AvaCommand.msg
[36.922s] -- Installing: C:/dev_ava/install/share/ava_msgs/msg/AvaInfo.msg
[36.922s] -- Up-to-date: C:/dev_ava/install/share/ava_msgs/msg/Velocity.msg
[36.922s] -- Up-to-date: C:/dev_ava/install/share/ament_index/resource_index/package_run_dependencies/ava_msgs
[36.922s] -- Up-to-date: C:/dev_ava/install/share/ament_index/resource_index/parent_prefix_path/ava_msgs
[36.922s] -- Up-to-date: C:/dev_ava/install/share/ava_msgs/environment/ament_prefix_path.bat
[36.922s] -- Installing: C:/dev_ava/install/share/ava_msgs/environment/ament_prefix_path.dsv
[36.937s] -- Up-to-date: C:/dev_ava/install/share/ava_msgs/environment/path.bat
[36.953s] -- Installing: C:/dev_ava/install/share/ava_msgs/environment/path.dsv
[36.953s] -- Up-to-date: C:/dev_ava/install/share/ava_msgs/local_setup.bat
[36.953s] -- Installing: C:/dev_ava/install/share/ava_msgs/local_setup.dsv
[36.969s] -- Installing: C:/dev_ava/install/share/ava_msgs/package.dsv
[36.969s] -- Up-to-date: C:/dev_ava/install/share/ament_index/resource_index/packages/ava_msgs
[36.969s] -- Up-to-date: C:/dev_ava/install/share/ava_msgs/cmake/ava_msgs__rosidl_generator_cExport.cmake
[36.969s] -- Installing: C:/dev_ava/install/share/ava_msgs/cmake/ava_msgs__rosidl_generator_cExport-release.cmake
[36.984s] -- Up-to-date: C:/dev_ava/install/share/ava_msgs/cmake/ava_msgs__rosidl_typesupport_introspection_cExport.cmake
[36.984s] -- Installing: C:/dev_ava/install/share/ava_msgs/cmake/ava_msgs__rosidl_typesupport_introspection_cExport-release.cmake
[36.984s] -- Up-to-date: C:/dev_ava/install/share/ava_msgs/cmake/ava_msgs__rosidl_typesupport_cExport.cmake
[37.000s] -- Installing: C:/dev_ava/install/share/ava_msgs/cmake/ava_msgs__rosidl_typesupport_cExport-release.cmake
[37.000s] -- Up-to-date: C:/dev_ava/install/share/ava_msgs/cmake/ava_msgs__rosidl_generator_cppExport.cmake
[37.000s] -- Up-to-date: C:/dev_ava/install/share/ava_msgs/cmake/ava_msgs__rosidl_typesupport_introspection_cppExport.cmake
[37.000s] -- Installing: C:/dev_ava/install/share/ava_msgs/cmake/ava_msgs__rosidl_typesupport_introspection_cppExport-release.cmake
[37.016s] -- Up-to-date: C:/dev_ava/install/share/ava_msgs/cmake/ava_msgs__rosidl_typesupport_cppExport.cmake
[37.031s] -- Installing: C:/dev_ava/install/share/ava_msgs/cmake/ava_msgs__rosidl_typesupport_cppExport-release.cmake
[37.031s] -- Installing: C:/dev_ava/install/share/ava_msgs/cmake/rosidl_cmake-extras.cmake
[37.031s] -- Up-to-date: C:/dev_ava/install/share/ava_msgs/cmake/ament_cmake_export_dependencies-extras.cmake
[37.047s] -- Up-to-date: C:/dev_ava/install/share/ava_msgs/cmake/ament_cmake_export_libraries-extras.cmake
[37.047s] -- Up-to-date: C:/dev_ava/install/share/ava_msgs/cmake/ament_cmake_export_targets-extras.cmake
[37.047s] -- Up-to-date: C:/dev_ava/install/share/ava_msgs/cmake/ament_cmake_export_include_directories-extras.cmake
[37.047s] -- Up-to-date: C:/dev_ava/install/share/ava_msgs/cmake/rosidl_cmake_export_typesupport_libraries-extras.cmake
[37.047s] -- Up-to-date: C:/dev_ava/install/share/ava_msgs/cmake/rosidl_cmake_export_typesupport_targets-extras.cmake
[37.047s] -- Up-to-date: C:/dev_ava/install/share/ava_msgs/cmake/ava_msgsConfig.cmake
[37.062s] -- Up-to-date: C:/dev_ava/install/share/ava_msgs/cmake/ava_msgsConfig-version.cmake
[37.062s] -- Up-to-date: C:/dev_ava/install/share/ava_msgs/package.xml
[37.094s] Invoked command in 'C:\dev_ava\build\ava_msgs' returned '0': PUBLIC=%PUBLIC%
PyCharm Community Edition=C:\Program Files\JetBrains\PyCharm Community Edition 2020.1.3\bin; C:\opt\ros\foxy\x64\Scripts\cmake.EXE --install C:\dev_ava\build\ava_msgs --config Release
