[4.125s] Invoking command in 'C:\dev_ava\src\tf_transformations-main': PUBLIC=%PUBLIC%
PyCharm Community Edition=C:\Program Files\JetBrains\PyCharm Community Edition 2020.1.3\bin; PYTHONPATH=C:\dev_ava\install\Lib\site-packages;%PYTHONPATH% c:\opt\ros\foxy\x64\python.exe setup.py egg_info --egg-base C:\dev_ava\build\tf_transformations build --build-base C:\dev_ava\build\tf_transformations\build install --prefix C:\dev_ava\install --record C:\dev_ava\build\tf_transformations\install.log --single-version-externally-managed
[5.344s] running egg_info
[5.344s] writing C:\dev_ava\build\tf_transformations\tf_transformations.egg-info\PKG-INFO
[5.344s] writing dependency_links to C:\dev_ava\build\tf_transformations\tf_transformations.egg-info\dependency_links.txt
[5.344s] writing requirements to C:\dev_ava\build\tf_transformations\tf_transformations.egg-info\requires.txt
[5.344s] writing top-level names to C:\dev_ava\build\tf_transformations\tf_transformations.egg-info\top_level.txt
[5.406s] reading manifest file 'C:\dev_ava\build\tf_transformations\tf_transformations.egg-info\SOURCES.txt'
[5.406s] writing manifest file 'C:\dev_ava\build\tf_transformations\tf_transformations.egg-info\SOURCES.txt'
[5.406s] running build
[5.406s] running build_py
[5.406s] running install
[5.406s] running install_lib
[5.422s] writing byte-compilation script 'C:\Users\matth\AppData\Local\Temp\tmpkvfywk11.py'
[5.422s] c:\opt\ros\foxy\x64\python.exe C:\Users\matth\AppData\Local\Temp\tmpkvfywk11.py
[5.578s] removing C:\Users\matth\AppData\Local\Temp\tmpkvfywk11.py
[5.578s] running install_data
[5.578s] running install_egg_info
[5.594s] removing 'C:\dev_ava\install\Lib\site-packages\tf_transformations-1.0.0-py3.8.egg-info' (and everything under it)
[5.594s] Copying C:\dev_ava\build\tf_transformations\tf_transformations.egg-info to C:\dev_ava\install\Lib\site-packages\tf_transformations-1.0.0-py3.8.egg-info
[5.625s] running install_scripts
[5.687s] writing list of installed files to 'C:\dev_ava\build\tf_transformations\install.log'
