[4.507s] Invoking command in '/root/dev_ava/src/ava_bringup': PYTHONPATH=/root/dev_ava/install/ava_bringup/lib/python3.8/site-packages:${PYTHONPATH} /usr/bin/python3 setup.py egg_info --egg-base ../../build/ava_bringup build --build-base /root/dev_ava/build/ava_bringup/build install --prefix /root/dev_ava/install/ava_bringup --record /root/dev_ava/build/ava_bringup/install.log --single-version-externally-managed
[5.865s] running egg_info
[5.893s] writing ../../build/ava_bringup/ava_bringup.egg-info/PKG-INFO
[5.895s] writing dependency_links to ../../build/ava_bringup/ava_bringup.egg-info/dependency_links.txt
[5.896s] writing entry points to ../../build/ava_bringup/ava_bringup.egg-info/entry_points.txt
[5.897s] writing requirements to ../../build/ava_bringup/ava_bringup.egg-info/requires.txt
[5.898s] writing top-level names to ../../build/ava_bringup/ava_bringup.egg-info/top_level.txt
[6.149s] reading manifest file '../../build/ava_bringup/ava_bringup.egg-info/SOURCES.txt'
[6.155s] writing manifest file '../../build/ava_bringup/ava_bringup.egg-info/SOURCES.txt'
[6.157s] running build
[6.158s] running build_py
[6.161s] running install
[6.165s] running install_lib
[6.172s] running install_data
[6.174s] running install_egg_info
[6.182s] removing '/root/dev_ava/install/ava_bringup/lib/python3.8/site-packages/ava_bringup-0.0.0-py3.8.egg-info' (and everything under it)
[6.185s] Copying ../../build/ava_bringup/ava_bringup.egg-info to /root/dev_ava/install/ava_bringup/lib/python3.8/site-packages/ava_bringup-0.0.0-py3.8.egg-info
[6.192s] running install_scripts
[6.279s] writing list of installed files to '/root/dev_ava/build/ava_bringup/install.log'
[6.415s] Invoked command in '/root/dev_ava/src/ava_bringup' returned '0': PYTHONPATH=/root/dev_ava/install/ava_bringup/lib/python3.8/site-packages:${PYTHONPATH} /usr/bin/python3 setup.py egg_info --egg-base ../../build/ava_bringup build --build-base /root/dev_ava/build/ava_bringup/build install --prefix /root/dev_ava/install/ava_bringup --record /root/dev_ava/build/ava_bringup/install.log --single-version-externally-managed
