[1.718s] Invoking command in 'C:\dev_ava\src\ava_teleop': PUBLIC=%PUBLIC%
PyCharm Community Edition=C:\Program Files\JetBrains\PyCharm Community Edition 2020.1.3\bin; PYTHONPATH=C:\dev_ava\install\Lib\site-packages;%PYTHONPATH% c:\opt\ros\foxy\x64\python.exe setup.py egg_info --egg-base C:\dev_ava\build\ava_teleop build --build-base C:\dev_ava\build\ava_teleop\build install --prefix C:\dev_ava\install --record C:\dev_ava\build\ava_teleop\install.log --single-version-externally-managed
[2.875s] running egg_info
[2.875s] writing C:\dev_ava\build\ava_teleop\ava_teleop.egg-info\PKG-INFO
[2.890s] writing dependency_links to C:\dev_ava\build\ava_teleop\ava_teleop.egg-info\dependency_links.txt
[2.890s] writing entry points to C:\dev_ava\build\ava_teleop\ava_teleop.egg-info\entry_points.txt
[2.890s] writing requirements to C:\dev_ava\build\ava_teleop\ava_teleop.egg-info\requires.txt
[2.890s] writing top-level names to C:\dev_ava\build\ava_teleop\ava_teleop.egg-info\top_level.txt
[2.953s] reading manifest file 'C:\dev_ava\build\ava_teleop\ava_teleop.egg-info\SOURCES.txt'
[2.953s] writing manifest file 'C:\dev_ava\build\ava_teleop\ava_teleop.egg-info\SOURCES.txt'
[2.953s] running build
[2.968s] running build_py
[2.968s] copying ava_teleop\ava_teleop_joy.py -> C:\dev_ava\build\ava_teleop\build\lib\ava_teleop
[2.968s] running install
[2.968s] running install_lib
[2.968s] copying C:\dev_ava\build\ava_teleop\build\lib\ava_teleop\ava_teleop_joy.py -> C:\dev_ava\install\Lib\site-packages\ava_teleop
[2.984s] writing byte-compilation script 'C:\Users\matth\AppData\Local\Temp\tmp94mvyc39.py'
[2.984s] c:\opt\ros\foxy\x64\python.exe C:\Users\matth\AppData\Local\Temp\tmp94mvyc39.py
[3.156s] removing C:\Users\matth\AppData\Local\Temp\tmp94mvyc39.py
[3.156s] running install_data
[3.156s] running install_egg_info
[3.156s] removing 'C:\dev_ava\install\Lib\site-packages\ava_teleop-0.0.0-py3.8.egg-info' (and everything under it)
[3.171s] Copying C:\dev_ava\build\ava_teleop\ava_teleop.egg-info to C:\dev_ava\install\Lib\site-packages\ava_teleop-0.0.0-py3.8.egg-info
[3.187s] running install_scripts
[3.250s] Installing ava_teleop_joy-script.py script to C:\dev_ava\install\lib\ava_teleop
[3.250s] Installing ava_teleop_joy.exe script to C:\dev_ava\install\lib\ava_teleop
[3.250s] writing list of installed files to 'C:\dev_ava\build\ava_teleop\install.log'
[3.296s] Invoked command in 'C:\dev_ava\src\ava_teleop' returned '0': PUBLIC=%PUBLIC%
PyCharm Community Edition=C:\Program Files\JetBrains\PyCharm Community Edition 2020.1.3\bin; PYTHONPATH=C:\dev_ava\install\Lib\site-packages;%PYTHONPATH% c:\opt\ros\foxy\x64\python.exe setup.py egg_info --egg-base C:\dev_ava\build\ava_teleop build --build-base C:\dev_ava\build\ava_teleop\build install --prefix C:\dev_ava\install --record C:\dev_ava\build\ava_teleop\install.log --single-version-externally-managed
