[3.321s] Invoking command in '/root/dev_ava/src/ava_driver': AMENT_PREFIX_PATH=/root/dev_ava/install/tf_transformations:/root/dev_ava/install/ava_driver:/root/dev_ava/install/ava_control:/root/dev_ava/install/rplidar_ros2:/root/dev_ava/install/ava_msgs:/root/dev_ava/install/ava_bringup:/opt/ros/foxy PYTHONPATH=/root/dev_ava/install/ava_driver/lib/python3.8/site-packages:/root/dev_ava/install/tf_transformations/lib/python3.8/site-packages:/root/dev_ava/install/ava_driver/lib/python3.8/site-packages:/root/dev_ava/install/ava_control/lib/python3.8/site-packages:/root/dev_ava/install/ava_msgs/lib/python3.8/site-packages:/root/dev_ava/install/ava_kinematics/lib/python3.8/site-packages:/root/dev_ava/install/ava_bringup/lib/python3.8/site-packages:/opt/ros/foxy/lib/python3.8/site-packages /usr/bin/python3 setup.py egg_info --egg-base ../../build/ava_driver build --build-base /root/dev_ava/build/ava_driver/build install --prefix /root/dev_ava/install/ava_driver --record /root/dev_ava/build/ava_driver/install.log --single-version-externally-managed
[4.196s] running egg_info
[4.199s] writing ../../build/ava_driver/ava_driver.egg-info/PKG-INFO
[4.202s] writing dependency_links to ../../build/ava_driver/ava_driver.egg-info/dependency_links.txt
[4.205s] writing entry points to ../../build/ava_driver/ava_driver.egg-info/entry_points.txt
[4.207s] writing requirements to ../../build/ava_driver/ava_driver.egg-info/requires.txt
[4.209s] writing top-level names to ../../build/ava_driver/ava_driver.egg-info/top_level.txt
[4.421s] reading manifest file '../../build/ava_driver/ava_driver.egg-info/SOURCES.txt'
[4.426s] writing manifest file '../../build/ava_driver/ava_driver.egg-info/SOURCES.txt'
[4.427s] running build
[4.428s] running build_py
[4.429s] running install
[4.435s] running install_lib
[4.442s] running install_data
[4.443s] running install_egg_info
[4.457s] removing '/root/dev_ava/install/ava_driver/lib/python3.8/site-packages/ava_driver-0.0.0-py3.8.egg-info' (and everything under it)
[4.458s] Copying ../../build/ava_driver/ava_driver.egg-info to /root/dev_ava/install/ava_driver/lib/python3.8/site-packages/ava_driver-0.0.0-py3.8.egg-info
[4.459s] running install_scripts
[4.537s] Installing ava_driver script to /root/dev_ava/install/ava_driver/lib/ava_driver
[4.538s] writing list of installed files to '/root/dev_ava/build/ava_driver/install.log'
[4.667s] Invoked command in '/root/dev_ava/src/ava_driver' returned '0': AMENT_PREFIX_PATH=/root/dev_ava/install/tf_transformations:/root/dev_ava/install/ava_driver:/root/dev_ava/install/ava_control:/root/dev_ava/install/rplidar_ros2:/root/dev_ava/install/ava_msgs:/root/dev_ava/install/ava_bringup:/opt/ros/foxy PYTHONPATH=/root/dev_ava/install/ava_driver/lib/python3.8/site-packages:/root/dev_ava/install/tf_transformations/lib/python3.8/site-packages:/root/dev_ava/install/ava_driver/lib/python3.8/site-packages:/root/dev_ava/install/ava_control/lib/python3.8/site-packages:/root/dev_ava/install/ava_msgs/lib/python3.8/site-packages:/root/dev_ava/install/ava_kinematics/lib/python3.8/site-packages:/root/dev_ava/install/ava_bringup/lib/python3.8/site-packages:/opt/ros/foxy/lib/python3.8/site-packages /usr/bin/python3 setup.py egg_info --egg-base ../../build/ava_driver build --build-base /root/dev_ava/build/ava_driver/build install --prefix /root/dev_ava/install/ava_driver --record /root/dev_ava/build/ava_driver/install.log --single-version-externally-managed
