[2.406s] Invoking command in '/root/dev_ava/src/ava_control': AMENT_PREFIX_PATH=/root/dev_ava/install/tf_transformations:/root/dev_ava/install/ava_driver:/root/dev_ava/install/ava_control:/root/dev_ava/install/rplidar_ros2:/root/dev_ava/install/ava_msgs:/root/dev_ava/install/ava_bringup:/opt/ros/foxy PYTHONPATH=/root/dev_ava/install/ava_control/lib/python3.8/site-packages:/root/dev_ava/install/tf_transformations/lib/python3.8/site-packages:/root/dev_ava/install/ava_driver/lib/python3.8/site-packages:/root/dev_ava/install/ava_control/lib/python3.8/site-packages:/root/dev_ava/install/ava_msgs/lib/python3.8/site-packages:/root/dev_ava/install/ava_kinematics/lib/python3.8/site-packages:/root/dev_ava/install/ava_bringup/lib/python3.8/site-packages:/opt/ros/foxy/lib/python3.8/site-packages /usr/bin/python3 setup.py egg_info --egg-base ../../build/ava_control build --build-base /root/dev_ava/build/ava_control/build install --prefix /root/dev_ava/install/ava_control --record /root/dev_ava/build/ava_control/install.log --single-version-externally-managed
[3.270s] running egg_info
[3.273s] writing ../../build/ava_control/ava_control.egg-info/PKG-INFO
[3.274s] writing dependency_links to ../../build/ava_control/ava_control.egg-info/dependency_links.txt
[3.275s] writing entry points to ../../build/ava_control/ava_control.egg-info/entry_points.txt
[3.276s] writing requirements to ../../build/ava_control/ava_control.egg-info/requires.txt
[3.277s] writing top-level names to ../../build/ava_control/ava_control.egg-info/top_level.txt
[3.459s] reading manifest file '../../build/ava_control/ava_control.egg-info/SOURCES.txt'
[3.464s] writing manifest file '../../build/ava_control/ava_control.egg-info/SOURCES.txt'
[3.465s] running build
[3.466s] running build_py
[3.466s] copying ava_control/ava_control.py -> /root/dev_ava/build/ava_control/build/lib/ava_control
[3.468s] running install
[3.472s] running install_lib
[3.476s] copying /root/dev_ava/build/ava_control/build/lib/ava_control/ava_control.py -> /root/dev_ava/install/ava_control/lib/python3.8/site-packages/ava_control
[3.479s] byte-compiling /root/dev_ava/install/ava_control/lib/python3.8/site-packages/ava_control/ava_control.py to ava_control.cpython-38.pyc
[3.494s] running install_data
[3.496s] running install_egg_info
[3.503s] removing '/root/dev_ava/install/ava_control/lib/python3.8/site-packages/ava_control-0.0.0-py3.8.egg-info' (and everything under it)
[3.506s] Copying ../../build/ava_control/ava_control.egg-info to /root/dev_ava/install/ava_control/lib/python3.8/site-packages/ava_control-0.0.0-py3.8.egg-info
[3.511s] running install_scripts
[3.581s] Installing ava_control script to /root/dev_ava/install/ava_control/lib/ava_control
[3.582s] Installing ava_gait script to /root/dev_ava/install/ava_control/lib/ava_control
[3.583s] Installing ava_motion script to /root/dev_ava/install/ava_control/lib/ava_control
[3.584s] writing list of installed files to '/root/dev_ava/build/ava_control/install.log'
[3.682s] Invoked command in '/root/dev_ava/src/ava_control' returned '0': AMENT_PREFIX_PATH=/root/dev_ava/install/tf_transformations:/root/dev_ava/install/ava_driver:/root/dev_ava/install/ava_control:/root/dev_ava/install/rplidar_ros2:/root/dev_ava/install/ava_msgs:/root/dev_ava/install/ava_bringup:/opt/ros/foxy PYTHONPATH=/root/dev_ava/install/ava_control/lib/python3.8/site-packages:/root/dev_ava/install/tf_transformations/lib/python3.8/site-packages:/root/dev_ava/install/ava_driver/lib/python3.8/site-packages:/root/dev_ava/install/ava_control/lib/python3.8/site-packages:/root/dev_ava/install/ava_msgs/lib/python3.8/site-packages:/root/dev_ava/install/ava_kinematics/lib/python3.8/site-packages:/root/dev_ava/install/ava_bringup/lib/python3.8/site-packages:/opt/ros/foxy/lib/python3.8/site-packages /usr/bin/python3 setup.py egg_info --egg-base ../../build/ava_control build --build-base /root/dev_ava/build/ava_control/build install --prefix /root/dev_ava/install/ava_control --record /root/dev_ava/build/ava_control/install.log --single-version-externally-managed
