running egg_info
creating ../../build/ava_bringup/ava_bringup.egg-info
writing ../../build/ava_bringup/ava_bringup.egg-info/PKG-INFO
writing dependency_links to ../../build/ava_bringup/ava_bringup.egg-info/dependency_links.txt
writing entry points to ../../build/ava_bringup/ava_bringup.egg-info/entry_points.txt
writing requirements to ../../build/ava_bringup/ava_bringup.egg-info/requires.txt
writing top-level names to ../../build/ava_bringup/ava_bringup.egg-info/top_level.txt
writing manifest file '../../build/ava_bringup/ava_bringup.egg-info/SOURCES.txt'
reading manifest file '../../build/ava_bringup/ava_bringup.egg-info/SOURCES.txt'
writing manifest file '../../build/ava_bringup/ava_bringup.egg-info/SOURCES.txt'
running build
running build_py
creating /root/dev_ava/build/ava_bringup/build
creating /root/dev_ava/build/ava_bringup/build/lib
creating /root/dev_ava/build/ava_bringup/build/lib/ava_bringup
copying ava_bringup/__init__.py -> /root/dev_ava/build/ava_bringup/build/lib/ava_bringup
running install
running install_lib
creating /root/dev_ava/install/ava_bringup/lib/python3.8/site-packages/ava_bringup
copying /root/dev_ava/build/ava_bringup/build/lib/ava_bringup/__init__.py -> /root/dev_ava/install/ava_bringup/lib/python3.8/site-packages/ava_bringup
byte-compiling /root/dev_ava/install/ava_bringup/lib/python3.8/site-packages/ava_bringup/__init__.py to __init__.cpython-38.pyc
running install_data
creating /root/dev_ava/install/ava_bringup/share/ament_index
creating /root/dev_ava/install/ava_bringup/share/ament_index/resource_index
creating /root/dev_ava/install/ava_bringup/share/ament_index/resource_index/packages
copying resource/ava_bringup -> /root/dev_ava/install/ava_bringup/share/ament_index/resource_index/packages
copying launch/ava.launch.py -> /root/dev_ava/install/ava_bringup/share/ava_bringup
copying package.xml -> /root/dev_ava/install/ava_bringup/share/ava_bringup
running install_egg_info
Copying ../../build/ava_bringup/ava_bringup.egg-info to /root/dev_ava/install/ava_bringup/lib/python3.8/site-packages/ava_bringup-0.0.0-py3.8.egg-info
running install_scripts
writing list of installed files to '/root/dev_ava/build/ava_bringup/install.log'
