[3.531s] Invoking command in 'C:\dev_ava\src\ava_teleop': PUBLIC=%PUBLIC%
PyCharm Community Edition=C:\Program Files\JetBrains\PyCharm Community Edition 2020.1.3\bin; PYTHONPATH=C:\dev_ava\install\Lib\site-packages;%PYTHONPATH% c:\opt\ros\foxy\x64\python.exe setup.py egg_info --egg-base C:\dev_ava\build\ava_teleop build --build-base C:\dev_ava\build\ava_teleop\build install --prefix C:\dev_ava\install --record C:\dev_ava\build\ava_teleop\install.log --single-version-externally-managed
[4.547s] running egg_info
[4.547s] writing C:\dev_ava\build\ava_teleop\ava_teleop.egg-info\PKG-INFO
[4.547s] writing dependency_links to C:\dev_ava\build\ava_teleop\ava_teleop.egg-info\dependency_links.txt
[4.547s] writing entry points to C:\dev_ava\build\ava_teleop\ava_teleop.egg-info\entry_points.txt
[4.547s] writing requirements to C:\dev_ava\build\ava_teleop\ava_teleop.egg-info\requires.txt
[4.547s] writing top-level names to C:\dev_ava\build\ava_teleop\ava_teleop.egg-info\top_level.txt
[4.609s] reading manifest file 'C:\dev_ava\build\ava_teleop\ava_teleop.egg-info\SOURCES.txt'
[4.625s] writing manifest file 'C:\dev_ava\build\ava_teleop\ava_teleop.egg-info\SOURCES.txt'
[4.625s] running build
[4.625s] running build_py
[4.625s] copying ava_teleop\ava_teleop_joy.py -> C:\dev_ava\build\ava_teleop\build\lib\ava_teleop
[4.656s] running install
[4.656s] running install_lib
[4.656s] copying C:\dev_ava\build\ava_teleop\build\lib\ava_teleop\ava_teleop_joy.py -> C:\dev_ava\install\Lib\site-packages\ava_teleop
[4.656s] writing byte-compilation script 'C:\Users\matth\AppData\Local\Temp\tmphcndu5c6.py'
[4.656s] c:\opt\ros\foxy\x64\python.exe C:\Users\matth\AppData\Local\Temp\tmphcndu5c6.py
[4.859s] removing C:\Users\matth\AppData\Local\Temp\tmphcndu5c6.py
[4.859s] running install_data
[4.859s] running install_egg_info
[4.875s] removing 'C:\dev_ava\install\Lib\site-packages\ava_teleop-0.0.0-py3.8.egg-info' (and everything under it)
[4.875s] Copying C:\dev_ava\build\ava_teleop\ava_teleop.egg-info to C:\dev_ava\install\Lib\site-packages\ava_teleop-0.0.0-py3.8.egg-info
[4.922s] running install_scripts
[5.250s] Installing ava_teleop_joy-script.py script to C:\dev_ava\install\lib\ava_teleop
[5.266s] Installing ava_teleop_joy.exe script to C:\dev_ava\install\lib\ava_teleop
[5.266s] writing list of installed files to 'C:\dev_ava\build\ava_teleop\install.log'
[5.391s] Invoked command in 'C:\dev_ava\src\ava_teleop' returned '0': PUBLIC=%PUBLIC%
PyCharm Community Edition=C:\Program Files\JetBrains\PyCharm Community Edition 2020.1.3\bin; PYTHONPATH=C:\dev_ava\install\Lib\site-packages;%PYTHONPATH% c:\opt\ros\foxy\x64\python.exe setup.py egg_info --egg-base C:\dev_ava\build\ava_teleop build --build-base C:\dev_ava\build\ava_teleop\build install --prefix C:\dev_ava\install --record C:\dev_ava\build\ava_teleop\install.log --single-version-externally-managed
