[0.000000] (-) TimerEvent: {}
[0.000000] (-) JobUnselected: {'identifier': 'ava_description'}
[0.000000] (-) JobUnselected: {'identifier': 'ava_msgs'}
[0.000000] (-) JobUnselected: {'identifier': 'hq_bringup'}
[0.000000] (-) JobUnselected: {'identifier': 'tf_transformations'}
[0.000000] (ava_teleop) JobQueued: {'identifier': 'ava_teleop', 'dependencies': OrderedDict()}
[0.000000] (ava_teleop) JobStarted: {'identifier': 'ava_teleop'}
[0.109000] (-) TimerEvent: {}
[0.219000] (-) TimerEvent: {}
[0.328000] (-) TimerEvent: {}
[0.438000] (-) TimerEvent: {}
[0.547000] (-) TimerEvent: {}
[0.656000] (-) TimerEvent: {}
[0.766000] (-) TimerEvent: {}
[0.875000] (-) TimerEvent: {}
[0.984000] (-) TimerEvent: {}
[1.094000] (-) TimerEvent: {}
[1.219000] (-) TimerEvent: {}
[1.250000] (ava_teleop) Command: {'cmd': ['c:\\opt\\ros\\foxy\\x64\\python.exe', 'setup.py', 'egg_info', '--egg-base', 'C:\\dev_ava\\build\\ava_teleop', 'build', '--build-base', 'C:\\dev_ava\\build\\ava_teleop\\build', 'install', '--prefix', 'C:\\dev_ava\\install', '--record', 'C:\\dev_ava\\build\\ava_teleop\\install.log', '--single-version-externally-managed'], 'cwd': 'C:\\dev_ava\\src\\ava_teleop', 'env': {'ALLUSERSPROFILE': 'C:\\ProgramData', 'AMENT_PREFIX_PATH': 'C:\\dev_ava\\install;C:\\opt\\ros\\foxy\\x64', 'APPDATA': 'C:\\Users\\matth\\AppData\\Roaming', 'ChocolateyInstall': 'C:\\ProgramData\\chocolatey', 'ChocolateyLastPathUpdate': '132812478845450186', 'CMAKE_PREFIX_PATH': 'C:\\opt\\ros\\foxy\\x64\\tools\\vcpkg\\installed\\x64-windows;C:\\dev_ava\\install;C:\\opt\\ros\\foxy\\x64', 'COLCON': '1', 'COLCON_PREFIX_PATH': 'C:\\dev_ava\\install\\;C:\\opt\\ros\\foxy\\x64\\', 'CommandPromptType': 'Native', 'CommonProgramFiles': 'C:\\Program Files\\Common Files', 'CommonProgramFiles(x86)': 'C:\\Program Files (x86)\\Common Files', 'CommonProgramW6432': 'C:\\Program Files\\Common Files', 'COMPUTERNAME': 'DESKTOP-R1BKP12', 'ComSpec': 'C:\\WINDOWS\\system32\\cmd.exe', 'DevEnvDir': 'C:\\Program Files (x86)\\Microsoft Visual Studio\\2019\\Community\\Common7\\IDE\\', 'DriverData': 'C:\\Windows\\System32\\Drivers\\DriverData', 'DXSDK_DIR': 'C:\\Program Files (x86)\\Microsoft DirectX SDK (June 2010)\\', 'ExtensionSdkDir': 'C:\\Program Files (x86)\\Microsoft SDKs\\Windows Kits\\10\\ExtensionSDKs', 'FPS_BROWSER_APP_PROFILE_STRING': 'Internet Explorer', 'FPS_BROWSER_USER_PROFILE_STRING': 'Default', 'Framework40Version': 'v4.0', 'FrameworkDir': 'C:\\Windows\\Microsoft.NET\\Framework64\\', 'FrameworkDir64': 'C:\\Windows\\Microsoft.NET\\Framework64\\', 'FrameworkVersion': 'v4.0.30319', 'FrameworkVersion64': 'v4.0.30319', 'HOMEDRIVE': 'C:', 'HOMEPATH': '\\Users\\matth', 'INCLUDE': 'C:\\Program Files (x86)\\Microsoft Visual Studio\\2019\\Community\\VC\\Tools\\MSVC\\14.29.30133\\include;C:\\Program Files (x86)\\Windows Kits\\10\\include\\10.0.16299.0\\ucrt;C:\\Program Files (x86)\\Windows Kits\\10\\include\\10.0.16299.0\\shared;C:\\Program Files (x86)\\Windows Kits\\10\\include\\10.0.16299.0\\um;C:\\Program Files (x86)\\Windows Kits\\10\\include\\10.0.16299.0\\winrt;C:\\Program Files (x86)\\Windows Kits\\10\\include\\10.0.16299.0\\cppwinrt', 'LIB': 'C:\\Program Files (x86)\\Microsoft Visual Studio\\2019\\Community\\VC\\Tools\\MSVC\\14.29.30133\\lib\\x64;C:\\Program Files (x86)\\Windows Kits\\10\\lib\\10.0.16299.0\\ucrt\\x64;C:\\Program Files (x86)\\Windows Kits\\10\\lib\\10.0.16299.0\\um\\x64', 'LIBPATH': 'C:\\Program Files (x86)\\Microsoft Visual Studio\\2019\\Community\\VC\\Tools\\MSVC\\14.29.30133\\lib\\x64;C:\\Program Files (x86)\\Microsoft Visual Studio\\2019\\Community\\VC\\Tools\\MSVC\\14.29.30133\\lib\\x86\\store\\references;C:\\Program Files (x86)\\Windows Kits\\10\\UnionMetadata\\10.0.16299.0;C:\\Program Files (x86)\\Windows Kits\\10\\References\\10.0.16299.0;C:\\Windows\\Microsoft.NET\\Framework64\\v4.0.30319', 'LOCALAPPDATA': 'C:\\Users\\matth\\AppData\\Local', 'LOGONSERVER': '\\\\DESKTOP-R1BKP12', 'NUMBER_OF_PROCESSORS': '12', 'NVIDIAWHITELISTED': '0x01', 'OneDrive': 'C:\\Users\\matth\\OneDrive', 'OneDriveConsumer': 'C:\\Users\\matth\\OneDrive', 'OS': 'Windows_NT', 'Path': 'c:\\opt\\ros\\foxy\\x64\\;C:\\opt\\ros\\foxy\\x64\\tools\\vcpkg\\installed\\x64-windows\\bin;C:\\opt\\ros\\foxy\\x64\\tools\\vcpkg;C:\\dev_ava\\install\\bin;C:\\opt\\ros\\foxy\\x64\\Scripts;C:\\opt\\ros\\foxy\\x64\\bin;C:\\Program Files (x86)\\Microsoft Visual Studio\\2019\\Community\\VC\\Tools\\MSVC\\14.29.30133\\bin\\HostX64\\x64;C:\\Program Files (x86)\\Microsoft Visual Studio\\2019\\Community\\Common7\\IDE\\VC\\VCPackages;C:\\Program Files (x86)\\Microsoft Visual Studio\\2019\\Community\\Common7\\IDE\\CommonExtensions\\Microsoft\\TestWindow;C:\\Program Files (x86)\\Microsoft Visual Studio\\2019\\Community\\Common7\\IDE\\CommonExtensions\\Microsoft\\TeamFoundation\\Team Explorer;C:\\Program Files (x86)\\Microsoft Visual Studio\\2019\\Community\\MSBuild\\Current\\bin\\Roslyn;C:\\Program Files (x86)\\Microsoft Visual Studio\\2019\\Community\\Common7\\Tools\\devinit;C:\\Program Files (x86)\\Windows Kits\\10\\bin\\10.0.16299.0\\x64;C:\\Program Files (x86)\\Windows Kits\\10\\bin\\x64;C:\\Program Files (x86)\\Microsoft Visual Studio\\2019\\Community\\\\MSBuild\\Current\\Bin;C:\\Windows\\Microsoft.NET\\Framework64\\v4.0.30319;C:\\Program Files (x86)\\Microsoft Visual Studio\\2019\\Community\\Common7\\IDE\\;C:\\Program Files (x86)\\Microsoft Visual Studio\\2019\\Community\\Common7\\Tools\\;C:\\Program Files (x86)\\Common Files\\Oracle\\Java\\javapath;C:\\Windows\\system32;C:\\Windows;C:\\Windows\\System32\\Wbem;C:\\Windows\\System32\\WindowsPowerShell\\v1.0\\;C:\\Windows\\System32\\OpenSSH\\;C:\\Program Files\\NVIDIA Corporation\\NVIDIA NvDLISR;C:\\Program Files\\dotnet\\;C:\\WINDOWS\\system32;C:\\WINDOWS;C:\\WINDOWS\\System32\\Wbem;C:\\WINDOWS\\System32\\WindowsPowerShell\\v1.0\\;C:\\WINDOWS\\System32\\OpenSSH\\;C:\\Program Files\\MATLAB\\R2022a\\bin;C:\\Program Files\\MATLAB\\R2019b\\bin;C:\\Program Files (x86)\\NVIDIA Corporation\\PhysX\\Common;C:\\AVRDUDE;C:\\WINDOWS\\system32;C:\\WINDOWS;C:\\WINDOWS\\System32\\Wbem;C:\\WINDOWS\\System32\\WindowsPowerShell\\v1.0\\;C:\\WINDOWS\\System32\\OpenSSH\\;C:\\Program Files\\Docker\\Docker\\resources\\bin;C:\\ProgramData\\DockerDesktop\\version-bin;C:\\ProgramData\\chocolatey\\bin;C:\\Program Files\\PuTTY\\;C:\\Program Files\\nodejs\\;C:\\Program Files\\Git\\cmd;C:\\Users\\matth\\AppData\\Local\\Programs\\Python\\Python310\\Scripts\\;C:\\Users\\matth\\AppData\\Local\\Programs\\Python\\Python310\\;C:\\Users\\matth\\AppData\\Local\\Microsoft\\WindowsApps;C:\\Program Files\\JetBrains\\PyCharm Community Edition 2020.1.3\\bin;C:\\Users\\matth\\AppData\\Local\\GitHubDesktop\\bin;C:\\Users\\matth\\AppData\\Local\\Programs\\Microsoft VS Code\\bin;C:\\Users\\matth\\AppData\\Roaming\\npm;C:\\Program Files\\Git\\bin\\;C:\\Program Files\\Git\\cmd\\', 'PATHEXT': '.COM;.EXE;.BAT;.CMD;.VBS;.VBE;.JS;.JSE;.WSF;.WSH;.MSC', 'PKG_CONFIG_PATH': 'C:\\opt\\ros\\foxy\\x64\\lib\\pkgconfig', 'PROCESSOR_ARCHITECTURE': 'AMD64', 'PROCESSOR_IDENTIFIER': 'Intel64 Family 6 Model 158 Stepping 10, GenuineIntel', 'PROCESSOR_LEVEL': '6', 'PROCESSOR_REVISION': '9e0a', 'ProgramData': 'C:\\ProgramData', 'ProgramFiles': 'C:\\Program Files', 'ProgramFiles(x86)': 'C:\\Program Files (x86)', 'ProgramW6432': 'C:\\Program Files', 'PROMPT': '$P$G', 'PSModulePath': 'C:\\Program Files\\WindowsPowerShell\\Modules;C:\\WINDOWS\\system32\\WindowsPowerShell\\v1.0\\Modules', 'PUBLIC': 'C:\\Users\\Public\nPyCharm Community Edition=C:\\Program Files\\JetBrains\\PyCharm Community Edition 2020.1.3\\bin;', 'PYTHONPATH': 'C:\\dev_ava\\install\\Lib\\site-packages;C:\\dev_ava\\install\\Lib\\site-packages;C:\\opt\\ros\\foxy\\x64\\Lib\\site-packages', 'ROS_DISTRO': 'foxy', 'ROS_LOCALHOST_ONLY': '0', 'ROS_PYTHON_VERSION': '3', 'ROS_VERSION': '2', 'SHIM_MCCOMPAT': '0x810000001', 'SystemDrive': 'C:', 'SystemRoot': 'C:\\WINDOWS', 'TEMP': 'C:\\Users\\matth\\AppData\\Local\\Temp', 'TMP': 'C:\\Users\\matth\\AppData\\Local\\Temp', 'UCRTVersion': '10.0.16299.0', 'UniversalCRTSdkDir': 'C:\\Program Files (x86)\\Windows Kits\\10\\', 'USERDOMAIN': 'DESKTOP-R1BKP12', 'USERDOMAIN_ROAMINGPROFILE': 'DESKTOP-R1BKP12', 'USERNAME': 'matth', 'USERPROFILE': 'C:\\Users\\matth', 'VCIDEInstallDir': 'C:\\Program Files (x86)\\Microsoft Visual Studio\\2019\\Community\\Common7\\IDE\\VC\\', 'VCINSTALLDIR': 'C:\\Program Files (x86)\\Microsoft Visual Studio\\2019\\Community\\VC\\', 'VCPKG_DEFAULT_TRIPLET': 'x64-windows', 'VCPKG_ROOT': 'c:\\opt\\ros\\foxy\\x64\\tools\\vcpkg', 'VCToolsInstallDir': 'C:\\Program Files (x86)\\Microsoft Visual Studio\\2019\\Community\\VC\\Tools\\MSVC\\14.29.30133\\', 'VCToolsRedistDir': 'C:\\Program Files (x86)\\Microsoft Visual Studio\\2019\\Community\\VC\\Redist\\MSVC\\14.29.30133\\', 'VCToolsVersion': '14.29.30133', 'VisualStudioVersion': '16.0', 'VS160COMNTOOLS': 'C:\\Program Files (x86)\\Microsoft Visual Studio\\2019\\Community\\Common7\\Tools\\', 'VSCMD_ARG_app_plat': 'Desktop', 'VSCMD_ARG_HOST_ARCH': 'x64', 'VSCMD_ARG_TGT_ARCH': 'x64', 'VSCMD_VER': '16.11.3', 'VSINSTALLDIR': 'C:\\Program Files (x86)\\Microsoft Visual Studio\\2019\\Community\\', 'VSTO_SUPPRESSDISPLAYALERTS': '0', 'windir': 'C:\\WINDOWS', 'WindowsLibPath': 'C:\\Program Files (x86)\\Windows Kits\\10\\UnionMetadata\\10.0.16299.0;C:\\Program Files (x86)\\Windows Kits\\10\\References\\10.0.16299.0', 'WindowsSdkBinPath': 'C:\\Program Files (x86)\\Windows Kits\\10\\bin\\', 'WindowsSdkDir': 'C:\\Program Files (x86)\\Windows Kits\\10\\', 'WindowsSDKLibVersion': '10.0.16299.0\\', 'WindowsSdkVerBinPath': 'C:\\Program Files (x86)\\Windows Kits\\10\\bin\\10.0.16299.0\\', 'WindowsSDKVersion': '10.0.16299.0\\', 'WSLENV': 'WT_SESSION::WT_PROFILE_ID', 'WT_PROFILE_ID': '{630590e4-8e04-5f65-850f-c1c2da3ac922}', 'WT_SESSION': '0097e733-c622-4ad5-9f7c-080618955970', 'ZES_ENABLE_SYSMAN': '1', '__devinit_path': 'C:\\Program Files (x86)\\Microsoft Visual Studio\\2019\\Community\\Common7\\Tools\\devinit\\devinit.exe', '__DOTNET_ADD_64BIT': '1', '__DOTNET_PREFERRED_BITNESS': '64', '__VSCMD_PREINIT_PATH': 'C:\\Program Files (x86)\\Common Files\\Oracle\\Java\\javapath;C:\\Windows\\system32;C:\\Windows;C:\\Windows\\System32\\Wbem;C:\\Windows\\System32\\WindowsPowerShell\\v1.0\\;C:\\Windows\\System32\\OpenSSH\\;C:\\Program Files\\NVIDIA Corporation\\NVIDIA NvDLISR;C:\\Program Files\\dotnet\\;C:\\WINDOWS\\system32;C:\\WINDOWS;C:\\WINDOWS\\System32\\Wbem;C:\\WINDOWS\\System32\\WindowsPowerShell\\v1.0\\;C:\\WINDOWS\\System32\\OpenSSH\\;C:\\Program Files\\MATLAB\\R2022a\\bin;C:\\Program Files\\MATLAB\\R2019b\\bin;C:\\Program Files (x86)\\NVIDIA Corporation\\PhysX\\Common;C:\\AVRDUDE;C:\\WINDOWS\\system32;C:\\WINDOWS;C:\\WINDOWS\\System32\\Wbem;C:\\WINDOWS\\System32\\WindowsPowerShell\\v1.0\\;C:\\WINDOWS\\System32\\OpenSSH\\;C:\\Program Files\\Docker\\Docker\\resources\\bin;C:\\ProgramData\\DockerDesktop\\version-bin;C:\\ProgramData\\chocolatey\\bin;C:\\Program Files\\PuTTY\\;C:\\Program Files\\nodejs\\;C:\\Program Files\\Git\\cmd;C:\\Users\\matth\\AppData\\Local\\Programs\\Python\\Python310\\Scripts\\;C:\\Users\\matth\\AppData\\Local\\Programs\\Python\\Python310\\;C:\\Users\\matth\\AppData\\Local\\Microsoft\\WindowsApps;C:\\Program Files\\JetBrains\\PyCharm Community Edition 2020.1.3\\bin;C:\\Users\\matth\\AppData\\Local\\GitHubDesktop\\bin;C:\\Users\\matth\\AppData\\Local\\Programs\\Microsoft VS Code\\bin;C:\\Users\\matth\\AppData\\Roaming\\npm;C:\\Program Files\\Git\\bin\\;C:\\Program Files\\Git\\cmd\\'}, 'shell': False}
[1.344000] (-) TimerEvent: {}
[1.453000] (-) TimerEvent: {}
[1.563000] (-) TimerEvent: {}
[1.672000] (-) TimerEvent: {}
[1.797000] (-) TimerEvent: {}
[1.906000] (-) TimerEvent: {}
[2.016000] (-) TimerEvent: {}
[2.125000] (-) TimerEvent: {}
[2.203000] (ava_teleop) StdoutLine: {'line': b'running egg_info\r\n'}
[2.219000] (ava_teleop) StdoutLine: {'line': b'writing C:\\dev_ava\\build\\ava_teleop\\ava_teleop.egg-info\\PKG-INFO\r\n'}
[2.219000] (ava_teleop) StdoutLine: {'line': b'writing dependency_links to C:\\dev_ava\\build\\ava_teleop\\ava_teleop.egg-info\\dependency_links.txt\r\n'}
[2.219000] (ava_teleop) StdoutLine: {'line': b'writing entry points to C:\\dev_ava\\build\\ava_teleop\\ava_teleop.egg-info\\entry_points.txt\r\n'}
[2.219000] (ava_teleop) StdoutLine: {'line': b'writing requirements to C:\\dev_ava\\build\\ava_teleop\\ava_teleop.egg-info\\requires.txt\r\n'}
[2.219000] (ava_teleop) StdoutLine: {'line': b'writing top-level names to C:\\dev_ava\\build\\ava_teleop\\ava_teleop.egg-info\\top_level.txt\r\n'}
[2.234000] (-) TimerEvent: {}
[2.266000] (ava_teleop) StdoutLine: {'line': b"reading manifest file 'C:\\dev_ava\\build\\ava_teleop\\ava_teleop.egg-info\\SOURCES.txt'\r\n"}
[2.266000] (ava_teleop) StdoutLine: {'line': b"writing manifest file 'C:\\dev_ava\\build\\ava_teleop\\ava_teleop.egg-info\\SOURCES.txt'\r\n"}
[2.266000] (ava_teleop) StdoutLine: {'line': b'running build\r\n'}
[2.266000] (ava_teleop) StdoutLine: {'line': b'running build_py\r\n'}
[2.266000] (ava_teleop) StdoutLine: {'line': b'running install\r\n'}
[2.266000] (ava_teleop) StdoutLine: {'line': b'running install_lib\r\n'}
[2.281000] (ava_teleop) StdoutLine: {'line': b"writing byte-compilation script 'C:\\Users\\matth\\AppData\\Local\\Temp\\tmpeuw0gevj.py'\r\n"}
[2.281000] (ava_teleop) StdoutLine: {'line': b'c:\\opt\\ros\\foxy\\x64\\python.exe C:\\Users\\matth\\AppData\\Local\\Temp\\tmpeuw0gevj.py\r\n'}
[2.344000] (-) TimerEvent: {}
[2.422000] (ava_teleop) StdoutLine: {'line': b'removing C:\\Users\\matth\\AppData\\Local\\Temp\\tmpeuw0gevj.py\r\n'}
[2.422000] (ava_teleop) StdoutLine: {'line': b'running install_data\r\n'}
[2.422000] (ava_teleop) StdoutLine: {'line': b'running install_egg_info\r\n'}
[2.438000] (ava_teleop) StdoutLine: {'line': b"removing 'C:\\dev_ava\\install\\Lib\\site-packages\\ava_teleop-0.0.0-py3.8.egg-info' (and everything under it)\r\n"}
[2.438000] (ava_teleop) StdoutLine: {'line': b'Copying C:\\dev_ava\\build\\ava_teleop\\ava_teleop.egg-info to C:\\dev_ava\\install\\Lib\\site-packages\\ava_teleop-0.0.0-py3.8.egg-info\r\n'}
[2.453000] (ava_teleop) StdoutLine: {'line': b'running install_scripts\r\n'}
[2.453000] (-) TimerEvent: {}
[2.500000] (ava_teleop) StdoutLine: {'line': b'Installing ava_teleop_joy-script.py script to C:\\dev_ava\\install\\lib\\ava_teleop\r\n'}
[2.500000] (ava_teleop) StdoutLine: {'line': b'Installing ava_teleop_joy.exe script to C:\\dev_ava\\install\\lib\\ava_teleop\r\n'}
[2.516000] (ava_teleop) StdoutLine: {'line': b"writing list of installed files to 'C:\\dev_ava\\build\\ava_teleop\\install.log'\r\n"}
[2.547000] (ava_teleop) CommandEnded: {'returncode': 0}
[2.563000] (-) TimerEvent: {}
[2.672000] (ava_teleop) JobEnded: {'identifier': 'ava_teleop', 'rc': 0}
[2.672000] (-) TimerEvent: {}
[2.672000] (-) EventReactorShutdown: {}
