[2.875s] Invoking command in 'C:\dev_ava\build\slam_toolbox': PUBLIC=%PUBLIC%
PyCharm Community Edition=C:\Program Files\JetBrains\PyCharm Community Edition 2020.1.3\bin; C:\opt\ros\foxy\x64\Scripts\cmake.EXE C:\dev_ava\slam_toolbox -DCMAKE_INSTALL_PREFIX=C:\dev_ava\install
[3.078s] -- Selecting Windows SDK version 10.0.16299.0 to target Windows 10.0.22000.
[3.109s] -- Found ament_cmake: 0.9.8 (C:/opt/ros/foxy/x64/share/ament_cmake/cmake)
[3.219s] -- Found PythonInterp: C:/opt/ros/foxy/x64/python.exe (found suitable version "3.8.3", minimum required is "3") 
[3.219s] -- Using PYTHON_EXECUTABLE: C:/opt/ros/foxy/x64/python.exe
[4.297s] -- Found message_filters: 3.2.5 (C:/opt/ros/foxy/x64/share/message_filters/cmake)
[4.297s] -- Found nav_msgs: 2.0.4 (C:/opt/ros/foxy/x64/share/nav_msgs/cmake)
[4.297s] -- Using all available rosidl_typesupport_c: rosidl_typesupport_fastrtps_c;rosidl_typesupport_introspection_c
[4.297s] -- Found rosidl_adapter: 1.2.1 (C:/opt/ros/foxy/x64/share/rosidl_adapter/cmake)
[5.812s] -- Using all available rosidl_typesupport_cpp: rosidl_typesupport_fastrtps_cpp;rosidl_typesupport_introspection_cpp
[6.016s] -- Found rclcpp: 2.3.1 (C:/opt/ros/foxy/x64/share/rclcpp/cmake)
[6.172s] -- Found rmw_implementation_cmake: 1.0.3 (C:/opt/ros/foxy/x64/share/rmw_implementation_cmake/cmake)
[6.172s] -- Using RMW implementation 'rmw_fastrtps_cpp' as default
[6.484s] -- Found sensor_msgs: 2.0.4 (C:/opt/ros/foxy/x64/share/sensor_msgs/cmake)
[6.687s] -- Found tf2: 0.13.10 (C:/opt/ros/foxy/x64/share/tf2/cmake)
[6.734s] -- Found tf2_ros: 0.13.10 (C:/opt/ros/foxy/x64/share/tf2_ros/cmake)
[7.672s] -- Found visualization_msgs: 2.0.4 (C:/opt/ros/foxy/x64/share/visualization_msgs/cmake)
[7.875s] -- Found pluginlib: 2.5.3 (C:/opt/ros/foxy/x64/share/pluginlib/cmake)
[7.906s] -- Found tf2_geometry_msgs: 0.13.10 (C:/opt/ros/foxy/x64/share/tf2_geometry_msgs/cmake)
[7.922s] -- Found eigen3_cmake_module: 0.1.1 (C:/opt/ros/foxy/x64/share/eigen3_cmake_module/cmake)
[8.000s] -- Found tf2_sensor_msgs: 0.13.10 (C:/opt/ros/foxy/x64/share/tf2_sensor_msgs/cmake)
[8.047s] -- Found std_srvs: 2.0.4 (C:/opt/ros/foxy/x64/share/std_srvs/cmake)
[8.094s] -- Found rosidl_default_generators: 1.0.1 (C:/opt/ros/foxy/x64/share/rosidl_default_generators/cmake)
[8.125s] -- Found nav2_map_server: 0.4.5 (C:/opt/ros/foxy/x64/share/nav2_map_server/cmake)
[8.141s] -- Found rviz_common: 8.2.2 (C:/opt/ros/foxy/x64/share/rviz_common/cmake)
[8.219s] -- Found OGRE
[8.219s] --   static     : OFF
[8.219s] --   components : Bites;MeshLodGenerator;Overlay;Paging;Property;RTShaderSystem;Terrain;Volume
[8.219s] --   plugins    : Plugin_BSPSceneManager;Plugin_OctreeSceneManager;Plugin_PCZSceneManager;Plugin_ParticleFX;RenderSystem_GL;RenderSystem_GL3Plus;RenderSystem_Direct3D11;Codec_STBI;Codec_FreeImage;Codec_EXR
[8.219s] --   media      : C:/opt/ros/foxy/x64/Media
[8.219s] -- OGRE_LIBRARIES: OgreBites;OgreMeshLodGenerator;OgreOverlay;OgrePaging;OgreProperty;OgreRTShaderSystem;OgreTerrain;OgreVolume;OgreMain
[8.219s] -- OGRE_LIBRARY_DIRS: C:/opt/ros/foxy/x64/Lib
[8.219s] -- OGRE_PLUGINS: Plugin_BSPSceneManager;Plugin_OctreeSceneManager;Plugin_PCZSceneManager;Plugin_ParticleFX;RenderSystem_GL;RenderSystem_GL3Plus;RenderSystem_Direct3D11;Codec_STBI;Codec_FreeImage;Codec_EXR
[8.219s] -- OGRE_PLUGIN_DIR: C:/opt/ros/foxy/x64/bin
[8.937s] -- Found rviz_default_plugins: 8.2.2 (C:/opt/ros/foxy/x64/share/rviz_default_plugins/cmake)
[11.812s] CMake Warning (dev) at C:/opt/ros/foxy/x64/Lib/site-packages/cmake/data/share/cmake-3.18/Modules/FindPackageHandleStandardArgs.cmake:273 (message):
[11.812s]   The package name passed to `find_package_handle_standard_args` (CSPARSE)
[11.812s]   does not match the name of the calling package (CSparse).  This can lead to
[11.812s]   problems in calling code that expects `find_package` result variables
[11.812s]   (e.g., `_FOUND`) to follow a certain pattern.
[11.812s] Call Stack (most recent call first):
[11.812s]   CMake/FindCSparse.cmake:24 (find_package_handle_standard_args)
[11.812s]   CMakeLists.txt:77 (find_package)
[11.812s] This warning is for project developers.  Use -Wno-dev to suppress it.
[11.812s] 
[11.812s] -- Could NOT find CSPARSE (missing: CSPARSE_INCLUDE_DIR CSPARSE_LIBRARY) 
[12.109s] CMake Warning (dev) at C:/opt/ros/foxy/x64/Lib/site-packages/cmake/data/share/cmake-3.18/Modules/FindPackageHandleStandardArgs.cmake:273 (message):
[12.109s]   The package name passed to `find_package_handle_standard_args` (CHOLMOD)
[12.109s]   does not match the name of the calling package (Cholmod).  This can lead to
[12.109s]   problems in calling code that expects `find_package` result variables
[12.109s]   (e.g., `_FOUND`) to follow a certain pattern.
[12.109s] Call Stack (most recent call first):
[12.109s]   CMake/FindCholmod.cmake:86 (find_package_handle_standard_args)
[12.109s]   CMakeLists.txt:79 (find_package)
[12.109s] This warning is for project developers.  Use -Wno-dev to suppress it.
[12.109s] 
[12.109s] -- Could NOT find CHOLMOD (missing: CHOLMOD_LIBRARIES) 
[12.406s] -- A library with LAPACK API found.
[12.437s] -- Found installed version of Eigen: C:/opt/ros/foxy/x64/share/eigen3
[12.437s] -- Found required Ceres dependency: Eigen version 3.3.7 in C:/opt/ros/foxy/x64/include/eigen3
[12.719s] -- A library with LAPACK API found.
[12.734s] -- Ceres version 1.14.0 detected here: C:/opt/ros/foxy/x64 was built with C++11. Ceres target will add C++11 flags to compile options for targets using it.
[12.734s] -- Found Ceres version: 1.14.0 installed in: C:/opt/ros/foxy/x64 with components: [EigenSparse, SparseLinearAlgebraLibrary, LAPACK, SuiteSparse, CXSparse, SchurSpecializations, C++11, OpenMP, Multithreading]
[14.469s] -- Found PythonInterp: C:/opt/ros/foxy/x64/python.exe (found version "3.8.3") 
[15.344s] -- Found ament_cmake_ros: 0.9.2 (C:/opt/ros/foxy/x64/share/ament_cmake_ros/cmake)
[15.375s] -- Found TinyXML2 via Config file: C:/opt/ros/foxy/x64/share/tinyxml2
[15.562s] -- Found TinyXML2 via Config file: C:/opt/ros/foxy/x64/share/tinyxml2
[16.031s] -- Found TinyXML2 via Config file: C:/opt/ros/foxy/x64/share/tinyxml2
[16.234s] -- Found TinyXML2 via Config file: C:/opt/ros/foxy/x64/share/tinyxml2
[17.125s] -- Using all available rosidl_typesupport_c: rosidl_typesupport_fastrtps_c;rosidl_typesupport_introspection_c
[17.828s] -- Using all available rosidl_typesupport_cpp: rosidl_typesupport_fastrtps_cpp;rosidl_typesupport_introspection_cpp
[17.922s] -- Found PythonInterp: C:/opt/ros/foxy/x64/python.exe (found suitable version "3.8.3", minimum required is "3.5") 
[17.922s] -- Found python_cmake_module: 0.8.1 (C:/opt/ros/foxy/x64/share/python_cmake_module/cmake)
[18.016s] -- Using PYTHON_EXECUTABLE: C:/opt/ros/foxy/x64/python.exe
[18.016s] -- Using PYTHON_INCLUDE_DIRS: C:/opt/ros/foxy/x64/include/python3.8
[18.016s] -- Using PYTHON_LIBRARIES: C:/opt/ros/foxy/x64/Lib/python38.lib
[18.594s] -- Using numpy include directory: C:\opt\ros\foxy\x64\lib\site-packages\numpy\core\include
[18.859s] -- Configuring done
[23.453s] -- Generating done
[23.484s] -- Build files have been written to: C:/dev_ava/build/slam_toolbox
[23.531s] Invoked command in 'C:\dev_ava\build\slam_toolbox' returned '0': PUBLIC=%PUBLIC%
PyCharm Community Edition=C:\Program Files\JetBrains\PyCharm Community Edition 2020.1.3\bin; C:\opt\ros\foxy\x64\Scripts\cmake.EXE C:\dev_ava\slam_toolbox -DCMAKE_INSTALL_PREFIX=C:\dev_ava\install
[23.547s] Invoking command in 'C:\dev_ava\build\slam_toolbox': CL=/MP PUBLIC=%PUBLIC%
PyCharm Community Edition=C:\Program Files\JetBrains\PyCharm Community Edition 2020.1.3\bin; C:\opt\ros\foxy\x64\Scripts\cmake.EXE --build C:\dev_ava\build\slam_toolbox --config Release
[23.953s] Microsoft (R) Build Engine version 16.11.0+0538acc04 for .NET Framework
[23.953s] Copyright (C) Microsoft Corporation. All rights reserved.
[23.953s] 
[24.750s]   Checking Build System
[25.234s]   Building Custom Rule C:/dev_ava/slam_toolbox/CMakeLists.txt
[25.578s]   Building Custom Rule C:/dev_ava/slam_toolbox/CMakeLists.txt
[25.859s]   slam_toolbox__rosidl_generator_c.vcxproj -> C:\dev_ava\build\slam_toolbox\Release\slam_toolbox__rosidl_generator_c.dll
[26.078s]   Building Custom Rule C:/dev_ava/slam_toolbox/CMakeLists.txt
[26.250s]   slam_toolbox__rosidl_typesupport_c.vcxproj -> C:\dev_ava\build\slam_toolbox\Release\slam_toolbox__rosidl_typesupport_c.dll
[26.437s]   Building Custom Rule C:/dev_ava/slam_toolbox/CMakeLists.txt
[26.578s]   slam_toolbox__rosidl_typesupport_cpp.vcxproj -> C:\dev_ava\build\slam_toolbox\Release\slam_toolbox__rosidl_typesupport_cpp.dll
[26.844s]   Building Custom Rule C:/dev_ava/slam_toolbox/CMakeLists.txt
[27.016s]   slam_toolbox__rosidl_typesupport_fastrtps_cpp.vcxproj -> C:\dev_ava\build\slam_toolbox\Release\slam_toolbox__rosidl_typesupport_fastrtps_cpp.dll
[27.141s]   Building Custom Rule C:/dev_ava/slam_toolbox/CMakeLists.txt
[27.312s]   slam_toolbox__rosidl_typesupport_fastrtps_c.vcxproj -> C:\dev_ava\build\slam_toolbox\Release\slam_toolbox__rosidl_typesupport_fastrtps_c.dll
[27.500s]   Building Custom Rule C:/dev_ava/slam_toolbox/CMakeLists.txt
[27.656s]   slam_toolbox__rosidl_typesupport_introspection_c.vcxproj -> C:\dev_ava\build\slam_toolbox\Release\slam_toolbox__rosidl_typesupport_introspection_c.dll
[27.859s]   Building Custom Rule C:/dev_ava/slam_toolbox/CMakeLists.txt
[28.031s]   slam_toolbox__rosidl_typesupport_introspection_cpp.vcxproj -> C:\dev_ava\build\slam_toolbox\Release\slam_toolbox__rosidl_typesupport_introspection_cpp.dll
[28.219s]   Building Custom Rule C:/dev_ava/slam_toolbox/CMakeLists.txt
[28.531s]   Building Custom Rule C:/dev_ava/slam_toolbox/CMakeLists.txt
[28.734s]   SlamToolboxPlugin.vcxproj -> C:\dev_ava\build\slam_toolbox\Release\SlamToolboxPlugin.dll
[28.937s]   kartoSlamToolbox.vcxproj -> C:\dev_ava\build\slam_toolbox\lib\karto_sdk\Release\kartoSlamToolbox.dll
[29.125s]   Building Custom Rule C:/dev_ava/slam_toolbox/CMakeLists.txt
[29.328s]   Auto build dll exports
[29.453s]   toolbox_common.vcxproj -> C:\dev_ava\build\slam_toolbox\Release\toolbox_common.dll
[29.594s]   Building Custom Rule C:/dev_ava/slam_toolbox/CMakeLists.txt
[29.797s]   Auto build dll exports
[29.891s]   async_slam_toolbox.vcxproj -> C:\dev_ava\build\slam_toolbox\Release\async_slam_toolbox.dll
[30.078s]   Building Custom Rule C:/dev_ava/slam_toolbox/CMakeLists.txt
[30.312s]   async_slam_toolbox_node.vcxproj -> C:\dev_ava\build\slam_toolbox\Release\async_slam_toolbox_node.exe
[30.484s]   Building Custom Rule C:/dev_ava/slam_toolbox/CMakeLists.txt
[30.703s]   ceres_solver_plugin.vcxproj -> C:\dev_ava\build\slam_toolbox\Release\ceres_solver_plugin.dll
[30.891s]   Building Custom Rule C:/dev_ava/slam_toolbox/CMakeLists.txt
[31.109s]   Auto build dll exports
[31.219s]   lifelong_slam_toolbox.vcxproj -> C:\dev_ava\build\slam_toolbox\Release\lifelong_slam_toolbox.dll
[31.437s]   Building Custom Rule C:/dev_ava/slam_toolbox/CMakeLists.txt
[31.656s]   lifelong_slam_toolbox_node.vcxproj -> C:\dev_ava\build\slam_toolbox\Release\lifelong_slam_toolbox_node.exe
[31.844s]   Building Custom Rule C:/dev_ava/slam_toolbox/CMakeLists.txt
[32.047s]   Auto build dll exports
[32.156s]   localization_slam_toolbox.vcxproj -> C:\dev_ava\build\slam_toolbox\Release\localization_slam_toolbox.dll
[32.344s]   Building Custom Rule C:/dev_ava/slam_toolbox/CMakeLists.txt
[32.562s]   localization_slam_toolbox_node.vcxproj -> C:\dev_ava\build\slam_toolbox\Release\localization_slam_toolbox_node.exe
[32.750s]   Building Custom Rule C:/dev_ava/slam_toolbox/CMakeLists.txt
[32.953s]   merge_maps_kinematic.vcxproj -> C:\dev_ava\build\slam_toolbox\Release\merge_maps_kinematic.exe
[33.250s]   Building Custom Rule C:/dev_ava/slam_toolbox/CMakeLists.txt
[33.437s]   slam_toolbox__python.vcxproj -> C:\dev_ava\build\slam_toolbox\rosidl_generator_py\slam_toolbox\slam_toolbox__python.dll
[33.625s]   Building Custom Rule C:/dev_ava/slam_toolbox/CMakeLists.txt
[33.781s]   slam_toolbox__rosidl_typesupport_c__pyext.vcxproj -> C:\dev_ava\build\slam_toolbox\rosidl_generator_py\slam_toolbox\slam_toolbox_s__rosidl_typesupport_c.pyd
[33.969s]   Building Custom Rule C:/dev_ava/slam_toolbox/CMakeLists.txt
[34.125s]   slam_toolbox__rosidl_typesupport_fastrtps_c__pyext.vcxproj -> C:\dev_ava\build\slam_toolbox\rosidl_generator_py\slam_toolbox\slam_toolbox_s__rosidl_typesupport_fastrtps_c.pyd
[34.312s]   Building Custom Rule C:/dev_ava/slam_toolbox/CMakeLists.txt
[34.453s]   slam_toolbox__rosidl_typesupport_introspection_c__pyext.vcxproj -> C:\dev_ava\build\slam_toolbox\rosidl_generator_py\slam_toolbox\slam_toolbox_s__rosidl_typesupport_introspection_c.pyd
[34.625s]   Building Custom Rule C:/dev_ava/slam_toolbox/CMakeLists.txt
[34.828s]   Auto build dll exports
[34.937s]   sync_slam_toolbox.vcxproj -> C:\dev_ava\build\slam_toolbox\Release\sync_slam_toolbox.dll
[35.125s]   Building Custom Rule C:/dev_ava/slam_toolbox/CMakeLists.txt
[35.344s]   sync_slam_toolbox_node.vcxproj -> C:\dev_ava\build\slam_toolbox\Release\sync_slam_toolbox_node.exe
[35.469s]   Building Custom Rule C:/dev_ava/slam_toolbox/CMakeLists.txt
[35.672s] Invoked command in 'C:\dev_ava\build\slam_toolbox' returned '0': CL=/MP PUBLIC=%PUBLIC%
PyCharm Community Edition=C:\Program Files\JetBrains\PyCharm Community Edition 2020.1.3\bin; C:\opt\ros\foxy\x64\Scripts\cmake.EXE --build C:\dev_ava\build\slam_toolbox --config Release
[35.672s] Invoking command in 'C:\dev_ava\build\slam_toolbox': PUBLIC=%PUBLIC%
PyCharm Community Edition=C:\Program Files\JetBrains\PyCharm Community Edition 2020.1.3\bin; C:\opt\ros\foxy\x64\Scripts\cmake.EXE --install C:\dev_ava\build\slam_toolbox --config Release
[35.828s] -- Up-to-date: C:/dev_ava/install/share/ament_index/resource_index/rosidl_interfaces/slam_toolbox
[35.828s] -- Up-to-date: C:/dev_ava/install/include/slam_toolbox
[35.844s] -- Up-to-date: C:/dev_ava/install/include/slam_toolbox/msg
[35.844s] -- Up-to-date: C:/dev_ava/install/include/slam_toolbox/msg/rosidl_generator_c__visibility_control.h
[35.844s] -- Up-to-date: C:/dev_ava/install/include/slam_toolbox/srv
[35.844s] -- Up-to-date: C:/dev_ava/install/include/slam_toolbox/srv/add_submap.h
[35.844s] -- Up-to-date: C:/dev_ava/install/include/slam_toolbox/srv/clear.h
[35.844s] -- Up-to-date: C:/dev_ava/install/include/slam_toolbox/srv/clear_queue.h
[35.844s] -- Up-to-date: C:/dev_ava/install/include/slam_toolbox/srv/deserialize_pose_graph.h
[35.844s] -- Up-to-date: C:/dev_ava/install/include/slam_toolbox/srv/detail
[35.844s] -- Up-to-date: C:/dev_ava/install/include/slam_toolbox/srv/detail/add_submap__functions.c
[35.844s] -- Up-to-date: C:/dev_ava/install/include/slam_toolbox/srv/detail/add_submap__functions.h
[35.859s] -- Up-to-date: C:/dev_ava/install/include/slam_toolbox/srv/detail/add_submap__struct.h
[35.859s] -- Up-to-date: C:/dev_ava/install/include/slam_toolbox/srv/detail/add_submap__type_support.h
[35.875s] -- Up-to-date: C:/dev_ava/install/include/slam_toolbox/srv/detail/clear_queue__functions.c
[35.875s] -- Up-to-date: C:/dev_ava/install/include/slam_toolbox/srv/detail/clear_queue__functions.h
[35.875s] -- Up-to-date: C:/dev_ava/install/include/slam_toolbox/srv/detail/clear_queue__struct.h
[35.875s] -- Up-to-date: C:/dev_ava/install/include/slam_toolbox/srv/detail/clear_queue__type_support.h
[35.875s] -- Up-to-date: C:/dev_ava/install/include/slam_toolbox/srv/detail/clear__functions.c
[35.875s] -- Up-to-date: C:/dev_ava/install/include/slam_toolbox/srv/detail/clear__functions.h
[35.875s] -- Up-to-date: C:/dev_ava/install/include/slam_toolbox/srv/detail/clear__struct.h
[35.875s] -- Up-to-date: C:/dev_ava/install/include/slam_toolbox/srv/detail/clear__type_support.h
[35.891s] -- Up-to-date: C:/dev_ava/install/include/slam_toolbox/srv/detail/deserialize_pose_graph__functions.c
[35.906s] -- Up-to-date: C:/dev_ava/install/include/slam_toolbox/srv/detail/deserialize_pose_graph__functions.h
[35.906s] -- Up-to-date: C:/dev_ava/install/include/slam_toolbox/srv/detail/deserialize_pose_graph__struct.h
[35.906s] -- Up-to-date: C:/dev_ava/install/include/slam_toolbox/srv/detail/deserialize_pose_graph__type_support.h
[35.906s] -- Up-to-date: C:/dev_ava/install/include/slam_toolbox/srv/detail/loop_closure__functions.c
[35.906s] -- Up-to-date: C:/dev_ava/install/include/slam_toolbox/srv/detail/loop_closure__functions.h
[35.906s] -- Up-to-date: C:/dev_ava/install/include/slam_toolbox/srv/detail/loop_closure__struct.h
[35.906s] -- Up-to-date: C:/dev_ava/install/include/slam_toolbox/srv/detail/loop_closure__type_support.h
[35.906s] -- Up-to-date: C:/dev_ava/install/include/slam_toolbox/srv/detail/merge_maps__functions.c
[35.922s] -- Up-to-date: C:/dev_ava/install/include/slam_toolbox/srv/detail/merge_maps__functions.h
[35.922s] -- Up-to-date: C:/dev_ava/install/include/slam_toolbox/srv/detail/merge_maps__struct.h
[35.922s] -- Up-to-date: C:/dev_ava/install/include/slam_toolbox/srv/detail/merge_maps__type_support.h
[35.922s] -- Up-to-date: C:/dev_ava/install/include/slam_toolbox/srv/detail/pause__functions.c
[35.922s] -- Up-to-date: C:/dev_ava/install/include/slam_toolbox/srv/detail/pause__functions.h
[35.922s] -- Up-to-date: C:/dev_ava/install/include/slam_toolbox/srv/detail/pause__struct.h
[35.922s] -- Up-to-date: C:/dev_ava/install/include/slam_toolbox/srv/detail/pause__type_support.h
[35.937s] -- Up-to-date: C:/dev_ava/install/include/slam_toolbox/srv/detail/save_map__functions.c
[35.937s] -- Up-to-date: C:/dev_ava/install/include/slam_toolbox/srv/detail/save_map__functions.h
[35.937s] -- Up-to-date: C:/dev_ava/install/include/slam_toolbox/srv/detail/save_map__struct.h
[35.937s] -- Up-to-date: C:/dev_ava/install/include/slam_toolbox/srv/detail/save_map__type_support.h
[35.937s] -- Up-to-date: C:/dev_ava/install/include/slam_toolbox/srv/detail/serialize_pose_graph__functions.c
[35.953s] -- Up-to-date: C:/dev_ava/install/include/slam_toolbox/srv/detail/serialize_pose_graph__functions.h
[35.953s] -- Up-to-date: C:/dev_ava/install/include/slam_toolbox/srv/detail/serialize_pose_graph__struct.h
[35.953s] -- Up-to-date: C:/dev_ava/install/include/slam_toolbox/srv/detail/serialize_pose_graph__type_support.h
[35.953s] -- Up-to-date: C:/dev_ava/install/include/slam_toolbox/srv/detail/toggle_interactive__functions.c
[35.969s] -- Up-to-date: C:/dev_ava/install/include/slam_toolbox/srv/detail/toggle_interactive__functions.h
[35.969s] -- Up-to-date: C:/dev_ava/install/include/slam_toolbox/srv/detail/toggle_interactive__struct.h
[35.969s] -- Up-to-date: C:/dev_ava/install/include/slam_toolbox/srv/detail/toggle_interactive__type_support.h
[35.969s] -- Up-to-date: C:/dev_ava/install/include/slam_toolbox/srv/loop_closure.h
[35.969s] -- Up-to-date: C:/dev_ava/install/include/slam_toolbox/srv/merge_maps.h
[35.984s] -- Up-to-date: C:/dev_ava/install/include/slam_toolbox/srv/pause.h
[35.984s] -- Up-to-date: C:/dev_ava/install/include/slam_toolbox/srv/save_map.h
[35.984s] -- Up-to-date: C:/dev_ava/install/include/slam_toolbox/srv/serialize_pose_graph.h
[35.984s] -- Up-to-date: C:/dev_ava/install/include/slam_toolbox/srv/toggle_interactive.h
[35.984s] -- Up-to-date: C:/dev_ava/install/lib/slam_toolbox__rosidl_generator_c.lib
[36.016s] -- Up-to-date: C:/dev_ava/install/bin/slam_toolbox__rosidl_generator_c.dll
[36.016s] -- Up-to-date: C:/dev_ava/install/include/slam_toolbox
[36.016s] -- Up-to-date: C:/dev_ava/install/include/slam_toolbox/msg
[36.016s] -- Up-to-date: C:/dev_ava/install/include/slam_toolbox/msg/rosidl_typesupport_fastrtps_c__visibility_control.h
[36.016s] -- Up-to-date: C:/dev_ava/install/include/slam_toolbox/srv
[36.016s] -- Up-to-date: C:/dev_ava/install/include/slam_toolbox/srv/detail
[36.016s] -- Up-to-date: C:/dev_ava/install/include/slam_toolbox/srv/detail/add_submap__rosidl_typesupport_fastrtps_c.h
[36.016s] -- Up-to-date: C:/dev_ava/install/include/slam_toolbox/srv/detail/clear_queue__rosidl_typesupport_fastrtps_c.h
[36.016s] -- Up-to-date: C:/dev_ava/install/include/slam_toolbox/srv/detail/clear__rosidl_typesupport_fastrtps_c.h
[36.031s] -- Up-to-date: C:/dev_ava/install/include/slam_toolbox/srv/detail/deserialize_pose_graph__rosidl_typesupport_fastrtps_c.h
[36.031s] -- Up-to-date: C:/dev_ava/install/include/slam_toolbox/srv/detail/loop_closure__rosidl_typesupport_fastrtps_c.h
[36.031s] -- Up-to-date: C:/dev_ava/install/include/slam_toolbox/srv/detail/merge_maps__rosidl_typesupport_fastrtps_c.h
[36.031s] -- Up-to-date: C:/dev_ava/install/include/slam_toolbox/srv/detail/pause__rosidl_typesupport_fastrtps_c.h
[36.031s] -- Up-to-date: C:/dev_ava/install/include/slam_toolbox/srv/detail/save_map__rosidl_typesupport_fastrtps_c.h
[36.031s] -- Up-to-date: C:/dev_ava/install/include/slam_toolbox/srv/detail/serialize_pose_graph__rosidl_typesupport_fastrtps_c.h
[36.031s] -- Up-to-date: C:/dev_ava/install/include/slam_toolbox/srv/detail/toggle_interactive__rosidl_typesupport_fastrtps_c.h
[36.031s] -- Up-to-date: C:/dev_ava/install/lib/slam_toolbox__rosidl_typesupport_fastrtps_c.lib
[36.047s] -- Up-to-date: C:/dev_ava/install/bin/slam_toolbox__rosidl_typesupport_fastrtps_c.dll
[36.047s] -- Up-to-date: C:/dev_ava/install/include/slam_toolbox
[36.047s] -- Up-to-date: C:/dev_ava/install/include/slam_toolbox/msg
[36.047s] -- Up-to-date: C:/dev_ava/install/include/slam_toolbox/msg/rosidl_typesupport_fastrtps_cpp__visibility_control.h
[36.062s] -- Up-to-date: C:/dev_ava/install/include/slam_toolbox/srv
[36.062s] -- Up-to-date: C:/dev_ava/install/include/slam_toolbox/srv/detail
[36.062s] -- Up-to-date: C:/dev_ava/install/include/slam_toolbox/srv/detail/add_submap__rosidl_typesupport_fastrtps_cpp.hpp
[36.062s] -- Up-to-date: C:/dev_ava/install/include/slam_toolbox/srv/detail/clear_queue__rosidl_typesupport_fastrtps_cpp.hpp
[36.062s] -- Up-to-date: C:/dev_ava/install/include/slam_toolbox/srv/detail/clear__rosidl_typesupport_fastrtps_cpp.hpp
[36.062s] -- Up-to-date: C:/dev_ava/install/include/slam_toolbox/srv/detail/dds_fastrtps
[36.062s] -- Up-to-date: C:/dev_ava/install/include/slam_toolbox/srv/detail/deserialize_pose_graph__rosidl_typesupport_fastrtps_cpp.hpp
[36.078s] -- Up-to-date: C:/dev_ava/install/include/slam_toolbox/srv/detail/loop_closure__rosidl_typesupport_fastrtps_cpp.hpp
[36.078s] -- Up-to-date: C:/dev_ava/install/include/slam_toolbox/srv/detail/merge_maps__rosidl_typesupport_fastrtps_cpp.hpp
[36.078s] -- Up-to-date: C:/dev_ava/install/include/slam_toolbox/srv/detail/pause__rosidl_typesupport_fastrtps_cpp.hpp
[36.078s] -- Up-to-date: C:/dev_ava/install/include/slam_toolbox/srv/detail/save_map__rosidl_typesupport_fastrtps_cpp.hpp
[36.078s] -- Up-to-date: C:/dev_ava/install/include/slam_toolbox/srv/detail/serialize_pose_graph__rosidl_typesupport_fastrtps_cpp.hpp
[36.078s] -- Up-to-date: C:/dev_ava/install/include/slam_toolbox/srv/detail/toggle_interactive__rosidl_typesupport_fastrtps_cpp.hpp
[36.078s] -- Up-to-date: C:/dev_ava/install/lib/slam_toolbox__rosidl_typesupport_fastrtps_cpp.lib
[36.094s] -- Up-to-date: C:/dev_ava/install/bin/slam_toolbox__rosidl_typesupport_fastrtps_cpp.dll
[36.109s] -- Up-to-date: C:/dev_ava/install/include/slam_toolbox
[36.109s] -- Up-to-date: C:/dev_ava/install/include/slam_toolbox/msg
[36.109s] -- Up-to-date: C:/dev_ava/install/include/slam_toolbox/msg/rosidl_typesupport_introspection_c__visibility_control.h
[36.109s] -- Up-to-date: C:/dev_ava/install/include/slam_toolbox/srv
[36.109s] -- Up-to-date: C:/dev_ava/install/include/slam_toolbox/srv/detail
[36.109s] -- Up-to-date: C:/dev_ava/install/include/slam_toolbox/srv/detail/add_submap__rosidl_typesupport_introspection_c.h
[36.109s] -- Up-to-date: C:/dev_ava/install/include/slam_toolbox/srv/detail/add_submap__type_support.c
[36.109s] -- Up-to-date: C:/dev_ava/install/include/slam_toolbox/srv/detail/clear_queue__rosidl_typesupport_introspection_c.h
[36.125s] -- Up-to-date: C:/dev_ava/install/include/slam_toolbox/srv/detail/clear_queue__type_support.c
[36.125s] -- Up-to-date: C:/dev_ava/install/include/slam_toolbox/srv/detail/clear__rosidl_typesupport_introspection_c.h
[36.125s] -- Up-to-date: C:/dev_ava/install/include/slam_toolbox/srv/detail/clear__type_support.c
[36.125s] -- Up-to-date: C:/dev_ava/install/include/slam_toolbox/srv/detail/deserialize_pose_graph__rosidl_typesupport_introspection_c.h
[36.141s] -- Up-to-date: C:/dev_ava/install/include/slam_toolbox/srv/detail/deserialize_pose_graph__type_support.c
[36.141s] -- Up-to-date: C:/dev_ava/install/include/slam_toolbox/srv/detail/loop_closure__rosidl_typesupport_introspection_c.h
[36.141s] -- Up-to-date: C:/dev_ava/install/include/slam_toolbox/srv/detail/loop_closure__type_support.c
[36.141s] -- Up-to-date: C:/dev_ava/install/include/slam_toolbox/srv/detail/merge_maps__rosidl_typesupport_introspection_c.h
[36.156s] -- Up-to-date: C:/dev_ava/install/include/slam_toolbox/srv/detail/merge_maps__type_support.c
[36.156s] -- Up-to-date: C:/dev_ava/install/include/slam_toolbox/srv/detail/pause__rosidl_typesupport_introspection_c.h
[36.156s] -- Up-to-date: C:/dev_ava/install/include/slam_toolbox/srv/detail/pause__type_support.c
[36.156s] -- Up-to-date: C:/dev_ava/install/include/slam_toolbox/srv/detail/save_map__rosidl_typesupport_introspection_c.h
[36.156s] -- Up-to-date: C:/dev_ava/install/include/slam_toolbox/srv/detail/save_map__type_support.c
[36.172s] -- Up-to-date: C:/dev_ava/install/include/slam_toolbox/srv/detail/serialize_pose_graph__rosidl_typesupport_introspection_c.h
[36.172s] -- Up-to-date: C:/dev_ava/install/include/slam_toolbox/srv/detail/serialize_pose_graph__type_support.c
[36.172s] -- Up-to-date: C:/dev_ava/install/include/slam_toolbox/srv/detail/toggle_interactive__rosidl_typesupport_introspection_c.h
[36.187s] -- Up-to-date: C:/dev_ava/install/include/slam_toolbox/srv/detail/toggle_interactive__type_support.c
[36.187s] -- Up-to-date: C:/dev_ava/install/lib/slam_toolbox__rosidl_typesupport_introspection_c.lib
[36.203s] -- Up-to-date: C:/dev_ava/install/bin/slam_toolbox__rosidl_typesupport_introspection_c.dll
[36.203s] -- Up-to-date: C:/dev_ava/install/lib/slam_toolbox__rosidl_typesupport_c.lib
[36.234s] -- Up-to-date: C:/dev_ava/install/bin/slam_toolbox__rosidl_typesupport_c.dll
[36.234s] -- Up-to-date: C:/dev_ava/install/include/slam_toolbox
[36.234s] -- Up-to-date: C:/dev_ava/install/include/slam_toolbox/srv
[36.234s] -- Up-to-date: C:/dev_ava/install/include/slam_toolbox/srv/add_submap.hpp
[36.234s] -- Up-to-date: C:/dev_ava/install/include/slam_toolbox/srv/clear.hpp
[36.234s] -- Up-to-date: C:/dev_ava/install/include/slam_toolbox/srv/clear_queue.hpp
[36.234s] -- Up-to-date: C:/dev_ava/install/include/slam_toolbox/srv/deserialize_pose_graph.hpp
[36.234s] -- Up-to-date: C:/dev_ava/install/include/slam_toolbox/srv/detail
[36.234s] -- Up-to-date: C:/dev_ava/install/include/slam_toolbox/srv/detail/add_submap__builder.hpp
[36.250s] -- Up-to-date: C:/dev_ava/install/include/slam_toolbox/srv/detail/add_submap__struct.hpp
[36.250s] -- Up-to-date: C:/dev_ava/install/include/slam_toolbox/srv/detail/add_submap__traits.hpp
[36.250s] -- Up-to-date: C:/dev_ava/install/include/slam_toolbox/srv/detail/clear_queue__builder.hpp
[36.250s] -- Up-to-date: C:/dev_ava/install/include/slam_toolbox/srv/detail/clear_queue__struct.hpp
[36.250s] -- Up-to-date: C:/dev_ava/install/include/slam_toolbox/srv/detail/clear_queue__traits.hpp
[36.250s] -- Up-to-date: C:/dev_ava/install/include/slam_toolbox/srv/detail/clear__builder.hpp
[36.266s] -- Up-to-date: C:/dev_ava/install/include/slam_toolbox/srv/detail/clear__struct.hpp
[36.266s] -- Up-to-date: C:/dev_ava/install/include/slam_toolbox/srv/detail/clear__traits.hpp
[36.266s] -- Up-to-date: C:/dev_ava/install/include/slam_toolbox/srv/detail/deserialize_pose_graph__builder.hpp
[36.281s] -- Up-to-date: C:/dev_ava/install/include/slam_toolbox/srv/detail/deserialize_pose_graph__struct.hpp
[36.281s] -- Up-to-date: C:/dev_ava/install/include/slam_toolbox/srv/detail/deserialize_pose_graph__traits.hpp
[36.281s] -- Up-to-date: C:/dev_ava/install/include/slam_toolbox/srv/detail/loop_closure__builder.hpp
[36.281s] -- Up-to-date: C:/dev_ava/install/include/slam_toolbox/srv/detail/loop_closure__struct.hpp
[36.281s] -- Up-to-date: C:/dev_ava/install/include/slam_toolbox/srv/detail/loop_closure__traits.hpp
[36.281s] -- Up-to-date: C:/dev_ava/install/include/slam_toolbox/srv/detail/merge_maps__builder.hpp
[36.297s] -- Up-to-date: C:/dev_ava/install/include/slam_toolbox/srv/detail/merge_maps__struct.hpp
[36.297s] -- Up-to-date: C:/dev_ava/install/include/slam_toolbox/srv/detail/merge_maps__traits.hpp
[36.297s] -- Up-to-date: C:/dev_ava/install/include/slam_toolbox/srv/detail/pause__builder.hpp
[36.297s] -- Up-to-date: C:/dev_ava/install/include/slam_toolbox/srv/detail/pause__struct.hpp
[36.297s] -- Up-to-date: C:/dev_ava/install/include/slam_toolbox/srv/detail/pause__traits.hpp
[36.297s] -- Up-to-date: C:/dev_ava/install/include/slam_toolbox/srv/detail/save_map__builder.hpp
[36.297s] -- Up-to-date: C:/dev_ava/install/include/slam_toolbox/srv/detail/save_map__struct.hpp
[36.312s] -- Up-to-date: C:/dev_ava/install/include/slam_toolbox/srv/detail/save_map__traits.hpp
[36.312s] -- Up-to-date: C:/dev_ava/install/include/slam_toolbox/srv/detail/serialize_pose_graph__builder.hpp
[36.312s] -- Up-to-date: C:/dev_ava/install/include/slam_toolbox/srv/detail/serialize_pose_graph__struct.hpp
[36.312s] -- Up-to-date: C:/dev_ava/install/include/slam_toolbox/srv/detail/serialize_pose_graph__traits.hpp
[36.312s] -- Up-to-date: C:/dev_ava/install/include/slam_toolbox/srv/detail/toggle_interactive__builder.hpp
[36.328s] -- Up-to-date: C:/dev_ava/install/include/slam_toolbox/srv/detail/toggle_interactive__struct.hpp
[36.328s] -- Up-to-date: C:/dev_ava/install/include/slam_toolbox/srv/detail/toggle_interactive__traits.hpp
[36.328s] -- Up-to-date: C:/dev_ava/install/include/slam_toolbox/srv/loop_closure.hpp
[36.328s] -- Up-to-date: C:/dev_ava/install/include/slam_toolbox/srv/merge_maps.hpp
[36.328s] -- Up-to-date: C:/dev_ava/install/include/slam_toolbox/srv/pause.hpp
[36.328s] -- Up-to-date: C:/dev_ava/install/include/slam_toolbox/srv/save_map.hpp
[36.328s] -- Up-to-date: C:/dev_ava/install/include/slam_toolbox/srv/serialize_pose_graph.hpp
[36.328s] -- Up-to-date: C:/dev_ava/install/include/slam_toolbox/srv/toggle_interactive.hpp
[36.344s] -- Up-to-date: C:/dev_ava/install/include/slam_toolbox
[36.344s] -- Up-to-date: C:/dev_ava/install/include/slam_toolbox/srv
[36.344s] -- Up-to-date: C:/dev_ava/install/include/slam_toolbox/srv/detail
[36.344s] -- Up-to-date: C:/dev_ava/install/include/slam_toolbox/srv/detail/add_submap__rosidl_typesupport_introspection_cpp.hpp
[36.344s] -- Up-to-date: C:/dev_ava/install/include/slam_toolbox/srv/detail/add_submap__type_support.cpp
[36.344s] -- Up-to-date: C:/dev_ava/install/include/slam_toolbox/srv/detail/clear_queue__rosidl_typesupport_introspection_cpp.hpp
[36.359s] -- Up-to-date: C:/dev_ava/install/include/slam_toolbox/srv/detail/clear_queue__type_support.cpp
[36.359s] -- Up-to-date: C:/dev_ava/install/include/slam_toolbox/srv/detail/clear__rosidl_typesupport_introspection_cpp.hpp
[36.359s] -- Up-to-date: C:/dev_ava/install/include/slam_toolbox/srv/detail/clear__type_support.cpp
[36.359s] -- Up-to-date: C:/dev_ava/install/include/slam_toolbox/srv/detail/deserialize_pose_graph__rosidl_typesupport_introspection_cpp.hpp
[36.375s] -- Up-to-date: C:/dev_ava/install/include/slam_toolbox/srv/detail/deserialize_pose_graph__type_support.cpp
[36.375s] -- Up-to-date: C:/dev_ava/install/include/slam_toolbox/srv/detail/loop_closure__rosidl_typesupport_introspection_cpp.hpp
[36.375s] -- Up-to-date: C:/dev_ava/install/include/slam_toolbox/srv/detail/loop_closure__type_support.cpp
[36.375s] -- Up-to-date: C:/dev_ava/install/include/slam_toolbox/srv/detail/merge_maps__rosidl_typesupport_introspection_cpp.hpp
[36.391s] -- Up-to-date: C:/dev_ava/install/include/slam_toolbox/srv/detail/merge_maps__type_support.cpp
[36.391s] -- Up-to-date: C:/dev_ava/install/include/slam_toolbox/srv/detail/pause__rosidl_typesupport_introspection_cpp.hpp
[36.391s] -- Up-to-date: C:/dev_ava/install/include/slam_toolbox/srv/detail/pause__type_support.cpp
[36.391s] -- Up-to-date: C:/dev_ava/install/include/slam_toolbox/srv/detail/save_map__rosidl_typesupport_introspection_cpp.hpp
[36.406s] -- Up-to-date: C:/dev_ava/install/include/slam_toolbox/srv/detail/save_map__type_support.cpp
[36.406s] -- Up-to-date: C:/dev_ava/install/include/slam_toolbox/srv/detail/serialize_pose_graph__rosidl_typesupport_introspection_cpp.hpp
[36.406s] -- Up-to-date: C:/dev_ava/install/include/slam_toolbox/srv/detail/serialize_pose_graph__type_support.cpp
[36.422s] -- Up-to-date: C:/dev_ava/install/include/slam_toolbox/srv/detail/toggle_interactive__rosidl_typesupport_introspection_cpp.hpp
[36.422s] -- Up-to-date: C:/dev_ava/install/include/slam_toolbox/srv/detail/toggle_interactive__type_support.cpp
[36.422s] -- Up-to-date: C:/dev_ava/install/lib/slam_toolbox__rosidl_typesupport_introspection_cpp.lib
[36.437s] -- Up-to-date: C:/dev_ava/install/bin/slam_toolbox__rosidl_typesupport_introspection_cpp.dll
[36.453s] -- Up-to-date: C:/dev_ava/install/lib/slam_toolbox__rosidl_typesupport_cpp.lib
[36.469s] -- Up-to-date: C:/dev_ava/install/bin/slam_toolbox__rosidl_typesupport_cpp.dll
[36.469s] -- Up-to-date: C:/dev_ava/install/share/slam_toolbox/environment/pythonpath.bat
[36.469s] -- Installing: C:/dev_ava/install/share/slam_toolbox/environment/pythonpath.dsv
[36.469s] -- Installing: C:/dev_ava/install/Lib/site-packages/slam_toolbox/__init__.py
[36.594s] Compiling 'C:/dev_ava/install/Lib/site-packages/slam_toolbox/__init__.py'...
[36.609s] -- Up-to-date: C:/dev_ava/install/Lib/site-packages/slam_toolbox/srv
[36.609s] -- Up-to-date: C:/dev_ava/install/Lib/site-packages/slam_toolbox/srv/_add_submap.py
[36.609s] -- Up-to-date: C:/dev_ava/install/Lib/site-packages/slam_toolbox/srv/_add_submap_s.c
[36.625s] -- Up-to-date: C:/dev_ava/install/Lib/site-packages/slam_toolbox/srv/_clear.py
[36.625s] -- Up-to-date: C:/dev_ava/install/Lib/site-packages/slam_toolbox/srv/_clear_queue.py
[36.625s] -- Up-to-date: C:/dev_ava/install/Lib/site-packages/slam_toolbox/srv/_clear_queue_s.c
[36.641s] -- Up-to-date: C:/dev_ava/install/Lib/site-packages/slam_toolbox/srv/_clear_s.c
[36.641s] -- Up-to-date: C:/dev_ava/install/Lib/site-packages/slam_toolbox/srv/_deserialize_pose_graph.py
[36.641s] -- Up-to-date: C:/dev_ava/install/Lib/site-packages/slam_toolbox/srv/_deserialize_pose_graph_s.c
[36.656s] -- Up-to-date: C:/dev_ava/install/Lib/site-packages/slam_toolbox/srv/_loop_closure.py
[36.656s] -- Up-to-date: C:/dev_ava/install/Lib/site-packages/slam_toolbox/srv/_loop_closure_s.c
[36.656s] -- Up-to-date: C:/dev_ava/install/Lib/site-packages/slam_toolbox/srv/_merge_maps.py
[36.672s] -- Up-to-date: C:/dev_ava/install/Lib/site-packages/slam_toolbox/srv/_merge_maps_s.c
[36.672s] -- Up-to-date: C:/dev_ava/install/Lib/site-packages/slam_toolbox/srv/_pause.py
[36.672s] -- Up-to-date: C:/dev_ava/install/Lib/site-packages/slam_toolbox/srv/_pause_s.c
[36.687s] -- Up-to-date: C:/dev_ava/install/Lib/site-packages/slam_toolbox/srv/_save_map.py
[36.687s] -- Up-to-date: C:/dev_ava/install/Lib/site-packages/slam_toolbox/srv/_save_map_s.c
[36.687s] -- Up-to-date: C:/dev_ava/install/Lib/site-packages/slam_toolbox/srv/_serialize_pose_graph.py
[36.703s] -- Up-to-date: C:/dev_ava/install/Lib/site-packages/slam_toolbox/srv/_serialize_pose_graph_s.c
[36.703s] -- Up-to-date: C:/dev_ava/install/Lib/site-packages/slam_toolbox/srv/_toggle_interactive.py
[36.703s] -- Up-to-date: C:/dev_ava/install/Lib/site-packages/slam_toolbox/srv/_toggle_interactive_s.c
[36.703s] -- Up-to-date: C:/dev_ava/install/Lib/site-packages/slam_toolbox/srv/__init__.py
[36.703s] -- Up-to-date: C:/dev_ava/install/Lib/site-packages/slam_toolbox/slam_toolbox_s__rosidl_typesupport_fastrtps_c.lib
[36.734s] -- Up-to-date: C:/dev_ava/install/Lib/site-packages/slam_toolbox/slam_toolbox_s__rosidl_typesupport_fastrtps_c.pyd
[36.734s] -- Up-to-date: C:/dev_ava/install/Lib/site-packages/slam_toolbox/slam_toolbox_s__rosidl_typesupport_introspection_c.lib
[36.750s] -- Up-to-date: C:/dev_ava/install/Lib/site-packages/slam_toolbox/slam_toolbox_s__rosidl_typesupport_introspection_c.pyd
[36.750s] -- Up-to-date: C:/dev_ava/install/Lib/site-packages/slam_toolbox/slam_toolbox_s__rosidl_typesupport_c.lib
[36.766s] -- Up-to-date: C:/dev_ava/install/Lib/site-packages/slam_toolbox/slam_toolbox_s__rosidl_typesupport_c.pyd
[36.766s] -- Up-to-date: C:/dev_ava/install/lib/slam_toolbox__python.lib
[36.781s] -- Up-to-date: C:/dev_ava/install/bin/slam_toolbox__python.dll
[36.781s] -- Up-to-date: C:/dev_ava/install/share/slam_toolbox/srv/Pause.idl
[36.781s] -- Up-to-date: C:/dev_ava/install/share/slam_toolbox/srv/ClearQueue.idl
[36.781s] -- Up-to-date: C:/dev_ava/install/share/slam_toolbox/srv/ToggleInteractive.idl
[36.781s] -- Up-to-date: C:/dev_ava/install/share/slam_toolbox/srv/Clear.idl
[36.797s] -- Up-to-date: C:/dev_ava/install/share/slam_toolbox/srv/SaveMap.idl
[36.797s] -- Up-to-date: C:/dev_ava/install/share/slam_toolbox/srv/LoopClosure.idl
[36.797s] -- Up-to-date: C:/dev_ava/install/share/slam_toolbox/srv/MergeMaps.idl
[36.797s] -- Up-to-date: C:/dev_ava/install/share/slam_toolbox/srv/AddSubmap.idl
[36.797s] -- Up-to-date: C:/dev_ava/install/share/slam_toolbox/srv/DeserializePoseGraph.idl
[36.812s] -- Up-to-date: C:/dev_ava/install/share/slam_toolbox/srv/SerializePoseGraph.idl
[36.812s] -- Up-to-date: C:/dev_ava/install/share/slam_toolbox/srvs/Pause.srv
[36.812s] -- Up-to-date: C:/dev_ava/install/share/slam_toolbox/srvs/Pause_Request.msg
[36.812s] -- Up-to-date: C:/dev_ava/install/share/slam_toolbox/srvs/Pause_Response.msg
[36.812s] -- Up-to-date: C:/dev_ava/install/share/slam_toolbox/srvs/ClearQueue.srv
[36.812s] -- Up-to-date: C:/dev_ava/install/share/slam_toolbox/srvs/ClearQueue_Request.msg
[36.812s] -- Up-to-date: C:/dev_ava/install/share/slam_toolbox/srvs/ClearQueue_Response.msg
[36.812s] -- Up-to-date: C:/dev_ava/install/share/slam_toolbox/srvs/ToggleInteractive.srv
[36.812s] -- Up-to-date: C:/dev_ava/install/share/slam_toolbox/srvs/ToggleInteractive_Request.msg
[36.812s] -- Up-to-date: C:/dev_ava/install/share/slam_toolbox/srvs/ToggleInteractive_Response.msg
[36.812s] -- Up-to-date: C:/dev_ava/install/share/slam_toolbox/srvs/Clear.srv
[36.828s] -- Up-to-date: C:/dev_ava/install/share/slam_toolbox/srvs/Clear_Request.msg
[36.828s] -- Up-to-date: C:/dev_ava/install/share/slam_toolbox/srvs/Clear_Response.msg
[36.828s] -- Up-to-date: C:/dev_ava/install/share/slam_toolbox/srvs/SaveMap.srv
[36.828s] -- Up-to-date: C:/dev_ava/install/share/slam_toolbox/srvs/SaveMap_Request.msg
[36.828s] -- Up-to-date: C:/dev_ava/install/share/slam_toolbox/srvs/SaveMap_Response.msg
[36.828s] -- Up-to-date: C:/dev_ava/install/share/slam_toolbox/srvs/LoopClosure.srv
[36.828s] -- Up-to-date: C:/dev_ava/install/share/slam_toolbox/srvs/LoopClosure_Request.msg
[36.828s] -- Up-to-date: C:/dev_ava/install/share/slam_toolbox/srvs/LoopClosure_Response.msg
[36.828s] -- Up-to-date: C:/dev_ava/install/share/slam_toolbox/srvs/MergeMaps.srv
[36.828s] -- Up-to-date: C:/dev_ava/install/share/slam_toolbox/srvs/MergeMaps_Request.msg
[36.828s] -- Up-to-date: C:/dev_ava/install/share/slam_toolbox/srvs/MergeMaps_Response.msg
[36.828s] -- Up-to-date: C:/dev_ava/install/share/slam_toolbox/srvs/AddSubmap.srv
[36.844s] -- Up-to-date: C:/dev_ava/install/share/slam_toolbox/srvs/AddSubmap_Request.msg
[36.844s] -- Up-to-date: C:/dev_ava/install/share/slam_toolbox/srvs/AddSubmap_Response.msg
[36.844s] -- Up-to-date: C:/dev_ava/install/share/slam_toolbox/srvs/DeserializePoseGraph.srv
[36.844s] -- Up-to-date: C:/dev_ava/install/share/slam_toolbox/srvs/DeserializePoseGraph_Request.msg
[36.844s] -- Up-to-date: C:/dev_ava/install/share/slam_toolbox/srvs/DeserializePoseGraph_Response.msg
[36.844s] -- Up-to-date: C:/dev_ava/install/share/slam_toolbox/srvs/SerializePoseGraph.srv
[36.844s] -- Up-to-date: C:/dev_ava/install/share/slam_toolbox/srvs/SerializePoseGraph_Request.msg
[36.844s] -- Up-to-date: C:/dev_ava/install/share/slam_toolbox/srvs/SerializePoseGraph_Response.msg
[36.859s] -- Up-to-date: C:/dev_ava/install/share/slam_toolbox/rviz_plugins.xml
[36.859s] -- Up-to-date: C:/dev_ava/install/share/slam_toolbox/solver_plugins.xml
[36.875s] -- Up-to-date: C:/dev_ava/install/lib/slam_toolbox/async_slam_toolbox_node.exe
[36.906s] -- Up-to-date: C:/dev_ava/install/lib/slam_toolbox/sync_slam_toolbox_node.exe
[36.922s] -- Up-to-date: C:/dev_ava/install/lib/slam_toolbox/localization_slam_toolbox_node.exe
[36.937s] -- Up-to-date: C:/dev_ava/install/lib/slam_toolbox/lifelong_slam_toolbox_node.exe
[36.969s] -- Up-to-date: C:/dev_ava/install/lib/slam_toolbox/merge_maps_kinematic.exe
[36.969s] -- Up-to-date: C:/dev_ava/install/lib/toolbox_common.lib
[37.031s] -- Up-to-date: C:/dev_ava/install/lib/slam_toolbox/toolbox_common.dll
[37.047s] -- Up-to-date: C:/dev_ava/install/lib/slam_toolbox/SlamToolboxPlugin.dll
[37.047s] -- Up-to-date: C:/dev_ava/install/lib/ceres_solver_plugin.lib
[37.062s] -- Up-to-date: C:/dev_ava/install/lib/slam_toolbox/ceres_solver_plugin.dll
[37.078s] -- Up-to-date: C:/dev_ava/install/lib/async_slam_toolbox.lib
[37.094s] -- Up-to-date: C:/dev_ava/install/lib/slam_toolbox/async_slam_toolbox.dll
[37.094s] -- Up-to-date: C:/dev_ava/install/lib/sync_slam_toolbox.lib
[37.125s] -- Up-to-date: C:/dev_ava/install/lib/slam_toolbox/sync_slam_toolbox.dll
[37.125s] -- Up-to-date: C:/dev_ava/install/lib/localization_slam_toolbox.lib
[37.156s] -- Up-to-date: C:/dev_ava/install/lib/slam_toolbox/localization_slam_toolbox.dll
[37.172s] -- Up-to-date: C:/dev_ava/install/lib/lifelong_slam_toolbox.lib
[37.187s] -- Up-to-date: C:/dev_ava/install/lib/slam_toolbox/lifelong_slam_toolbox.dll
[37.203s] -- Up-to-date: C:/dev_ava/install/bin/SlamToolboxPlugin.dll
[37.219s] -- Up-to-date: C:/dev_ava/install/include
[37.219s] -- Up-to-date: C:/dev_ava/install/include/slam_toolbox
[37.219s] -- Up-to-date: C:/dev_ava/install/include/slam_toolbox/experimental
[37.219s] -- Up-to-date: C:/dev_ava/install/include/slam_toolbox/experimental/slam_toolbox_lifelong.hpp
[37.234s] -- Up-to-date: C:/dev_ava/install/include/slam_toolbox/get_pose_helper.hpp
[37.234s] -- Up-to-date: C:/dev_ava/install/include/slam_toolbox/laser_utils.hpp
[37.250s] -- Up-to-date: C:/dev_ava/install/include/slam_toolbox/loop_closure_assistant.hpp
[37.250s] -- Up-to-date: C:/dev_ava/install/include/slam_toolbox/map_saver.hpp
[37.250s] -- Up-to-date: C:/dev_ava/install/include/slam_toolbox/merge_maps_kinematic.hpp
[37.250s] -- Up-to-date: C:/dev_ava/install/include/slam_toolbox/serialization.hpp
[37.250s] -- Up-to-date: C:/dev_ava/install/include/slam_toolbox/slam_mapper.hpp
[37.266s] -- Up-to-date: C:/dev_ava/install/include/slam_toolbox/slam_toolbox_async.hpp
[37.266s] -- Up-to-date: C:/dev_ava/install/include/slam_toolbox/slam_toolbox_common.hpp
[37.266s] -- Up-to-date: C:/dev_ava/install/include/slam_toolbox/slam_toolbox_localization.hpp
[37.266s] -- Up-to-date: C:/dev_ava/install/include/slam_toolbox/slam_toolbox_sync.hpp
[37.266s] -- Up-to-date: C:/dev_ava/install/include/slam_toolbox/snap_utils.hpp
[37.281s] -- Up-to-date: C:/dev_ava/install/include/slam_toolbox/toolbox_msgs.hpp
[37.281s] -- Up-to-date: C:/dev_ava/install/include/slam_toolbox/toolbox_types.hpp
[37.281s] -- Up-to-date: C:/dev_ava/install/include/slam_toolbox/visualization_utils.hpp
[37.281s] -- Up-to-date: C:/dev_ava/install/share/slam_toolbox/launch
[37.281s] -- Up-to-date: C:/dev_ava/install/share/slam_toolbox/launch/lifelong_launch.py
[37.297s] -- Up-to-date: C:/dev_ava/install/share/slam_toolbox/launch/localization_launch.py
[37.297s] -- Up-to-date: C:/dev_ava/install/share/slam_toolbox/launch/merge_maps_kinematic_launch.py
[37.297s] -- Up-to-date: C:/dev_ava/install/share/slam_toolbox/launch/offline_launch.py
[37.312s] -- Up-to-date: C:/dev_ava/install/share/slam_toolbox/launch/online_async_launch.py
[37.312s] -- Up-to-date: C:/dev_ava/install/share/slam_toolbox/launch/online_sync_launch.py
[37.312s] -- Up-to-date: C:/dev_ava/install/share/slam_toolbox/config
[37.328s] -- Up-to-date: C:/dev_ava/install/share/slam_toolbox/config/mapper_params_lifelong.yaml
[37.328s] -- Up-to-date: C:/dev_ava/install/share/slam_toolbox/config/mapper_params_localization.yaml
[37.328s] -- Up-to-date: C:/dev_ava/install/share/slam_toolbox/config/mapper_params_offline.yaml
[37.344s] -- Up-to-date: C:/dev_ava/install/share/slam_toolbox/config/mapper_params_online_async.yaml
[37.344s] -- Up-to-date: C:/dev_ava/install/share/slam_toolbox/config/mapper_params_online_sync.yaml
[37.344s] -- Up-to-date: C:/dev_ava/install/share/solver_plugins.xml
[37.344s] -- Up-to-date: C:/dev_ava/install/share/rviz_plugins.xml
[37.344s] -- Up-to-date: C:/dev_ava/install/share/ament_index/resource_index/package_run_dependencies/slam_toolbox
[37.359s] -- Up-to-date: C:/dev_ava/install/share/ament_index/resource_index/parent_prefix_path/slam_toolbox
[37.359s] -- Up-to-date: C:/dev_ava/install/share/slam_toolbox/environment/ament_prefix_path.bat
[37.359s] -- Installing: C:/dev_ava/install/share/slam_toolbox/environment/ament_prefix_path.dsv
[37.359s] -- Up-to-date: C:/dev_ava/install/share/slam_toolbox/environment/path.bat
[37.359s] -- Installing: C:/dev_ava/install/share/slam_toolbox/environment/path.dsv
[37.359s] -- Installing: C:/dev_ava/install/share/slam_toolbox/local_setup.bat
[37.359s] -- Installing: C:/dev_ava/install/share/slam_toolbox/local_setup.dsv
[37.375s] -- Installing: C:/dev_ava/install/share/slam_toolbox/package.dsv
[37.375s] -- Up-to-date: C:/dev_ava/install/share/ament_index/resource_index/packages/slam_toolbox
[37.375s] -- Up-to-date: C:/dev_ava/install/share/ament_index/resource_index/rviz_common__pluginlib__plugin/slam_toolbox
[37.375s] -- Up-to-date: C:/dev_ava/install/share/ament_index/resource_index/slam_toolbox__pluginlib__plugin/slam_toolbox
[37.375s] -- Up-to-date: C:/dev_ava/install/share/slam_toolbox/cmake/slam_toolbox__rosidl_generator_cExport.cmake
[37.391s] -- Installing: C:/dev_ava/install/share/slam_toolbox/cmake/slam_toolbox__rosidl_generator_cExport-release.cmake
[37.391s] -- Up-to-date: C:/dev_ava/install/share/slam_toolbox/cmake/slam_toolbox__rosidl_typesupport_introspection_cExport.cmake
[37.391s] -- Installing: C:/dev_ava/install/share/slam_toolbox/cmake/slam_toolbox__rosidl_typesupport_introspection_cExport-release.cmake
[37.391s] -- Up-to-date: C:/dev_ava/install/share/slam_toolbox/cmake/slam_toolbox__rosidl_typesupport_cExport.cmake
[37.406s] -- Installing: C:/dev_ava/install/share/slam_toolbox/cmake/slam_toolbox__rosidl_typesupport_cExport-release.cmake
[37.406s] -- Up-to-date: C:/dev_ava/install/share/slam_toolbox/cmake/slam_toolbox__rosidl_generator_cppExport.cmake
[37.406s] -- Up-to-date: C:/dev_ava/install/share/slam_toolbox/cmake/slam_toolbox__rosidl_typesupport_introspection_cppExport.cmake
[37.406s] -- Installing: C:/dev_ava/install/share/slam_toolbox/cmake/slam_toolbox__rosidl_typesupport_introspection_cppExport-release.cmake
[37.422s] -- Up-to-date: C:/dev_ava/install/share/slam_toolbox/cmake/slam_toolbox__rosidl_typesupport_cppExport.cmake
[37.422s] -- Installing: C:/dev_ava/install/share/slam_toolbox/cmake/slam_toolbox__rosidl_typesupport_cppExport-release.cmake
[37.437s] -- Up-to-date: C:/dev_ava/install/share/slam_toolbox/cmake/SlamToolboxPluginExport.cmake
[37.437s] -- Installing: C:/dev_ava/install/share/slam_toolbox/cmake/SlamToolboxPluginExport-release.cmake
[37.437s] -- Up-to-date: C:/dev_ava/install/share/slam_toolbox/cmake/rosidl_cmake-extras.cmake
[37.437s] -- Up-to-date: C:/dev_ava/install/share/slam_toolbox/cmake/ament_cmake_export_dependencies-extras.cmake
[37.437s] -- Up-to-date: C:/dev_ava/install/share/slam_toolbox/cmake/ament_cmake_export_libraries-extras.cmake
[37.437s] -- Up-to-date: C:/dev_ava/install/share/slam_toolbox/cmake/ament_cmake_export_targets-extras.cmake
[37.453s] -- Up-to-date: C:/dev_ava/install/share/slam_toolbox/cmake/ament_cmake_export_include_directories-extras.cmake
[37.453s] -- Up-to-date: C:/dev_ava/install/share/slam_toolbox/cmake/rosidl_cmake_export_typesupport_libraries-extras.cmake
[37.453s] -- Up-to-date: C:/dev_ava/install/share/slam_toolbox/cmake/rosidl_cmake_export_typesupport_targets-extras.cmake
[37.453s] -- Up-to-date: C:/dev_ava/install/share/slam_toolbox/cmake/slam_toolboxConfig.cmake
[37.453s] -- Up-to-date: C:/dev_ava/install/share/slam_toolbox/cmake/slam_toolboxConfig-version.cmake
[37.453s] -- Up-to-date: C:/dev_ava/install/share/slam_toolbox/package.xml
[37.453s] -- Up-to-date: C:/dev_ava/install/include/
[37.453s] -- Up-to-date: C:/dev_ava/install/include//karto_sdk
[37.469s] -- Up-to-date: C:/dev_ava/install/include//karto_sdk/Karto.h
[37.469s] -- Up-to-date: C:/dev_ava/install/include//karto_sdk/Macros.h
[37.484s] -- Up-to-date: C:/dev_ava/install/include//karto_sdk/Mapper.h
[37.484s] -- Up-to-date: C:/dev_ava/install/include//karto_sdk/Math.h
[37.484s] -- Up-to-date: C:/dev_ava/install/include//karto_sdk/nanoflann.hpp
[37.484s] -- Up-to-date: C:/dev_ava/install/include//karto_sdk/nanoflann_adaptors.h
[37.484s] -- Up-to-date: C:/dev_ava/install/include//karto_sdk/Types.h
[37.500s] -- Up-to-date: C:/dev_ava/install/lib/kartoSlamToolbox.lib
[37.516s] -- Up-to-date: C:/dev_ava/install/lib/karto_sdk/kartoSlamToolbox.dll
[37.516s] -- Up-to-date: C:/dev_ava/install/share/ament_index/resource_index/package_run_dependencies/karto_sdk
[37.516s] -- Up-to-date: C:/dev_ava/install/share/ament_index/resource_index/parent_prefix_path/karto_sdk
[37.531s] -- Up-to-date: C:/dev_ava/install/share/karto_sdk/environment/ament_prefix_path.bat
[37.531s] -- Installing: C:/dev_ava/install/share/karto_sdk/environment/ament_prefix_path.dsv
[37.531s] -- Up-to-date: C:/dev_ava/install/share/karto_sdk/environment/path.bat
[37.531s] -- Installing: C:/dev_ava/install/share/karto_sdk/environment/path.dsv
[37.531s] -- Installing: C:/dev_ava/install/share/karto_sdk/local_setup.bat
[37.531s] -- Installing: C:/dev_ava/install/share/karto_sdk/local_setup.dsv
[37.531s] -- Installing: C:/dev_ava/install/share/karto_sdk/package.dsv
[37.547s] -- Up-to-date: C:/dev_ava/install/share/ament_index/resource_index/packages/karto_sdk
[37.547s] -- Up-to-date: C:/dev_ava/install/share/karto_sdk/cmake/ament_cmake_export_libraries-extras.cmake
[37.547s] -- Up-to-date: C:/dev_ava/install/share/karto_sdk/cmake/ament_cmake_export_include_directories-extras.cmake
[37.562s] -- Up-to-date: C:/dev_ava/install/share/karto_sdk/cmake/ament_cmake_export_dependencies-extras.cmake
[37.578s] -- Up-to-date: C:/dev_ava/install/share/karto_sdk/cmake/karto_sdkConfig.cmake
[37.578s] -- Up-to-date: C:/dev_ava/install/share/karto_sdk/cmake/karto_sdkConfig-version.cmake
[37.578s] -- Up-to-date: C:/dev_ava/install/share/karto_sdk/package.xml
[37.609s] Invoked command in 'C:\dev_ava\build\slam_toolbox' returned '0': PUBLIC=%PUBLIC%
PyCharm Community Edition=C:\Program Files\JetBrains\PyCharm Community Edition 2020.1.3\bin; C:\opt\ros\foxy\x64\Scripts\cmake.EXE --install C:\dev_ava\build\slam_toolbox --config Release
