[2.014s] Invoking command in '/root/dev_ava/src/tf_transformations-main': PYTHONPATH=/root/dev_ava/install/tf_transformations/lib/python3.8/site-packages:${PYTHONPATH} /usr/bin/python3 setup.py egg_info --egg-base ../../build/tf_transformations build --build-base /root/dev_ava/build/tf_transformations/build install --prefix /root/dev_ava/install/tf_transformations --record /root/dev_ava/build/tf_transformations/install.log --single-version-externally-managed
[2.424s] running egg_info
[2.426s] creating ../../build/tf_transformations/tf_transformations.egg-info
[2.427s] writing ../../build/tf_transformations/tf_transformations.egg-info/PKG-INFO
[2.428s] writing dependency_links to ../../build/tf_transformations/tf_transformations.egg-info/dependency_links.txt
[2.429s] writing requirements to ../../build/tf_transformations/tf_transformations.egg-info/requires.txt
[2.429s] writing top-level names to ../../build/tf_transformations/tf_transformations.egg-info/top_level.txt
[2.433s] writing manifest file '../../build/tf_transformations/tf_transformations.egg-info/SOURCES.txt'
[2.537s] reading manifest file '../../build/tf_transformations/tf_transformations.egg-info/SOURCES.txt'
[2.540s] writing manifest file '../../build/tf_transformations/tf_transformations.egg-info/SOURCES.txt'
[2.541s] running build
[2.541s] running build_py
[2.541s] creating /root/dev_ava/build/tf_transformations/build
[2.542s] creating /root/dev_ava/build/tf_transformations/build/lib
[2.542s] creating /root/dev_ava/build/tf_transformations/build/lib/tf_transformations
[2.542s] copying tf_transformations/__init__.py -> /root/dev_ava/build/tf_transformations/build/lib/tf_transformations
[2.543s] running install
[2.543s] running install_lib
[2.545s] creating /root/dev_ava/install/tf_transformations/lib/python3.8/site-packages/tf_transformations
[2.546s] copying /root/dev_ava/build/tf_transformations/build/lib/tf_transformations/__init__.py -> /root/dev_ava/install/tf_transformations/lib/python3.8/site-packages/tf_transformations
[2.547s] byte-compiling /root/dev_ava/install/tf_transformations/lib/python3.8/site-packages/tf_transformations/__init__.py to __init__.cpython-38.pyc
[2.561s] running install_data
[2.562s] creating /root/dev_ava/install/tf_transformations/share/ament_index
[2.562s] creating /root/dev_ava/install/tf_transformations/share/ament_index/resource_index
[2.563s] creating /root/dev_ava/install/tf_transformations/share/ament_index/resource_index/packages
[2.564s] copying resource/tf_transformations -> /root/dev_ava/install/tf_transformations/share/ament_index/resource_index/packages
[2.565s] copying package.xml -> /root/dev_ava/install/tf_transformations/share/tf_transformations
[2.565s] running install_egg_info
[2.570s] Copying ../../build/tf_transformations/tf_transformations.egg-info to /root/dev_ava/install/tf_transformations/lib/python3.8/site-packages/tf_transformations-1.0.0-py3.8.egg-info
[2.573s] running install_scripts
[2.613s] writing list of installed files to '/root/dev_ava/build/tf_transformations/install.log'
[2.667s] Invoked command in '/root/dev_ava/src/tf_transformations-main' returned '0': PYTHONPATH=/root/dev_ava/install/tf_transformations/lib/python3.8/site-packages:${PYTHONPATH} /usr/bin/python3 setup.py egg_info --egg-base ../../build/tf_transformations build --build-base /root/dev_ava/build/tf_transformations/build install --prefix /root/dev_ava/install/tf_transformations --record /root/dev_ava/build/tf_transformations/install.log --single-version-externally-managed
