[3.945s] Invoking command in '/root/dev_ava/src/tf_transformations-main': PYTHONPATH=/root/dev_ava/install/tf_transformations/lib/python3.8/site-packages:${PYTHONPATH} /usr/bin/python3 setup.py egg_info --egg-base ../../build/tf_transformations build --build-base /root/dev_ava/build/tf_transformations/build install --prefix /root/dev_ava/install/tf_transformations --record /root/dev_ava/build/tf_transformations/install.log --single-version-externally-managed
[4.749s] running egg_info
[4.751s] creating ../../build/tf_transformations/tf_transformations.egg-info
[4.751s] writing ../../build/tf_transformations/tf_transformations.egg-info/PKG-INFO
[4.752s] writing dependency_links to ../../build/tf_transformations/tf_transformations.egg-info/dependency_links.txt
[4.753s] writing requirements to ../../build/tf_transformations/tf_transformations.egg-info/requires.txt
[4.753s] writing top-level names to ../../build/tf_transformations/tf_transformations.egg-info/top_level.txt
[4.761s] writing manifest file '../../build/tf_transformations/tf_transformations.egg-info/SOURCES.txt'
[4.944s] reading manifest file '../../build/tf_transformations/tf_transformations.egg-info/SOURCES.txt'
[4.948s] writing manifest file '../../build/tf_transformations/tf_transformations.egg-info/SOURCES.txt'
[4.949s] running build
[4.950s] running build_py
[4.952s] creating /root/dev_ava/build/tf_transformations/build
[4.953s] creating /root/dev_ava/build/tf_transformations/build/lib
[4.954s] creating /root/dev_ava/build/tf_transformations/build/lib/tf_transformations
[4.955s] copying tf_transformations/__init__.py -> /root/dev_ava/build/tf_transformations/build/lib/tf_transformations
[4.958s] running install
[4.962s] running install_lib
[4.967s] creating /root/dev_ava/install/tf_transformations/lib/python3.8/site-packages/tf_transformations
[4.968s] copying /root/dev_ava/build/tf_transformations/build/lib/tf_transformations/__init__.py -> /root/dev_ava/install/tf_transformations/lib/python3.8/site-packages/tf_transformations
[4.973s] byte-compiling /root/dev_ava/install/tf_transformations/lib/python3.8/site-packages/tf_transformations/__init__.py to __init__.cpython-38.pyc
[5.009s] running install_data
[5.011s] creating /root/dev_ava/install/tf_transformations/share/ament_index
[5.017s] creating /root/dev_ava/install/tf_transformations/share/ament_index/resource_index
[5.017s] creating /root/dev_ava/install/tf_transformations/share/ament_index/resource_index/packages
[5.018s] copying resource/tf_transformations -> /root/dev_ava/install/tf_transformations/share/ament_index/resource_index/packages
[5.019s] copying package.xml -> /root/dev_ava/install/tf_transformations/share/tf_transformations
[5.019s] running install_egg_info
[5.023s] Copying ../../build/tf_transformations/tf_transformations.egg-info to /root/dev_ava/install/tf_transformations/lib/python3.8/site-packages/tf_transformations-1.0.0-py3.8.egg-info
[5.035s] running install_scripts
[5.108s] writing list of installed files to '/root/dev_ava/build/tf_transformations/install.log'
[5.229s] Invoked command in '/root/dev_ava/src/tf_transformations-main' returned '0': PYTHONPATH=/root/dev_ava/install/tf_transformations/lib/python3.8/site-packages:${PYTHONPATH} /usr/bin/python3 setup.py egg_info --egg-base ../../build/tf_transformations build --build-base /root/dev_ava/build/tf_transformations/build install --prefix /root/dev_ava/install/tf_transformations --record /root/dev_ava/build/tf_transformations/install.log --single-version-externally-managed
