[2.361s] Invoking command in '/root/dev_ava/src/ava_bringup': PYTHONPATH=/root/dev_ava/install/ava_bringup/lib/python3.8/site-packages:${PYTHONPATH} /usr/bin/python3 setup.py egg_info --egg-base ../../build/ava_bringup build --build-base /root/dev_ava/build/ava_bringup/build install --prefix /root/dev_ava/install/ava_bringup --record /root/dev_ava/build/ava_bringup/install.log --single-version-externally-managed
[3.267s] running egg_info
[3.280s] writing ../../build/ava_bringup/ava_bringup.egg-info/PKG-INFO
[3.282s] writing dependency_links to ../../build/ava_bringup/ava_bringup.egg-info/dependency_links.txt
[3.283s] writing entry points to ../../build/ava_bringup/ava_bringup.egg-info/entry_points.txt
[3.284s] writing requirements to ../../build/ava_bringup/ava_bringup.egg-info/requires.txt
[3.285s] writing top-level names to ../../build/ava_bringup/ava_bringup.egg-info/top_level.txt
[3.490s] reading manifest file '../../build/ava_bringup/ava_bringup.egg-info/SOURCES.txt'
[3.496s] writing manifest file '../../build/ava_bringup/ava_bringup.egg-info/SOURCES.txt'
[3.497s] running build
[3.498s] running build_py
[3.499s] running install
[3.502s] running install_lib
[3.506s] running install_data
[3.508s] copying launch/ava.launch.py -> /root/dev_ava/install/ava_bringup/share/ava_bringup
[3.509s] running install_egg_info
[3.516s] removing '/root/dev_ava/install/ava_bringup/lib/python3.8/site-packages/ava_bringup-0.0.0-py3.8.egg-info' (and everything under it)
[3.518s] Copying ../../build/ava_bringup/ava_bringup.egg-info to /root/dev_ava/install/ava_bringup/lib/python3.8/site-packages/ava_bringup-0.0.0-py3.8.egg-info
[3.534s] running install_scripts
[3.605s] writing list of installed files to '/root/dev_ava/build/ava_bringup/install.log'
[3.714s] Invoked command in '/root/dev_ava/src/ava_bringup' returned '0': PYTHONPATH=/root/dev_ava/install/ava_bringup/lib/python3.8/site-packages:${PYTHONPATH} /usr/bin/python3 setup.py egg_info --egg-base ../../build/ava_bringup build --build-base /root/dev_ava/build/ava_bringup/build install --prefix /root/dev_ava/install/ava_bringup --record /root/dev_ava/build/ava_bringup/install.log --single-version-externally-managed
