[4.711s] Invoking command in '/root/dev_ava/src/ava_control': AMENT_PREFIX_PATH=/root/dev_ava/install/tf_transformations:/root/dev_ava/install/ava_driver:/root/dev_ava/install/ava_control:/root/dev_ava/install/rplidar_ros2:/root/dev_ava/install/ava_msgs:/root/dev_ava/install/ava_bringup:/opt/ros/foxy PYTHONPATH=/root/dev_ava/install/ava_control/lib/python3.8/site-packages:/root/dev_ava/install/tf_transformations/lib/python3.8/site-packages:/root/dev_ava/install/ava_driver/lib/python3.8/site-packages:/root/dev_ava/install/ava_control/lib/python3.8/site-packages:/root/dev_ava/install/ava_msgs/lib/python3.8/site-packages:/root/dev_ava/install/ava_kinematics/lib/python3.8/site-packages:/root/dev_ava/install/ava_bringup/lib/python3.8/site-packages:/opt/ros/foxy/lib/python3.8/site-packages /usr/bin/python3 setup.py egg_info --egg-base ../../build/ava_control build --build-base /root/dev_ava/build/ava_control/build install --prefix /root/dev_ava/install/ava_control --record /root/dev_ava/build/ava_control/install.log --single-version-externally-managed
[5.867s] running egg_info
[5.871s] writing ../../build/ava_control/ava_control.egg-info/PKG-INFO
[5.874s] writing dependency_links to ../../build/ava_control/ava_control.egg-info/dependency_links.txt
[5.876s] writing entry points to ../../build/ava_control/ava_control.egg-info/entry_points.txt
[5.877s] writing requirements to ../../build/ava_control/ava_control.egg-info/requires.txt
[5.886s] writing top-level names to ../../build/ava_control/ava_control.egg-info/top_level.txt
[6.165s] reading manifest file '../../build/ava_control/ava_control.egg-info/SOURCES.txt'
[6.174s] writing manifest file '../../build/ava_control/ava_control.egg-info/SOURCES.txt'
[6.175s] running build
[6.176s] running build_py
[6.177s] copying ava_control/ava_control.py -> /root/dev_ava/build/ava_control/build/lib/ava_control
[6.178s] running install
[6.189s] running install_lib
[6.193s] copying /root/dev_ava/build/ava_control/build/lib/ava_control/ava_control.py -> /root/dev_ava/install/ava_control/lib/python3.8/site-packages/ava_control
[6.204s] byte-compiling /root/dev_ava/install/ava_control/lib/python3.8/site-packages/ava_control/ava_control.py to ava_control.cpython-38.pyc
[6.239s] running install_data
[6.241s] running install_egg_info
[6.248s] removing '/root/dev_ava/install/ava_control/lib/python3.8/site-packages/ava_control-0.0.0-py3.8.egg-info' (and everything under it)
[6.249s] Copying ../../build/ava_control/ava_control.egg-info to /root/dev_ava/install/ava_control/lib/python3.8/site-packages/ava_control-0.0.0-py3.8.egg-info
[6.268s] running install_scripts
[6.414s] Installing ava_control script to /root/dev_ava/install/ava_control/lib/ava_control
[6.418s] Installing ava_gait script to /root/dev_ava/install/ava_control/lib/ava_control
[6.435s] Installing ava_motion script to /root/dev_ava/install/ava_control/lib/ava_control
[6.439s] writing list of installed files to '/root/dev_ava/build/ava_control/install.log'
[6.756s] Invoked command in '/root/dev_ava/src/ava_control' returned '0': AMENT_PREFIX_PATH=/root/dev_ava/install/tf_transformations:/root/dev_ava/install/ava_driver:/root/dev_ava/install/ava_control:/root/dev_ava/install/rplidar_ros2:/root/dev_ava/install/ava_msgs:/root/dev_ava/install/ava_bringup:/opt/ros/foxy PYTHONPATH=/root/dev_ava/install/ava_control/lib/python3.8/site-packages:/root/dev_ava/install/tf_transformations/lib/python3.8/site-packages:/root/dev_ava/install/ava_driver/lib/python3.8/site-packages:/root/dev_ava/install/ava_control/lib/python3.8/site-packages:/root/dev_ava/install/ava_msgs/lib/python3.8/site-packages:/root/dev_ava/install/ava_kinematics/lib/python3.8/site-packages:/root/dev_ava/install/ava_bringup/lib/python3.8/site-packages:/opt/ros/foxy/lib/python3.8/site-packages /usr/bin/python3 setup.py egg_info --egg-base ../../build/ava_control build --build-base /root/dev_ava/build/ava_control/build install --prefix /root/dev_ava/install/ava_control --record /root/dev_ava/build/ava_control/install.log --single-version-externally-managed
