[100%] Built target rplidar_scan_publisher
-- Install configuration: ""
-- Up-to-date: /root/dev_ava/install/rplidar_ros2/share/rplidar_ros2/launch
-- Up-to-date: /root/dev_ava/install/rplidar_ros2/share/rplidar_ros2/launch/rplidar_s1_tcp_launch.py
-- Up-to-date: /root/dev_ava/install/rplidar_ros2/share/rplidar_ros2/launch/view_rplidar_a3_launch.py
-- Up-to-date: /root/dev_ava/install/rplidar_ros2/share/rplidar_ros2/launch/view_rplidar_s1_tcp_launch.py
-- Up-to-date: /root/dev_ava/install/rplidar_ros2/share/rplidar_ros2/launch/rplidar_a3_launch.py
-- Up-to-date: /root/dev_ava/install/rplidar_ros2/share/rplidar_ros2/launch/rplidar_s1_launch.py
-- Up-to-date: /root/dev_ava/install/rplidar_ros2/share/rplidar_ros2/launch/view_rplidar_s1_launch.py
-- Up-to-date: /root/dev_ava/install/rplidar_ros2/share/rplidar_ros2/launch/view_rplidar_launch.py
-- Up-to-date: /root/dev_ava/install/rplidar_ros2/share/rplidar_ros2/launch/rplidar_launch.py
-- Up-to-date: /root/dev_ava/install/rplidar_ros2/share/rplidar_ros2/rviz
-- Up-to-date: /root/dev_ava/install/rplidar_ros2/share/rplidar_ros2/rviz/rplidar_ros2.rviz
-- Up-to-date: /root/dev_ava/install/rplidar_ros2/lib/rplidar_ros2/rplidar_scan_publisher
-- Up-to-date: /root/dev_ava/install/rplidar_ros2/share/ament_index/resource_index/package_run_dependencies/rplidar_ros2
-- Up-to-date: /root/dev_ava/install/rplidar_ros2/share/ament_index/resource_index/parent_prefix_path/rplidar_ros2
-- Up-to-date: /root/dev_ava/install/rplidar_ros2/share/rplidar_ros2/environment/ament_prefix_path.sh
-- Up-to-date: /root/dev_ava/install/rplidar_ros2/share/rplidar_ros2/environment/ament_prefix_path.dsv
-- Up-to-date: /root/dev_ava/install/rplidar_ros2/share/rplidar_ros2/environment/path.sh
-- Up-to-date: /root/dev_ava/install/rplidar_ros2/share/rplidar_ros2/environment/path.dsv
-- Up-to-date: /root/dev_ava/install/rplidar_ros2/share/rplidar_ros2/local_setup.bash
-- Up-to-date: /root/dev_ava/install/rplidar_ros2/share/rplidar_ros2/local_setup.sh
-- Up-to-date: /root/dev_ava/install/rplidar_ros2/share/rplidar_ros2/local_setup.zsh
-- Up-to-date: /root/dev_ava/install/rplidar_ros2/share/rplidar_ros2/local_setup.dsv
-- Installing: /root/dev_ava/install/rplidar_ros2/share/rplidar_ros2/package.dsv
-- Up-to-date: /root/dev_ava/install/rplidar_ros2/share/ament_index/resource_index/packages/rplidar_ros2
-- Up-to-date: /root/dev_ava/install/rplidar_ros2/share/rplidar_ros2/cmake/ament_cmake_export_dependencies-extras.cmake
-- Up-to-date: /root/dev_ava/install/rplidar_ros2/share/rplidar_ros2/cmake/ament_cmake_export_include_directories-extras.cmake
-- Up-to-date: /root/dev_ava/install/rplidar_ros2/share/rplidar_ros2/cmake/rplidar_ros2Config.cmake
-- Up-to-date: /root/dev_ava/install/rplidar_ros2/share/rplidar_ros2/cmake/rplidar_ros2Config-version.cmake
-- Up-to-date: /root/dev_ava/install/rplidar_ros2/share/rplidar_ros2/package.xml
