[0.050s] Invoking command in '/root/dev_ava/build/rplidar_ros2': CMAKE_PREFIX_PATH=${CMAKE_PREFIX_PATH}:/root/dev_ava/install/ava_driver:/root/dev_ava/install/ava_control:/root/dev_ava/install/tf_transformations:/root/dev_ava/install/ava_bringup:/opt/ros/foxy /usr/bin/cmake --build /root/dev_ava/build/rplidar_ros2 -- -j4 -l4
[0.274s] [100%] Built target rplidar_scan_publisher
[0.312s] Invoked command in '/root/dev_ava/build/rplidar_ros2' returned '0': CMAKE_PREFIX_PATH=${CMAKE_PREFIX_PATH}:/root/dev_ava/install/ava_driver:/root/dev_ava/install/ava_control:/root/dev_ava/install/tf_transformations:/root/dev_ava/install/ava_bringup:/opt/ros/foxy /usr/bin/cmake --build /root/dev_ava/build/rplidar_ros2 -- -j4 -l4
[0.457s] Invoking command in '/root/dev_ava/build/rplidar_ros2': CMAKE_PREFIX_PATH=${CMAKE_PREFIX_PATH}:/root/dev_ava/install/ava_driver:/root/dev_ava/install/ava_control:/root/dev_ava/install/tf_transformations:/root/dev_ava/install/ava_bringup:/opt/ros/foxy /usr/bin/cmake --install /root/dev_ava/build/rplidar_ros2
[0.485s] -- Install configuration: ""
[0.486s] -- Up-to-date: /root/dev_ava/install/rplidar_ros2/share/rplidar_ros2/launch
[0.487s] -- Up-to-date: /root/dev_ava/install/rplidar_ros2/share/rplidar_ros2/launch/rplidar_s1_tcp_launch.py
[0.487s] -- Up-to-date: /root/dev_ava/install/rplidar_ros2/share/rplidar_ros2/launch/view_rplidar_a3_launch.py
[0.487s] -- Up-to-date: /root/dev_ava/install/rplidar_ros2/share/rplidar_ros2/launch/view_rplidar_s1_tcp_launch.py
[0.488s] -- Up-to-date: /root/dev_ava/install/rplidar_ros2/share/rplidar_ros2/launch/rplidar_a3_launch.py
[0.488s] -- Up-to-date: /root/dev_ava/install/rplidar_ros2/share/rplidar_ros2/launch/rplidar_s1_launch.py
[0.489s] -- Up-to-date: /root/dev_ava/install/rplidar_ros2/share/rplidar_ros2/launch/view_rplidar_s1_launch.py
[0.489s] -- Up-to-date: /root/dev_ava/install/rplidar_ros2/share/rplidar_ros2/launch/view_rplidar_launch.py
[0.490s] -- Up-to-date: /root/dev_ava/install/rplidar_ros2/share/rplidar_ros2/launch/rplidar_launch.py
[0.490s] -- Up-to-date: /root/dev_ava/install/rplidar_ros2/share/rplidar_ros2/rviz
[0.491s] -- Up-to-date: /root/dev_ava/install/rplidar_ros2/share/rplidar_ros2/rviz/rplidar_ros2.rviz
[0.491s] -- Up-to-date: /root/dev_ava/install/rplidar_ros2/lib/rplidar_ros2/rplidar_scan_publisher
[0.492s] -- Up-to-date: /root/dev_ava/install/rplidar_ros2/share/ament_index/resource_index/package_run_dependencies/rplidar_ros2
[0.492s] -- Up-to-date: /root/dev_ava/install/rplidar_ros2/share/ament_index/resource_index/parent_prefix_path/rplidar_ros2
[0.493s] -- Up-to-date: /root/dev_ava/install/rplidar_ros2/share/rplidar_ros2/environment/ament_prefix_path.sh
[0.494s] -- Up-to-date: /root/dev_ava/install/rplidar_ros2/share/rplidar_ros2/environment/ament_prefix_path.dsv
[0.494s] -- Up-to-date: /root/dev_ava/install/rplidar_ros2/share/rplidar_ros2/environment/path.sh
[0.495s] -- Up-to-date: /root/dev_ava/install/rplidar_ros2/share/rplidar_ros2/environment/path.dsv
[0.495s] -- Up-to-date: /root/dev_ava/install/rplidar_ros2/share/rplidar_ros2/local_setup.bash
[0.496s] -- Up-to-date: /root/dev_ava/install/rplidar_ros2/share/rplidar_ros2/local_setup.sh
[0.497s] -- Up-to-date: /root/dev_ava/install/rplidar_ros2/share/rplidar_ros2/local_setup.zsh
[0.498s] -- Up-to-date: /root/dev_ava/install/rplidar_ros2/share/rplidar_ros2/local_setup.dsv
[0.500s] -- Installing: /root/dev_ava/install/rplidar_ros2/share/rplidar_ros2/package.dsv
[0.501s] -- Up-to-date: /root/dev_ava/install/rplidar_ros2/share/ament_index/resource_index/packages/rplidar_ros2
[0.504s] -- Up-to-date: /root/dev_ava/install/rplidar_ros2/share/rplidar_ros2/cmake/ament_cmake_export_dependencies-extras.cmake
[0.505s] -- Up-to-date: /root/dev_ava/install/rplidar_ros2/share/rplidar_ros2/cmake/ament_cmake_export_include_directories-extras.cmake
[0.505s] -- Up-to-date: /root/dev_ava/install/rplidar_ros2/share/rplidar_ros2/cmake/rplidar_ros2Config.cmake
[0.506s] -- Up-to-date: /root/dev_ava/install/rplidar_ros2/share/rplidar_ros2/cmake/rplidar_ros2Config-version.cmake
[0.506s] -- Up-to-date: /root/dev_ava/install/rplidar_ros2/share/rplidar_ros2/package.xml
[0.507s] Invoked command in '/root/dev_ava/build/rplidar_ros2' returned '0': CMAKE_PREFIX_PATH=${CMAKE_PREFIX_PATH}:/root/dev_ava/install/ava_driver:/root/dev_ava/install/ava_control:/root/dev_ava/install/tf_transformations:/root/dev_ava/install/ava_bringup:/opt/ros/foxy /usr/bin/cmake --install /root/dev_ava/build/rplidar_ros2
